INFO - 2024-07-17 00:44:29 --> Session: Class initialized using 'CodeIgniter\Session\Handlers\FileHandler' driver.
INFO - 2024-07-17 00:44:30 --> Session: Class initialized using 'CodeIgniter\Session\Handlers\FileHandler' driver.
DEBUG - 2024-07-17 00:44:30 --> User ID: 4
DEBUG - 2024-07-17 00:44:30 --> User Data: Array
(
    [id] => 4
    [username] => anggiat@gmail.com
    [password] => $2y$10$l0nv.GgDwblAm89Gu4t0Gug65vF7AVvYKxlGPkfoAWWyjnewq68YO
    [created_at] => 2024-07-16 01:48:46
    [updated_at] => 2024-07-16 01:48:46
)

INFO - 2024-07-17 01:04:52 --> Session: Class initialized using 'CodeIgniter\Session\Handlers\FileHandler' driver.
DEBUG - 2024-07-17 01:04:52 --> User ID: 4
DEBUG - 2024-07-17 01:04:53 --> User Data: Array
(
    [id] => 4
    [username] => anggiat@gmail.com
    [password] => $2y$10$l0nv.GgDwblAm89Gu4t0Gug65vF7AVvYKxlGPkfoAWWyjnewq68YO
    [created_at] => 2024-07-16 01:48:46
    [updated_at] => 2024-07-16 01:48:46
)

INFO - 2024-07-17 01:08:29 --> Session: Class initialized using 'CodeIgniter\Session\Handlers\FileHandler' driver.
INFO - 2024-07-17 01:18:47 --> Session: Class initialized using 'CodeIgniter\Session\Handlers\FileHandler' driver.
INFO - 2024-07-17 01:18:48 --> Session: Class initialized using 'CodeIgniter\Session\Handlers\FileHandler' driver.
DEBUG - 2024-07-17 01:18:48 --> User ID: 4
DEBUG - 2024-07-17 01:18:48 --> User Data: Array
(
    [id] => 4
    [username] => anggiat@gmail.com
    [password] => $2y$10$l0nv.GgDwblAm89Gu4t0Gug65vF7AVvYKxlGPkfoAWWyjnewq68YO
    [created_at] => 2024-07-16 01:48:46
    [updated_at] => 2024-07-16 01:48:46
)

INFO - 2024-07-17 01:19:03 --> Session: Class initialized using 'CodeIgniter\Session\Handlers\FileHandler' driver.
DEBUG - 2024-07-17 01:19:03 --> User ID: 4
DEBUG - 2024-07-17 01:19:03 --> User Data: Array
(
    [id] => 4
    [username] => anggiat@gmail.com
    [password] => $2y$10$l0nv.GgDwblAm89Gu4t0Gug65vF7AVvYKxlGPkfoAWWyjnewq68YO
    [created_at] => 2024-07-16 01:48:46
    [updated_at] => 2024-07-16 01:48:46
)

INFO - 2024-07-17 01:19:04 --> Session: Class initialized using 'CodeIgniter\Session\Handlers\FileHandler' driver.
DEBUG - 2024-07-17 01:19:04 --> User ID: 4
DEBUG - 2024-07-17 01:19:05 --> User Data: Array
(
    [id] => 4
    [username] => anggiat@gmail.com
    [password] => $2y$10$l0nv.GgDwblAm89Gu4t0Gug65vF7AVvYKxlGPkfoAWWyjnewq68YO
    [created_at] => 2024-07-16 01:48:46
    [updated_at] => 2024-07-16 01:48:46
)

INFO - 2024-07-17 01:19:06 --> Session: Class initialized using 'CodeIgniter\Session\Handlers\FileHandler' driver.
DEBUG - 2024-07-17 01:19:06 --> User ID: 4
DEBUG - 2024-07-17 01:19:06 --> User Data: Array
(
    [id] => 4
    [username] => anggiat@gmail.com
    [password] => $2y$10$l0nv.GgDwblAm89Gu4t0Gug65vF7AVvYKxlGPkfoAWWyjnewq68YO
    [created_at] => 2024-07-16 01:48:46
    [updated_at] => 2024-07-16 01:48:46
)

INFO - 2024-07-17 01:19:09 --> Session: Class initialized using 'CodeIgniter\Session\Handlers\FileHandler' driver.
DEBUG - 2024-07-17 01:19:09 --> User ID: 4
DEBUG - 2024-07-17 01:19:10 --> User Data: Array
(
    [id] => 4
    [username] => anggiat@gmail.com
    [password] => $2y$10$l0nv.GgDwblAm89Gu4t0Gug65vF7AVvYKxlGPkfoAWWyjnewq68YO
    [created_at] => 2024-07-16 01:48:46
    [updated_at] => 2024-07-16 01:48:46
)

INFO - 2024-07-17 01:19:31 --> Session: Class initialized using 'CodeIgniter\Session\Handlers\FileHandler' driver.
INFO - 2024-07-17 01:30:09 --> Session: Class initialized using 'CodeIgniter\Session\Handlers\FileHandler' driver.
INFO - 2024-07-17 01:30:12 --> Session: Class initialized using 'CodeIgniter\Session\Handlers\FileHandler' driver.
INFO - 2024-07-17 01:30:25 --> Session: Class initialized using 'CodeIgniter\Session\Handlers\FileHandler' driver.
INFO - 2024-07-17 01:30:32 --> Session: Class initialized using 'CodeIgniter\Session\Handlers\FileHandler' driver.
INFO - 2024-07-17 01:30:32 --> Session: Class initialized using 'CodeIgniter\Session\Handlers\FileHandler' driver.
DEBUG - 2024-07-17 01:30:32 --> User ID: 4
DEBUG - 2024-07-17 01:30:32 --> User Data: Array
(
    [id] => 4
    [username] => anggiat@gmail.com
    [password] => $2y$10$l0nv.GgDwblAm89Gu4t0Gug65vF7AVvYKxlGPkfoAWWyjnewq68YO
    [created_at] => 2024-07-16 01:48:46
    [updated_at] => 2024-07-16 01:48:46
)

INFO - 2024-07-17 01:30:38 --> Session: Class initialized using 'CodeIgniter\Session\Handlers\FileHandler' driver.
INFO - 2024-07-17 01:31:43 --> Session: Class initialized using 'CodeIgniter\Session\Handlers\FileHandler' driver.
INFO - 2024-07-17 01:31:43 --> Session: Class initialized using 'CodeIgniter\Session\Handlers\FileHandler' driver.
DEBUG - 2024-07-17 01:31:43 --> User ID: 6
DEBUG - 2024-07-17 01:31:43 --> User Data: Array
(
    [id] => 6
    [username] => anggiath@gmail.com
    [password] => $2y$10$SqjO4fwyVkLIhEwtjQfC0ujzbmHZwY6o4fGDZtBQ4bd6Ph34xxsBy
    [created_at] => 2024-07-17 01:31:31
    [updated_at] => 2024-07-17 01:31:31
)

INFO - 2024-07-17 01:32:19 --> Session: Class initialized using 'CodeIgniter\Session\Handlers\FileHandler' driver.
INFO - 2024-07-17 01:33:18 --> Session: Class initialized using 'CodeIgniter\Session\Handlers\FileHandler' driver.
INFO - 2024-07-17 01:33:18 --> Session: Class initialized using 'CodeIgniter\Session\Handlers\FileHandler' driver.
DEBUG - 2024-07-17 01:33:18 --> User ID: 4
DEBUG - 2024-07-17 01:33:18 --> User Data: Array
(
    [id] => 4
    [username] => anggiat@gmail.com
    [password] => $2y$10$l0nv.GgDwblAm89Gu4t0Gug65vF7AVvYKxlGPkfoAWWyjnewq68YO
    [created_at] => 2024-07-16 01:48:46
    [updated_at] => 2024-07-16 01:48:46
)

INFO - 2024-07-17 01:33:49 --> Session: Class initialized using 'CodeIgniter\Session\Handlers\FileHandler' driver.
DEBUG - 2024-07-17 01:33:49 --> User ID: 4
DEBUG - 2024-07-17 01:33:49 --> User Data: Array
(
    [id] => 4
    [username] => anggiat@gmail.com
    [password] => $2y$10$l0nv.GgDwblAm89Gu4t0Gug65vF7AVvYKxlGPkfoAWWyjnewq68YO
    [created_at] => 2024-07-16 01:48:46
    [updated_at] => 2024-07-16 01:48:46
)

INFO - 2024-07-17 01:33:51 --> Session: Class initialized using 'CodeIgniter\Session\Handlers\FileHandler' driver.
DEBUG - 2024-07-17 01:33:51 --> User ID: 4
DEBUG - 2024-07-17 01:33:51 --> User Data: Array
(
    [id] => 4
    [username] => anggiat@gmail.com
    [password] => $2y$10$l0nv.GgDwblAm89Gu4t0Gug65vF7AVvYKxlGPkfoAWWyjnewq68YO
    [created_at] => 2024-07-16 01:48:46
    [updated_at] => 2024-07-16 01:48:46
)

INFO - 2024-07-17 01:34:08 --> Session: Class initialized using 'CodeIgniter\Session\Handlers\FileHandler' driver.
DEBUG - 2024-07-17 01:34:08 --> User ID: 4
DEBUG - 2024-07-17 01:34:08 --> User Data: Array
(
    [id] => 4
    [username] => anggiat@gmail.com
    [password] => $2y$10$l0nv.GgDwblAm89Gu4t0Gug65vF7AVvYKxlGPkfoAWWyjnewq68YO
    [created_at] => 2024-07-16 01:48:46
    [updated_at] => 2024-07-16 01:48:46
)

INFO - 2024-07-17 01:34:29 --> Session: Class initialized using 'CodeIgniter\Session\Handlers\FileHandler' driver.
DEBUG - 2024-07-17 01:34:29 --> User ID: 4
DEBUG - 2024-07-17 01:34:29 --> User Data: Array
(
    [id] => 4
    [username] => anggiat@gmail.com
    [password] => $2y$10$l0nv.GgDwblAm89Gu4t0Gug65vF7AVvYKxlGPkfoAWWyjnewq68YO
    [created_at] => 2024-07-16 01:48:46
    [updated_at] => 2024-07-16 01:48:46
)

INFO - 2024-07-17 01:34:57 --> Session: Class initialized using 'CodeIgniter\Session\Handlers\FileHandler' driver.
DEBUG - 2024-07-17 01:34:57 --> User ID: 4
DEBUG - 2024-07-17 01:34:57 --> User Data: Array
(
    [id] => 4
    [username] => anggiat@gmail.com
    [password] => $2y$10$l0nv.GgDwblAm89Gu4t0Gug65vF7AVvYKxlGPkfoAWWyjnewq68YO
    [created_at] => 2024-07-16 01:48:46
    [updated_at] => 2024-07-16 01:48:46
)

INFO - 2024-07-17 01:35:10 --> Session: Class initialized using 'CodeIgniter\Session\Handlers\FileHandler' driver.
DEBUG - 2024-07-17 01:35:10 --> User ID: 4
DEBUG - 2024-07-17 01:35:10 --> User Data: Array
(
    [id] => 4
    [username] => anggiat@gmail.com
    [password] => $2y$10$l0nv.GgDwblAm89Gu4t0Gug65vF7AVvYKxlGPkfoAWWyjnewq68YO
    [created_at] => 2024-07-16 01:48:46
    [updated_at] => 2024-07-16 01:48:46
)

INFO - 2024-07-17 01:56:28 --> Session: Class initialized using 'CodeIgniter\Session\Handlers\FileHandler' driver.
DEBUG - 2024-07-17 01:56:28 --> User ID: 4
DEBUG - 2024-07-17 01:56:28 --> User Data: Array
(
    [id] => 4
    [username] => anggiat@gmail.com
    [password] => $2y$10$l0nv.GgDwblAm89Gu4t0Gug65vF7AVvYKxlGPkfoAWWyjnewq68YO
    [created_at] => 2024-07-16 01:48:46
    [updated_at] => 2024-07-16 01:48:46
)

INFO - 2024-07-17 01:56:34 --> Session: Class initialized using 'CodeIgniter\Session\Handlers\FileHandler' driver.
DEBUG - 2024-07-17 01:56:34 --> User ID: 4
DEBUG - 2024-07-17 01:56:34 --> User Data: Array
(
    [id] => 4
    [username] => anggiat@gmail.com
    [password] => $2y$10$l0nv.GgDwblAm89Gu4t0Gug65vF7AVvYKxlGPkfoAWWyjnewq68YO
    [created_at] => 2024-07-16 01:48:46
    [updated_at] => 2024-07-16 01:48:46
)

INFO - 2024-07-17 01:56:38 --> Session: Class initialized using 'CodeIgniter\Session\Handlers\FileHandler' driver.
DEBUG - 2024-07-17 01:56:38 --> User ID: 4
DEBUG - 2024-07-17 01:56:38 --> User Data: Array
(
    [id] => 4
    [username] => anggiat@gmail.com
    [password] => $2y$10$l0nv.GgDwblAm89Gu4t0Gug65vF7AVvYKxlGPkfoAWWyjnewq68YO
    [created_at] => 2024-07-16 01:48:46
    [updated_at] => 2024-07-16 01:48:46
)

INFO - 2024-07-17 01:56:47 --> Session: Class initialized using 'CodeIgniter\Session\Handlers\FileHandler' driver.
DEBUG - 2024-07-17 01:56:47 --> User ID: 4
DEBUG - 2024-07-17 01:56:47 --> User Data: Array
(
    [id] => 4
    [username] => anggiat@gmail.com
    [password] => $2y$10$l0nv.GgDwblAm89Gu4t0Gug65vF7AVvYKxlGPkfoAWWyjnewq68YO
    [created_at] => 2024-07-16 01:48:46
    [updated_at] => 2024-07-16 01:48:46
)

INFO - 2024-07-17 01:56:54 --> Session: Class initialized using 'CodeIgniter\Session\Handlers\FileHandler' driver.
DEBUG - 2024-07-17 01:56:54 --> User ID: 4
DEBUG - 2024-07-17 01:56:54 --> User Data: Array
(
    [id] => 4
    [username] => anggiat@gmail.com
    [password] => $2y$10$l0nv.GgDwblAm89Gu4t0Gug65vF7AVvYKxlGPkfoAWWyjnewq68YO
    [created_at] => 2024-07-16 01:48:46
    [updated_at] => 2024-07-16 01:48:46
)

INFO - 2024-07-17 01:57:13 --> Session: Class initialized using 'CodeIgniter\Session\Handlers\FileHandler' driver.
DEBUG - 2024-07-17 01:57:13 --> User ID: 4
DEBUG - 2024-07-17 01:57:13 --> User Data: Array
(
    [id] => 4
    [username] => anggiat@gmail.com
    [password] => $2y$10$l0nv.GgDwblAm89Gu4t0Gug65vF7AVvYKxlGPkfoAWWyjnewq68YO
    [created_at] => 2024-07-16 01:48:46
    [updated_at] => 2024-07-16 01:48:46
)

INFO - 2024-07-17 01:57:17 --> Session: Class initialized using 'CodeIgniter\Session\Handlers\FileHandler' driver.
DEBUG - 2024-07-17 01:57:17 --> User ID: 4
DEBUG - 2024-07-17 01:57:17 --> User Data: Array
(
    [id] => 4
    [username] => anggiat@gmail.com
    [password] => $2y$10$l0nv.GgDwblAm89Gu4t0Gug65vF7AVvYKxlGPkfoAWWyjnewq68YO
    [created_at] => 2024-07-16 01:48:46
    [updated_at] => 2024-07-16 01:48:46
)

INFO - 2024-07-17 01:58:01 --> Session: Class initialized using 'CodeIgniter\Session\Handlers\FileHandler' driver.
CRITICAL - 2024-07-17 01:58:01 --> ErrorException: Undefined variable $username
[Method: GET, Route: dashboard/detail_pengumuman1]
in APPPATH\Views\layout\navbar.php on line 190.
 1 APPPATH\Views\layout\navbar.php(190): CodeIgniter\Debug\Exceptions->errorHandler(2, 'Undefined variable $username', 'C:\\laragon\\www\\SINERGHI\\app\\Views\\layout\\navbar.php', 190)
 2 SYSTEMPATH\View\View.php(234): include('C:\\laragon\\www\\SINERGHI\\app\\Views\\layout\\navbar.php')
 3 SYSTEMPATH\View\View.php(237): CodeIgniter\View\View->CodeIgniter\View\{closure}()
 4 SYSTEMPATH\View\View.php(487): CodeIgniter\View\View->render('layout/navbar', null, true)
 5 APPPATH\Views\layout\template.php(15): CodeIgniter\View\View->include('layout/navbar')
 6 SYSTEMPATH\View\View.php(234): include('C:\\laragon\\www\\SINERGHI\\app\\Views\\layout\\template.php')
 7 SYSTEMPATH\View\View.php(237): CodeIgniter\View\View->CodeIgniter\View\{closure}()
 8 SYSTEMPATH\View\View.php(250): CodeIgniter\View\View->render('layout/template', [], true)
 9 SYSTEMPATH\Common.php(1169): CodeIgniter\View\View->render('dashboard/detail_pengumuman1', [], true)
10 APPPATH\Controllers\DashboardControllers.php(57): view('dashboard/detail_pengumuman1')
11 SYSTEMPATH\CodeIgniter.php(933): App\Controllers\DashboardControllers->detail_pengumuman1()
12 SYSTEMPATH\CodeIgniter.php(509): CodeIgniter\CodeIgniter->runController(Object(App\Controllers\DashboardControllers))
13 SYSTEMPATH\CodeIgniter.php(355): CodeIgniter\CodeIgniter->handleRequest(null, Object(Config\Cache), false)
14 SYSTEMPATH\Boot.php(325): CodeIgniter\CodeIgniter->run()
15 SYSTEMPATH\Boot.php(67): CodeIgniter\Boot::runCodeIgniter(Object(CodeIgniter\CodeIgniter))
16 FCPATH\index.php(56): CodeIgniter\Boot::bootWeb(Object(Config\Paths))
17 SYSTEMPATH\rewrite.php(44): require_once('C:\\laragon\\www\\SINERGHI\\public\\index.php')
INFO - 2024-07-17 01:58:06 --> Session: Class initialized using 'CodeIgniter\Session\Handlers\FileHandler' driver.
DEBUG - 2024-07-17 01:58:06 --> User ID: 4
DEBUG - 2024-07-17 01:58:06 --> User Data: Array
(
    [id] => 4
    [username] => anggiat@gmail.com
    [password] => $2y$10$l0nv.GgDwblAm89Gu4t0Gug65vF7AVvYKxlGPkfoAWWyjnewq68YO
    [created_at] => 2024-07-16 01:48:46
    [updated_at] => 2024-07-16 01:48:46
)

INFO - 2024-07-17 01:58:08 --> Session: Class initialized using 'CodeIgniter\Session\Handlers\FileHandler' driver.
CRITICAL - 2024-07-17 01:58:08 --> ErrorException: Undefined variable $username
[Method: GET, Route: dashboard/detail_pengumuman1]
in APPPATH\Views\layout\navbar.php on line 190.
 1 APPPATH\Views\layout\navbar.php(190): CodeIgniter\Debug\Exceptions->errorHandler(2, 'Undefined variable $username', 'C:\\laragon\\www\\SINERGHI\\app\\Views\\layout\\navbar.php', 190)
 2 SYSTEMPATH\View\View.php(234): include('C:\\laragon\\www\\SINERGHI\\app\\Views\\layout\\navbar.php')
 3 SYSTEMPATH\View\View.php(237): CodeIgniter\View\View->CodeIgniter\View\{closure}()
 4 SYSTEMPATH\View\View.php(487): CodeIgniter\View\View->render('layout/navbar', null, true)
 5 APPPATH\Views\layout\template.php(15): CodeIgniter\View\View->include('layout/navbar')
 6 SYSTEMPATH\View\View.php(234): include('C:\\laragon\\www\\SINERGHI\\app\\Views\\layout\\template.php')
 7 SYSTEMPATH\View\View.php(237): CodeIgniter\View\View->CodeIgniter\View\{closure}()
 8 SYSTEMPATH\View\View.php(250): CodeIgniter\View\View->render('layout/template', [], true)
 9 SYSTEMPATH\Common.php(1169): CodeIgniter\View\View->render('dashboard/detail_pengumuman1', [], true)
10 APPPATH\Controllers\DashboardControllers.php(57): view('dashboard/detail_pengumuman1')
11 SYSTEMPATH\CodeIgniter.php(933): App\Controllers\DashboardControllers->detail_pengumuman1()
12 SYSTEMPATH\CodeIgniter.php(509): CodeIgniter\CodeIgniter->runController(Object(App\Controllers\DashboardControllers))
13 SYSTEMPATH\CodeIgniter.php(355): CodeIgniter\CodeIgniter->handleRequest(null, Object(Config\Cache), false)
14 SYSTEMPATH\Boot.php(325): CodeIgniter\CodeIgniter->run()
15 SYSTEMPATH\Boot.php(67): CodeIgniter\Boot::runCodeIgniter(Object(CodeIgniter\CodeIgniter))
16 FCPATH\index.php(56): CodeIgniter\Boot::bootWeb(Object(Config\Paths))
17 SYSTEMPATH\rewrite.php(44): require_once('C:\\laragon\\www\\SINERGHI\\public\\index.php')
INFO - 2024-07-17 01:59:45 --> Session: Class initialized using 'CodeIgniter\Session\Handlers\FileHandler' driver.
INFO - 2024-07-17 01:59:47 --> Session: Class initialized using 'CodeIgniter\Session\Handlers\FileHandler' driver.
DEBUG - 2024-07-17 01:59:47 --> User ID: 4
DEBUG - 2024-07-17 01:59:47 --> User Data: Array
(
    [id] => 4
    [username] => anggiat@gmail.com
    [password] => $2y$10$l0nv.GgDwblAm89Gu4t0Gug65vF7AVvYKxlGPkfoAWWyjnewq68YO
    [created_at] => 2024-07-16 01:48:46
    [updated_at] => 2024-07-16 01:48:46
)

INFO - 2024-07-17 01:59:51 --> Session: Class initialized using 'CodeIgniter\Session\Handlers\FileHandler' driver.
INFO - 2024-07-17 01:59:53 --> Session: Class initialized using 'CodeIgniter\Session\Handlers\FileHandler' driver.
DEBUG - 2024-07-17 01:59:53 --> User ID: 4
DEBUG - 2024-07-17 01:59:53 --> User Data: Array
(
    [id] => 4
    [username] => anggiat@gmail.com
    [password] => $2y$10$l0nv.GgDwblAm89Gu4t0Gug65vF7AVvYKxlGPkfoAWWyjnewq68YO
    [created_at] => 2024-07-16 01:48:46
    [updated_at] => 2024-07-16 01:48:46
)

INFO - 2024-07-17 02:00:01 --> Session: Class initialized using 'CodeIgniter\Session\Handlers\FileHandler' driver.
DEBUG - 2024-07-17 02:00:01 --> User ID: 4
DEBUG - 2024-07-17 02:00:01 --> User Data: Array
(
    [id] => 4
    [username] => anggiat@gmail.com
    [password] => $2y$10$l0nv.GgDwblAm89Gu4t0Gug65vF7AVvYKxlGPkfoAWWyjnewq68YO
    [created_at] => 2024-07-16 01:48:46
    [updated_at] => 2024-07-16 01:48:46
)

INFO - 2024-07-17 02:00:02 --> Session: Class initialized using 'CodeIgniter\Session\Handlers\FileHandler' driver.
CRITICAL - 2024-07-17 02:00:02 --> RuntimeException: View themes, no current section.
[Method: GET, Route: dashboard/detail_pengumuman1]
in SYSTEMPATH\View\View.php on line 442.
 1 APPPATH\Views\dashboard\detail_pengumuman1.php(21): CodeIgniter\View\View->endSection()
 2 SYSTEMPATH\View\View.php(234): include('C:\\laragon\\www\\SINERGHI\\app\\Views\\dashboard\\detail_pengumuman1.php')
 3 SYSTEMPATH\View\View.php(237): CodeIgniter\View\View->CodeIgniter\View\{closure}()
 4 SYSTEMPATH\Common.php(1169): CodeIgniter\View\View->render('dashboard/detail_pengumuman1', [], true)
 5 APPPATH\Controllers\DashboardControllers.php(57): view('dashboard/detail_pengumuman1')
 6 SYSTEMPATH\CodeIgniter.php(933): App\Controllers\DashboardControllers->detail_pengumuman1()
 7 SYSTEMPATH\CodeIgniter.php(509): CodeIgniter\CodeIgniter->runController(Object(App\Controllers\DashboardControllers))
 8 SYSTEMPATH\CodeIgniter.php(355): CodeIgniter\CodeIgniter->handleRequest(null, Object(Config\Cache), false)
 9 SYSTEMPATH\Boot.php(325): CodeIgniter\CodeIgniter->run()
10 SYSTEMPATH\Boot.php(67): CodeIgniter\Boot::runCodeIgniter(Object(CodeIgniter\CodeIgniter))
11 FCPATH\index.php(56): CodeIgniter\Boot::bootWeb(Object(Config\Paths))
12 SYSTEMPATH\rewrite.php(44): require_once('C:\\laragon\\www\\SINERGHI\\public\\index.php')
INFO - 2024-07-17 02:00:19 --> Session: Class initialized using 'CodeIgniter\Session\Handlers\FileHandler' driver.
INFO - 2024-07-17 02:00:27 --> Session: Class initialized using 'CodeIgniter\Session\Handlers\FileHandler' driver.
CRITICAL - 2024-07-17 02:00:27 --> ErrorException: Undefined variable $username
[Method: GET, Route: dashboard/detail_pengumuman1]
in APPPATH\Views\layout\navbar.php on line 190.
 1 APPPATH\Views\layout\navbar.php(190): CodeIgniter\Debug\Exceptions->errorHandler(2, 'Undefined variable $username', 'C:\\laragon\\www\\SINERGHI\\app\\Views\\layout\\navbar.php', 190)
 2 SYSTEMPATH\View\View.php(234): include('C:\\laragon\\www\\SINERGHI\\app\\Views\\layout\\navbar.php')
 3 SYSTEMPATH\View\View.php(237): CodeIgniter\View\View->CodeIgniter\View\{closure}()
 4 SYSTEMPATH\View\View.php(487): CodeIgniter\View\View->render('layout/navbar', null, true)
 5 APPPATH\Views\layout\template.php(15): CodeIgniter\View\View->include('layout/navbar')
 6 SYSTEMPATH\View\View.php(234): include('C:\\laragon\\www\\SINERGHI\\app\\Views\\layout\\template.php')
 7 SYSTEMPATH\View\View.php(237): CodeIgniter\View\View->CodeIgniter\View\{closure}()
 8 SYSTEMPATH\View\View.php(250): CodeIgniter\View\View->render('layout/template', [], true)
 9 SYSTEMPATH\Common.php(1169): CodeIgniter\View\View->render('dashboard/detail_pengumuman1', [], true)
10 APPPATH\Controllers\DashboardControllers.php(57): view('dashboard/detail_pengumuman1')
11 SYSTEMPATH\CodeIgniter.php(933): App\Controllers\DashboardControllers->detail_pengumuman1()
12 SYSTEMPATH\CodeIgniter.php(509): CodeIgniter\CodeIgniter->runController(Object(App\Controllers\DashboardControllers))
13 SYSTEMPATH\CodeIgniter.php(355): CodeIgniter\CodeIgniter->handleRequest(null, Object(Config\Cache), false)
14 SYSTEMPATH\Boot.php(325): CodeIgniter\CodeIgniter->run()
15 SYSTEMPATH\Boot.php(67): CodeIgniter\Boot::runCodeIgniter(Object(CodeIgniter\CodeIgniter))
16 FCPATH\index.php(56): CodeIgniter\Boot::bootWeb(Object(Config\Paths))
17 SYSTEMPATH\rewrite.php(44): require_once('C:\\laragon\\www\\SINERGHI\\public\\index.php')
INFO - 2024-07-17 02:22:26 --> Session: Class initialized using 'CodeIgniter\Session\Handlers\FileHandler' driver.
DEBUG - 2024-07-17 02:22:26 --> User ID: 4
INFO - 2024-07-17 02:23:06 --> Session: Class initialized using 'CodeIgniter\Session\Handlers\FileHandler' driver.
DEBUG - 2024-07-17 02:23:06 --> User ID: 4
INFO - 2024-07-17 02:28:26 --> Session: Class initialized using 'CodeIgniter\Session\Handlers\FileHandler' driver.
DEBUG - 2024-07-17 02:28:26 --> User ID: 4
INFO - 2024-07-17 02:29:39 --> Session: Class initialized using 'CodeIgniter\Session\Handlers\FileHandler' driver.
DEBUG - 2024-07-17 02:29:39 --> User ID: 4
INFO - 2024-07-17 02:29:43 --> Session: Class initialized using 'CodeIgniter\Session\Handlers\FileHandler' driver.
DEBUG - 2024-07-17 02:29:43 --> User ID: 4
INFO - 2024-07-17 02:29:44 --> Session: Class initialized using 'CodeIgniter\Session\Handlers\FileHandler' driver.
DEBUG - 2024-07-17 02:29:44 --> User ID: 4
INFO - 2024-07-17 02:29:46 --> Session: Class initialized using 'CodeIgniter\Session\Handlers\FileHandler' driver.
DEBUG - 2024-07-17 02:29:46 --> User ID: 4
INFO - 2024-07-17 02:29:49 --> Session: Class initialized using 'CodeIgniter\Session\Handlers\FileHandler' driver.
INFO - 2024-07-17 02:29:51 --> Session: Class initialized using 'CodeIgniter\Session\Handlers\FileHandler' driver.
INFO - 2024-07-17 02:30:05 --> Session: Class initialized using 'CodeIgniter\Session\Handlers\FileHandler' driver.
INFO - 2024-07-17 02:30:25 --> Session: Class initialized using 'CodeIgniter\Session\Handlers\FileHandler' driver.
INFO - 2024-07-17 02:30:30 --> Session: Class initialized using 'CodeIgniter\Session\Handlers\FileHandler' driver.
INFO - 2024-07-17 02:37:32 --> Session: Class initialized using 'CodeIgniter\Session\Handlers\FileHandler' driver.
INFO - 2024-07-17 02:40:00 --> Session: Class initialized using 'CodeIgniter\Session\Handlers\FileHandler' driver.
DEBUG - 2024-07-17 02:40:00 --> User ID: 7
INFO - 2024-07-17 02:40:08 --> Session: Class initialized using 'CodeIgniter\Session\Handlers\FileHandler' driver.
DEBUG - 2024-07-17 02:40:08 --> User ID: 7
INFO - 2024-07-17 02:40:24 --> Session: Class initialized using 'CodeIgniter\Session\Handlers\FileHandler' driver.
DEBUG - 2024-07-17 02:40:24 --> User ID: 7
INFO - 2024-07-17 02:40:28 --> Session: Class initialized using 'CodeIgniter\Session\Handlers\FileHandler' driver.
DEBUG - 2024-07-17 02:40:28 --> User ID: 7
INFO - 2024-07-17 02:41:03 --> Session: Class initialized using 'CodeIgniter\Session\Handlers\FileHandler' driver.
DEBUG - 2024-07-17 02:41:03 --> User ID: 7
INFO - 2024-07-17 02:41:07 --> Session: Class initialized using 'CodeIgniter\Session\Handlers\FileHandler' driver.
DEBUG - 2024-07-17 02:41:07 --> User ID: 7
INFO - 2024-07-17 02:41:12 --> Session: Class initialized using 'CodeIgniter\Session\Handlers\FileHandler' driver.
DEBUG - 2024-07-17 02:41:12 --> User ID: 7
INFO - 2024-07-17 02:41:14 --> Session: Class initialized using 'CodeIgniter\Session\Handlers\FileHandler' driver.
DEBUG - 2024-07-17 02:41:14 --> User ID: 7
INFO - 2024-07-17 02:41:15 --> Session: Class initialized using 'CodeIgniter\Session\Handlers\FileHandler' driver.
DEBUG - 2024-07-17 02:41:15 --> User ID: 7
INFO - 2024-07-17 02:41:18 --> Session: Class initialized using 'CodeIgniter\Session\Handlers\FileHandler' driver.
DEBUG - 2024-07-17 02:41:18 --> User ID: 7
INFO - 2024-07-17 02:41:19 --> Session: Class initialized using 'CodeIgniter\Session\Handlers\FileHandler' driver.
DEBUG - 2024-07-17 02:41:19 --> User ID: 7
INFO - 2024-07-17 02:41:20 --> Session: Class initialized using 'CodeIgniter\Session\Handlers\FileHandler' driver.
DEBUG - 2024-07-17 02:41:20 --> User ID: 7
INFO - 2024-07-17 02:41:21 --> Session: Class initialized using 'CodeIgniter\Session\Handlers\FileHandler' driver.
DEBUG - 2024-07-17 02:41:21 --> User ID: 7
INFO - 2024-07-17 02:41:28 --> Session: Class initialized using 'CodeIgniter\Session\Handlers\FileHandler' driver.
DEBUG - 2024-07-17 02:41:28 --> User ID: 7
INFO - 2024-07-17 02:41:29 --> Session: Class initialized using 'CodeIgniter\Session\Handlers\FileHandler' driver.
DEBUG - 2024-07-17 02:41:29 --> User ID: 7
INFO - 2024-07-17 02:41:35 --> Session: Class initialized using 'CodeIgniter\Session\Handlers\FileHandler' driver.
DEBUG - 2024-07-17 02:41:35 --> User ID: 7
INFO - 2024-07-17 02:41:43 --> Session: Class initialized using 'CodeIgniter\Session\Handlers\FileHandler' driver.
DEBUG - 2024-07-17 02:41:43 --> User ID: 7
INFO - 2024-07-17 02:43:27 --> Session: Class initialized using 'CodeIgniter\Session\Handlers\FileHandler' driver.
DEBUG - 2024-07-17 02:43:27 --> User ID: 7
INFO - 2024-07-17 02:45:45 --> Session: Class initialized using 'CodeIgniter\Session\Handlers\FileHandler' driver.
DEBUG - 2024-07-17 02:45:45 --> User ID: 7
INFO - 2024-07-17 02:45:47 --> Session: Class initialized using 'CodeIgniter\Session\Handlers\FileHandler' driver.
DEBUG - 2024-07-17 02:45:47 --> User ID: 7
INFO - 2024-07-17 02:46:01 --> Session: Class initialized using 'CodeIgniter\Session\Handlers\FileHandler' driver.
DEBUG - 2024-07-17 02:46:01 --> User ID: 7
INFO - 2024-07-17 02:46:04 --> Session: Class initialized using 'CodeIgniter\Session\Handlers\FileHandler' driver.
DEBUG - 2024-07-17 02:46:04 --> User ID: 7
INFO - 2024-07-17 02:46:06 --> Session: Class initialized using 'CodeIgniter\Session\Handlers\FileHandler' driver.
DEBUG - 2024-07-17 02:46:06 --> User ID: 7
INFO - 2024-07-17 02:46:08 --> Session: Class initialized using 'CodeIgniter\Session\Handlers\FileHandler' driver.
DEBUG - 2024-07-17 02:46:08 --> User ID: 7
INFO - 2024-07-17 02:46:16 --> Session: Class initialized using 'CodeIgniter\Session\Handlers\FileHandler' driver.
DEBUG - 2024-07-17 02:46:16 --> User ID: 7
INFO - 2024-07-17 02:48:10 --> Session: Class initialized using 'CodeIgniter\Session\Handlers\FileHandler' driver.
DEBUG - 2024-07-17 02:48:10 --> User ID: 7
INFO - 2024-07-17 02:48:14 --> Session: Class initialized using 'CodeIgniter\Session\Handlers\FileHandler' driver.
DEBUG - 2024-07-17 02:48:14 --> User ID: 7
INFO - 2024-07-17 02:48:19 --> Session: Class initialized using 'CodeIgniter\Session\Handlers\FileHandler' driver.
DEBUG - 2024-07-17 02:48:19 --> User ID: 7
INFO - 2024-07-17 02:48:21 --> Session: Class initialized using 'CodeIgniter\Session\Handlers\FileHandler' driver.
DEBUG - 2024-07-17 02:48:21 --> User ID: 7
INFO - 2024-07-17 02:48:24 --> Session: Class initialized using 'CodeIgniter\Session\Handlers\FileHandler' driver.
INFO - 2024-07-17 02:48:39 --> Session: Class initialized using 'CodeIgniter\Session\Handlers\FileHandler' driver.
INFO - 2024-07-17 02:48:39 --> Session: Class initialized using 'CodeIgniter\Session\Handlers\FileHandler' driver.
DEBUG - 2024-07-17 02:48:39 --> User ID: 7
INFO - 2024-07-17 02:49:43 --> Session: Class initialized using 'CodeIgniter\Session\Handlers\FileHandler' driver.
DEBUG - 2024-07-17 02:49:43 --> User ID: 7
INFO - 2024-07-17 02:50:33 --> Session: Class initialized using 'CodeIgniter\Session\Handlers\FileHandler' driver.
DEBUG - 2024-07-17 02:50:33 --> User ID: 7
INFO - 2024-07-17 02:51:18 --> Session: Class initialized using 'CodeIgniter\Session\Handlers\FileHandler' driver.
DEBUG - 2024-07-17 02:51:18 --> User ID: 7
INFO - 2024-07-17 02:51:59 --> Session: Class initialized using 'CodeIgniter\Session\Handlers\FileHandler' driver.
DEBUG - 2024-07-17 02:51:59 --> User ID: 7
INFO - 2024-07-17 02:52:13 --> Session: Class initialized using 'CodeIgniter\Session\Handlers\FileHandler' driver.
DEBUG - 2024-07-17 02:52:13 --> User ID: 7
INFO - 2024-07-17 02:54:27 --> Session: Class initialized using 'CodeIgniter\Session\Handlers\FileHandler' driver.
DEBUG - 2024-07-17 02:54:27 --> User ID: 7
INFO - 2024-07-17 02:54:49 --> Session: Class initialized using 'CodeIgniter\Session\Handlers\FileHandler' driver.
DEBUG - 2024-07-17 02:54:49 --> User ID: 7
INFO - 2024-07-17 02:54:51 --> Session: Class initialized using 'CodeIgniter\Session\Handlers\FileHandler' driver.
DEBUG - 2024-07-17 02:54:51 --> User ID: 7
INFO - 2024-07-17 02:54:52 --> Session: Class initialized using 'CodeIgniter\Session\Handlers\FileHandler' driver.
DEBUG - 2024-07-17 02:54:52 --> User ID: 7
INFO - 2024-07-17 02:55:22 --> Session: Class initialized using 'CodeIgniter\Session\Handlers\FileHandler' driver.
DEBUG - 2024-07-17 02:55:22 --> User ID: 7
INFO - 2024-07-17 02:56:48 --> Session: Class initialized using 'CodeIgniter\Session\Handlers\FileHandler' driver.
DEBUG - 2024-07-17 02:56:48 --> User ID: 7
INFO - 2024-07-17 02:57:13 --> Session: Class initialized using 'CodeIgniter\Session\Handlers\FileHandler' driver.
DEBUG - 2024-07-17 02:57:13 --> User ID: 7
INFO - 2024-07-17 02:57:23 --> Session: Class initialized using 'CodeIgniter\Session\Handlers\FileHandler' driver.
DEBUG - 2024-07-17 02:57:23 --> User ID: 7
INFO - 2024-07-17 02:57:32 --> Session: Class initialized using 'CodeIgniter\Session\Handlers\FileHandler' driver.
DEBUG - 2024-07-17 02:57:32 --> User ID: 7
INFO - 2024-07-17 02:57:47 --> Session: Class initialized using 'CodeIgniter\Session\Handlers\FileHandler' driver.
DEBUG - 2024-07-17 02:57:47 --> User ID: 7
INFO - 2024-07-17 02:58:16 --> Session: Class initialized using 'CodeIgniter\Session\Handlers\FileHandler' driver.
DEBUG - 2024-07-17 02:58:16 --> User ID: 7
INFO - 2024-07-17 03:00:30 --> Session: Class initialized using 'CodeIgniter\Session\Handlers\FileHandler' driver.
DEBUG - 2024-07-17 03:00:30 --> User ID: 7
INFO - 2024-07-17 03:00:32 --> Session: Class initialized using 'CodeIgniter\Session\Handlers\FileHandler' driver.
DEBUG - 2024-07-17 03:00:32 --> User ID: 7
INFO - 2024-07-17 03:00:36 --> Session: Class initialized using 'CodeIgniter\Session\Handlers\FileHandler' driver.
DEBUG - 2024-07-17 03:00:36 --> User ID: 7
INFO - 2024-07-17 03:00:39 --> Session: Class initialized using 'CodeIgniter\Session\Handlers\FileHandler' driver.
DEBUG - 2024-07-17 03:00:39 --> User ID: 7
INFO - 2024-07-17 03:01:17 --> Session: Class initialized using 'CodeIgniter\Session\Handlers\FileHandler' driver.
DEBUG - 2024-07-17 03:01:17 --> User ID: 7
INFO - 2024-07-17 03:01:24 --> Session: Class initialized using 'CodeIgniter\Session\Handlers\FileHandler' driver.
DEBUG - 2024-07-17 03:01:24 --> User ID: 7
INFO - 2024-07-17 03:01:27 --> Session: Class initialized using 'CodeIgniter\Session\Handlers\FileHandler' driver.
DEBUG - 2024-07-17 03:01:27 --> User ID: 7
INFO - 2024-07-17 03:01:29 --> Session: Class initialized using 'CodeIgniter\Session\Handlers\FileHandler' driver.
DEBUG - 2024-07-17 03:01:29 --> User ID: 7
INFO - 2024-07-17 03:01:32 --> Session: Class initialized using 'CodeIgniter\Session\Handlers\FileHandler' driver.
DEBUG - 2024-07-17 03:01:32 --> User ID: 7
INFO - 2024-07-17 03:01:33 --> Session: Class initialized using 'CodeIgniter\Session\Handlers\FileHandler' driver.
DEBUG - 2024-07-17 03:01:33 --> User ID: 7
INFO - 2024-07-17 03:01:35 --> Session: Class initialized using 'CodeIgniter\Session\Handlers\FileHandler' driver.
DEBUG - 2024-07-17 03:01:35 --> User ID: 7
INFO - 2024-07-17 03:01:41 --> Session: Class initialized using 'CodeIgniter\Session\Handlers\FileHandler' driver.
DEBUG - 2024-07-17 03:01:41 --> User ID: 7
INFO - 2024-07-17 03:07:45 --> Session: Class initialized using 'CodeIgniter\Session\Handlers\FileHandler' driver.
DEBUG - 2024-07-17 03:07:45 --> User ID: 7
INFO - 2024-07-17 03:08:08 --> Session: Class initialized using 'CodeIgniter\Session\Handlers\FileHandler' driver.
DEBUG - 2024-07-17 03:08:08 --> User ID: 7
INFO - 2024-07-17 03:11:07 --> Session: Class initialized using 'CodeIgniter\Session\Handlers\FileHandler' driver.
DEBUG - 2024-07-17 03:11:07 --> User ID: 7
INFO - 2024-07-17 03:11:14 --> Session: Class initialized using 'CodeIgniter\Session\Handlers\FileHandler' driver.
DEBUG - 2024-07-17 03:11:14 --> User ID: 7
INFO - 2024-07-17 03:11:22 --> Session: Class initialized using 'CodeIgniter\Session\Handlers\FileHandler' driver.
DEBUG - 2024-07-17 03:11:22 --> User ID: 7
INFO - 2024-07-17 03:11:28 --> Session: Class initialized using 'CodeIgniter\Session\Handlers\FileHandler' driver.
DEBUG - 2024-07-17 03:11:28 --> User ID: 7
INFO - 2024-07-17 03:16:14 --> Session: Class initialized using 'CodeIgniter\Session\Handlers\FileHandler' driver.
DEBUG - 2024-07-17 03:16:14 --> User ID: 7
INFO - 2024-07-17 03:16:21 --> Session: Class initialized using 'CodeIgniter\Session\Handlers\FileHandler' driver.
DEBUG - 2024-07-17 03:16:21 --> User ID: 7
INFO - 2024-07-17 03:16:23 --> Session: Class initialized using 'CodeIgniter\Session\Handlers\FileHandler' driver.
DEBUG - 2024-07-17 03:16:23 --> User ID: 7
INFO - 2024-07-17 03:17:32 --> Session: Class initialized using 'CodeIgniter\Session\Handlers\FileHandler' driver.
DEBUG - 2024-07-17 03:17:32 --> User ID: 7
INFO - 2024-07-17 03:17:42 --> Session: Class initialized using 'CodeIgniter\Session\Handlers\FileHandler' driver.
DEBUG - 2024-07-17 03:17:42 --> User ID: 7
INFO - 2024-07-17 03:17:54 --> Session: Class initialized using 'CodeIgniter\Session\Handlers\FileHandler' driver.
DEBUG - 2024-07-17 03:17:54 --> User ID: 7
INFO - 2024-07-17 03:25:04 --> Session: Class initialized using 'CodeIgniter\Session\Handlers\FileHandler' driver.
DEBUG - 2024-07-17 03:25:04 --> User ID: 13
ERROR - 2024-07-17 03:25:04 --> Error connecting to the database: mysqli_sql_exception: Unknown database 'hellodesk' in C:\laragon\www\SINERGHI\SINERGHI\system\Database\MySQLi\Connection.php:186
Stack trace:
#0 C:\laragon\www\SINERGHI\SINERGHI\system\Database\MySQLi\Connection.php(186): mysqli->real_connect('127.0.0.1', 'root', Object(SensitiveParameterValue), 'hellodesk', 3306, '', 0)
#1 C:\laragon\www\SINERGHI\SINERGHI\system\Database\BaseConnection.php(421): CodeIgniter\Database\MySQLi\Connection->connect(false)
#2 C:\laragon\www\SINERGHI\SINERGHI\system\Database\BaseConnection.php(616): CodeIgniter\Database\BaseConnection->initialize()
#3 C:\laragon\www\SINERGHI\SINERGHI\system\Database\BaseBuilder.php(1644): CodeIgniter\Database\BaseConnection->query('SELECT *\nFROM `...', Array, false)
#4 C:\laragon\www\SINERGHI\SINERGHI\system\Model.php(210): CodeIgniter\Database\BaseBuilder->get()
#5 C:\laragon\www\SINERGHI\SINERGHI\system\BaseModel.php(610): CodeIgniter\Model->doFind(true, '13')
#6 C:\laragon\www\SINERGHI\SINERGHI\app\Controllers\BaseController.php(82): CodeIgniter\BaseModel->find('13')
#7 C:\laragon\www\SINERGHI\SINERGHI\system\CodeIgniter.php(904): App\Controllers\BaseController->initController(Object(CodeIgniter\HTTP\IncomingRequest), Object(CodeIgniter\HTTP\Response), Object(CodeIgniter\Log\Logger))
#8 C:\laragon\www\SINERGHI\SINERGHI\system\CodeIgniter.php(500): CodeIgniter\CodeIgniter->createController()
#9 C:\laragon\www\SINERGHI\SINERGHI\system\CodeIgniter.php(355): CodeIgniter\CodeIgniter->handleRequest(NULL, Object(Config\Cache), false)
#10 C:\laragon\www\SINERGHI\SINERGHI\system\Boot.php(325): CodeIgniter\CodeIgniter->run()
#11 C:\laragon\www\SINERGHI\SINERGHI\system\Boot.php(67): CodeIgniter\Boot::runCodeIgniter(Object(CodeIgniter\CodeIgniter))
#12 C:\laragon\www\SINERGHI\SINERGHI\public\index.php(56): CodeIgniter\Boot::bootWeb(Object(Config\Paths))
#13 C:\laragon\www\SINERGHI\SINERGHI\system\rewrite.php(44): require_once('C:\\laragon\\www\\...')
#14 {main}

Next CodeIgniter\Database\Exceptions\DatabaseException: Unknown database 'hellodesk' in C:\laragon\www\SINERGHI\SINERGHI\system\Database\MySQLi\Connection.php:231
Stack trace:
#0 C:\laragon\www\SINERGHI\SINERGHI\system\Database\BaseConnection.php(421): CodeIgniter\Database\MySQLi\Connection->connect(false)
#1 C:\laragon\www\SINERGHI\SINERGHI\system\Database\BaseConnection.php(616): CodeIgniter\Database\BaseConnection->initialize()
#2 C:\laragon\www\SINERGHI\SINERGHI\system\Database\BaseBuilder.php(1644): CodeIgniter\Database\BaseConnection->query('SELECT *\nFROM `...', Array, false)
#3 C:\laragon\www\SINERGHI\SINERGHI\system\Model.php(210): CodeIgniter\Database\BaseBuilder->get()
#4 C:\laragon\www\SINERGHI\SINERGHI\system\BaseModel.php(610): CodeIgniter\Model->doFind(true, '13')
#5 C:\laragon\www\SINERGHI\SINERGHI\app\Controllers\BaseController.php(82): CodeIgniter\BaseModel->find('13')
#6 C:\laragon\www\SINERGHI\SINERGHI\system\CodeIgniter.php(904): App\Controllers\BaseController->initController(Object(CodeIgniter\HTTP\IncomingRequest), Object(CodeIgniter\HTTP\Response), Object(CodeIgniter\Log\Logger))
#7 C:\laragon\www\SINERGHI\SINERGHI\system\CodeIgniter.php(500): CodeIgniter\CodeIgniter->createController()
#8 C:\laragon\www\SINERGHI\SINERGHI\system\CodeIgniter.php(355): CodeIgniter\CodeIgniter->handleRequest(NULL, Object(Config\Cache), false)
#9 C:\laragon\www\SINERGHI\SINERGHI\system\Boot.php(325): CodeIgniter\CodeIgniter->run()
#10 C:\laragon\www\SINERGHI\SINERGHI\system\Boot.php(67): CodeIgniter\Boot::runCodeIgniter(Object(CodeIgniter\CodeIgniter))
#11 C:\laragon\www\SINERGHI\SINERGHI\public\index.php(56): CodeIgniter\Boot::bootWeb(Object(Config\Paths))
#12 C:\laragon\www\SINERGHI\SINERGHI\system\rewrite.php(44): require_once('C:\\laragon\\www\\...')
#13 {main}
CRITICAL - 2024-07-17 03:25:04 --> CodeIgniter\Database\Exceptions\DatabaseException: Unable to connect to the database.
Main connection [MySQLi]: Unknown database 'hellodesk'
[Method: GET, Route: dashboard]
in SYSTEMPATH\Database\BaseConnection.php on line 467.
 1 SYSTEMPATH\Database\BaseConnection.php(616): CodeIgniter\Database\BaseConnection->initialize()
 2 SYSTEMPATH\Database\BaseBuilder.php(1644): CodeIgniter\Database\BaseConnection->query('SELECT *
FROM `users`
WHERE `users`.`id` = :users.id:', [...], false)
 3 SYSTEMPATH\Model.php(210): CodeIgniter\Database\BaseBuilder->get()
 4 SYSTEMPATH\BaseModel.php(610): CodeIgniter\Model->doFind(true, '13')
 5 APPPATH\Controllers\BaseController.php(82): CodeIgniter\BaseModel->find('13')
 6 SYSTEMPATH\CodeIgniter.php(904): App\Controllers\BaseController->initController(Object(CodeIgniter\HTTP\IncomingRequest), Object(CodeIgniter\HTTP\Response), Object(CodeIgniter\Log\Logger))
 7 SYSTEMPATH\CodeIgniter.php(500): CodeIgniter\CodeIgniter->createController()
 8 SYSTEMPATH\CodeIgniter.php(355): CodeIgniter\CodeIgniter->handleRequest(null, Object(Config\Cache), false)
 9 SYSTEMPATH\Boot.php(325): CodeIgniter\CodeIgniter->run()
10 SYSTEMPATH\Boot.php(67): CodeIgniter\Boot::runCodeIgniter(Object(CodeIgniter\CodeIgniter))
11 FCPATH\index.php(56): CodeIgniter\Boot::bootWeb(Object(Config\Paths))
12 SYSTEMPATH\rewrite.php(44): require_once('C:\\laragon\\www\\SINERGHI\\SINERGHI\\public\\index.php')
INFO - 2024-07-17 03:25:25 --> Session: Class initialized using 'CodeIgniter\Session\Handlers\FileHandler' driver.
DEBUG - 2024-07-17 03:25:25 --> User ID: 13
INFO - 2024-07-17 03:25:29 --> Session: Class initialized using 'CodeIgniter\Session\Handlers\FileHandler' driver.
DEBUG - 2024-07-17 03:25:29 --> User ID: 13
INFO - 2024-07-17 03:25:30 --> Session: Class initialized using 'CodeIgniter\Session\Handlers\FileHandler' driver.
DEBUG - 2024-07-17 03:25:30 --> User ID: 13
INFO - 2024-07-17 03:25:31 --> Session: Class initialized using 'CodeIgniter\Session\Handlers\FileHandler' driver.
DEBUG - 2024-07-17 03:25:31 --> User ID: 13
INFO - 2024-07-17 03:25:44 --> Session: Class initialized using 'CodeIgniter\Session\Handlers\FileHandler' driver.
DEBUG - 2024-07-17 03:25:44 --> User ID: 13
INFO - 2024-07-17 03:25:46 --> Session: Class initialized using 'CodeIgniter\Session\Handlers\FileHandler' driver.
DEBUG - 2024-07-17 03:25:46 --> User ID: 13
INFO - 2024-07-17 03:25:48 --> Session: Class initialized using 'CodeIgniter\Session\Handlers\FileHandler' driver.
DEBUG - 2024-07-17 03:25:48 --> User ID: 13
INFO - 2024-07-17 03:26:58 --> Session: Class initialized using 'CodeIgniter\Session\Handlers\FileHandler' driver.
DEBUG - 2024-07-17 03:26:58 --> User ID: 13
INFO - 2024-07-17 03:28:59 --> Session: Class initialized using 'CodeIgniter\Session\Handlers\FileHandler' driver.
DEBUG - 2024-07-17 03:28:59 --> User ID: 13
INFO - 2024-07-17 03:29:46 --> Session: Class initialized using 'CodeIgniter\Session\Handlers\FileHandler' driver.
DEBUG - 2024-07-17 03:29:46 --> User ID: 13
INFO - 2024-07-17 03:30:37 --> Session: Class initialized using 'CodeIgniter\Session\Handlers\FileHandler' driver.
DEBUG - 2024-07-17 03:30:37 --> User ID: 13
INFO - 2024-07-17 03:31:27 --> Session: Class initialized using 'CodeIgniter\Session\Handlers\FileHandler' driver.
DEBUG - 2024-07-17 03:31:27 --> User ID: 13
INFO - 2024-07-17 03:33:16 --> Session: Class initialized using 'CodeIgniter\Session\Handlers\FileHandler' driver.
DEBUG - 2024-07-17 03:33:16 --> User ID: 13
INFO - 2024-07-17 03:33:45 --> Session: Class initialized using 'CodeIgniter\Session\Handlers\FileHandler' driver.
DEBUG - 2024-07-17 03:33:45 --> User ID: 13
INFO - 2024-07-17 03:33:51 --> Session: Class initialized using 'CodeIgniter\Session\Handlers\FileHandler' driver.
INFO - 2024-07-17 03:34:06 --> Session: Class initialized using 'CodeIgniter\Session\Handlers\FileHandler' driver.
INFO - 2024-07-17 03:34:06 --> Session: Class initialized using 'CodeIgniter\Session\Handlers\FileHandler' driver.
DEBUG - 2024-07-17 03:34:06 --> User ID: 13
INFO - 2024-07-17 03:34:17 --> Session: Class initialized using 'CodeIgniter\Session\Handlers\FileHandler' driver.
INFO - 2024-07-17 03:36:52 --> Session: Class initialized using 'CodeIgniter\Session\Handlers\FileHandler' driver.
INFO - 2024-07-17 03:36:52 --> Session: Class initialized using 'CodeIgniter\Session\Handlers\FileHandler' driver.
DEBUG - 2024-07-17 03:36:52 --> User ID: 13
INFO - 2024-07-17 03:37:01 --> Session: Class initialized using 'CodeIgniter\Session\Handlers\FileHandler' driver.
DEBUG - 2024-07-17 03:37:01 --> User ID: 13
INFO - 2024-07-17 03:37:07 --> Session: Class initialized using 'CodeIgniter\Session\Handlers\FileHandler' driver.
DEBUG - 2024-07-17 03:37:07 --> User ID: 13
INFO - 2024-07-17 03:37:30 --> Session: Class initialized using 'CodeIgniter\Session\Handlers\FileHandler' driver.
DEBUG - 2024-07-17 03:37:30 --> User ID: 13
INFO - 2024-07-17 03:37:32 --> Session: Class initialized using 'CodeIgniter\Session\Handlers\FileHandler' driver.
INFO - 2024-07-17 03:38:24 --> Session: Class initialized using 'CodeIgniter\Session\Handlers\FileHandler' driver.
INFO - 2024-07-17 03:38:24 --> Session: Class initialized using 'CodeIgniter\Session\Handlers\FileHandler' driver.
DEBUG - 2024-07-17 03:38:24 --> User ID: 13
INFO - 2024-07-17 03:38:27 --> Session: Class initialized using 'CodeIgniter\Session\Handlers\FileHandler' driver.
INFO - 2024-07-17 03:39:48 --> Session: Class initialized using 'CodeIgniter\Session\Handlers\FileHandler' driver.
INFO - 2024-07-17 03:39:48 --> Session: Class initialized using 'CodeIgniter\Session\Handlers\FileHandler' driver.
DEBUG - 2024-07-17 03:39:48 --> User ID: 13
INFO - 2024-07-17 03:39:50 --> Session: Class initialized using 'CodeIgniter\Session\Handlers\FileHandler' driver.
INFO - 2024-07-17 03:43:41 --> Session: Class initialized using 'CodeIgniter\Session\Handlers\FileHandler' driver.
INFO - 2024-07-17 03:43:41 --> Session: Class initialized using 'CodeIgniter\Session\Handlers\FileHandler' driver.
DEBUG - 2024-07-17 03:43:41 --> User ID: 13
INFO - 2024-07-17 03:44:03 --> Session: Class initialized using 'CodeIgniter\Session\Handlers\FileHandler' driver.
DEBUG - 2024-07-17 03:44:03 --> User ID: 13
INFO - 2024-07-17 03:44:04 --> Session: Class initialized using 'CodeIgniter\Session\Handlers\FileHandler' driver.
DEBUG - 2024-07-17 03:44:04 --> User ID: 13
INFO - 2024-07-17 03:45:23 --> Session: Class initialized using 'CodeIgniter\Session\Handlers\FileHandler' driver.
DEBUG - 2024-07-17 03:45:23 --> User ID: 13
INFO - 2024-07-17 03:45:45 --> Session: Class initialized using 'CodeIgniter\Session\Handlers\FileHandler' driver.
DEBUG - 2024-07-17 03:45:45 --> User ID: 13
INFO - 2024-07-17 03:45:49 --> Session: Class initialized using 'CodeIgniter\Session\Handlers\FileHandler' driver.
DEBUG - 2024-07-17 03:45:49 --> User ID: 13
INFO - 2024-07-17 03:46:46 --> Session: Class initialized using 'CodeIgniter\Session\Handlers\FileHandler' driver.
DEBUG - 2024-07-17 03:46:46 --> User ID: 13
INFO - 2024-07-17 03:46:53 --> Session: Class initialized using 'CodeIgniter\Session\Handlers\FileHandler' driver.
DEBUG - 2024-07-17 03:46:53 --> User ID: 13
INFO - 2024-07-17 03:46:55 --> Session: Class initialized using 'CodeIgniter\Session\Handlers\FileHandler' driver.
DEBUG - 2024-07-17 03:46:55 --> User ID: 13
INFO - 2024-07-17 03:46:57 --> Session: Class initialized using 'CodeIgniter\Session\Handlers\FileHandler' driver.
DEBUG - 2024-07-17 03:46:57 --> User ID: 13
INFO - 2024-07-17 03:47:12 --> Session: Class initialized using 'CodeIgniter\Session\Handlers\FileHandler' driver.
DEBUG - 2024-07-17 03:47:12 --> User ID: 13
INFO - 2024-07-17 03:48:56 --> Session: Class initialized using 'CodeIgniter\Session\Handlers\FileHandler' driver.
DEBUG - 2024-07-17 03:48:56 --> User ID: 13
INFO - 2024-07-17 03:49:13 --> Session: Class initialized using 'CodeIgniter\Session\Handlers\FileHandler' driver.
DEBUG - 2024-07-17 03:49:13 --> User ID: 13
INFO - 2024-07-17 03:49:17 --> Session: Class initialized using 'CodeIgniter\Session\Handlers\FileHandler' driver.
DEBUG - 2024-07-17 03:49:17 --> User ID: 13
INFO - 2024-07-17 03:50:25 --> Session: Class initialized using 'CodeIgniter\Session\Handlers\FileHandler' driver.
DEBUG - 2024-07-17 03:50:25 --> User ID: 13
INFO - 2024-07-17 03:50:39 --> Session: Class initialized using 'CodeIgniter\Session\Handlers\FileHandler' driver.
DEBUG - 2024-07-17 03:50:39 --> User ID: 13
INFO - 2024-07-17 03:50:58 --> Session: Class initialized using 'CodeIgniter\Session\Handlers\FileHandler' driver.
DEBUG - 2024-07-17 03:50:58 --> User ID: 13
INFO - 2024-07-17 03:51:02 --> Session: Class initialized using 'CodeIgniter\Session\Handlers\FileHandler' driver.
DEBUG - 2024-07-17 03:51:02 --> User ID: 13
INFO - 2024-07-17 03:51:06 --> Session: Class initialized using 'CodeIgniter\Session\Handlers\FileHandler' driver.
DEBUG - 2024-07-17 03:51:06 --> User ID: 13
INFO - 2024-07-17 03:51:09 --> Session: Class initialized using 'CodeIgniter\Session\Handlers\FileHandler' driver.
DEBUG - 2024-07-17 03:51:09 --> User ID: 13
INFO - 2024-07-17 03:55:05 --> Session: Class initialized using 'CodeIgniter\Session\Handlers\FileHandler' driver.
DEBUG - 2024-07-17 03:55:05 --> User ID: 13
INFO - 2024-07-17 03:56:33 --> Session: Class initialized using 'CodeIgniter\Session\Handlers\FileHandler' driver.
DEBUG - 2024-07-17 03:56:33 --> User ID: 13
INFO - 2024-07-17 03:56:41 --> Session: Class initialized using 'CodeIgniter\Session\Handlers\FileHandler' driver.
DEBUG - 2024-07-17 03:56:41 --> User ID: 13
INFO - 2024-07-17 03:56:44 --> Session: Class initialized using 'CodeIgniter\Session\Handlers\FileHandler' driver.
DEBUG - 2024-07-17 03:56:44 --> User ID: 13
INFO - 2024-07-17 03:58:09 --> Session: Class initialized using 'CodeIgniter\Session\Handlers\FileHandler' driver.
DEBUG - 2024-07-17 03:58:09 --> User ID: 7
ERROR - 2024-07-17 03:58:09 --> Error connecting to the database: mysqli_sql_exception: Unknown database 'studydb' in C:\laragon\www\SINERGHI\system\Database\MySQLi\Connection.php:187
Stack trace:
#0 C:\laragon\www\SINERGHI\system\Database\MySQLi\Connection.php(187): mysqli->real_connect('127.0.0.1', 'root', '', 'studydb', 3306, '', 0)
#1 C:\laragon\www\SINERGHI\system\Database\BaseConnection.php(421): CodeIgniter\Database\MySQLi\Connection->connect(false)
#2 C:\laragon\www\SINERGHI\system\Database\BaseConnection.php(616): CodeIgniter\Database\BaseConnection->initialize()
#3 C:\laragon\www\SINERGHI\system\Database\BaseBuilder.php(1644): CodeIgniter\Database\BaseConnection->query('SELECT *\nFROM `...', Array, false)
#4 C:\laragon\www\SINERGHI\system\Model.php(210): CodeIgniter\Database\BaseBuilder->get()
#5 C:\laragon\www\SINERGHI\system\BaseModel.php(610): CodeIgniter\Model->doFind(true, '7')
#6 C:\laragon\www\SINERGHI\app\Controllers\BaseController.php(82): CodeIgniter\BaseModel->find('7')
#7 C:\laragon\www\SINERGHI\system\CodeIgniter.php(904): App\Controllers\BaseController->initController(Object(CodeIgniter\HTTP\IncomingRequest), Object(CodeIgniter\HTTP\Response), Object(CodeIgniter\Log\Logger))
#8 C:\laragon\www\SINERGHI\system\CodeIgniter.php(500): CodeIgniter\CodeIgniter->createController()
#9 C:\laragon\www\SINERGHI\system\CodeIgniter.php(355): CodeIgniter\CodeIgniter->handleRequest(NULL, Object(Config\Cache), false)
#10 C:\laragon\www\SINERGHI\system\Boot.php(325): CodeIgniter\CodeIgniter->run()
#11 C:\laragon\www\SINERGHI\system\Boot.php(67): CodeIgniter\Boot::runCodeIgniter(Object(CodeIgniter\CodeIgniter))
#12 C:\laragon\www\SINERGHI\public\index.php(56): CodeIgniter\Boot::bootWeb(Object(Config\Paths))
#13 C:\laragon\www\SINERGHI\system\rewrite.php(44): require_once('C:\\laragon\\www\\...')
#14 {main}

Next CodeIgniter\Database\Exceptions\DatabaseException: Unknown database 'studydb' in C:\laragon\www\SINERGHI\system\Database\MySQLi\Connection.php:231
Stack trace:
#0 C:\laragon\www\SINERGHI\system\Database\BaseConnection.php(421): CodeIgniter\Database\MySQLi\Connection->connect(false)
#1 C:\laragon\www\SINERGHI\system\Database\BaseConnection.php(616): CodeIgniter\Database\BaseConnection->initialize()
#2 C:\laragon\www\SINERGHI\system\Database\BaseBuilder.php(1644): CodeIgniter\Database\BaseConnection->query('SELECT *\nFROM `...', Array, false)
#3 C:\laragon\www\SINERGHI\system\Model.php(210): CodeIgniter\Database\BaseBuilder->get()
#4 C:\laragon\www\SINERGHI\system\BaseModel.php(610): CodeIgniter\Model->doFind(true, '7')
#5 C:\laragon\www\SINERGHI\app\Controllers\BaseController.php(82): CodeIgniter\BaseModel->find('7')
#6 C:\laragon\www\SINERGHI\system\CodeIgniter.php(904): App\Controllers\BaseController->initController(Object(CodeIgniter\HTTP\IncomingRequest), Object(CodeIgniter\HTTP\Response), Object(CodeIgniter\Log\Logger))
#7 C:\laragon\www\SINERGHI\system\CodeIgniter.php(500): CodeIgniter\CodeIgniter->createController()
#8 C:\laragon\www\SINERGHI\system\CodeIgniter.php(355): CodeIgniter\CodeIgniter->handleRequest(NULL, Object(Config\Cache), false)
#9 C:\laragon\www\SINERGHI\system\Boot.php(325): CodeIgniter\CodeIgniter->run()
#10 C:\laragon\www\SINERGHI\system\Boot.php(67): CodeIgniter\Boot::runCodeIgniter(Object(CodeIgniter\CodeIgniter))
#11 C:\laragon\www\SINERGHI\public\index.php(56): CodeIgniter\Boot::bootWeb(Object(Config\Paths))
#12 C:\laragon\www\SINERGHI\system\rewrite.php(44): require_once('C:\\laragon\\www\\...')
#13 {main}
CRITICAL - 2024-07-17 03:58:09 --> CodeIgniter\Database\Exceptions\DatabaseException: Unable to connect to the database.
Main connection [MySQLi]: Unknown database 'studydb'
[Method: GET, Route: organisasi]
in SYSTEMPATH\Database\BaseConnection.php on line 467.
 1 SYSTEMPATH\Database\BaseConnection.php(616): CodeIgniter\Database\BaseConnection->initialize()
 2 SYSTEMPATH\Database\BaseBuilder.php(1644): CodeIgniter\Database\BaseConnection->query('SELECT *
FROM `users`
WHERE `users`.`id` = :users.id:', [...], false)
 3 SYSTEMPATH\Model.php(210): CodeIgniter\Database\BaseBuilder->get()
 4 SYSTEMPATH\BaseModel.php(610): CodeIgniter\Model->doFind(true, '7')
 5 APPPATH\Controllers\BaseController.php(82): CodeIgniter\BaseModel->find('7')
 6 SYSTEMPATH\CodeIgniter.php(904): App\Controllers\BaseController->initController(Object(CodeIgniter\HTTP\IncomingRequest), Object(CodeIgniter\HTTP\Response), Object(CodeIgniter\Log\Logger))
 7 SYSTEMPATH\CodeIgniter.php(500): CodeIgniter\CodeIgniter->createController()
 8 SYSTEMPATH\CodeIgniter.php(355): CodeIgniter\CodeIgniter->handleRequest(null, Object(Config\Cache), false)
 9 SYSTEMPATH\Boot.php(325): CodeIgniter\CodeIgniter->run()
10 SYSTEMPATH\Boot.php(67): CodeIgniter\Boot::runCodeIgniter(Object(CodeIgniter\CodeIgniter))
11 FCPATH\index.php(56): CodeIgniter\Boot::bootWeb(Object(Config\Paths))
12 SYSTEMPATH\rewrite.php(44): require_once('C:\\laragon\\www\\SINERGHI\\public\\index.php')
INFO - 2024-07-17 03:58:26 --> Session: Class initialized using 'CodeIgniter\Session\Handlers\FileHandler' driver.
DEBUG - 2024-07-17 03:58:26 --> User ID: 7
INFO - 2024-07-17 03:58:29 --> Session: Class initialized using 'CodeIgniter\Session\Handlers\FileHandler' driver.
DEBUG - 2024-07-17 03:58:29 --> User ID: 7
INFO - 2024-07-17 03:58:33 --> Session: Class initialized using 'CodeIgniter\Session\Handlers\FileHandler' driver.
DEBUG - 2024-07-17 03:58:33 --> User ID: 7
INFO - 2024-07-17 03:58:35 --> Session: Class initialized using 'CodeIgniter\Session\Handlers\FileHandler' driver.
DEBUG - 2024-07-17 03:58:35 --> User ID: 7
INFO - 2024-07-17 03:59:04 --> Session: Class initialized using 'CodeIgniter\Session\Handlers\FileHandler' driver.
DEBUG - 2024-07-17 03:59:04 --> User ID: 7
INFO - 2024-07-17 03:59:06 --> Session: Class initialized using 'CodeIgniter\Session\Handlers\FileHandler' driver.
DEBUG - 2024-07-17 03:59:07 --> User ID: 7
INFO - 2024-07-17 03:59:08 --> Session: Class initialized using 'CodeIgniter\Session\Handlers\FileHandler' driver.
DEBUG - 2024-07-17 03:59:08 --> User ID: 7
INFO - 2024-07-17 03:59:30 --> Session: Class initialized using 'CodeIgniter\Session\Handlers\FileHandler' driver.
DEBUG - 2024-07-17 03:59:30 --> User ID: 7
INFO - 2024-07-17 04:02:46 --> Session: Class initialized using 'CodeIgniter\Session\Handlers\FileHandler' driver.
DEBUG - 2024-07-17 04:02:46 --> User ID: 7
INFO - 2024-07-17 04:03:04 --> Session: Class initialized using 'CodeIgniter\Session\Handlers\FileHandler' driver.
DEBUG - 2024-07-17 04:03:04 --> User ID: 7
INFO - 2024-07-17 04:03:14 --> Session: Class initialized using 'CodeIgniter\Session\Handlers\FileHandler' driver.
DEBUG - 2024-07-17 04:03:14 --> User ID: 7
INFO - 2024-07-17 04:03:16 --> Session: Class initialized using 'CodeIgniter\Session\Handlers\FileHandler' driver.
DEBUG - 2024-07-17 04:03:16 --> User ID: 7
INFO - 2024-07-17 04:03:45 --> Session: Class initialized using 'CodeIgniter\Session\Handlers\FileHandler' driver.
DEBUG - 2024-07-17 04:03:45 --> User ID: 7
INFO - 2024-07-17 04:03:56 --> Session: Class initialized using 'CodeIgniter\Session\Handlers\FileHandler' driver.
DEBUG - 2024-07-17 04:03:56 --> User ID: 7
INFO - 2024-07-17 04:04:00 --> Session: Class initialized using 'CodeIgniter\Session\Handlers\FileHandler' driver.
DEBUG - 2024-07-17 04:04:00 --> User ID: 7
INFO - 2024-07-17 04:04:02 --> Session: Class initialized using 'CodeIgniter\Session\Handlers\FileHandler' driver.
DEBUG - 2024-07-17 04:04:02 --> User ID: 7
INFO - 2024-07-17 04:12:23 --> Session: Class initialized using 'CodeIgniter\Session\Handlers\FileHandler' driver.
INFO - 2024-07-17 04:12:41 --> Session: Class initialized using 'CodeIgniter\Session\Handlers\FileHandler' driver.
INFO - 2024-07-17 04:12:42 --> Session: Class initialized using 'CodeIgniter\Session\Handlers\FileHandler' driver.
DEBUG - 2024-07-17 04:12:42 --> User ID: 7
INFO - 2024-07-17 04:13:04 --> Session: Class initialized using 'CodeIgniter\Session\Handlers\FileHandler' driver.
DEBUG - 2024-07-17 04:13:04 --> User ID: 7
INFO - 2024-07-17 04:13:21 --> Session: Class initialized using 'CodeIgniter\Session\Handlers\FileHandler' driver.
DEBUG - 2024-07-17 04:13:21 --> User ID: 7
INFO - 2024-07-17 04:13:22 --> Session: Class initialized using 'CodeIgniter\Session\Handlers\FileHandler' driver.
DEBUG - 2024-07-17 04:13:22 --> User ID: 7
INFO - 2024-07-17 04:17:04 --> Session: Class initialized using 'CodeIgniter\Session\Handlers\FileHandler' driver.
DEBUG - 2024-07-17 04:17:04 --> User ID: 7
INFO - 2024-07-17 04:17:16 --> Session: Class initialized using 'CodeIgniter\Session\Handlers\FileHandler' driver.
DEBUG - 2024-07-17 04:17:16 --> User ID: 7
INFO - 2024-07-17 04:17:32 --> Session: Class initialized using 'CodeIgniter\Session\Handlers\FileHandler' driver.
DEBUG - 2024-07-17 04:17:32 --> User ID: 7
INFO - 2024-07-17 04:17:36 --> Session: Class initialized using 'CodeIgniter\Session\Handlers\FileHandler' driver.
DEBUG - 2024-07-17 04:17:36 --> User ID: 7
INFO - 2024-07-17 04:17:47 --> Session: Class initialized using 'CodeIgniter\Session\Handlers\FileHandler' driver.
DEBUG - 2024-07-17 04:17:47 --> User ID: 7
INFO - 2024-07-17 04:18:06 --> Session: Class initialized using 'CodeIgniter\Session\Handlers\FileHandler' driver.
DEBUG - 2024-07-17 04:18:06 --> User ID: 7
INFO - 2024-07-17 04:19:02 --> Session: Class initialized using 'CodeIgniter\Session\Handlers\FileHandler' driver.
DEBUG - 2024-07-17 04:19:02 --> User ID: 7
INFO - 2024-07-17 04:22:37 --> Session: Class initialized using 'CodeIgniter\Session\Handlers\FileHandler' driver.
DEBUG - 2024-07-17 04:22:37 --> User ID: 7
INFO - 2024-07-17 04:23:27 --> Session: Class initialized using 'CodeIgniter\Session\Handlers\FileHandler' driver.
DEBUG - 2024-07-17 04:23:27 --> User ID: 7
INFO - 2024-07-17 04:27:08 --> Session: Class initialized using 'CodeIgniter\Session\Handlers\FileHandler' driver.
DEBUG - 2024-07-17 04:27:08 --> User ID: 7
INFO - 2024-07-17 04:27:31 --> Session: Class initialized using 'CodeIgniter\Session\Handlers\FileHandler' driver.
DEBUG - 2024-07-17 04:27:31 --> User ID: 7
INFO - 2024-07-17 04:30:08 --> Session: Class initialized using 'CodeIgniter\Session\Handlers\FileHandler' driver.
DEBUG - 2024-07-17 04:30:08 --> User ID: 7
INFO - 2024-07-17 04:30:10 --> Session: Class initialized using 'CodeIgniter\Session\Handlers\FileHandler' driver.
DEBUG - 2024-07-17 04:30:10 --> User ID: 7
INFO - 2024-07-17 04:30:15 --> Session: Class initialized using 'CodeIgniter\Session\Handlers\FileHandler' driver.
DEBUG - 2024-07-17 04:30:15 --> User ID: 7
INFO - 2024-07-17 04:33:35 --> Session: Class initialized using 'CodeIgniter\Session\Handlers\FileHandler' driver.
DEBUG - 2024-07-17 04:33:35 --> User ID: 7
INFO - 2024-07-17 04:36:42 --> Session: Class initialized using 'CodeIgniter\Session\Handlers\FileHandler' driver.
DEBUG - 2024-07-17 04:36:42 --> User ID: 7
INFO - 2024-07-17 04:36:48 --> Session: Class initialized using 'CodeIgniter\Session\Handlers\FileHandler' driver.
DEBUG - 2024-07-17 04:36:48 --> User ID: 7
INFO - 2024-07-17 04:40:06 --> Session: Class initialized using 'CodeIgniter\Session\Handlers\FileHandler' driver.
DEBUG - 2024-07-17 04:40:06 --> User ID: 7
INFO - 2024-07-17 04:44:25 --> Session: Class initialized using 'CodeIgniter\Session\Handlers\FileHandler' driver.
DEBUG - 2024-07-17 04:44:25 --> User ID: 7
INFO - 2024-07-17 04:44:59 --> Session: Class initialized using 'CodeIgniter\Session\Handlers\FileHandler' driver.
DEBUG - 2024-07-17 04:44:59 --> User ID: 7
INFO - 2024-07-17 04:45:22 --> Session: Class initialized using 'CodeIgniter\Session\Handlers\FileHandler' driver.
DEBUG - 2024-07-17 04:45:22 --> User ID: 7
INFO - 2024-07-17 04:45:55 --> Session: Class initialized using 'CodeIgniter\Session\Handlers\FileHandler' driver.
DEBUG - 2024-07-17 04:45:55 --> User ID: 7
INFO - 2024-07-17 04:49:02 --> Session: Class initialized using 'CodeIgniter\Session\Handlers\FileHandler' driver.
DEBUG - 2024-07-17 04:49:02 --> User ID: 7
INFO - 2024-07-17 04:51:58 --> Session: Class initialized using 'CodeIgniter\Session\Handlers\FileHandler' driver.
DEBUG - 2024-07-17 04:51:58 --> User ID: 7
INFO - 2024-07-17 04:52:59 --> Session: Class initialized using 'CodeIgniter\Session\Handlers\FileHandler' driver.
DEBUG - 2024-07-17 04:52:59 --> User ID: 7
INFO - 2024-07-17 04:56:07 --> Session: Class initialized using 'CodeIgniter\Session\Handlers\FileHandler' driver.
DEBUG - 2024-07-17 04:56:07 --> User ID: 7
INFO - 2024-07-17 04:56:34 --> Session: Class initialized using 'CodeIgniter\Session\Handlers\FileHandler' driver.
DEBUG - 2024-07-17 04:56:34 --> User ID: 7
INFO - 2024-07-17 05:01:02 --> Session: Class initialized using 'CodeIgniter\Session\Handlers\FileHandler' driver.
DEBUG - 2024-07-17 05:01:02 --> User ID: 7
INFO - 2024-07-17 05:01:40 --> Session: Class initialized using 'CodeIgniter\Session\Handlers\FileHandler' driver.
DEBUG - 2024-07-17 05:01:40 --> User ID: 7
INFO - 2024-07-17 05:01:47 --> Session: Class initialized using 'CodeIgniter\Session\Handlers\FileHandler' driver.
DEBUG - 2024-07-17 05:01:47 --> User ID: 7
INFO - 2024-07-17 05:04:41 --> Session: Class initialized using 'CodeIgniter\Session\Handlers\FileHandler' driver.
DEBUG - 2024-07-17 05:04:41 --> User ID: 7
INFO - 2024-07-17 05:05:01 --> Session: Class initialized using 'CodeIgniter\Session\Handlers\FileHandler' driver.
DEBUG - 2024-07-17 05:05:01 --> User ID: 7
INFO - 2024-07-17 05:08:33 --> Session: Class initialized using 'CodeIgniter\Session\Handlers\FileHandler' driver.
DEBUG - 2024-07-17 05:08:33 --> User ID: 7
INFO - 2024-07-17 05:09:11 --> Session: Class initialized using 'CodeIgniter\Session\Handlers\FileHandler' driver.
DEBUG - 2024-07-17 05:09:11 --> User ID: 7
INFO - 2024-07-17 05:09:22 --> Session: Class initialized using 'CodeIgniter\Session\Handlers\FileHandler' driver.
DEBUG - 2024-07-17 05:09:22 --> User ID: 7
INFO - 2024-07-17 05:09:36 --> Session: Class initialized using 'CodeIgniter\Session\Handlers\FileHandler' driver.
DEBUG - 2024-07-17 05:09:36 --> User ID: 7
INFO - 2024-07-17 05:10:58 --> Session: Class initialized using 'CodeIgniter\Session\Handlers\FileHandler' driver.
DEBUG - 2024-07-17 05:10:58 --> User ID: 7
INFO - 2024-07-17 05:11:42 --> Session: Class initialized using 'CodeIgniter\Session\Handlers\FileHandler' driver.
DEBUG - 2024-07-17 05:11:42 --> User ID: 7
INFO - 2024-07-17 05:13:27 --> Session: Class initialized using 'CodeIgniter\Session\Handlers\FileHandler' driver.
DEBUG - 2024-07-17 05:13:27 --> User ID: 7
INFO - 2024-07-17 05:14:44 --> Session: Class initialized using 'CodeIgniter\Session\Handlers\FileHandler' driver.
DEBUG - 2024-07-17 05:14:44 --> User ID: 7
INFO - 2024-07-17 05:14:51 --> Session: Class initialized using 'CodeIgniter\Session\Handlers\FileHandler' driver.
DEBUG - 2024-07-17 05:14:51 --> User ID: 7
INFO - 2024-07-17 05:14:54 --> Session: Class initialized using 'CodeIgniter\Session\Handlers\FileHandler' driver.
DEBUG - 2024-07-17 05:14:54 --> User ID: 7
INFO - 2024-07-17 05:14:57 --> Session: Class initialized using 'CodeIgniter\Session\Handlers\FileHandler' driver.
DEBUG - 2024-07-17 05:14:57 --> User ID: 7
INFO - 2024-07-17 05:14:58 --> Session: Class initialized using 'CodeIgniter\Session\Handlers\FileHandler' driver.
DEBUG - 2024-07-17 05:14:58 --> User ID: 7
INFO - 2024-07-17 05:15:04 --> Session: Class initialized using 'CodeIgniter\Session\Handlers\FileHandler' driver.
DEBUG - 2024-07-17 05:15:04 --> User ID: 7
INFO - 2024-07-17 05:15:06 --> Session: Class initialized using 'CodeIgniter\Session\Handlers\FileHandler' driver.
DEBUG - 2024-07-17 05:15:06 --> User ID: 7
INFO - 2024-07-17 05:15:08 --> Session: Class initialized using 'CodeIgniter\Session\Handlers\FileHandler' driver.
INFO - 2024-07-17 05:57:59 --> Session: Class initialized using 'CodeIgniter\Session\Handlers\FileHandler' driver.
INFO - 2024-07-17 05:57:59 --> Session: Class initialized using 'CodeIgniter\Session\Handlers\FileHandler' driver.
DEBUG - 2024-07-17 05:57:59 --> User ID: 7
INFO - 2024-07-17 05:58:09 --> Session: Class initialized using 'CodeIgniter\Session\Handlers\FileHandler' driver.
DEBUG - 2024-07-17 05:58:09 --> User ID: 7
INFO - 2024-07-17 05:59:23 --> Session: Class initialized using 'CodeIgniter\Session\Handlers\FileHandler' driver.
DEBUG - 2024-07-17 05:59:23 --> User ID: 7
INFO - 2024-07-17 05:59:36 --> Session: Class initialized using 'CodeIgniter\Session\Handlers\FileHandler' driver.
DEBUG - 2024-07-17 05:59:36 --> User ID: 7
INFO - 2024-07-17 05:59:38 --> Session: Class initialized using 'CodeIgniter\Session\Handlers\FileHandler' driver.
DEBUG - 2024-07-17 05:59:38 --> User ID: 7
INFO - 2024-07-17 06:00:23 --> Session: Class initialized using 'CodeIgniter\Session\Handlers\FileHandler' driver.
DEBUG - 2024-07-17 06:00:23 --> User ID: 7
INFO - 2024-07-17 06:01:02 --> Session: Class initialized using 'CodeIgniter\Session\Handlers\FileHandler' driver.
DEBUG - 2024-07-17 06:01:02 --> User ID: 7
INFO - 2024-07-17 06:01:04 --> Session: Class initialized using 'CodeIgniter\Session\Handlers\FileHandler' driver.
DEBUG - 2024-07-17 06:01:04 --> User ID: 7
INFO - 2024-07-17 06:01:41 --> Session: Class initialized using 'CodeIgniter\Session\Handlers\FileHandler' driver.
DEBUG - 2024-07-17 06:01:41 --> User ID: 7
INFO - 2024-07-17 06:01:57 --> Session: Class initialized using 'CodeIgniter\Session\Handlers\FileHandler' driver.
DEBUG - 2024-07-17 06:01:57 --> User ID: 7
INFO - 2024-07-17 06:03:50 --> Session: Class initialized using 'CodeIgniter\Session\Handlers\FileHandler' driver.
DEBUG - 2024-07-17 06:03:50 --> User ID: 7
INFO - 2024-07-17 06:06:31 --> Session: Class initialized using 'CodeIgniter\Session\Handlers\FileHandler' driver.
DEBUG - 2024-07-17 06:06:31 --> User ID: 7
INFO - 2024-07-17 06:08:47 --> Session: Class initialized using 'CodeIgniter\Session\Handlers\FileHandler' driver.
DEBUG - 2024-07-17 06:08:47 --> User ID: 7
INFO - 2024-07-17 06:11:46 --> Session: Class initialized using 'CodeIgniter\Session\Handlers\FileHandler' driver.
DEBUG - 2024-07-17 06:11:46 --> User ID: 7
INFO - 2024-07-17 06:11:49 --> Session: Class initialized using 'CodeIgniter\Session\Handlers\FileHandler' driver.
DEBUG - 2024-07-17 06:11:49 --> User ID: 7
INFO - 2024-07-17 06:11:53 --> Session: Class initialized using 'CodeIgniter\Session\Handlers\FileHandler' driver.
DEBUG - 2024-07-17 06:11:53 --> User ID: 7
INFO - 2024-07-17 06:11:54 --> Session: Class initialized using 'CodeIgniter\Session\Handlers\FileHandler' driver.
DEBUG - 2024-07-17 06:11:54 --> User ID: 7
INFO - 2024-07-17 06:12:00 --> Session: Class initialized using 'CodeIgniter\Session\Handlers\FileHandler' driver.
DEBUG - 2024-07-17 06:12:00 --> User ID: 7
INFO - 2024-07-17 06:12:30 --> Session: Class initialized using 'CodeIgniter\Session\Handlers\FileHandler' driver.
DEBUG - 2024-07-17 06:12:30 --> User ID: 7
INFO - 2024-07-17 06:12:31 --> Session: Class initialized using 'CodeIgniter\Session\Handlers\FileHandler' driver.
DEBUG - 2024-07-17 06:12:31 --> User ID: 7
INFO - 2024-07-17 06:15:37 --> Session: Class initialized using 'CodeIgniter\Session\Handlers\FileHandler' driver.
DEBUG - 2024-07-17 06:15:37 --> User ID: 7
INFO - 2024-07-17 06:17:24 --> Session: Class initialized using 'CodeIgniter\Session\Handlers\FileHandler' driver.
DEBUG - 2024-07-17 06:17:24 --> User ID: 7
INFO - 2024-07-17 06:18:19 --> Session: Class initialized using 'CodeIgniter\Session\Handlers\FileHandler' driver.
DEBUG - 2024-07-17 06:18:19 --> User ID: 7
INFO - 2024-07-17 06:19:17 --> Session: Class initialized using 'CodeIgniter\Session\Handlers\FileHandler' driver.
DEBUG - 2024-07-17 06:19:17 --> User ID: 7
INFO - 2024-07-17 06:19:19 --> Session: Class initialized using 'CodeIgniter\Session\Handlers\FileHandler' driver.
DEBUG - 2024-07-17 06:19:19 --> User ID: 7
INFO - 2024-07-17 06:19:24 --> Session: Class initialized using 'CodeIgniter\Session\Handlers\FileHandler' driver.
DEBUG - 2024-07-17 06:19:24 --> User ID: 7
INFO - 2024-07-17 06:19:38 --> Session: Class initialized using 'CodeIgniter\Session\Handlers\FileHandler' driver.
DEBUG - 2024-07-17 06:19:38 --> User ID: 7
INFO - 2024-07-17 06:21:36 --> Session: Class initialized using 'CodeIgniter\Session\Handlers\FileHandler' driver.
DEBUG - 2024-07-17 06:21:36 --> User ID: 7
INFO - 2024-07-17 06:21:54 --> Session: Class initialized using 'CodeIgniter\Session\Handlers\FileHandler' driver.
DEBUG - 2024-07-17 06:21:54 --> User ID: 7
INFO - 2024-07-17 06:23:48 --> Session: Class initialized using 'CodeIgniter\Session\Handlers\FileHandler' driver.
DEBUG - 2024-07-17 06:23:48 --> User ID: 7
INFO - 2024-07-17 06:26:54 --> Session: Class initialized using 'CodeIgniter\Session\Handlers\FileHandler' driver.
DEBUG - 2024-07-17 06:26:54 --> User ID: 7
INFO - 2024-07-17 06:28:00 --> Session: Class initialized using 'CodeIgniter\Session\Handlers\FileHandler' driver.
DEBUG - 2024-07-17 06:28:00 --> User ID: 7
INFO - 2024-07-17 06:28:08 --> Session: Class initialized using 'CodeIgniter\Session\Handlers\FileHandler' driver.
DEBUG - 2024-07-17 06:28:08 --> User ID: 7
INFO - 2024-07-17 06:29:10 --> Session: Class initialized using 'CodeIgniter\Session\Handlers\FileHandler' driver.
DEBUG - 2024-07-17 06:29:10 --> User ID: 7
INFO - 2024-07-17 06:32:26 --> Session: Class initialized using 'CodeIgniter\Session\Handlers\FileHandler' driver.
DEBUG - 2024-07-17 06:32:26 --> User ID: 7
INFO - 2024-07-17 06:33:38 --> Session: Class initialized using 'CodeIgniter\Session\Handlers\FileHandler' driver.
DEBUG - 2024-07-17 06:33:38 --> User ID: 7
INFO - 2024-07-17 06:39:10 --> Session: Class initialized using 'CodeIgniter\Session\Handlers\FileHandler' driver.
DEBUG - 2024-07-17 06:39:10 --> User ID: 7
INFO - 2024-07-17 06:39:26 --> Session: Class initialized using 'CodeIgniter\Session\Handlers\FileHandler' driver.
DEBUG - 2024-07-17 06:39:26 --> User ID: 7
INFO - 2024-07-17 06:40:17 --> Session: Class initialized using 'CodeIgniter\Session\Handlers\FileHandler' driver.
DEBUG - 2024-07-17 06:40:17 --> User ID: 7
INFO - 2024-07-17 06:40:22 --> Session: Class initialized using 'CodeIgniter\Session\Handlers\FileHandler' driver.
DEBUG - 2024-07-17 06:40:22 --> User ID: 7
INFO - 2024-07-17 06:40:26 --> Session: Class initialized using 'CodeIgniter\Session\Handlers\FileHandler' driver.
DEBUG - 2024-07-17 06:40:26 --> User ID: 7
INFO - 2024-07-17 06:42:31 --> Session: Class initialized using 'CodeIgniter\Session\Handlers\FileHandler' driver.
DEBUG - 2024-07-17 06:42:31 --> User ID: 7
INFO - 2024-07-17 06:44:05 --> Session: Class initialized using 'CodeIgniter\Session\Handlers\FileHandler' driver.
DEBUG - 2024-07-17 06:44:05 --> User ID: 7
INFO - 2024-07-17 06:45:16 --> Session: Class initialized using 'CodeIgniter\Session\Handlers\FileHandler' driver.
DEBUG - 2024-07-17 06:45:16 --> User ID: 7
INFO - 2024-07-17 06:46:57 --> Session: Class initialized using 'CodeIgniter\Session\Handlers\FileHandler' driver.
DEBUG - 2024-07-17 06:46:57 --> User ID: 7
INFO - 2024-07-17 06:47:03 --> Session: Class initialized using 'CodeIgniter\Session\Handlers\FileHandler' driver.
DEBUG - 2024-07-17 06:47:03 --> User ID: 7
INFO - 2024-07-17 06:47:15 --> Session: Class initialized using 'CodeIgniter\Session\Handlers\FileHandler' driver.
DEBUG - 2024-07-17 06:47:15 --> User ID: 7
INFO - 2024-07-17 06:47:18 --> Session: Class initialized using 'CodeIgniter\Session\Handlers\FileHandler' driver.
DEBUG - 2024-07-17 06:47:18 --> User ID: 7
INFO - 2024-07-17 06:47:20 --> Session: Class initialized using 'CodeIgniter\Session\Handlers\FileHandler' driver.
DEBUG - 2024-07-17 06:47:20 --> User ID: 7
INFO - 2024-07-17 06:47:20 --> Session: Class initialized using 'CodeIgniter\Session\Handlers\FileHandler' driver.
DEBUG - 2024-07-17 06:47:20 --> User ID: 7
INFO - 2024-07-17 06:48:41 --> Session: Class initialized using 'CodeIgniter\Session\Handlers\FileHandler' driver.
DEBUG - 2024-07-17 06:48:41 --> User ID: 7
INFO - 2024-07-17 06:52:05 --> Session: Class initialized using 'CodeIgniter\Session\Handlers\FileHandler' driver.
DEBUG - 2024-07-17 06:52:05 --> User ID: 7
INFO - 2024-07-17 06:55:16 --> Session: Class initialized using 'CodeIgniter\Session\Handlers\FileHandler' driver.
DEBUG - 2024-07-17 06:55:16 --> User ID: 7
INFO - 2024-07-17 06:55:39 --> Session: Class initialized using 'CodeIgniter\Session\Handlers\FileHandler' driver.
DEBUG - 2024-07-17 06:55:39 --> User ID: 7
INFO - 2024-07-17 06:56:32 --> Session: Class initialized using 'CodeIgniter\Session\Handlers\FileHandler' driver.
DEBUG - 2024-07-17 06:56:32 --> User ID: 7
INFO - 2024-07-17 06:56:44 --> Session: Class initialized using 'CodeIgniter\Session\Handlers\FileHandler' driver.
DEBUG - 2024-07-17 06:56:44 --> User ID: 7
INFO - 2024-07-17 06:56:55 --> Session: Class initialized using 'CodeIgniter\Session\Handlers\FileHandler' driver.
DEBUG - 2024-07-17 06:56:55 --> User ID: 7
INFO - 2024-07-17 06:58:52 --> Session: Class initialized using 'CodeIgniter\Session\Handlers\FileHandler' driver.
DEBUG - 2024-07-17 06:58:52 --> User ID: 7
INFO - 2024-07-17 06:58:56 --> Session: Class initialized using 'CodeIgniter\Session\Handlers\FileHandler' driver.
DEBUG - 2024-07-17 06:58:56 --> User ID: 7
INFO - 2024-07-17 07:00:06 --> Session: Class initialized using 'CodeIgniter\Session\Handlers\FileHandler' driver.
DEBUG - 2024-07-17 07:00:06 --> User ID: 7
INFO - 2024-07-17 07:00:32 --> Session: Class initialized using 'CodeIgniter\Session\Handlers\FileHandler' driver.
DEBUG - 2024-07-17 07:00:32 --> User ID: 7
INFO - 2024-07-17 07:00:42 --> Session: Class initialized using 'CodeIgniter\Session\Handlers\FileHandler' driver.
DEBUG - 2024-07-17 07:00:42 --> User ID: 7
INFO - 2024-07-17 07:01:28 --> Session: Class initialized using 'CodeIgniter\Session\Handlers\FileHandler' driver.
DEBUG - 2024-07-17 07:01:28 --> User ID: 7
INFO - 2024-07-17 07:05:07 --> Session: Class initialized using 'CodeIgniter\Session\Handlers\FileHandler' driver.
DEBUG - 2024-07-17 07:05:07 --> User ID: 7
INFO - 2024-07-17 07:05:15 --> Session: Class initialized using 'CodeIgniter\Session\Handlers\FileHandler' driver.
DEBUG - 2024-07-17 07:05:15 --> User ID: 7
INFO - 2024-07-17 07:05:19 --> Session: Class initialized using 'CodeIgniter\Session\Handlers\FileHandler' driver.
DEBUG - 2024-07-17 07:05:19 --> User ID: 7
INFO - 2024-07-17 07:05:25 --> Session: Class initialized using 'CodeIgniter\Session\Handlers\FileHandler' driver.
DEBUG - 2024-07-17 07:05:25 --> User ID: 7
INFO - 2024-07-17 07:05:32 --> Session: Class initialized using 'CodeIgniter\Session\Handlers\FileHandler' driver.
DEBUG - 2024-07-17 07:05:32 --> User ID: 7
INFO - 2024-07-17 07:05:39 --> Session: Class initialized using 'CodeIgniter\Session\Handlers\FileHandler' driver.
DEBUG - 2024-07-17 07:05:39 --> User ID: 7
INFO - 2024-07-17 07:05:46 --> Session: Class initialized using 'CodeIgniter\Session\Handlers\FileHandler' driver.
DEBUG - 2024-07-17 07:05:46 --> User ID: 7
INFO - 2024-07-17 07:05:49 --> Session: Class initialized using 'CodeIgniter\Session\Handlers\FileHandler' driver.
DEBUG - 2024-07-17 07:05:49 --> User ID: 7
INFO - 2024-07-17 07:05:58 --> Session: Class initialized using 'CodeIgniter\Session\Handlers\FileHandler' driver.
DEBUG - 2024-07-17 07:05:58 --> User ID: 7
INFO - 2024-07-17 07:06:07 --> Session: Class initialized using 'CodeIgniter\Session\Handlers\FileHandler' driver.
DEBUG - 2024-07-17 07:06:07 --> User ID: 7
INFO - 2024-07-17 07:06:39 --> Session: Class initialized using 'CodeIgniter\Session\Handlers\FileHandler' driver.
DEBUG - 2024-07-17 07:06:39 --> User ID: 7
INFO - 2024-07-17 07:06:41 --> Session: Class initialized using 'CodeIgniter\Session\Handlers\FileHandler' driver.
DEBUG - 2024-07-17 07:06:41 --> User ID: 7
INFO - 2024-07-17 07:06:43 --> Session: Class initialized using 'CodeIgniter\Session\Handlers\FileHandler' driver.
DEBUG - 2024-07-17 07:06:43 --> User ID: 7
INFO - 2024-07-17 07:06:47 --> Session: Class initialized using 'CodeIgniter\Session\Handlers\FileHandler' driver.
DEBUG - 2024-07-17 07:06:47 --> User ID: 7
INFO - 2024-07-17 07:07:00 --> Session: Class initialized using 'CodeIgniter\Session\Handlers\FileHandler' driver.
DEBUG - 2024-07-17 07:07:00 --> User ID: 7
INFO - 2024-07-17 07:07:07 --> Session: Class initialized using 'CodeIgniter\Session\Handlers\FileHandler' driver.
DEBUG - 2024-07-17 07:07:07 --> User ID: 7
INFO - 2024-07-17 07:08:06 --> Session: Class initialized using 'CodeIgniter\Session\Handlers\FileHandler' driver.
DEBUG - 2024-07-17 07:08:06 --> User ID: 7
INFO - 2024-07-17 07:08:18 --> Session: Class initialized using 'CodeIgniter\Session\Handlers\FileHandler' driver.
DEBUG - 2024-07-17 07:08:18 --> User ID: 7
INFO - 2024-07-17 07:10:55 --> Session: Class initialized using 'CodeIgniter\Session\Handlers\FileHandler' driver.
DEBUG - 2024-07-17 07:10:55 --> User ID: 7
INFO - 2024-07-17 07:11:02 --> Session: Class initialized using 'CodeIgniter\Session\Handlers\FileHandler' driver.
DEBUG - 2024-07-17 07:11:02 --> User ID: 7
INFO - 2024-07-17 07:11:05 --> Session: Class initialized using 'CodeIgniter\Session\Handlers\FileHandler' driver.
DEBUG - 2024-07-17 07:11:05 --> User ID: 7
INFO - 2024-07-17 07:11:29 --> Session: Class initialized using 'CodeIgniter\Session\Handlers\FileHandler' driver.
DEBUG - 2024-07-17 07:11:29 --> User ID: 7
INFO - 2024-07-17 07:11:39 --> Session: Class initialized using 'CodeIgniter\Session\Handlers\FileHandler' driver.
DEBUG - 2024-07-17 07:11:39 --> User ID: 7
INFO - 2024-07-17 07:11:51 --> Session: Class initialized using 'CodeIgniter\Session\Handlers\FileHandler' driver.
DEBUG - 2024-07-17 07:11:51 --> User ID: 7
INFO - 2024-07-17 07:11:59 --> Session: Class initialized using 'CodeIgniter\Session\Handlers\FileHandler' driver.
DEBUG - 2024-07-17 07:11:59 --> User ID: 7
INFO - 2024-07-17 07:12:08 --> Session: Class initialized using 'CodeIgniter\Session\Handlers\FileHandler' driver.
DEBUG - 2024-07-17 07:12:08 --> User ID: 7
INFO - 2024-07-17 07:12:16 --> Session: Class initialized using 'CodeIgniter\Session\Handlers\FileHandler' driver.
DEBUG - 2024-07-17 07:12:16 --> User ID: 7
INFO - 2024-07-17 07:12:26 --> Session: Class initialized using 'CodeIgniter\Session\Handlers\FileHandler' driver.
DEBUG - 2024-07-17 07:12:26 --> User ID: 7
INFO - 2024-07-17 07:12:41 --> Session: Class initialized using 'CodeIgniter\Session\Handlers\FileHandler' driver.
DEBUG - 2024-07-17 07:12:41 --> User ID: 7
INFO - 2024-07-17 07:13:33 --> Session: Class initialized using 'CodeIgniter\Session\Handlers\FileHandler' driver.
DEBUG - 2024-07-17 07:13:33 --> User ID: 7
INFO - 2024-07-17 07:13:35 --> Session: Class initialized using 'CodeIgniter\Session\Handlers\FileHandler' driver.
DEBUG - 2024-07-17 07:13:35 --> User ID: 7
INFO - 2024-07-17 07:13:37 --> Session: Class initialized using 'CodeIgniter\Session\Handlers\FileHandler' driver.
DEBUG - 2024-07-17 07:13:37 --> User ID: 7
INFO - 2024-07-17 07:13:45 --> Session: Class initialized using 'CodeIgniter\Session\Handlers\FileHandler' driver.
DEBUG - 2024-07-17 07:13:45 --> User ID: 7
INFO - 2024-07-17 07:14:45 --> Session: Class initialized using 'CodeIgniter\Session\Handlers\FileHandler' driver.
DEBUG - 2024-07-17 07:14:45 --> User ID: 7
INFO - 2024-07-17 07:14:48 --> Session: Class initialized using 'CodeIgniter\Session\Handlers\FileHandler' driver.
DEBUG - 2024-07-17 07:14:48 --> User ID: 7
INFO - 2024-07-17 07:14:55 --> Session: Class initialized using 'CodeIgniter\Session\Handlers\FileHandler' driver.
DEBUG - 2024-07-17 07:14:55 --> User ID: 7
INFO - 2024-07-17 07:15:11 --> Session: Class initialized using 'CodeIgniter\Session\Handlers\FileHandler' driver.
DEBUG - 2024-07-17 07:15:11 --> User ID: 7
INFO - 2024-07-17 07:15:28 --> Session: Class initialized using 'CodeIgniter\Session\Handlers\FileHandler' driver.
DEBUG - 2024-07-17 07:15:28 --> User ID: 7
INFO - 2024-07-17 07:17:13 --> Session: Class initialized using 'CodeIgniter\Session\Handlers\FileHandler' driver.
DEBUG - 2024-07-17 07:17:13 --> User ID: 7
INFO - 2024-07-17 07:26:59 --> Session: Class initialized using 'CodeIgniter\Session\Handlers\FileHandler' driver.
DEBUG - 2024-07-17 07:26:59 --> User ID: 7
INFO - 2024-07-17 07:27:29 --> Session: Class initialized using 'CodeIgniter\Session\Handlers\FileHandler' driver.
DEBUG - 2024-07-17 07:27:29 --> User ID: 7
INFO - 2024-07-17 07:27:31 --> Session: Class initialized using 'CodeIgniter\Session\Handlers\FileHandler' driver.
DEBUG - 2024-07-17 07:27:31 --> User ID: 7
INFO - 2024-07-17 07:29:06 --> Session: Class initialized using 'CodeIgniter\Session\Handlers\FileHandler' driver.
DEBUG - 2024-07-17 07:29:06 --> User ID: 7
INFO - 2024-07-17 07:29:23 --> Session: Class initialized using 'CodeIgniter\Session\Handlers\FileHandler' driver.
DEBUG - 2024-07-17 07:29:23 --> User ID: 7
INFO - 2024-07-17 07:34:22 --> Session: Class initialized using 'CodeIgniter\Session\Handlers\FileHandler' driver.
DEBUG - 2024-07-17 07:34:22 --> User ID: 7
INFO - 2024-07-17 07:38:23 --> Session: Class initialized using 'CodeIgniter\Session\Handlers\FileHandler' driver.
DEBUG - 2024-07-17 07:38:23 --> User ID: 7
INFO - 2024-07-17 07:56:14 --> Session: Class initialized using 'CodeIgniter\Session\Handlers\FileHandler' driver.
DEBUG - 2024-07-17 07:56:14 --> User ID: 7
INFO - 2024-07-17 07:57:01 --> Session: Class initialized using 'CodeIgniter\Session\Handlers\FileHandler' driver.
DEBUG - 2024-07-17 07:57:01 --> User ID: 7
INFO - 2024-07-17 07:58:47 --> Session: Class initialized using 'CodeIgniter\Session\Handlers\FileHandler' driver.
DEBUG - 2024-07-17 07:58:47 --> User ID: 7
INFO - 2024-07-17 08:07:41 --> Session: Class initialized using 'CodeIgniter\Session\Handlers\FileHandler' driver.
DEBUG - 2024-07-17 08:07:41 --> User ID: 7
INFO - 2024-07-17 08:08:29 --> Session: Class initialized using 'CodeIgniter\Session\Handlers\FileHandler' driver.
DEBUG - 2024-07-17 08:08:29 --> User ID: 7
INFO - 2024-07-17 08:08:40 --> Session: Class initialized using 'CodeIgniter\Session\Handlers\FileHandler' driver.
DEBUG - 2024-07-17 08:08:40 --> User ID: 7
INFO - 2024-07-17 08:08:51 --> Session: Class initialized using 'CodeIgniter\Session\Handlers\FileHandler' driver.
DEBUG - 2024-07-17 08:08:51 --> User ID: 7
INFO - 2024-07-17 08:09:16 --> Session: Class initialized using 'CodeIgniter\Session\Handlers\FileHandler' driver.
DEBUG - 2024-07-17 08:09:16 --> User ID: 7
