INFO - 2024-07-16 01:47:54 --> Session: Class initialized using 'CodeIgniter\Session\Handlers\FileHandler' driver.
INFO - 2024-07-16 01:48:06 --> Session: Class initialized using 'CodeIgniter\Session\Handlers\FileHandler' driver.
INFO - 2024-07-16 01:48:23 --> Session: Class initialized using 'CodeIgniter\Session\Handlers\FileHandler' driver.
INFO - 2024-07-16 01:48:52 --> Session: Class initialized using 'CodeIgniter\Session\Handlers\FileHandler' driver.
INFO - 2024-07-16 01:48:52 --> Session: Class initialized using 'CodeIgniter\Session\Handlers\FileHandler' driver.
DEBUG - 2024-07-16 01:48:52 --> User ID: 4
DEBUG - 2024-07-16 01:48:52 --> User Data: Array
(
    [id] => 4
    [username] => anggiat@gmail.com
    [password] => $2y$10$l0nv.GgDwblAm89Gu4t0Gug65vF7AVvYKxlGPkfoAWWyjnewq68YO
    [created_at] => 2024-07-16 01:48:46
    [updated_at] => 2024-07-16 01:48:46
)

INFO - 2024-07-16 01:54:45 --> Session: Class initialized using 'CodeIgniter\Session\Handlers\FileHandler' driver.
DEBUG - 2024-07-16 01:54:45 --> User ID: 4
DEBUG - 2024-07-16 01:54:45 --> User Data: Array
(
    [id] => 4
    [username] => anggiat@gmail.com
    [password] => $2y$10$l0nv.GgDwblAm89Gu4t0Gug65vF7AVvYKxlGPkfoAWWyjnewq68YO
    [created_at] => 2024-07-16 01:48:46
    [updated_at] => 2024-07-16 01:48:46
)

INFO - 2024-07-16 01:54:59 --> Session: Class initialized using 'CodeIgniter\Session\Handlers\FileHandler' driver.
DEBUG - 2024-07-16 01:54:59 --> User ID: 4
DEBUG - 2024-07-16 01:54:59 --> User Data: Array
(
    [id] => 4
    [username] => anggiat@gmail.com
    [password] => $2y$10$l0nv.GgDwblAm89Gu4t0Gug65vF7AVvYKxlGPkfoAWWyjnewq68YO
    [created_at] => 2024-07-16 01:48:46
    [updated_at] => 2024-07-16 01:48:46
)

INFO - 2024-07-16 01:57:16 --> Session: Class initialized using 'CodeIgniter\Session\Handlers\FileHandler' driver.
DEBUG - 2024-07-16 01:57:16 --> User ID: 4
DEBUG - 2024-07-16 01:57:16 --> User Data: Array
(
    [id] => 4
    [username] => anggiat@gmail.com
    [password] => $2y$10$l0nv.GgDwblAm89Gu4t0Gug65vF7AVvYKxlGPkfoAWWyjnewq68YO
    [created_at] => 2024-07-16 01:48:46
    [updated_at] => 2024-07-16 01:48:46
)

INFO - 2024-07-16 01:58:07 --> Session: Class initialized using 'CodeIgniter\Session\Handlers\FileHandler' driver.
DEBUG - 2024-07-16 01:58:07 --> User ID: 4
DEBUG - 2024-07-16 01:58:07 --> User Data: Array
(
    [id] => 4
    [username] => anggiat@gmail.com
    [password] => $2y$10$l0nv.GgDwblAm89Gu4t0Gug65vF7AVvYKxlGPkfoAWWyjnewq68YO
    [created_at] => 2024-07-16 01:48:46
    [updated_at] => 2024-07-16 01:48:46
)

INFO - 2024-07-16 01:58:22 --> Session: Class initialized using 'CodeIgniter\Session\Handlers\FileHandler' driver.
DEBUG - 2024-07-16 01:58:22 --> User ID: 4
DEBUG - 2024-07-16 01:58:22 --> User Data: Array
(
    [id] => 4
    [username] => anggiat@gmail.com
    [password] => $2y$10$l0nv.GgDwblAm89Gu4t0Gug65vF7AVvYKxlGPkfoAWWyjnewq68YO
    [created_at] => 2024-07-16 01:48:46
    [updated_at] => 2024-07-16 01:48:46
)

INFO - 2024-07-16 01:58:43 --> Session: Class initialized using 'CodeIgniter\Session\Handlers\FileHandler' driver.
DEBUG - 2024-07-16 01:58:43 --> User ID: 4
DEBUG - 2024-07-16 01:58:43 --> User Data: Array
(
    [id] => 4
    [username] => anggiat@gmail.com
    [password] => $2y$10$l0nv.GgDwblAm89Gu4t0Gug65vF7AVvYKxlGPkfoAWWyjnewq68YO
    [created_at] => 2024-07-16 01:48:46
    [updated_at] => 2024-07-16 01:48:46
)

INFO - 2024-07-16 01:58:59 --> Session: Class initialized using 'CodeIgniter\Session\Handlers\FileHandler' driver.
DEBUG - 2024-07-16 01:58:59 --> User ID: 4
DEBUG - 2024-07-16 01:58:59 --> User Data: Array
(
    [id] => 4
    [username] => anggiat@gmail.com
    [password] => $2y$10$l0nv.GgDwblAm89Gu4t0Gug65vF7AVvYKxlGPkfoAWWyjnewq68YO
    [created_at] => 2024-07-16 01:48:46
    [updated_at] => 2024-07-16 01:48:46
)

INFO - 2024-07-16 01:59:53 --> Session: Class initialized using 'CodeIgniter\Session\Handlers\FileHandler' driver.
DEBUG - 2024-07-16 01:59:53 --> User ID: 4
DEBUG - 2024-07-16 01:59:53 --> User Data: Array
(
    [id] => 4
    [username] => anggiat@gmail.com
    [password] => $2y$10$l0nv.GgDwblAm89Gu4t0Gug65vF7AVvYKxlGPkfoAWWyjnewq68YO
    [created_at] => 2024-07-16 01:48:46
    [updated_at] => 2024-07-16 01:48:46
)

INFO - 2024-07-16 02:01:16 --> Session: Class initialized using 'CodeIgniter\Session\Handlers\FileHandler' driver.
DEBUG - 2024-07-16 02:01:16 --> User ID: 4
DEBUG - 2024-07-16 02:01:16 --> User Data: Array
(
    [id] => 4
    [username] => anggiat@gmail.com
    [password] => $2y$10$l0nv.GgDwblAm89Gu4t0Gug65vF7AVvYKxlGPkfoAWWyjnewq68YO
    [created_at] => 2024-07-16 01:48:46
    [updated_at] => 2024-07-16 01:48:46
)

INFO - 2024-07-16 02:01:42 --> Session: Class initialized using 'CodeIgniter\Session\Handlers\FileHandler' driver.
DEBUG - 2024-07-16 02:01:42 --> User ID: 4
DEBUG - 2024-07-16 02:01:42 --> User Data: Array
(
    [id] => 4
    [username] => anggiat@gmail.com
    [password] => $2y$10$l0nv.GgDwblAm89Gu4t0Gug65vF7AVvYKxlGPkfoAWWyjnewq68YO
    [created_at] => 2024-07-16 01:48:46
    [updated_at] => 2024-07-16 01:48:46
)

INFO - 2024-07-16 02:02:25 --> Session: Class initialized using 'CodeIgniter\Session\Handlers\FileHandler' driver.
DEBUG - 2024-07-16 02:02:25 --> User ID: 4
DEBUG - 2024-07-16 02:02:25 --> User Data: Array
(
    [id] => 4
    [username] => anggiat@gmail.com
    [password] => $2y$10$l0nv.GgDwblAm89Gu4t0Gug65vF7AVvYKxlGPkfoAWWyjnewq68YO
    [created_at] => 2024-07-16 01:48:46
    [updated_at] => 2024-07-16 01:48:46
)

INFO - 2024-07-16 02:02:26 --> Session: Class initialized using 'CodeIgniter\Session\Handlers\FileHandler' driver.
DEBUG - 2024-07-16 02:02:26 --> User ID: 4
DEBUG - 2024-07-16 02:02:26 --> User Data: Array
(
    [id] => 4
    [username] => anggiat@gmail.com
    [password] => $2y$10$l0nv.GgDwblAm89Gu4t0Gug65vF7AVvYKxlGPkfoAWWyjnewq68YO
    [created_at] => 2024-07-16 01:48:46
    [updated_at] => 2024-07-16 01:48:46
)

INFO - 2024-07-16 02:02:31 --> Session: Class initialized using 'CodeIgniter\Session\Handlers\FileHandler' driver.
DEBUG - 2024-07-16 02:02:31 --> User ID: 4
DEBUG - 2024-07-16 02:02:31 --> User Data: Array
(
    [id] => 4
    [username] => anggiat@gmail.com
    [password] => $2y$10$l0nv.GgDwblAm89Gu4t0Gug65vF7AVvYKxlGPkfoAWWyjnewq68YO
    [created_at] => 2024-07-16 01:48:46
    [updated_at] => 2024-07-16 01:48:46
)

INFO - 2024-07-16 02:02:38 --> Session: Class initialized using 'CodeIgniter\Session\Handlers\FileHandler' driver.
DEBUG - 2024-07-16 02:02:38 --> User ID: 4
DEBUG - 2024-07-16 02:02:38 --> User Data: Array
(
    [id] => 4
    [username] => anggiat@gmail.com
    [password] => $2y$10$l0nv.GgDwblAm89Gu4t0Gug65vF7AVvYKxlGPkfoAWWyjnewq68YO
    [created_at] => 2024-07-16 01:48:46
    [updated_at] => 2024-07-16 01:48:46
)

INFO - 2024-07-16 02:02:40 --> Session: Class initialized using 'CodeIgniter\Session\Handlers\FileHandler' driver.
DEBUG - 2024-07-16 02:02:40 --> User ID: 4
DEBUG - 2024-07-16 02:02:40 --> User Data: Array
(
    [id] => 4
    [username] => anggiat@gmail.com
    [password] => $2y$10$l0nv.GgDwblAm89Gu4t0Gug65vF7AVvYKxlGPkfoAWWyjnewq68YO
    [created_at] => 2024-07-16 01:48:46
    [updated_at] => 2024-07-16 01:48:46
)

INFO - 2024-07-16 02:16:20 --> Session: Class initialized using 'CodeIgniter\Session\Handlers\FileHandler' driver.
DEBUG - 2024-07-16 02:16:20 --> User ID: 4
DEBUG - 2024-07-16 02:16:20 --> User Data: Array
(
    [id] => 4
    [username] => anggiat@gmail.com
    [password] => $2y$10$l0nv.GgDwblAm89Gu4t0Gug65vF7AVvYKxlGPkfoAWWyjnewq68YO
    [created_at] => 2024-07-16 01:48:46
    [updated_at] => 2024-07-16 01:48:46
)

INFO - 2024-07-16 02:16:22 --> Session: Class initialized using 'CodeIgniter\Session\Handlers\FileHandler' driver.
DEBUG - 2024-07-16 02:16:22 --> User ID: 4
DEBUG - 2024-07-16 02:16:22 --> User Data: Array
(
    [id] => 4
    [username] => anggiat@gmail.com
    [password] => $2y$10$l0nv.GgDwblAm89Gu4t0Gug65vF7AVvYKxlGPkfoAWWyjnewq68YO
    [created_at] => 2024-07-16 01:48:46
    [updated_at] => 2024-07-16 01:48:46
)

INFO - 2024-07-16 02:17:04 --> Session: Class initialized using 'CodeIgniter\Session\Handlers\FileHandler' driver.
DEBUG - 2024-07-16 02:17:04 --> User ID: 4
DEBUG - 2024-07-16 02:17:04 --> User Data: Array
(
    [id] => 4
    [username] => anggiat@gmail.com
    [password] => $2y$10$l0nv.GgDwblAm89Gu4t0Gug65vF7AVvYKxlGPkfoAWWyjnewq68YO
    [created_at] => 2024-07-16 01:48:46
    [updated_at] => 2024-07-16 01:48:46
)

INFO - 2024-07-16 02:28:10 --> Session: Class initialized using 'CodeIgniter\Session\Handlers\FileHandler' driver.
DEBUG - 2024-07-16 02:28:10 --> User ID: 4
DEBUG - 2024-07-16 02:28:10 --> User Data: Array
(
    [id] => 4
    [username] => anggiat@gmail.com
    [password] => $2y$10$l0nv.GgDwblAm89Gu4t0Gug65vF7AVvYKxlGPkfoAWWyjnewq68YO
    [created_at] => 2024-07-16 01:48:46
    [updated_at] => 2024-07-16 01:48:46
)

INFO - 2024-07-16 02:31:52 --> Session: Class initialized using 'CodeIgniter\Session\Handlers\FileHandler' driver.
DEBUG - 2024-07-16 02:31:52 --> User ID: 4
DEBUG - 2024-07-16 02:31:52 --> User Data: Array
(
    [id] => 4
    [username] => anggiat@gmail.com
    [password] => $2y$10$l0nv.GgDwblAm89Gu4t0Gug65vF7AVvYKxlGPkfoAWWyjnewq68YO
    [created_at] => 2024-07-16 01:48:46
    [updated_at] => 2024-07-16 01:48:46
)

INFO - 2024-07-16 02:32:12 --> Session: Class initialized using 'CodeIgniter\Session\Handlers\FileHandler' driver.
DEBUG - 2024-07-16 02:32:12 --> User ID: 4
DEBUG - 2024-07-16 02:32:12 --> User Data: Array
(
    [id] => 4
    [username] => anggiat@gmail.com
    [password] => $2y$10$l0nv.GgDwblAm89Gu4t0Gug65vF7AVvYKxlGPkfoAWWyjnewq68YO
    [created_at] => 2024-07-16 01:48:46
    [updated_at] => 2024-07-16 01:48:46
)

INFO - 2024-07-16 02:32:33 --> Session: Class initialized using 'CodeIgniter\Session\Handlers\FileHandler' driver.
DEBUG - 2024-07-16 02:32:33 --> User ID: 4
DEBUG - 2024-07-16 02:32:33 --> User Data: Array
(
    [id] => 4
    [username] => anggiat@gmail.com
    [password] => $2y$10$l0nv.GgDwblAm89Gu4t0Gug65vF7AVvYKxlGPkfoAWWyjnewq68YO
    [created_at] => 2024-07-16 01:48:46
    [updated_at] => 2024-07-16 01:48:46
)

INFO - 2024-07-16 02:32:39 --> Session: Class initialized using 'CodeIgniter\Session\Handlers\FileHandler' driver.
DEBUG - 2024-07-16 02:32:39 --> User ID: 4
DEBUG - 2024-07-16 02:32:39 --> User Data: Array
(
    [id] => 4
    [username] => anggiat@gmail.com
    [password] => $2y$10$l0nv.GgDwblAm89Gu4t0Gug65vF7AVvYKxlGPkfoAWWyjnewq68YO
    [created_at] => 2024-07-16 01:48:46
    [updated_at] => 2024-07-16 01:48:46
)

INFO - 2024-07-16 02:35:37 --> Session: Class initialized using 'CodeIgniter\Session\Handlers\FileHandler' driver.
DEBUG - 2024-07-16 02:35:37 --> User ID: 4
DEBUG - 2024-07-16 02:35:37 --> User Data: Array
(
    [id] => 4
    [username] => anggiat@gmail.com
    [password] => $2y$10$l0nv.GgDwblAm89Gu4t0Gug65vF7AVvYKxlGPkfoAWWyjnewq68YO
    [created_at] => 2024-07-16 01:48:46
    [updated_at] => 2024-07-16 01:48:46
)

INFO - 2024-07-16 02:39:03 --> Session: Class initialized using 'CodeIgniter\Session\Handlers\FileHandler' driver.
DEBUG - 2024-07-16 02:39:03 --> User ID: 4
DEBUG - 2024-07-16 02:39:03 --> User Data: Array
(
    [id] => 4
    [username] => anggiat@gmail.com
    [password] => $2y$10$l0nv.GgDwblAm89Gu4t0Gug65vF7AVvYKxlGPkfoAWWyjnewq68YO
    [created_at] => 2024-07-16 01:48:46
    [updated_at] => 2024-07-16 01:48:46
)

INFO - 2024-07-16 02:43:26 --> Session: Class initialized using 'CodeIgniter\Session\Handlers\FileHandler' driver.
DEBUG - 2024-07-16 02:43:26 --> User ID: 4
DEBUG - 2024-07-16 02:43:26 --> User Data: Array
(
    [id] => 4
    [username] => anggiat@gmail.com
    [password] => $2y$10$l0nv.GgDwblAm89Gu4t0Gug65vF7AVvYKxlGPkfoAWWyjnewq68YO
    [created_at] => 2024-07-16 01:48:46
    [updated_at] => 2024-07-16 01:48:46
)

INFO - 2024-07-16 02:45:30 --> Session: Class initialized using 'CodeIgniter\Session\Handlers\FileHandler' driver.
DEBUG - 2024-07-16 02:45:30 --> User ID: 4
DEBUG - 2024-07-16 02:45:30 --> User Data: Array
(
    [id] => 4
    [username] => anggiat@gmail.com
    [password] => $2y$10$l0nv.GgDwblAm89Gu4t0Gug65vF7AVvYKxlGPkfoAWWyjnewq68YO
    [created_at] => 2024-07-16 01:48:46
    [updated_at] => 2024-07-16 01:48:46
)

INFO - 2024-07-16 02:53:21 --> Session: Class initialized using 'CodeIgniter\Session\Handlers\FileHandler' driver.
DEBUG - 2024-07-16 02:53:21 --> User ID: 4
DEBUG - 2024-07-16 02:53:21 --> User Data: Array
(
    [id] => 4
    [username] => anggiat@gmail.com
    [password] => $2y$10$l0nv.GgDwblAm89Gu4t0Gug65vF7AVvYKxlGPkfoAWWyjnewq68YO
    [created_at] => 2024-07-16 01:48:46
    [updated_at] => 2024-07-16 01:48:46
)

INFO - 2024-07-16 02:54:52 --> Session: Class initialized using 'CodeIgniter\Session\Handlers\FileHandler' driver.
DEBUG - 2024-07-16 02:54:52 --> User ID: 4
DEBUG - 2024-07-16 02:54:52 --> User Data: Array
(
    [id] => 4
    [username] => anggiat@gmail.com
    [password] => $2y$10$l0nv.GgDwblAm89Gu4t0Gug65vF7AVvYKxlGPkfoAWWyjnewq68YO
    [created_at] => 2024-07-16 01:48:46
    [updated_at] => 2024-07-16 01:48:46
)

INFO - 2024-07-16 03:00:53 --> Session: Class initialized using 'CodeIgniter\Session\Handlers\FileHandler' driver.
DEBUG - 2024-07-16 03:00:53 --> User ID: 4
DEBUG - 2024-07-16 03:00:53 --> User Data: Array
(
    [id] => 4
    [username] => anggiat@gmail.com
    [password] => $2y$10$l0nv.GgDwblAm89Gu4t0Gug65vF7AVvYKxlGPkfoAWWyjnewq68YO
    [created_at] => 2024-07-16 01:48:46
    [updated_at] => 2024-07-16 01:48:46
)

INFO - 2024-07-16 03:05:12 --> Session: Class initialized using 'CodeIgniter\Session\Handlers\FileHandler' driver.
DEBUG - 2024-07-16 03:05:12 --> User ID: 4
DEBUG - 2024-07-16 03:05:12 --> User Data: Array
(
    [id] => 4
    [username] => anggiat@gmail.com
    [password] => $2y$10$l0nv.GgDwblAm89Gu4t0Gug65vF7AVvYKxlGPkfoAWWyjnewq68YO
    [created_at] => 2024-07-16 01:48:46
    [updated_at] => 2024-07-16 01:48:46
)

INFO - 2024-07-16 03:09:07 --> Session: Class initialized using 'CodeIgniter\Session\Handlers\FileHandler' driver.
DEBUG - 2024-07-16 03:09:07 --> User ID: 4
DEBUG - 2024-07-16 03:09:07 --> User Data: Array
(
    [id] => 4
    [username] => anggiat@gmail.com
    [password] => $2y$10$l0nv.GgDwblAm89Gu4t0Gug65vF7AVvYKxlGPkfoAWWyjnewq68YO
    [created_at] => 2024-07-16 01:48:46
    [updated_at] => 2024-07-16 01:48:46
)

INFO - 2024-07-16 03:09:19 --> Session: Class initialized using 'CodeIgniter\Session\Handlers\FileHandler' driver.
DEBUG - 2024-07-16 03:09:19 --> User ID: 4
DEBUG - 2024-07-16 03:09:19 --> User Data: Array
(
    [id] => 4
    [username] => anggiat@gmail.com
    [password] => $2y$10$l0nv.GgDwblAm89Gu4t0Gug65vF7AVvYKxlGPkfoAWWyjnewq68YO
    [created_at] => 2024-07-16 01:48:46
    [updated_at] => 2024-07-16 01:48:46
)

INFO - 2024-07-16 03:09:39 --> Session: Class initialized using 'CodeIgniter\Session\Handlers\FileHandler' driver.
DEBUG - 2024-07-16 03:09:39 --> User ID: 4
DEBUG - 2024-07-16 03:09:39 --> User Data: Array
(
    [id] => 4
    [username] => anggiat@gmail.com
    [password] => $2y$10$l0nv.GgDwblAm89Gu4t0Gug65vF7AVvYKxlGPkfoAWWyjnewq68YO
    [created_at] => 2024-07-16 01:48:46
    [updated_at] => 2024-07-16 01:48:46
)

INFO - 2024-07-16 03:09:55 --> Session: Class initialized using 'CodeIgniter\Session\Handlers\FileHandler' driver.
DEBUG - 2024-07-16 03:09:55 --> User ID: 4
DEBUG - 2024-07-16 03:09:56 --> User Data: Array
(
    [id] => 4
    [username] => anggiat@gmail.com
    [password] => $2y$10$l0nv.GgDwblAm89Gu4t0Gug65vF7AVvYKxlGPkfoAWWyjnewq68YO
    [created_at] => 2024-07-16 01:48:46
    [updated_at] => 2024-07-16 01:48:46
)

INFO - 2024-07-16 03:10:43 --> Session: Class initialized using 'CodeIgniter\Session\Handlers\FileHandler' driver.
DEBUG - 2024-07-16 03:10:43 --> User ID: 4
DEBUG - 2024-07-16 03:10:43 --> User Data: Array
(
    [id] => 4
    [username] => anggiat@gmail.com
    [password] => $2y$10$l0nv.GgDwblAm89Gu4t0Gug65vF7AVvYKxlGPkfoAWWyjnewq68YO
    [created_at] => 2024-07-16 01:48:46
    [updated_at] => 2024-07-16 01:48:46
)

INFO - 2024-07-16 03:10:47 --> Session: Class initialized using 'CodeIgniter\Session\Handlers\FileHandler' driver.
DEBUG - 2024-07-16 03:10:47 --> User ID: 4
DEBUG - 2024-07-16 03:10:47 --> User Data: Array
(
    [id] => 4
    [username] => anggiat@gmail.com
    [password] => $2y$10$l0nv.GgDwblAm89Gu4t0Gug65vF7AVvYKxlGPkfoAWWyjnewq68YO
    [created_at] => 2024-07-16 01:48:46
    [updated_at] => 2024-07-16 01:48:46
)

INFO - 2024-07-16 03:14:22 --> Session: Class initialized using 'CodeIgniter\Session\Handlers\FileHandler' driver.
DEBUG - 2024-07-16 03:14:22 --> User ID: 4
DEBUG - 2024-07-16 03:14:22 --> User Data: Array
(
    [id] => 4
    [username] => anggiat@gmail.com
    [password] => $2y$10$l0nv.GgDwblAm89Gu4t0Gug65vF7AVvYKxlGPkfoAWWyjnewq68YO
    [created_at] => 2024-07-16 01:48:46
    [updated_at] => 2024-07-16 01:48:46
)

INFO - 2024-07-16 03:14:38 --> Session: Class initialized using 'CodeIgniter\Session\Handlers\FileHandler' driver.
DEBUG - 2024-07-16 03:14:38 --> User ID: 4
DEBUG - 2024-07-16 03:14:38 --> User Data: Array
(
    [id] => 4
    [username] => anggiat@gmail.com
    [password] => $2y$10$l0nv.GgDwblAm89Gu4t0Gug65vF7AVvYKxlGPkfoAWWyjnewq68YO
    [created_at] => 2024-07-16 01:48:46
    [updated_at] => 2024-07-16 01:48:46
)

INFO - 2024-07-16 03:20:10 --> Session: Class initialized using 'CodeIgniter\Session\Handlers\FileHandler' driver.
DEBUG - 2024-07-16 03:20:10 --> User ID: 4
DEBUG - 2024-07-16 03:20:10 --> User Data: Array
(
    [id] => 4
    [username] => anggiat@gmail.com
    [password] => $2y$10$l0nv.GgDwblAm89Gu4t0Gug65vF7AVvYKxlGPkfoAWWyjnewq68YO
    [created_at] => 2024-07-16 01:48:46
    [updated_at] => 2024-07-16 01:48:46
)

INFO - 2024-07-16 03:25:13 --> Session: Class initialized using 'CodeIgniter\Session\Handlers\FileHandler' driver.
DEBUG - 2024-07-16 03:25:13 --> User ID: 4
DEBUG - 2024-07-16 03:25:13 --> User Data: Array
(
    [id] => 4
    [username] => anggiat@gmail.com
    [password] => $2y$10$l0nv.GgDwblAm89Gu4t0Gug65vF7AVvYKxlGPkfoAWWyjnewq68YO
    [created_at] => 2024-07-16 01:48:46
    [updated_at] => 2024-07-16 01:48:46
)

INFO - 2024-07-16 03:25:15 --> Session: Class initialized using 'CodeIgniter\Session\Handlers\FileHandler' driver.
DEBUG - 2024-07-16 03:25:15 --> User ID: 4
DEBUG - 2024-07-16 03:25:15 --> User Data: Array
(
    [id] => 4
    [username] => anggiat@gmail.com
    [password] => $2y$10$l0nv.GgDwblAm89Gu4t0Gug65vF7AVvYKxlGPkfoAWWyjnewq68YO
    [created_at] => 2024-07-16 01:48:46
    [updated_at] => 2024-07-16 01:48:46
)

INFO - 2024-07-16 03:26:06 --> Session: Class initialized using 'CodeIgniter\Session\Handlers\FileHandler' driver.
DEBUG - 2024-07-16 03:26:06 --> User ID: 4
DEBUG - 2024-07-16 03:26:06 --> User Data: Array
(
    [id] => 4
    [username] => anggiat@gmail.com
    [password] => $2y$10$l0nv.GgDwblAm89Gu4t0Gug65vF7AVvYKxlGPkfoAWWyjnewq68YO
    [created_at] => 2024-07-16 01:48:46
    [updated_at] => 2024-07-16 01:48:46
)

INFO - 2024-07-16 03:26:16 --> Session: Class initialized using 'CodeIgniter\Session\Handlers\FileHandler' driver.
DEBUG - 2024-07-16 03:26:16 --> User ID: 4
DEBUG - 2024-07-16 03:26:16 --> User Data: Array
(
    [id] => 4
    [username] => anggiat@gmail.com
    [password] => $2y$10$l0nv.GgDwblAm89Gu4t0Gug65vF7AVvYKxlGPkfoAWWyjnewq68YO
    [created_at] => 2024-07-16 01:48:46
    [updated_at] => 2024-07-16 01:48:46
)

INFO - 2024-07-16 03:40:45 --> Session: Class initialized using 'CodeIgniter\Session\Handlers\FileHandler' driver.
DEBUG - 2024-07-16 03:40:45 --> User ID: 4
DEBUG - 2024-07-16 03:40:45 --> User Data: Array
(
    [id] => 4
    [username] => anggiat@gmail.com
    [password] => $2y$10$l0nv.GgDwblAm89Gu4t0Gug65vF7AVvYKxlGPkfoAWWyjnewq68YO
    [created_at] => 2024-07-16 01:48:46
    [updated_at] => 2024-07-16 01:48:46
)

INFO - 2024-07-16 03:47:06 --> Session: Class initialized using 'CodeIgniter\Session\Handlers\FileHandler' driver.
DEBUG - 2024-07-16 03:47:06 --> User ID: 4
DEBUG - 2024-07-16 03:47:06 --> User Data: Array
(
    [id] => 4
    [username] => anggiat@gmail.com
    [password] => $2y$10$l0nv.GgDwblAm89Gu4t0Gug65vF7AVvYKxlGPkfoAWWyjnewq68YO
    [created_at] => 2024-07-16 01:48:46
    [updated_at] => 2024-07-16 01:48:46
)

INFO - 2024-07-16 03:52:06 --> Session: Class initialized using 'CodeIgniter\Session\Handlers\FileHandler' driver.
DEBUG - 2024-07-16 03:52:06 --> User ID: 4
DEBUG - 2024-07-16 03:52:06 --> User Data: Array
(
    [id] => 4
    [username] => anggiat@gmail.com
    [password] => $2y$10$l0nv.GgDwblAm89Gu4t0Gug65vF7AVvYKxlGPkfoAWWyjnewq68YO
    [created_at] => 2024-07-16 01:48:46
    [updated_at] => 2024-07-16 01:48:46
)

INFO - 2024-07-16 03:52:13 --> Session: Class initialized using 'CodeIgniter\Session\Handlers\FileHandler' driver.
DEBUG - 2024-07-16 03:52:13 --> User ID: 4
DEBUG - 2024-07-16 03:52:13 --> User Data: Array
(
    [id] => 4
    [username] => anggiat@gmail.com
    [password] => $2y$10$l0nv.GgDwblAm89Gu4t0Gug65vF7AVvYKxlGPkfoAWWyjnewq68YO
    [created_at] => 2024-07-16 01:48:46
    [updated_at] => 2024-07-16 01:48:46
)

INFO - 2024-07-16 03:58:59 --> Session: Class initialized using 'CodeIgniter\Session\Handlers\FileHandler' driver.
DEBUG - 2024-07-16 03:58:59 --> User ID: 4
DEBUG - 2024-07-16 03:58:59 --> User Data: Array
(
    [id] => 4
    [username] => anggiat@gmail.com
    [password] => $2y$10$l0nv.GgDwblAm89Gu4t0Gug65vF7AVvYKxlGPkfoAWWyjnewq68YO
    [created_at] => 2024-07-16 01:48:46
    [updated_at] => 2024-07-16 01:48:46
)

INFO - 2024-07-16 04:02:19 --> Session: Class initialized using 'CodeIgniter\Session\Handlers\FileHandler' driver.
DEBUG - 2024-07-16 04:02:19 --> User ID: 4
DEBUG - 2024-07-16 04:02:19 --> User Data: Array
(
    [id] => 4
    [username] => anggiat@gmail.com
    [password] => $2y$10$l0nv.GgDwblAm89Gu4t0Gug65vF7AVvYKxlGPkfoAWWyjnewq68YO
    [created_at] => 2024-07-16 01:48:46
    [updated_at] => 2024-07-16 01:48:46
)

INFO - 2024-07-16 04:04:07 --> Session: Class initialized using 'CodeIgniter\Session\Handlers\FileHandler' driver.
DEBUG - 2024-07-16 04:04:07 --> User ID: 4
DEBUG - 2024-07-16 04:04:07 --> User Data: Array
(
    [id] => 4
    [username] => anggiat@gmail.com
    [password] => $2y$10$l0nv.GgDwblAm89Gu4t0Gug65vF7AVvYKxlGPkfoAWWyjnewq68YO
    [created_at] => 2024-07-16 01:48:46
    [updated_at] => 2024-07-16 01:48:46
)

INFO - 2024-07-16 04:10:17 --> Session: Class initialized using 'CodeIgniter\Session\Handlers\FileHandler' driver.
DEBUG - 2024-07-16 04:10:17 --> User ID: 4
DEBUG - 2024-07-16 04:10:18 --> User Data: Array
(
    [id] => 4
    [username] => anggiat@gmail.com
    [password] => $2y$10$l0nv.GgDwblAm89Gu4t0Gug65vF7AVvYKxlGPkfoAWWyjnewq68YO
    [created_at] => 2024-07-16 01:48:46
    [updated_at] => 2024-07-16 01:48:46
)

INFO - 2024-07-16 04:11:29 --> Session: Class initialized using 'CodeIgniter\Session\Handlers\FileHandler' driver.
DEBUG - 2024-07-16 04:11:29 --> User ID: 4
DEBUG - 2024-07-16 04:11:29 --> User Data: Array
(
    [id] => 4
    [username] => anggiat@gmail.com
    [password] => $2y$10$l0nv.GgDwblAm89Gu4t0Gug65vF7AVvYKxlGPkfoAWWyjnewq68YO
    [created_at] => 2024-07-16 01:48:46
    [updated_at] => 2024-07-16 01:48:46
)

INFO - 2024-07-16 05:38:00 --> Session: Class initialized using 'CodeIgniter\Session\Handlers\FileHandler' driver.
DEBUG - 2024-07-16 05:38:00 --> User ID: 4
DEBUG - 2024-07-16 05:38:00 --> User Data: Array
(
    [id] => 4
    [username] => anggiat@gmail.com
    [password] => $2y$10$l0nv.GgDwblAm89Gu4t0Gug65vF7AVvYKxlGPkfoAWWyjnewq68YO
    [created_at] => 2024-07-16 01:48:46
    [updated_at] => 2024-07-16 01:48:46
)

INFO - 2024-07-16 05:40:57 --> Session: Class initialized using 'CodeIgniter\Session\Handlers\FileHandler' driver.
DEBUG - 2024-07-16 05:40:57 --> User ID: 4
DEBUG - 2024-07-16 05:40:57 --> User Data: Array
(
    [id] => 4
    [username] => anggiat@gmail.com
    [password] => $2y$10$l0nv.GgDwblAm89Gu4t0Gug65vF7AVvYKxlGPkfoAWWyjnewq68YO
    [created_at] => 2024-07-16 01:48:46
    [updated_at] => 2024-07-16 01:48:46
)

INFO - 2024-07-16 05:40:59 --> Session: Class initialized using 'CodeIgniter\Session\Handlers\FileHandler' driver.
DEBUG - 2024-07-16 05:40:59 --> User ID: 4
DEBUG - 2024-07-16 05:40:59 --> User Data: Array
(
    [id] => 4
    [username] => anggiat@gmail.com
    [password] => $2y$10$l0nv.GgDwblAm89Gu4t0Gug65vF7AVvYKxlGPkfoAWWyjnewq68YO
    [created_at] => 2024-07-16 01:48:46
    [updated_at] => 2024-07-16 01:48:46
)

INFO - 2024-07-16 05:41:04 --> Session: Class initialized using 'CodeIgniter\Session\Handlers\FileHandler' driver.
DEBUG - 2024-07-16 05:41:04 --> User ID: 4
DEBUG - 2024-07-16 05:41:04 --> User Data: Array
(
    [id] => 4
    [username] => anggiat@gmail.com
    [password] => $2y$10$l0nv.GgDwblAm89Gu4t0Gug65vF7AVvYKxlGPkfoAWWyjnewq68YO
    [created_at] => 2024-07-16 01:48:46
    [updated_at] => 2024-07-16 01:48:46
)

INFO - 2024-07-16 05:41:08 --> Session: Class initialized using 'CodeIgniter\Session\Handlers\FileHandler' driver.
DEBUG - 2024-07-16 05:41:08 --> User ID: 4
DEBUG - 2024-07-16 05:41:08 --> User Data: Array
(
    [id] => 4
    [username] => anggiat@gmail.com
    [password] => $2y$10$l0nv.GgDwblAm89Gu4t0Gug65vF7AVvYKxlGPkfoAWWyjnewq68YO
    [created_at] => 2024-07-16 01:48:46
    [updated_at] => 2024-07-16 01:48:46
)

INFO - 2024-07-16 05:48:13 --> Session: Class initialized using 'CodeIgniter\Session\Handlers\FileHandler' driver.
DEBUG - 2024-07-16 05:48:13 --> User ID: 4
DEBUG - 2024-07-16 05:48:13 --> User Data: Array
(
    [id] => 4
    [username] => anggiat@gmail.com
    [password] => $2y$10$l0nv.GgDwblAm89Gu4t0Gug65vF7AVvYKxlGPkfoAWWyjnewq68YO
    [created_at] => 2024-07-16 01:48:46
    [updated_at] => 2024-07-16 01:48:46
)

INFO - 2024-07-16 05:48:57 --> Session: Class initialized using 'CodeIgniter\Session\Handlers\FileHandler' driver.
DEBUG - 2024-07-16 05:48:57 --> User ID: 4
DEBUG - 2024-07-16 05:48:57 --> User Data: Array
(
    [id] => 4
    [username] => anggiat@gmail.com
    [password] => $2y$10$l0nv.GgDwblAm89Gu4t0Gug65vF7AVvYKxlGPkfoAWWyjnewq68YO
    [created_at] => 2024-07-16 01:48:46
    [updated_at] => 2024-07-16 01:48:46
)

INFO - 2024-07-16 05:49:09 --> Session: Class initialized using 'CodeIgniter\Session\Handlers\FileHandler' driver.
DEBUG - 2024-07-16 05:49:09 --> User ID: 4
DEBUG - 2024-07-16 05:49:09 --> User Data: Array
(
    [id] => 4
    [username] => anggiat@gmail.com
    [password] => $2y$10$l0nv.GgDwblAm89Gu4t0Gug65vF7AVvYKxlGPkfoAWWyjnewq68YO
    [created_at] => 2024-07-16 01:48:46
    [updated_at] => 2024-07-16 01:48:46
)

INFO - 2024-07-16 05:53:23 --> Session: Class initialized using 'CodeIgniter\Session\Handlers\FileHandler' driver.
DEBUG - 2024-07-16 05:53:23 --> User ID: 4
DEBUG - 2024-07-16 05:53:23 --> User Data: Array
(
    [id] => 4
    [username] => anggiat@gmail.com
    [password] => $2y$10$l0nv.GgDwblAm89Gu4t0Gug65vF7AVvYKxlGPkfoAWWyjnewq68YO
    [created_at] => 2024-07-16 01:48:46
    [updated_at] => 2024-07-16 01:48:46
)

INFO - 2024-07-16 05:54:21 --> Session: Class initialized using 'CodeIgniter\Session\Handlers\FileHandler' driver.
DEBUG - 2024-07-16 05:54:21 --> User ID: 4
DEBUG - 2024-07-16 05:54:21 --> User Data: Array
(
    [id] => 4
    [username] => anggiat@gmail.com
    [password] => $2y$10$l0nv.GgDwblAm89Gu4t0Gug65vF7AVvYKxlGPkfoAWWyjnewq68YO
    [created_at] => 2024-07-16 01:48:46
    [updated_at] => 2024-07-16 01:48:46
)

INFO - 2024-07-16 05:55:10 --> Session: Class initialized using 'CodeIgniter\Session\Handlers\FileHandler' driver.
DEBUG - 2024-07-16 05:55:10 --> User ID: 4
DEBUG - 2024-07-16 05:55:10 --> User Data: Array
(
    [id] => 4
    [username] => anggiat@gmail.com
    [password] => $2y$10$l0nv.GgDwblAm89Gu4t0Gug65vF7AVvYKxlGPkfoAWWyjnewq68YO
    [created_at] => 2024-07-16 01:48:46
    [updated_at] => 2024-07-16 01:48:46
)

INFO - 2024-07-16 05:55:22 --> Session: Class initialized using 'CodeIgniter\Session\Handlers\FileHandler' driver.
DEBUG - 2024-07-16 05:55:22 --> User ID: 4
DEBUG - 2024-07-16 05:55:22 --> User Data: Array
(
    [id] => 4
    [username] => anggiat@gmail.com
    [password] => $2y$10$l0nv.GgDwblAm89Gu4t0Gug65vF7AVvYKxlGPkfoAWWyjnewq68YO
    [created_at] => 2024-07-16 01:48:46
    [updated_at] => 2024-07-16 01:48:46
)

INFO - 2024-07-16 05:59:11 --> Session: Class initialized using 'CodeIgniter\Session\Handlers\FileHandler' driver.
DEBUG - 2024-07-16 05:59:11 --> User ID: 4
DEBUG - 2024-07-16 05:59:11 --> User Data: Array
(
    [id] => 4
    [username] => anggiat@gmail.com
    [password] => $2y$10$l0nv.GgDwblAm89Gu4t0Gug65vF7AVvYKxlGPkfoAWWyjnewq68YO
    [created_at] => 2024-07-16 01:48:46
    [updated_at] => 2024-07-16 01:48:46
)

INFO - 2024-07-16 05:59:59 --> Session: Class initialized using 'CodeIgniter\Session\Handlers\FileHandler' driver.
DEBUG - 2024-07-16 05:59:59 --> User ID: 4
DEBUG - 2024-07-16 05:59:59 --> User Data: Array
(
    [id] => 4
    [username] => anggiat@gmail.com
    [password] => $2y$10$l0nv.GgDwblAm89Gu4t0Gug65vF7AVvYKxlGPkfoAWWyjnewq68YO
    [created_at] => 2024-07-16 01:48:46
    [updated_at] => 2024-07-16 01:48:46
)

INFO - 2024-07-16 06:05:33 --> Session: Class initialized using 'CodeIgniter\Session\Handlers\FileHandler' driver.
DEBUG - 2024-07-16 06:05:33 --> User ID: 4
DEBUG - 2024-07-16 06:05:33 --> User Data: Array
(
    [id] => 4
    [username] => anggiat@gmail.com
    [password] => $2y$10$l0nv.GgDwblAm89Gu4t0Gug65vF7AVvYKxlGPkfoAWWyjnewq68YO
    [created_at] => 2024-07-16 01:48:46
    [updated_at] => 2024-07-16 01:48:46
)

INFO - 2024-07-16 06:08:50 --> Session: Class initialized using 'CodeIgniter\Session\Handlers\FileHandler' driver.
DEBUG - 2024-07-16 06:08:50 --> User ID: 4
DEBUG - 2024-07-16 06:08:50 --> User Data: Array
(
    [id] => 4
    [username] => anggiat@gmail.com
    [password] => $2y$10$l0nv.GgDwblAm89Gu4t0Gug65vF7AVvYKxlGPkfoAWWyjnewq68YO
    [created_at] => 2024-07-16 01:48:46
    [updated_at] => 2024-07-16 01:48:46
)

INFO - 2024-07-16 06:09:07 --> Session: Class initialized using 'CodeIgniter\Session\Handlers\FileHandler' driver.
DEBUG - 2024-07-16 06:09:07 --> User ID: 4
DEBUG - 2024-07-16 06:09:07 --> User Data: Array
(
    [id] => 4
    [username] => anggiat@gmail.com
    [password] => $2y$10$l0nv.GgDwblAm89Gu4t0Gug65vF7AVvYKxlGPkfoAWWyjnewq68YO
    [created_at] => 2024-07-16 01:48:46
    [updated_at] => 2024-07-16 01:48:46
)

INFO - 2024-07-16 06:10:16 --> Session: Class initialized using 'CodeIgniter\Session\Handlers\FileHandler' driver.
DEBUG - 2024-07-16 06:10:16 --> User ID: 4
DEBUG - 2024-07-16 06:10:16 --> User Data: Array
(
    [id] => 4
    [username] => anggiat@gmail.com
    [password] => $2y$10$l0nv.GgDwblAm89Gu4t0Gug65vF7AVvYKxlGPkfoAWWyjnewq68YO
    [created_at] => 2024-07-16 01:48:46
    [updated_at] => 2024-07-16 01:48:46
)

INFO - 2024-07-16 06:10:27 --> Session: Class initialized using 'CodeIgniter\Session\Handlers\FileHandler' driver.
DEBUG - 2024-07-16 06:10:27 --> User ID: 4
DEBUG - 2024-07-16 06:10:27 --> User Data: Array
(
    [id] => 4
    [username] => anggiat@gmail.com
    [password] => $2y$10$l0nv.GgDwblAm89Gu4t0Gug65vF7AVvYKxlGPkfoAWWyjnewq68YO
    [created_at] => 2024-07-16 01:48:46
    [updated_at] => 2024-07-16 01:48:46
)

INFO - 2024-07-16 06:11:16 --> Session: Class initialized using 'CodeIgniter\Session\Handlers\FileHandler' driver.
DEBUG - 2024-07-16 06:11:16 --> User ID: 4
DEBUG - 2024-07-16 06:11:16 --> User Data: Array
(
    [id] => 4
    [username] => anggiat@gmail.com
    [password] => $2y$10$l0nv.GgDwblAm89Gu4t0Gug65vF7AVvYKxlGPkfoAWWyjnewq68YO
    [created_at] => 2024-07-16 01:48:46
    [updated_at] => 2024-07-16 01:48:46
)

INFO - 2024-07-16 06:11:23 --> Session: Class initialized using 'CodeIgniter\Session\Handlers\FileHandler' driver.
DEBUG - 2024-07-16 06:11:23 --> User ID: 4
DEBUG - 2024-07-16 06:11:23 --> User Data: Array
(
    [id] => 4
    [username] => anggiat@gmail.com
    [password] => $2y$10$l0nv.GgDwblAm89Gu4t0Gug65vF7AVvYKxlGPkfoAWWyjnewq68YO
    [created_at] => 2024-07-16 01:48:46
    [updated_at] => 2024-07-16 01:48:46
)

INFO - 2024-07-16 06:17:49 --> Session: Class initialized using 'CodeIgniter\Session\Handlers\FileHandler' driver.
DEBUG - 2024-07-16 06:17:49 --> User ID: 4
DEBUG - 2024-07-16 06:17:49 --> User Data: Array
(
    [id] => 4
    [username] => anggiat@gmail.com
    [password] => $2y$10$l0nv.GgDwblAm89Gu4t0Gug65vF7AVvYKxlGPkfoAWWyjnewq68YO
    [created_at] => 2024-07-16 01:48:46
    [updated_at] => 2024-07-16 01:48:46
)

INFO - 2024-07-16 06:21:35 --> Session: Class initialized using 'CodeIgniter\Session\Handlers\FileHandler' driver.
DEBUG - 2024-07-16 06:21:35 --> User ID: 4
DEBUG - 2024-07-16 06:21:36 --> User Data: Array
(
    [id] => 4
    [username] => anggiat@gmail.com
    [password] => $2y$10$l0nv.GgDwblAm89Gu4t0Gug65vF7AVvYKxlGPkfoAWWyjnewq68YO
    [created_at] => 2024-07-16 01:48:46
    [updated_at] => 2024-07-16 01:48:46
)

INFO - 2024-07-16 06:24:32 --> Session: Class initialized using 'CodeIgniter\Session\Handlers\FileHandler' driver.
DEBUG - 2024-07-16 06:24:32 --> User ID: 4
DEBUG - 2024-07-16 06:24:32 --> User Data: Array
(
    [id] => 4
    [username] => anggiat@gmail.com
    [password] => $2y$10$l0nv.GgDwblAm89Gu4t0Gug65vF7AVvYKxlGPkfoAWWyjnewq68YO
    [created_at] => 2024-07-16 01:48:46
    [updated_at] => 2024-07-16 01:48:46
)

INFO - 2024-07-16 06:26:32 --> Session: Class initialized using 'CodeIgniter\Session\Handlers\FileHandler' driver.
DEBUG - 2024-07-16 06:26:32 --> User ID: 4
DEBUG - 2024-07-16 06:26:32 --> User Data: Array
(
    [id] => 4
    [username] => anggiat@gmail.com
    [password] => $2y$10$l0nv.GgDwblAm89Gu4t0Gug65vF7AVvYKxlGPkfoAWWyjnewq68YO
    [created_at] => 2024-07-16 01:48:46
    [updated_at] => 2024-07-16 01:48:46
)

INFO - 2024-07-16 06:30:04 --> Session: Class initialized using 'CodeIgniter\Session\Handlers\FileHandler' driver.
DEBUG - 2024-07-16 06:30:04 --> User ID: 4
DEBUG - 2024-07-16 06:30:04 --> User Data: Array
(
    [id] => 4
    [username] => anggiat@gmail.com
    [password] => $2y$10$l0nv.GgDwblAm89Gu4t0Gug65vF7AVvYKxlGPkfoAWWyjnewq68YO
    [created_at] => 2024-07-16 01:48:46
    [updated_at] => 2024-07-16 01:48:46
)

INFO - 2024-07-16 06:32:07 --> Session: Class initialized using 'CodeIgniter\Session\Handlers\FileHandler' driver.
DEBUG - 2024-07-16 06:32:07 --> User ID: 4
DEBUG - 2024-07-16 06:32:07 --> User Data: Array
(
    [id] => 4
    [username] => anggiat@gmail.com
    [password] => $2y$10$l0nv.GgDwblAm89Gu4t0Gug65vF7AVvYKxlGPkfoAWWyjnewq68YO
    [created_at] => 2024-07-16 01:48:46
    [updated_at] => 2024-07-16 01:48:46
)

INFO - 2024-07-16 06:32:15 --> Session: Class initialized using 'CodeIgniter\Session\Handlers\FileHandler' driver.
DEBUG - 2024-07-16 06:32:15 --> User ID: 4
DEBUG - 2024-07-16 06:32:15 --> User Data: Array
(
    [id] => 4
    [username] => anggiat@gmail.com
    [password] => $2y$10$l0nv.GgDwblAm89Gu4t0Gug65vF7AVvYKxlGPkfoAWWyjnewq68YO
    [created_at] => 2024-07-16 01:48:46
    [updated_at] => 2024-07-16 01:48:46
)

INFO - 2024-07-16 06:32:41 --> Session: Class initialized using 'CodeIgniter\Session\Handlers\FileHandler' driver.
DEBUG - 2024-07-16 06:32:41 --> User ID: 4
DEBUG - 2024-07-16 06:32:41 --> User Data: Array
(
    [id] => 4
    [username] => anggiat@gmail.com
    [password] => $2y$10$l0nv.GgDwblAm89Gu4t0Gug65vF7AVvYKxlGPkfoAWWyjnewq68YO
    [created_at] => 2024-07-16 01:48:46
    [updated_at] => 2024-07-16 01:48:46
)

INFO - 2024-07-16 06:35:26 --> Session: Class initialized using 'CodeIgniter\Session\Handlers\FileHandler' driver.
DEBUG - 2024-07-16 06:35:26 --> User ID: 4
DEBUG - 2024-07-16 06:35:26 --> User Data: Array
(
    [id] => 4
    [username] => anggiat@gmail.com
    [password] => $2y$10$l0nv.GgDwblAm89Gu4t0Gug65vF7AVvYKxlGPkfoAWWyjnewq68YO
    [created_at] => 2024-07-16 01:48:46
    [updated_at] => 2024-07-16 01:48:46
)

INFO - 2024-07-16 06:36:44 --> Session: Class initialized using 'CodeIgniter\Session\Handlers\FileHandler' driver.
DEBUG - 2024-07-16 06:36:44 --> User ID: 4
DEBUG - 2024-07-16 06:36:44 --> User Data: Array
(
    [id] => 4
    [username] => anggiat@gmail.com
    [password] => $2y$10$l0nv.GgDwblAm89Gu4t0Gug65vF7AVvYKxlGPkfoAWWyjnewq68YO
    [created_at] => 2024-07-16 01:48:46
    [updated_at] => 2024-07-16 01:48:46
)

INFO - 2024-07-16 06:37:01 --> Session: Class initialized using 'CodeIgniter\Session\Handlers\FileHandler' driver.
DEBUG - 2024-07-16 06:37:01 --> User ID: 4
DEBUG - 2024-07-16 06:37:01 --> User Data: Array
(
    [id] => 4
    [username] => anggiat@gmail.com
    [password] => $2y$10$l0nv.GgDwblAm89Gu4t0Gug65vF7AVvYKxlGPkfoAWWyjnewq68YO
    [created_at] => 2024-07-16 01:48:46
    [updated_at] => 2024-07-16 01:48:46
)

INFO - 2024-07-16 06:37:29 --> Session: Class initialized using 'CodeIgniter\Session\Handlers\FileHandler' driver.
DEBUG - 2024-07-16 06:37:29 --> User ID: 4
DEBUG - 2024-07-16 06:37:29 --> User Data: Array
(
    [id] => 4
    [username] => anggiat@gmail.com
    [password] => $2y$10$l0nv.GgDwblAm89Gu4t0Gug65vF7AVvYKxlGPkfoAWWyjnewq68YO
    [created_at] => 2024-07-16 01:48:46
    [updated_at] => 2024-07-16 01:48:46
)

INFO - 2024-07-16 06:37:31 --> Session: Class initialized using 'CodeIgniter\Session\Handlers\FileHandler' driver.
DEBUG - 2024-07-16 06:37:31 --> User ID: 4
DEBUG - 2024-07-16 06:37:31 --> User Data: Array
(
    [id] => 4
    [username] => anggiat@gmail.com
    [password] => $2y$10$l0nv.GgDwblAm89Gu4t0Gug65vF7AVvYKxlGPkfoAWWyjnewq68YO
    [created_at] => 2024-07-16 01:48:46
    [updated_at] => 2024-07-16 01:48:46
)

INFO - 2024-07-16 06:37:46 --> Session: Class initialized using 'CodeIgniter\Session\Handlers\FileHandler' driver.
DEBUG - 2024-07-16 06:37:46 --> User ID: 4
DEBUG - 2024-07-16 06:37:46 --> User Data: Array
(
    [id] => 4
    [username] => anggiat@gmail.com
    [password] => $2y$10$l0nv.GgDwblAm89Gu4t0Gug65vF7AVvYKxlGPkfoAWWyjnewq68YO
    [created_at] => 2024-07-16 01:48:46
    [updated_at] => 2024-07-16 01:48:46
)

INFO - 2024-07-16 06:41:27 --> Session: Class initialized using 'CodeIgniter\Session\Handlers\FileHandler' driver.
DEBUG - 2024-07-16 06:41:27 --> User ID: 4
DEBUG - 2024-07-16 06:41:27 --> User Data: Array
(
    [id] => 4
    [username] => anggiat@gmail.com
    [password] => $2y$10$l0nv.GgDwblAm89Gu4t0Gug65vF7AVvYKxlGPkfoAWWyjnewq68YO
    [created_at] => 2024-07-16 01:48:46
    [updated_at] => 2024-07-16 01:48:46
)

INFO - 2024-07-16 06:41:32 --> Session: Class initialized using 'CodeIgniter\Session\Handlers\FileHandler' driver.
DEBUG - 2024-07-16 06:41:32 --> User ID: 4
DEBUG - 2024-07-16 06:41:32 --> User Data: Array
(
    [id] => 4
    [username] => anggiat@gmail.com
    [password] => $2y$10$l0nv.GgDwblAm89Gu4t0Gug65vF7AVvYKxlGPkfoAWWyjnewq68YO
    [created_at] => 2024-07-16 01:48:46
    [updated_at] => 2024-07-16 01:48:46
)

INFO - 2024-07-16 06:41:34 --> Session: Class initialized using 'CodeIgniter\Session\Handlers\FileHandler' driver.
DEBUG - 2024-07-16 06:41:34 --> User ID: 4
DEBUG - 2024-07-16 06:41:34 --> User Data: Array
(
    [id] => 4
    [username] => anggiat@gmail.com
    [password] => $2y$10$l0nv.GgDwblAm89Gu4t0Gug65vF7AVvYKxlGPkfoAWWyjnewq68YO
    [created_at] => 2024-07-16 01:48:46
    [updated_at] => 2024-07-16 01:48:46
)

INFO - 2024-07-16 06:41:36 --> Session: Class initialized using 'CodeIgniter\Session\Handlers\FileHandler' driver.
DEBUG - 2024-07-16 06:41:36 --> User ID: 4
DEBUG - 2024-07-16 06:41:36 --> User Data: Array
(
    [id] => 4
    [username] => anggiat@gmail.com
    [password] => $2y$10$l0nv.GgDwblAm89Gu4t0Gug65vF7AVvYKxlGPkfoAWWyjnewq68YO
    [created_at] => 2024-07-16 01:48:46
    [updated_at] => 2024-07-16 01:48:46
)

INFO - 2024-07-16 06:41:39 --> Session: Class initialized using 'CodeIgniter\Session\Handlers\FileHandler' driver.
DEBUG - 2024-07-16 06:41:39 --> User ID: 4
DEBUG - 2024-07-16 06:41:39 --> User Data: Array
(
    [id] => 4
    [username] => anggiat@gmail.com
    [password] => $2y$10$l0nv.GgDwblAm89Gu4t0Gug65vF7AVvYKxlGPkfoAWWyjnewq68YO
    [created_at] => 2024-07-16 01:48:46
    [updated_at] => 2024-07-16 01:48:46
)

INFO - 2024-07-16 06:41:42 --> Session: Class initialized using 'CodeIgniter\Session\Handlers\FileHandler' driver.
DEBUG - 2024-07-16 06:41:42 --> User ID: 4
DEBUG - 2024-07-16 06:41:42 --> User Data: Array
(
    [id] => 4
    [username] => anggiat@gmail.com
    [password] => $2y$10$l0nv.GgDwblAm89Gu4t0Gug65vF7AVvYKxlGPkfoAWWyjnewq68YO
    [created_at] => 2024-07-16 01:48:46
    [updated_at] => 2024-07-16 01:48:46
)

INFO - 2024-07-16 06:41:44 --> Session: Class initialized using 'CodeIgniter\Session\Handlers\FileHandler' driver.
DEBUG - 2024-07-16 06:41:44 --> User ID: 4
DEBUG - 2024-07-16 06:41:44 --> User Data: Array
(
    [id] => 4
    [username] => anggiat@gmail.com
    [password] => $2y$10$l0nv.GgDwblAm89Gu4t0Gug65vF7AVvYKxlGPkfoAWWyjnewq68YO
    [created_at] => 2024-07-16 01:48:46
    [updated_at] => 2024-07-16 01:48:46
)

INFO - 2024-07-16 06:41:48 --> Session: Class initialized using 'CodeIgniter\Session\Handlers\FileHandler' driver.
DEBUG - 2024-07-16 06:41:48 --> User ID: 4
DEBUG - 2024-07-16 06:41:48 --> User Data: Array
(
    [id] => 4
    [username] => anggiat@gmail.com
    [password] => $2y$10$l0nv.GgDwblAm89Gu4t0Gug65vF7AVvYKxlGPkfoAWWyjnewq68YO
    [created_at] => 2024-07-16 01:48:46
    [updated_at] => 2024-07-16 01:48:46
)

INFO - 2024-07-16 06:42:40 --> Session: Class initialized using 'CodeIgniter\Session\Handlers\FileHandler' driver.
DEBUG - 2024-07-16 06:42:40 --> User ID: 4
DEBUG - 2024-07-16 06:42:40 --> User Data: Array
(
    [id] => 4
    [username] => anggiat@gmail.com
    [password] => $2y$10$l0nv.GgDwblAm89Gu4t0Gug65vF7AVvYKxlGPkfoAWWyjnewq68YO
    [created_at] => 2024-07-16 01:48:46
    [updated_at] => 2024-07-16 01:48:46
)

INFO - 2024-07-16 06:43:16 --> Session: Class initialized using 'CodeIgniter\Session\Handlers\FileHandler' driver.
DEBUG - 2024-07-16 06:43:16 --> User ID: 4
DEBUG - 2024-07-16 06:43:16 --> User Data: Array
(
    [id] => 4
    [username] => anggiat@gmail.com
    [password] => $2y$10$l0nv.GgDwblAm89Gu4t0Gug65vF7AVvYKxlGPkfoAWWyjnewq68YO
    [created_at] => 2024-07-16 01:48:46
    [updated_at] => 2024-07-16 01:48:46
)

INFO - 2024-07-16 06:43:38 --> Session: Class initialized using 'CodeIgniter\Session\Handlers\FileHandler' driver.
DEBUG - 2024-07-16 06:43:38 --> User ID: 4
DEBUG - 2024-07-16 06:43:38 --> User Data: Array
(
    [id] => 4
    [username] => anggiat@gmail.com
    [password] => $2y$10$l0nv.GgDwblAm89Gu4t0Gug65vF7AVvYKxlGPkfoAWWyjnewq68YO
    [created_at] => 2024-07-16 01:48:46
    [updated_at] => 2024-07-16 01:48:46
)

INFO - 2024-07-16 06:44:23 --> Session: Class initialized using 'CodeIgniter\Session\Handlers\FileHandler' driver.
DEBUG - 2024-07-16 06:44:23 --> User ID: 4
DEBUG - 2024-07-16 06:44:23 --> User Data: Array
(
    [id] => 4
    [username] => anggiat@gmail.com
    [password] => $2y$10$l0nv.GgDwblAm89Gu4t0Gug65vF7AVvYKxlGPkfoAWWyjnewq68YO
    [created_at] => 2024-07-16 01:48:46
    [updated_at] => 2024-07-16 01:48:46
)

INFO - 2024-07-16 06:51:13 --> Session: Class initialized using 'CodeIgniter\Session\Handlers\FileHandler' driver.
DEBUG - 2024-07-16 06:51:13 --> User ID: 4
DEBUG - 2024-07-16 06:51:13 --> User Data: Array
(
    [id] => 4
    [username] => anggiat@gmail.com
    [password] => $2y$10$l0nv.GgDwblAm89Gu4t0Gug65vF7AVvYKxlGPkfoAWWyjnewq68YO
    [created_at] => 2024-07-16 01:48:46
    [updated_at] => 2024-07-16 01:48:46
)

INFO - 2024-07-16 06:53:35 --> Session: Class initialized using 'CodeIgniter\Session\Handlers\FileHandler' driver.
DEBUG - 2024-07-16 06:53:35 --> User ID: 4
DEBUG - 2024-07-16 06:53:35 --> User Data: Array
(
    [id] => 4
    [username] => anggiat@gmail.com
    [password] => $2y$10$l0nv.GgDwblAm89Gu4t0Gug65vF7AVvYKxlGPkfoAWWyjnewq68YO
    [created_at] => 2024-07-16 01:48:46
    [updated_at] => 2024-07-16 01:48:46
)

INFO - 2024-07-16 06:56:59 --> Session: Class initialized using 'CodeIgniter\Session\Handlers\FileHandler' driver.
DEBUG - 2024-07-16 06:56:59 --> User ID: 4
DEBUG - 2024-07-16 06:57:00 --> User Data: Array
(
    [id] => 4
    [username] => anggiat@gmail.com
    [password] => $2y$10$l0nv.GgDwblAm89Gu4t0Gug65vF7AVvYKxlGPkfoAWWyjnewq68YO
    [created_at] => 2024-07-16 01:48:46
    [updated_at] => 2024-07-16 01:48:46
)

INFO - 2024-07-16 06:59:48 --> Session: Class initialized using 'CodeIgniter\Session\Handlers\FileHandler' driver.
DEBUG - 2024-07-16 06:59:48 --> User ID: 4
DEBUG - 2024-07-16 06:59:48 --> User Data: Array
(
    [id] => 4
    [username] => anggiat@gmail.com
    [password] => $2y$10$l0nv.GgDwblAm89Gu4t0Gug65vF7AVvYKxlGPkfoAWWyjnewq68YO
    [created_at] => 2024-07-16 01:48:46
    [updated_at] => 2024-07-16 01:48:46
)

INFO - 2024-07-16 06:59:51 --> Session: Class initialized using 'CodeIgniter\Session\Handlers\FileHandler' driver.
DEBUG - 2024-07-16 06:59:51 --> User ID: 4
DEBUG - 2024-07-16 06:59:51 --> User Data: Array
(
    [id] => 4
    [username] => anggiat@gmail.com
    [password] => $2y$10$l0nv.GgDwblAm89Gu4t0Gug65vF7AVvYKxlGPkfoAWWyjnewq68YO
    [created_at] => 2024-07-16 01:48:46
    [updated_at] => 2024-07-16 01:48:46
)

INFO - 2024-07-16 07:00:08 --> Session: Class initialized using 'CodeIgniter\Session\Handlers\FileHandler' driver.
DEBUG - 2024-07-16 07:00:08 --> User ID: 4
DEBUG - 2024-07-16 07:00:08 --> User Data: Array
(
    [id] => 4
    [username] => anggiat@gmail.com
    [password] => $2y$10$l0nv.GgDwblAm89Gu4t0Gug65vF7AVvYKxlGPkfoAWWyjnewq68YO
    [created_at] => 2024-07-16 01:48:46
    [updated_at] => 2024-07-16 01:48:46
)

INFO - 2024-07-16 07:00:33 --> Session: Class initialized using 'CodeIgniter\Session\Handlers\FileHandler' driver.
DEBUG - 2024-07-16 07:00:33 --> User ID: 4
DEBUG - 2024-07-16 07:00:33 --> User Data: Array
(
    [id] => 4
    [username] => anggiat@gmail.com
    [password] => $2y$10$l0nv.GgDwblAm89Gu4t0Gug65vF7AVvYKxlGPkfoAWWyjnewq68YO
    [created_at] => 2024-07-16 01:48:46
    [updated_at] => 2024-07-16 01:48:46
)

INFO - 2024-07-16 07:00:35 --> Session: Class initialized using 'CodeIgniter\Session\Handlers\FileHandler' driver.
DEBUG - 2024-07-16 07:00:35 --> User ID: 4
DEBUG - 2024-07-16 07:00:35 --> User Data: Array
(
    [id] => 4
    [username] => anggiat@gmail.com
    [password] => $2y$10$l0nv.GgDwblAm89Gu4t0Gug65vF7AVvYKxlGPkfoAWWyjnewq68YO
    [created_at] => 2024-07-16 01:48:46
    [updated_at] => 2024-07-16 01:48:46
)

INFO - 2024-07-16 07:00:38 --> Session: Class initialized using 'CodeIgniter\Session\Handlers\FileHandler' driver.
DEBUG - 2024-07-16 07:00:38 --> User ID: 4
DEBUG - 2024-07-16 07:00:38 --> User Data: Array
(
    [id] => 4
    [username] => anggiat@gmail.com
    [password] => $2y$10$l0nv.GgDwblAm89Gu4t0Gug65vF7AVvYKxlGPkfoAWWyjnewq68YO
    [created_at] => 2024-07-16 01:48:46
    [updated_at] => 2024-07-16 01:48:46
)

INFO - 2024-07-16 07:00:39 --> Session: Class initialized using 'CodeIgniter\Session\Handlers\FileHandler' driver.
DEBUG - 2024-07-16 07:00:39 --> User ID: 4
DEBUG - 2024-07-16 07:00:39 --> User Data: Array
(
    [id] => 4
    [username] => anggiat@gmail.com
    [password] => $2y$10$l0nv.GgDwblAm89Gu4t0Gug65vF7AVvYKxlGPkfoAWWyjnewq68YO
    [created_at] => 2024-07-16 01:48:46
    [updated_at] => 2024-07-16 01:48:46
)

INFO - 2024-07-16 07:00:44 --> Session: Class initialized using 'CodeIgniter\Session\Handlers\FileHandler' driver.
DEBUG - 2024-07-16 07:00:44 --> User ID: 4
DEBUG - 2024-07-16 07:00:44 --> User Data: Array
(
    [id] => 4
    [username] => anggiat@gmail.com
    [password] => $2y$10$l0nv.GgDwblAm89Gu4t0Gug65vF7AVvYKxlGPkfoAWWyjnewq68YO
    [created_at] => 2024-07-16 01:48:46
    [updated_at] => 2024-07-16 01:48:46
)

INFO - 2024-07-16 07:00:56 --> Session: Class initialized using 'CodeIgniter\Session\Handlers\FileHandler' driver.
DEBUG - 2024-07-16 07:00:56 --> User ID: 4
DEBUG - 2024-07-16 07:00:56 --> User Data: Array
(
    [id] => 4
    [username] => anggiat@gmail.com
    [password] => $2y$10$l0nv.GgDwblAm89Gu4t0Gug65vF7AVvYKxlGPkfoAWWyjnewq68YO
    [created_at] => 2024-07-16 01:48:46
    [updated_at] => 2024-07-16 01:48:46
)

INFO - 2024-07-16 07:01:28 --> Session: Class initialized using 'CodeIgniter\Session\Handlers\FileHandler' driver.
DEBUG - 2024-07-16 07:01:28 --> User ID: 4
DEBUG - 2024-07-16 07:01:28 --> User Data: Array
(
    [id] => 4
    [username] => anggiat@gmail.com
    [password] => $2y$10$l0nv.GgDwblAm89Gu4t0Gug65vF7AVvYKxlGPkfoAWWyjnewq68YO
    [created_at] => 2024-07-16 01:48:46
    [updated_at] => 2024-07-16 01:48:46
)

INFO - 2024-07-16 07:09:19 --> Session: Class initialized using 'CodeIgniter\Session\Handlers\FileHandler' driver.
DEBUG - 2024-07-16 07:09:19 --> User ID: 4
DEBUG - 2024-07-16 07:09:19 --> User Data: Array
(
    [id] => 4
    [username] => anggiat@gmail.com
    [password] => $2y$10$l0nv.GgDwblAm89Gu4t0Gug65vF7AVvYKxlGPkfoAWWyjnewq68YO
    [created_at] => 2024-07-16 01:48:46
    [updated_at] => 2024-07-16 01:48:46
)

INFO - 2024-07-16 07:09:47 --> Session: Class initialized using 'CodeIgniter\Session\Handlers\FileHandler' driver.
DEBUG - 2024-07-16 07:09:47 --> User ID: 4
DEBUG - 2024-07-16 07:09:47 --> User Data: Array
(
    [id] => 4
    [username] => anggiat@gmail.com
    [password] => $2y$10$l0nv.GgDwblAm89Gu4t0Gug65vF7AVvYKxlGPkfoAWWyjnewq68YO
    [created_at] => 2024-07-16 01:48:46
    [updated_at] => 2024-07-16 01:48:46
)

INFO - 2024-07-16 07:13:00 --> Session: Class initialized using 'CodeIgniter\Session\Handlers\FileHandler' driver.
DEBUG - 2024-07-16 07:13:00 --> User ID: 4
DEBUG - 2024-07-16 07:13:00 --> User Data: Array
(
    [id] => 4
    [username] => anggiat@gmail.com
    [password] => $2y$10$l0nv.GgDwblAm89Gu4t0Gug65vF7AVvYKxlGPkfoAWWyjnewq68YO
    [created_at] => 2024-07-16 01:48:46
    [updated_at] => 2024-07-16 01:48:46
)

INFO - 2024-07-16 07:18:27 --> Session: Class initialized using 'CodeIgniter\Session\Handlers\FileHandler' driver.
DEBUG - 2024-07-16 07:18:27 --> User ID: 4
DEBUG - 2024-07-16 07:18:27 --> User Data: Array
(
    [id] => 4
    [username] => anggiat@gmail.com
    [password] => $2y$10$l0nv.GgDwblAm89Gu4t0Gug65vF7AVvYKxlGPkfoAWWyjnewq68YO
    [created_at] => 2024-07-16 01:48:46
    [updated_at] => 2024-07-16 01:48:46
)

INFO - 2024-07-16 07:19:01 --> Session: Class initialized using 'CodeIgniter\Session\Handlers\FileHandler' driver.
DEBUG - 2024-07-16 07:19:01 --> User ID: 4
DEBUG - 2024-07-16 07:19:01 --> User Data: Array
(
    [id] => 4
    [username] => anggiat@gmail.com
    [password] => $2y$10$l0nv.GgDwblAm89Gu4t0Gug65vF7AVvYKxlGPkfoAWWyjnewq68YO
    [created_at] => 2024-07-16 01:48:46
    [updated_at] => 2024-07-16 01:48:46
)

INFO - 2024-07-16 07:19:29 --> Session: Class initialized using 'CodeIgniter\Session\Handlers\FileHandler' driver.
DEBUG - 2024-07-16 07:19:29 --> User ID: 4
DEBUG - 2024-07-16 07:19:29 --> User Data: Array
(
    [id] => 4
    [username] => anggiat@gmail.com
    [password] => $2y$10$l0nv.GgDwblAm89Gu4t0Gug65vF7AVvYKxlGPkfoAWWyjnewq68YO
    [created_at] => 2024-07-16 01:48:46
    [updated_at] => 2024-07-16 01:48:46
)

INFO - 2024-07-16 07:19:44 --> Session: Class initialized using 'CodeIgniter\Session\Handlers\FileHandler' driver.
DEBUG - 2024-07-16 07:19:44 --> User ID: 4
DEBUG - 2024-07-16 07:19:44 --> User Data: Array
(
    [id] => 4
    [username] => anggiat@gmail.com
    [password] => $2y$10$l0nv.GgDwblAm89Gu4t0Gug65vF7AVvYKxlGPkfoAWWyjnewq68YO
    [created_at] => 2024-07-16 01:48:46
    [updated_at] => 2024-07-16 01:48:46
)

INFO - 2024-07-16 07:22:48 --> Session: Class initialized using 'CodeIgniter\Session\Handlers\FileHandler' driver.
DEBUG - 2024-07-16 07:22:48 --> User ID: 4
DEBUG - 2024-07-16 07:22:48 --> User Data: Array
(
    [id] => 4
    [username] => anggiat@gmail.com
    [password] => $2y$10$l0nv.GgDwblAm89Gu4t0Gug65vF7AVvYKxlGPkfoAWWyjnewq68YO
    [created_at] => 2024-07-16 01:48:46
    [updated_at] => 2024-07-16 01:48:46
)

INFO - 2024-07-16 07:24:07 --> Session: Class initialized using 'CodeIgniter\Session\Handlers\FileHandler' driver.
DEBUG - 2024-07-16 07:24:07 --> User ID: 4
DEBUG - 2024-07-16 07:24:07 --> User Data: Array
(
    [id] => 4
    [username] => anggiat@gmail.com
    [password] => $2y$10$l0nv.GgDwblAm89Gu4t0Gug65vF7AVvYKxlGPkfoAWWyjnewq68YO
    [created_at] => 2024-07-16 01:48:46
    [updated_at] => 2024-07-16 01:48:46
)

INFO - 2024-07-16 07:24:15 --> Session: Class initialized using 'CodeIgniter\Session\Handlers\FileHandler' driver.
DEBUG - 2024-07-16 07:24:15 --> User ID: 4
DEBUG - 2024-07-16 07:24:15 --> User Data: Array
(
    [id] => 4
    [username] => anggiat@gmail.com
    [password] => $2y$10$l0nv.GgDwblAm89Gu4t0Gug65vF7AVvYKxlGPkfoAWWyjnewq68YO
    [created_at] => 2024-07-16 01:48:46
    [updated_at] => 2024-07-16 01:48:46
)

INFO - 2024-07-16 07:24:21 --> Session: Class initialized using 'CodeIgniter\Session\Handlers\FileHandler' driver.
DEBUG - 2024-07-16 07:24:21 --> User ID: 4
DEBUG - 2024-07-16 07:24:21 --> User Data: Array
(
    [id] => 4
    [username] => anggiat@gmail.com
    [password] => $2y$10$l0nv.GgDwblAm89Gu4t0Gug65vF7AVvYKxlGPkfoAWWyjnewq68YO
    [created_at] => 2024-07-16 01:48:46
    [updated_at] => 2024-07-16 01:48:46
)

INFO - 2024-07-16 07:24:25 --> Session: Class initialized using 'CodeIgniter\Session\Handlers\FileHandler' driver.
DEBUG - 2024-07-16 07:24:25 --> User ID: 4
DEBUG - 2024-07-16 07:24:25 --> User Data: Array
(
    [id] => 4
    [username] => anggiat@gmail.com
    [password] => $2y$10$l0nv.GgDwblAm89Gu4t0Gug65vF7AVvYKxlGPkfoAWWyjnewq68YO
    [created_at] => 2024-07-16 01:48:46
    [updated_at] => 2024-07-16 01:48:46
)

INFO - 2024-07-16 07:24:26 --> Session: Class initialized using 'CodeIgniter\Session\Handlers\FileHandler' driver.
DEBUG - 2024-07-16 07:24:26 --> User ID: 4
DEBUG - 2024-07-16 07:24:26 --> User Data: Array
(
    [id] => 4
    [username] => anggiat@gmail.com
    [password] => $2y$10$l0nv.GgDwblAm89Gu4t0Gug65vF7AVvYKxlGPkfoAWWyjnewq68YO
    [created_at] => 2024-07-16 01:48:46
    [updated_at] => 2024-07-16 01:48:46
)

INFO - 2024-07-16 07:24:27 --> Session: Class initialized using 'CodeIgniter\Session\Handlers\FileHandler' driver.
DEBUG - 2024-07-16 07:24:27 --> User ID: 4
DEBUG - 2024-07-16 07:24:27 --> User Data: Array
(
    [id] => 4
    [username] => anggiat@gmail.com
    [password] => $2y$10$l0nv.GgDwblAm89Gu4t0Gug65vF7AVvYKxlGPkfoAWWyjnewq68YO
    [created_at] => 2024-07-16 01:48:46
    [updated_at] => 2024-07-16 01:48:46
)

INFO - 2024-07-16 07:25:54 --> Session: Class initialized using 'CodeIgniter\Session\Handlers\FileHandler' driver.
DEBUG - 2024-07-16 07:25:54 --> User ID: 4
DEBUG - 2024-07-16 07:25:54 --> User Data: Array
(
    [id] => 4
    [username] => anggiat@gmail.com
    [password] => $2y$10$l0nv.GgDwblAm89Gu4t0Gug65vF7AVvYKxlGPkfoAWWyjnewq68YO
    [created_at] => 2024-07-16 01:48:46
    [updated_at] => 2024-07-16 01:48:46
)

INFO - 2024-07-16 07:30:56 --> Session: Class initialized using 'CodeIgniter\Session\Handlers\FileHandler' driver.
DEBUG - 2024-07-16 07:30:56 --> User ID: 4
DEBUG - 2024-07-16 07:30:56 --> User Data: Array
(
    [id] => 4
    [username] => anggiat@gmail.com
    [password] => $2y$10$l0nv.GgDwblAm89Gu4t0Gug65vF7AVvYKxlGPkfoAWWyjnewq68YO
    [created_at] => 2024-07-16 01:48:46
    [updated_at] => 2024-07-16 01:48:46
)

INFO - 2024-07-16 07:31:27 --> Session: Class initialized using 'CodeIgniter\Session\Handlers\FileHandler' driver.
DEBUG - 2024-07-16 07:31:27 --> User ID: 4
DEBUG - 2024-07-16 07:31:28 --> User Data: Array
(
    [id] => 4
    [username] => anggiat@gmail.com
    [password] => $2y$10$l0nv.GgDwblAm89Gu4t0Gug65vF7AVvYKxlGPkfoAWWyjnewq68YO
    [created_at] => 2024-07-16 01:48:46
    [updated_at] => 2024-07-16 01:48:46
)

INFO - 2024-07-16 07:35:51 --> Session: Class initialized using 'CodeIgniter\Session\Handlers\FileHandler' driver.
DEBUG - 2024-07-16 07:35:51 --> User ID: 4
DEBUG - 2024-07-16 07:35:51 --> User Data: Array
(
    [id] => 4
    [username] => anggiat@gmail.com
    [password] => $2y$10$l0nv.GgDwblAm89Gu4t0Gug65vF7AVvYKxlGPkfoAWWyjnewq68YO
    [created_at] => 2024-07-16 01:48:46
    [updated_at] => 2024-07-16 01:48:46
)

INFO - 2024-07-16 07:38:46 --> Session: Class initialized using 'CodeIgniter\Session\Handlers\FileHandler' driver.
DEBUG - 2024-07-16 07:38:46 --> User ID: 4
DEBUG - 2024-07-16 07:38:46 --> User Data: Array
(
    [id] => 4
    [username] => anggiat@gmail.com
    [password] => $2y$10$l0nv.GgDwblAm89Gu4t0Gug65vF7AVvYKxlGPkfoAWWyjnewq68YO
    [created_at] => 2024-07-16 01:48:46
    [updated_at] => 2024-07-16 01:48:46
)

INFO - 2024-07-16 07:38:48 --> Session: Class initialized using 'CodeIgniter\Session\Handlers\FileHandler' driver.
DEBUG - 2024-07-16 07:38:48 --> User ID: 4
DEBUG - 2024-07-16 07:38:48 --> User Data: Array
(
    [id] => 4
    [username] => anggiat@gmail.com
    [password] => $2y$10$l0nv.GgDwblAm89Gu4t0Gug65vF7AVvYKxlGPkfoAWWyjnewq68YO
    [created_at] => 2024-07-16 01:48:46
    [updated_at] => 2024-07-16 01:48:46
)

INFO - 2024-07-16 07:38:51 --> Session: Class initialized using 'CodeIgniter\Session\Handlers\FileHandler' driver.
DEBUG - 2024-07-16 07:38:51 --> User ID: 4
DEBUG - 2024-07-16 07:38:51 --> User Data: Array
(
    [id] => 4
    [username] => anggiat@gmail.com
    [password] => $2y$10$l0nv.GgDwblAm89Gu4t0Gug65vF7AVvYKxlGPkfoAWWyjnewq68YO
    [created_at] => 2024-07-16 01:48:46
    [updated_at] => 2024-07-16 01:48:46
)

INFO - 2024-07-16 08:16:18 --> Session: Class initialized using 'CodeIgniter\Session\Handlers\FileHandler' driver.
INFO - 2024-07-16 08:16:19 --> Session: Class initialized using 'CodeIgniter\Session\Handlers\FileHandler' driver.
DEBUG - 2024-07-16 08:16:19 --> User ID: 13
DEBUG - 2024-07-16 08:16:19 --> User Data: Array
(
    [id] => 13
    [username] => hadid@gmail.com
    [password] => $2y$10$P/92B76.qm0cYlnrcQE7pOLj/AUcdcSf3XMZ9rV.xeZd09jvBgcZa
    [created_at] => 2024-07-09 04:59:40
    [updated_at] => 2024-07-09 04:59:40
)

INFO - 2024-07-16 08:16:28 --> Session: Class initialized using 'CodeIgniter\Session\Handlers\FileHandler' driver.
DEBUG - 2024-07-16 08:16:28 --> User ID: 13
DEBUG - 2024-07-16 08:16:28 --> User Data: Array
(
    [id] => 13
    [username] => hadid@gmail.com
    [password] => $2y$10$P/92B76.qm0cYlnrcQE7pOLj/AUcdcSf3XMZ9rV.xeZd09jvBgcZa
    [created_at] => 2024-07-09 04:59:40
    [updated_at] => 2024-07-09 04:59:40
)

INFO - 2024-07-16 08:16:30 --> Session: Class initialized using 'CodeIgniter\Session\Handlers\FileHandler' driver.
DEBUG - 2024-07-16 08:16:30 --> User ID: 13
DEBUG - 2024-07-16 08:16:30 --> User Data: Array
(
    [id] => 13
    [username] => hadid@gmail.com
    [password] => $2y$10$P/92B76.qm0cYlnrcQE7pOLj/AUcdcSf3XMZ9rV.xeZd09jvBgcZa
    [created_at] => 2024-07-09 04:59:40
    [updated_at] => 2024-07-09 04:59:40
)

INFO - 2024-07-16 08:16:34 --> Session: Class initialized using 'CodeIgniter\Session\Handlers\FileHandler' driver.
INFO - 2024-07-16 08:16:44 --> Session: Class initialized using 'CodeIgniter\Session\Handlers\FileHandler' driver.
INFO - 2024-07-16 08:16:46 --> Session: Class initialized using 'CodeIgniter\Session\Handlers\FileHandler' driver.
INFO - 2024-07-16 08:16:47 --> Session: Class initialized using 'CodeIgniter\Session\Handlers\FileHandler' driver.
DEBUG - 2024-07-16 08:16:47 --> User ID: 13
DEBUG - 2024-07-16 08:16:47 --> User Data: Array
(
    [id] => 13
    [username] => hadid@gmail.com
    [password] => $2y$10$P/92B76.qm0cYlnrcQE7pOLj/AUcdcSf3XMZ9rV.xeZd09jvBgcZa
    [created_at] => 2024-07-09 04:59:40
    [updated_at] => 2024-07-09 04:59:40
)

INFO - 2024-07-16 08:17:37 --> Session: Class initialized using 'CodeIgniter\Session\Handlers\FileHandler' driver.
INFO - 2024-07-16 08:17:43 --> Session: Class initialized using 'CodeIgniter\Session\Handlers\FileHandler' driver.
INFO - 2024-07-16 08:18:12 --> Session: Class initialized using 'CodeIgniter\Session\Handlers\FileHandler' driver.
INFO - 2024-07-16 08:18:15 --> Session: Class initialized using 'CodeIgniter\Session\Handlers\FileHandler' driver.
INFO - 2024-07-16 08:18:19 --> Session: Class initialized using 'CodeIgniter\Session\Handlers\FileHandler' driver.
INFO - 2024-07-16 08:18:23 --> Session: Class initialized using 'CodeIgniter\Session\Handlers\FileHandler' driver.
INFO - 2024-07-16 08:18:30 --> Session: Class initialized using 'CodeIgniter\Session\Handlers\FileHandler' driver.
INFO - 2024-07-16 08:18:30 --> Session: Class initialized using 'CodeIgniter\Session\Handlers\FileHandler' driver.
DEBUG - 2024-07-16 08:18:30 --> User ID: 13
DEBUG - 2024-07-16 08:18:31 --> User Data: Array
(
    [id] => 13
    [username] => hadid@gmail.com
    [password] => $2y$10$P/92B76.qm0cYlnrcQE7pOLj/AUcdcSf3XMZ9rV.xeZd09jvBgcZa
    [created_at] => 2024-07-09 04:59:40
    [updated_at] => 2024-07-09 04:59:40
)

INFO - 2024-07-16 08:18:47 --> Session: Class initialized using 'CodeIgniter\Session\Handlers\FileHandler' driver.
DEBUG - 2024-07-16 08:18:47 --> User ID: 13
DEBUG - 2024-07-16 08:18:47 --> User Data: Array
(
    [id] => 13
    [username] => hadid@gmail.com
    [password] => $2y$10$P/92B76.qm0cYlnrcQE7pOLj/AUcdcSf3XMZ9rV.xeZd09jvBgcZa
    [created_at] => 2024-07-09 04:59:40
    [updated_at] => 2024-07-09 04:59:40
)

INFO - 2024-07-16 08:18:48 --> Session: Class initialized using 'CodeIgniter\Session\Handlers\FileHandler' driver.
DEBUG - 2024-07-16 08:18:48 --> User ID: 13
DEBUG - 2024-07-16 08:18:48 --> User Data: Array
(
    [id] => 13
    [username] => hadid@gmail.com
    [password] => $2y$10$P/92B76.qm0cYlnrcQE7pOLj/AUcdcSf3XMZ9rV.xeZd09jvBgcZa
    [created_at] => 2024-07-09 04:59:40
    [updated_at] => 2024-07-09 04:59:40
)

INFO - 2024-07-16 08:18:49 --> Session: Class initialized using 'CodeIgniter\Session\Handlers\FileHandler' driver.
DEBUG - 2024-07-16 08:18:49 --> User ID: 13
DEBUG - 2024-07-16 08:18:49 --> User Data: Array
(
    [id] => 13
    [username] => hadid@gmail.com
    [password] => $2y$10$P/92B76.qm0cYlnrcQE7pOLj/AUcdcSf3XMZ9rV.xeZd09jvBgcZa
    [created_at] => 2024-07-09 04:59:40
    [updated_at] => 2024-07-09 04:59:40
)

INFO - 2024-07-16 08:26:13 --> Session: Class initialized using 'CodeIgniter\Session\Handlers\FileHandler' driver.
DEBUG - 2024-07-16 08:26:13 --> User ID: 13
DEBUG - 2024-07-16 08:26:13 --> User Data: Array
(
    [id] => 13
    [username] => hadid@gmail.com
    [password] => $2y$10$P/92B76.qm0cYlnrcQE7pOLj/AUcdcSf3XMZ9rV.xeZd09jvBgcZa
    [created_at] => 2024-07-09 04:59:40
    [updated_at] => 2024-07-09 04:59:40
)

CRITICAL - 2024-07-16 08:40:04 --> Error: Call to undefined method CodeIgniter\Autoloader\Autoloader::extend()
[Method: GET, Route: layanan]
in APPPATH\Controllers\LayananController.php on line 1.
 1 SYSTEMPATH\Autoloader\Autoloader.php(317): include_once()
 2 SYSTEMPATH\Autoloader\Autoloader.php(296): CodeIgniter\Autoloader\Autoloader->includeFile('C:\\laragon\\www\\SINERGHI\\SINERGHI\\app\\Controllers\\LayananController.php')
 3 SYSTEMPATH\Autoloader\Autoloader.php(272): CodeIgniter\Autoloader\Autoloader->loadInNamespace('App\\Controllers\\LayananController')
 4 [internal function]: CodeIgniter\Autoloader\Autoloader->loadClass('App\\Controllers\\LayananController')
 5 SYSTEMPATH\CodeIgniter.php(887): class_exists('\\App\\Controllers\\LayananController', true)
 6 SYSTEMPATH\CodeIgniter.php(496): CodeIgniter\CodeIgniter->startController()
 7 SYSTEMPATH\CodeIgniter.php(355): CodeIgniter\CodeIgniter->handleRequest(null, Object(Config\Cache), false)
 8 SYSTEMPATH\Boot.php(325): CodeIgniter\CodeIgniter->run()
 9 SYSTEMPATH\Boot.php(67): CodeIgniter\Boot::runCodeIgniter(Object(CodeIgniter\CodeIgniter))
10 FCPATH\index.php(56): CodeIgniter\Boot::bootWeb(Object(Config\Paths))
11 SYSTEMPATH\rewrite.php(44): require_once('C:\\laragon\\www\\SINERGHI\\SINERGHI\\public\\index.php')
CRITICAL - 2024-07-16 08:40:25 --> Error: Call to undefined method CodeIgniter\Autoloader\Autoloader::extend()
[Method: GET, Route: layanan]
in APPPATH\Controllers\LayananController.php on line 1.
 1 SYSTEMPATH\Autoloader\Autoloader.php(317): include_once()
 2 SYSTEMPATH\Autoloader\Autoloader.php(296): CodeIgniter\Autoloader\Autoloader->includeFile('C:\\laragon\\www\\SINERGHI\\SINERGHI\\app\\Controllers\\LayananController.php')
 3 SYSTEMPATH\Autoloader\Autoloader.php(272): CodeIgniter\Autoloader\Autoloader->loadInNamespace('App\\Controllers\\LayananController')
 4 [internal function]: CodeIgniter\Autoloader\Autoloader->loadClass('App\\Controllers\\LayananController')
 5 SYSTEMPATH\CodeIgniter.php(887): class_exists('\\App\\Controllers\\LayananController', true)
 6 SYSTEMPATH\CodeIgniter.php(496): CodeIgniter\CodeIgniter->startController()
 7 SYSTEMPATH\CodeIgniter.php(355): CodeIgniter\CodeIgniter->handleRequest(null, Object(Config\Cache), false)
 8 SYSTEMPATH\Boot.php(325): CodeIgniter\CodeIgniter->run()
 9 SYSTEMPATH\Boot.php(67): CodeIgniter\Boot::runCodeIgniter(Object(CodeIgniter\CodeIgniter))
10 FCPATH\index.php(56): CodeIgniter\Boot::bootWeb(Object(Config\Paths))
11 SYSTEMPATH\rewrite.php(44): require_once('C:\\laragon\\www\\SINERGHI\\SINERGHI\\public\\index.php')
CRITICAL - 2024-07-16 08:40:26 --> Error: Call to undefined method CodeIgniter\Autoloader\Autoloader::extend()
[Method: GET, Route: layanan]
in APPPATH\Controllers\LayananController.php on line 1.
 1 SYSTEMPATH\Autoloader\Autoloader.php(317): include_once()
 2 SYSTEMPATH\Autoloader\Autoloader.php(296): CodeIgniter\Autoloader\Autoloader->includeFile('C:\\laragon\\www\\SINERGHI\\SINERGHI\\app\\Controllers\\LayananController.php')
 3 SYSTEMPATH\Autoloader\Autoloader.php(272): CodeIgniter\Autoloader\Autoloader->loadInNamespace('App\\Controllers\\LayananController')
 4 [internal function]: CodeIgniter\Autoloader\Autoloader->loadClass('App\\Controllers\\LayananController')
 5 SYSTEMPATH\CodeIgniter.php(887): class_exists('\\App\\Controllers\\LayananController', true)
 6 SYSTEMPATH\CodeIgniter.php(496): CodeIgniter\CodeIgniter->startController()
 7 SYSTEMPATH\CodeIgniter.php(355): CodeIgniter\CodeIgniter->handleRequest(null, Object(Config\Cache), false)
 8 SYSTEMPATH\Boot.php(325): CodeIgniter\CodeIgniter->run()
 9 SYSTEMPATH\Boot.php(67): CodeIgniter\Boot::runCodeIgniter(Object(CodeIgniter\CodeIgniter))
10 FCPATH\index.php(56): CodeIgniter\Boot::bootWeb(Object(Config\Paths))
11 SYSTEMPATH\rewrite.php(44): require_once('C:\\laragon\\www\\SINERGHI\\SINERGHI\\public\\index.php')
CRITICAL - 2024-07-16 08:40:31 --> Error: Call to undefined method CodeIgniter\Autoloader\Autoloader::extend()
[Method: GET, Route: layanan]
in APPPATH\Controllers\LayananController.php on line 1.
 1 SYSTEMPATH\Autoloader\Autoloader.php(317): include_once()
 2 SYSTEMPATH\Autoloader\Autoloader.php(296): CodeIgniter\Autoloader\Autoloader->includeFile('C:\\laragon\\www\\SINERGHI\\SINERGHI\\app\\Controllers\\LayananController.php')
 3 SYSTEMPATH\Autoloader\Autoloader.php(272): CodeIgniter\Autoloader\Autoloader->loadInNamespace('App\\Controllers\\LayananController')
 4 [internal function]: CodeIgniter\Autoloader\Autoloader->loadClass('App\\Controllers\\LayananController')
 5 SYSTEMPATH\CodeIgniter.php(887): class_exists('\\App\\Controllers\\LayananController', true)
 6 SYSTEMPATH\CodeIgniter.php(496): CodeIgniter\CodeIgniter->startController()
 7 SYSTEMPATH\CodeIgniter.php(355): CodeIgniter\CodeIgniter->handleRequest(null, Object(Config\Cache), false)
 8 SYSTEMPATH\Boot.php(325): CodeIgniter\CodeIgniter->run()
 9 SYSTEMPATH\Boot.php(67): CodeIgniter\Boot::runCodeIgniter(Object(CodeIgniter\CodeIgniter))
10 FCPATH\index.php(56): CodeIgniter\Boot::bootWeb(Object(Config\Paths))
11 SYSTEMPATH\rewrite.php(44): require_once('C:\\laragon\\www\\SINERGHI\\SINERGHI\\public\\index.php')
INFO - 2024-07-16 08:40:45 --> Session: Class initialized using 'CodeIgniter\Session\Handlers\FileHandler' driver.
DEBUG - 2024-07-16 08:40:45 --> User ID: 13
DEBUG - 2024-07-16 08:40:45 --> User Data: Array
(
    [id] => 13
    [username] => hadid@gmail.com
    [password] => $2y$10$P/92B76.qm0cYlnrcQE7pOLj/AUcdcSf3XMZ9rV.xeZd09jvBgcZa
    [created_at] => 2024-07-09 04:59:40
    [updated_at] => 2024-07-09 04:59:40
)

INFO - 2024-07-16 08:40:57 --> Session: Class initialized using 'CodeIgniter\Session\Handlers\FileHandler' driver.
DEBUG - 2024-07-16 08:40:57 --> User ID: 13
DEBUG - 2024-07-16 08:40:57 --> User Data: Array
(
    [id] => 13
    [username] => hadid@gmail.com
    [password] => $2y$10$P/92B76.qm0cYlnrcQE7pOLj/AUcdcSf3XMZ9rV.xeZd09jvBgcZa
    [created_at] => 2024-07-09 04:59:40
    [updated_at] => 2024-07-09 04:59:40
)

INFO - 2024-07-16 08:42:50 --> Session: Class initialized using 'CodeIgniter\Session\Handlers\FileHandler' driver.
DEBUG - 2024-07-16 08:42:50 --> User ID: 13
DEBUG - 2024-07-16 08:42:50 --> User Data: Array
(
    [id] => 13
    [username] => hadid@gmail.com
    [password] => $2y$10$P/92B76.qm0cYlnrcQE7pOLj/AUcdcSf3XMZ9rV.xeZd09jvBgcZa
    [created_at] => 2024-07-09 04:59:40
    [updated_at] => 2024-07-09 04:59:40
)

INFO - 2024-07-16 08:56:11 --> Session: Class initialized using 'CodeIgniter\Session\Handlers\FileHandler' driver.
DEBUG - 2024-07-16 08:56:11 --> User ID: 13
DEBUG - 2024-07-16 08:56:11 --> User Data: Array
(
    [id] => 13
    [username] => hadid@gmail.com
    [password] => $2y$10$P/92B76.qm0cYlnrcQE7pOLj/AUcdcSf3XMZ9rV.xeZd09jvBgcZa
    [created_at] => 2024-07-09 04:59:40
    [updated_at] => 2024-07-09 04:59:40
)

INFO - 2024-07-16 08:56:13 --> Session: Class initialized using 'CodeIgniter\Session\Handlers\FileHandler' driver.
DEBUG - 2024-07-16 08:56:13 --> User ID: 13
DEBUG - 2024-07-16 08:56:13 --> User Data: Array
(
    [id] => 13
    [username] => hadid@gmail.com
    [password] => $2y$10$P/92B76.qm0cYlnrcQE7pOLj/AUcdcSf3XMZ9rV.xeZd09jvBgcZa
    [created_at] => 2024-07-09 04:59:40
    [updated_at] => 2024-07-09 04:59:40
)

INFO - 2024-07-16 08:57:32 --> Session: Class initialized using 'CodeIgniter\Session\Handlers\FileHandler' driver.
DEBUG - 2024-07-16 08:57:32 --> User ID: 13
DEBUG - 2024-07-16 08:57:32 --> User Data: Array
(
    [id] => 13
    [username] => hadid@gmail.com
    [password] => $2y$10$P/92B76.qm0cYlnrcQE7pOLj/AUcdcSf3XMZ9rV.xeZd09jvBgcZa
    [created_at] => 2024-07-09 04:59:40
    [updated_at] => 2024-07-09 04:59:40
)

INFO - 2024-07-16 08:57:35 --> Session: Class initialized using 'CodeIgniter\Session\Handlers\FileHandler' driver.
DEBUG - 2024-07-16 08:57:35 --> User ID: 13
DEBUG - 2024-07-16 08:57:35 --> User Data: Array
(
    [id] => 13
    [username] => hadid@gmail.com
    [password] => $2y$10$P/92B76.qm0cYlnrcQE7pOLj/AUcdcSf3XMZ9rV.xeZd09jvBgcZa
    [created_at] => 2024-07-09 04:59:40
    [updated_at] => 2024-07-09 04:59:40
)

CRITICAL - 2024-07-16 08:57:37 --> CodeIgniter\HTTP\Exceptions\BadRequestException: The URI you submitted has disallowed characters: "pengumuman class="
[Method: GET, Route: pengumuman%20class=]
in SYSTEMPATH\Router\Router.php on line 737.
 1 SYSTEMPATH\Router\Router.php(204): CodeIgniter\Router\Router->checkDisallowedChars('pengumuman class=')
 2 SYSTEMPATH\CodeIgniter.php(834): CodeIgniter\Router\Router->handle('pengumuman class=')
 3 SYSTEMPATH\CodeIgniter.php(457): CodeIgniter\CodeIgniter->tryToRouteIt(Object(CodeIgniter\Router\RouteCollection))
 4 SYSTEMPATH\CodeIgniter.php(355): CodeIgniter\CodeIgniter->handleRequest(null, Object(Config\Cache), false)
 5 SYSTEMPATH\Boot.php(325): CodeIgniter\CodeIgniter->run()
 6 SYSTEMPATH\Boot.php(67): CodeIgniter\Boot::runCodeIgniter(Object(CodeIgniter\CodeIgniter))
 7 FCPATH\index.php(56): CodeIgniter\Boot::bootWeb(Object(Config\Paths))
 8 SYSTEMPATH\rewrite.php(44): require_once('C:\\laragon\\www\\SINERGHI\\SINERGHI\\public\\index.php')
INFO - 2024-07-16 08:57:45 --> Session: Class initialized using 'CodeIgniter\Session\Handlers\FileHandler' driver.
DEBUG - 2024-07-16 08:57:45 --> User ID: 13
DEBUG - 2024-07-16 08:57:45 --> User Data: Array
(
    [id] => 13
    [username] => hadid@gmail.com
    [password] => $2y$10$P/92B76.qm0cYlnrcQE7pOLj/AUcdcSf3XMZ9rV.xeZd09jvBgcZa
    [created_at] => 2024-07-09 04:59:40
    [updated_at] => 2024-07-09 04:59:40
)

INFO - 2024-07-16 08:58:28 --> Session: Class initialized using 'CodeIgniter\Session\Handlers\FileHandler' driver.
DEBUG - 2024-07-16 08:58:28 --> User ID: 13
DEBUG - 2024-07-16 08:58:28 --> User Data: Array
(
    [id] => 13
    [username] => hadid@gmail.com
    [password] => $2y$10$P/92B76.qm0cYlnrcQE7pOLj/AUcdcSf3XMZ9rV.xeZd09jvBgcZa
    [created_at] => 2024-07-09 04:59:40
    [updated_at] => 2024-07-09 04:59:40
)

INFO - 2024-07-16 08:58:34 --> Session: Class initialized using 'CodeIgniter\Session\Handlers\FileHandler' driver.
DEBUG - 2024-07-16 08:58:34 --> User ID: 13
DEBUG - 2024-07-16 08:58:34 --> User Data: Array
(
    [id] => 13
    [username] => hadid@gmail.com
    [password] => $2y$10$P/92B76.qm0cYlnrcQE7pOLj/AUcdcSf3XMZ9rV.xeZd09jvBgcZa
    [created_at] => 2024-07-09 04:59:40
    [updated_at] => 2024-07-09 04:59:40
)

INFO - 2024-07-16 08:58:47 --> Session: Class initialized using 'CodeIgniter\Session\Handlers\FileHandler' driver.
DEBUG - 2024-07-16 08:58:47 --> User ID: 13
DEBUG - 2024-07-16 08:58:47 --> User Data: Array
(
    [id] => 13
    [username] => hadid@gmail.com
    [password] => $2y$10$P/92B76.qm0cYlnrcQE7pOLj/AUcdcSf3XMZ9rV.xeZd09jvBgcZa
    [created_at] => 2024-07-09 04:59:40
    [updated_at] => 2024-07-09 04:59:40
)

INFO - 2024-07-16 08:58:52 --> Session: Class initialized using 'CodeIgniter\Session\Handlers\FileHandler' driver.
DEBUG - 2024-07-16 08:58:52 --> User ID: 13
DEBUG - 2024-07-16 08:58:52 --> User Data: Array
(
    [id] => 13
    [username] => hadid@gmail.com
    [password] => $2y$10$P/92B76.qm0cYlnrcQE7pOLj/AUcdcSf3XMZ9rV.xeZd09jvBgcZa
    [created_at] => 2024-07-09 04:59:40
    [updated_at] => 2024-07-09 04:59:40
)

INFO - 2024-07-16 08:59:24 --> Session: Class initialized using 'CodeIgniter\Session\Handlers\FileHandler' driver.
DEBUG - 2024-07-16 08:59:24 --> User ID: 13
DEBUG - 2024-07-16 08:59:24 --> User Data: Array
(
    [id] => 13
    [username] => hadid@gmail.com
    [password] => $2y$10$P/92B76.qm0cYlnrcQE7pOLj/AUcdcSf3XMZ9rV.xeZd09jvBgcZa
    [created_at] => 2024-07-09 04:59:40
    [updated_at] => 2024-07-09 04:59:40
)

INFO - 2024-07-16 08:59:25 --> Session: Class initialized using 'CodeIgniter\Session\Handlers\FileHandler' driver.
DEBUG - 2024-07-16 08:59:25 --> User ID: 13
DEBUG - 2024-07-16 08:59:25 --> User Data: Array
(
    [id] => 13
    [username] => hadid@gmail.com
    [password] => $2y$10$P/92B76.qm0cYlnrcQE7pOLj/AUcdcSf3XMZ9rV.xeZd09jvBgcZa
    [created_at] => 2024-07-09 04:59:40
    [updated_at] => 2024-07-09 04:59:40
)

CRITICAL - 2024-07-16 08:59:25 --> CodeIgniter\View\Exceptions\ViewException: Invalid file: "pengumuman/pengumuman.php"
[Method: GET, Route: pengumuman]
in SYSTEMPATH\Exceptions\FrameworkException.php on line 41.
 1 SYSTEMPATH\View\View.php(222): CodeIgniter\Exceptions\FrameworkException::forInvalidFile('pengumuman/pengumuman.php')
 2 SYSTEMPATH\Common.php(1169): CodeIgniter\View\View->render('pengumuman/pengumuman', [], true)
 3 APPPATH\Controllers\PengumumanController.php(45): view('pengumuman/pengumuman', [...])
 4 SYSTEMPATH\CodeIgniter.php(933): App\Controllers\PengumumanController->index()
 5 SYSTEMPATH\CodeIgniter.php(509): CodeIgniter\CodeIgniter->runController(Object(App\Controllers\PengumumanController))
 6 SYSTEMPATH\CodeIgniter.php(355): CodeIgniter\CodeIgniter->handleRequest(null, Object(Config\Cache), false)
 7 SYSTEMPATH\Boot.php(325): CodeIgniter\CodeIgniter->run()
 8 SYSTEMPATH\Boot.php(67): CodeIgniter\Boot::runCodeIgniter(Object(CodeIgniter\CodeIgniter))
 9 FCPATH\index.php(56): CodeIgniter\Boot::bootWeb(Object(Config\Paths))
10 SYSTEMPATH\rewrite.php(44): require_once('C:\\laragon\\www\\SINERGHI\\SINERGHI\\public\\index.php')
INFO - 2024-07-16 09:00:37 --> Session: Class initialized using 'CodeIgniter\Session\Handlers\FileHandler' driver.
DEBUG - 2024-07-16 09:00:37 --> User ID: 13
DEBUG - 2024-07-16 09:00:37 --> User Data: Array
(
    [id] => 13
    [username] => hadid@gmail.com
    [password] => $2y$10$P/92B76.qm0cYlnrcQE7pOLj/AUcdcSf3XMZ9rV.xeZd09jvBgcZa
    [created_at] => 2024-07-09 04:59:40
    [updated_at] => 2024-07-09 04:59:40
)

INFO - 2024-07-16 09:00:39 --> Session: Class initialized using 'CodeIgniter\Session\Handlers\FileHandler' driver.
DEBUG - 2024-07-16 09:00:39 --> User ID: 13
DEBUG - 2024-07-16 09:00:39 --> User Data: Array
(
    [id] => 13
    [username] => hadid@gmail.com
    [password] => $2y$10$P/92B76.qm0cYlnrcQE7pOLj/AUcdcSf3XMZ9rV.xeZd09jvBgcZa
    [created_at] => 2024-07-09 04:59:40
    [updated_at] => 2024-07-09 04:59:40
)

INFO - 2024-07-16 09:01:01 --> Session: Class initialized using 'CodeIgniter\Session\Handlers\FileHandler' driver.
DEBUG - 2024-07-16 09:01:01 --> User ID: 13
DEBUG - 2024-07-16 09:01:01 --> User Data: Array
(
    [id] => 13
    [username] => hadid@gmail.com
    [password] => $2y$10$P/92B76.qm0cYlnrcQE7pOLj/AUcdcSf3XMZ9rV.xeZd09jvBgcZa
    [created_at] => 2024-07-09 04:59:40
    [updated_at] => 2024-07-09 04:59:40
)

INFO - 2024-07-16 09:01:02 --> Session: Class initialized using 'CodeIgniter\Session\Handlers\FileHandler' driver.
DEBUG - 2024-07-16 09:01:02 --> User ID: 13
DEBUG - 2024-07-16 09:01:02 --> User Data: Array
(
    [id] => 13
    [username] => hadid@gmail.com
    [password] => $2y$10$P/92B76.qm0cYlnrcQE7pOLj/AUcdcSf3XMZ9rV.xeZd09jvBgcZa
    [created_at] => 2024-07-09 04:59:40
    [updated_at] => 2024-07-09 04:59:40
)

INFO - 2024-07-16 09:01:04 --> Session: Class initialized using 'CodeIgniter\Session\Handlers\FileHandler' driver.
DEBUG - 2024-07-16 09:01:04 --> User ID: 13
DEBUG - 2024-07-16 09:01:04 --> User Data: Array
(
    [id] => 13
    [username] => hadid@gmail.com
    [password] => $2y$10$P/92B76.qm0cYlnrcQE7pOLj/AUcdcSf3XMZ9rV.xeZd09jvBgcZa
    [created_at] => 2024-07-09 04:59:40
    [updated_at] => 2024-07-09 04:59:40
)

INFO - 2024-07-16 09:01:05 --> Session: Class initialized using 'CodeIgniter\Session\Handlers\FileHandler' driver.
DEBUG - 2024-07-16 09:01:05 --> User ID: 13
DEBUG - 2024-07-16 09:01:05 --> User Data: Array
(
    [id] => 13
    [username] => hadid@gmail.com
    [password] => $2y$10$P/92B76.qm0cYlnrcQE7pOLj/AUcdcSf3XMZ9rV.xeZd09jvBgcZa
    [created_at] => 2024-07-09 04:59:40
    [updated_at] => 2024-07-09 04:59:40
)

INFO - 2024-07-16 09:01:07 --> Session: Class initialized using 'CodeIgniter\Session\Handlers\FileHandler' driver.
DEBUG - 2024-07-16 09:01:07 --> User ID: 13
DEBUG - 2024-07-16 09:01:07 --> User Data: Array
(
    [id] => 13
    [username] => hadid@gmail.com
    [password] => $2y$10$P/92B76.qm0cYlnrcQE7pOLj/AUcdcSf3XMZ9rV.xeZd09jvBgcZa
    [created_at] => 2024-07-09 04:59:40
    [updated_at] => 2024-07-09 04:59:40
)

INFO - 2024-07-16 09:04:15 --> Session: Class initialized using 'CodeIgniter\Session\Handlers\FileHandler' driver.
DEBUG - 2024-07-16 09:04:15 --> User ID: 4
ERROR - 2024-07-16 09:04:15 --> Error connecting to the database: mysqli_sql_exception: Unknown database 'studydb' in C:\laragon\www\SINERGHI\system\Database\MySQLi\Connection.php:187
Stack trace:
#0 C:\laragon\www\SINERGHI\system\Database\MySQLi\Connection.php(187): mysqli->real_connect('127.0.0.1', 'root', '', 'studydb', 3306, '', 0)
#1 C:\laragon\www\SINERGHI\system\Database\BaseConnection.php(421): CodeIgniter\Database\MySQLi\Connection->connect(false)
#2 C:\laragon\www\SINERGHI\system\Database\BaseConnection.php(616): CodeIgniter\Database\BaseConnection->initialize()
#3 C:\laragon\www\SINERGHI\system\Database\BaseBuilder.php(1644): CodeIgniter\Database\BaseConnection->query('SELECT *\nFROM `...', Array, false)
#4 C:\laragon\www\SINERGHI\system\Model.php(330): CodeIgniter\Database\BaseBuilder->get()
#5 C:\laragon\www\SINERGHI\system\BaseModel.php(714): CodeIgniter\Model->doFirst()
#6 C:\laragon\www\SINERGHI\app\Models\UserModel.php(18): CodeIgniter\BaseModel->first()
#7 C:\laragon\www\SINERGHI\app\Controllers\DashboardControllers.php(30): App\Models\UserModel->getUserById('4')
#8 C:\laragon\www\SINERGHI\system\CodeIgniter.php(933): App\Controllers\DashboardControllers->index()
#9 C:\laragon\www\SINERGHI\system\CodeIgniter.php(509): CodeIgniter\CodeIgniter->runController(Object(App\Controllers\DashboardControllers))
#10 C:\laragon\www\SINERGHI\system\CodeIgniter.php(355): CodeIgniter\CodeIgniter->handleRequest(NULL, Object(Config\Cache), false)
#11 C:\laragon\www\SINERGHI\system\Boot.php(325): CodeIgniter\CodeIgniter->run()
#12 C:\laragon\www\SINERGHI\system\Boot.php(67): CodeIgniter\Boot::runCodeIgniter(Object(CodeIgniter\CodeIgniter))
#13 C:\laragon\www\SINERGHI\public\index.php(56): CodeIgniter\Boot::bootWeb(Object(Config\Paths))
#14 C:\laragon\www\SINERGHI\system\rewrite.php(44): require_once('C:\\laragon\\www\\...')
#15 {main}

Next CodeIgniter\Database\Exceptions\DatabaseException: Unknown database 'studydb' in C:\laragon\www\SINERGHI\system\Database\MySQLi\Connection.php:231
Stack trace:
#0 C:\laragon\www\SINERGHI\system\Database\BaseConnection.php(421): CodeIgniter\Database\MySQLi\Connection->connect(false)
#1 C:\laragon\www\SINERGHI\system\Database\BaseConnection.php(616): CodeIgniter\Database\BaseConnection->initialize()
#2 C:\laragon\www\SINERGHI\system\Database\BaseBuilder.php(1644): CodeIgniter\Database\BaseConnection->query('SELECT *\nFROM `...', Array, false)
#3 C:\laragon\www\SINERGHI\system\Model.php(330): CodeIgniter\Database\BaseBuilder->get()
#4 C:\laragon\www\SINERGHI\system\BaseModel.php(714): CodeIgniter\Model->doFirst()
#5 C:\laragon\www\SINERGHI\app\Models\UserModel.php(18): CodeIgniter\BaseModel->first()
#6 C:\laragon\www\SINERGHI\app\Controllers\DashboardControllers.php(30): App\Models\UserModel->getUserById('4')
#7 C:\laragon\www\SINERGHI\system\CodeIgniter.php(933): App\Controllers\DashboardControllers->index()
#8 C:\laragon\www\SINERGHI\system\CodeIgniter.php(509): CodeIgniter\CodeIgniter->runController(Object(App\Controllers\DashboardControllers))
#9 C:\laragon\www\SINERGHI\system\CodeIgniter.php(355): CodeIgniter\CodeIgniter->handleRequest(NULL, Object(Config\Cache), false)
#10 C:\laragon\www\SINERGHI\system\Boot.php(325): CodeIgniter\CodeIgniter->run()
#11 C:\laragon\www\SINERGHI\system\Boot.php(67): CodeIgniter\Boot::runCodeIgniter(Object(CodeIgniter\CodeIgniter))
#12 C:\laragon\www\SINERGHI\public\index.php(56): CodeIgniter\Boot::bootWeb(Object(Config\Paths))
#13 C:\laragon\www\SINERGHI\system\rewrite.php(44): require_once('C:\\laragon\\www\\...')
#14 {main}
CRITICAL - 2024-07-16 09:04:15 --> CodeIgniter\Database\Exceptions\DatabaseException: Unable to connect to the database.
Main connection [MySQLi]: Unknown database 'studydb'
[Method: GET, Route: dashboard]
in SYSTEMPATH\Database\BaseConnection.php on line 467.
 1 SYSTEMPATH\Database\BaseConnection.php(616): CodeIgniter\Database\BaseConnection->initialize()
 2 SYSTEMPATH\Database\BaseBuilder.php(1644): CodeIgniter\Database\BaseConnection->query('SELECT *
FROM `users`
WHERE `id` = :id:
 LIMIT 1', [...], false)
 3 SYSTEMPATH\Model.php(330): CodeIgniter\Database\BaseBuilder->get()
 4 SYSTEMPATH\BaseModel.php(714): CodeIgniter\Model->doFirst()
 5 APPPATH\Models\UserModel.php(18): CodeIgniter\BaseModel->first()
 6 APPPATH\Controllers\DashboardControllers.php(30): App\Models\UserModel->getUserById('4')
 7 SYSTEMPATH\CodeIgniter.php(933): App\Controllers\DashboardControllers->index()
 8 SYSTEMPATH\CodeIgniter.php(509): CodeIgniter\CodeIgniter->runController(Object(App\Controllers\DashboardControllers))
 9 SYSTEMPATH\CodeIgniter.php(355): CodeIgniter\CodeIgniter->handleRequest(null, Object(Config\Cache), false)
10 SYSTEMPATH\Boot.php(325): CodeIgniter\CodeIgniter->run()
11 SYSTEMPATH\Boot.php(67): CodeIgniter\Boot::runCodeIgniter(Object(CodeIgniter\CodeIgniter))
12 FCPATH\index.php(56): CodeIgniter\Boot::bootWeb(Object(Config\Paths))
13 SYSTEMPATH\rewrite.php(44): require_once('C:\\laragon\\www\\SINERGHI\\public\\index.php')
INFO - 2024-07-16 09:04:41 --> Session: Class initialized using 'CodeIgniter\Session\Handlers\FileHandler' driver.
DEBUG - 2024-07-16 09:04:41 --> User ID: 4
DEBUG - 2024-07-16 09:04:41 --> User Data: Array
(
    [id] => 4
    [username] => anggiat@gmail.com
    [password] => $2y$10$l0nv.GgDwblAm89Gu4t0Gug65vF7AVvYKxlGPkfoAWWyjnewq68YO
    [created_at] => 2024-07-16 01:48:46
    [updated_at] => 2024-07-16 01:48:46
)

INFO - 2024-07-16 09:04:54 --> Session: Class initialized using 'CodeIgniter\Session\Handlers\FileHandler' driver.
DEBUG - 2024-07-16 09:04:54 --> User ID: 4
DEBUG - 2024-07-16 09:04:54 --> User Data: Array
(
    [id] => 4
    [username] => anggiat@gmail.com
    [password] => $2y$10$l0nv.GgDwblAm89Gu4t0Gug65vF7AVvYKxlGPkfoAWWyjnewq68YO
    [created_at] => 2024-07-16 01:48:46
    [updated_at] => 2024-07-16 01:48:46
)

INFO - 2024-07-16 09:04:59 --> Session: Class initialized using 'CodeIgniter\Session\Handlers\FileHandler' driver.
DEBUG - 2024-07-16 09:04:59 --> User ID: 4
DEBUG - 2024-07-16 09:04:59 --> User Data: Array
(
    [id] => 4
    [username] => anggiat@gmail.com
    [password] => $2y$10$l0nv.GgDwblAm89Gu4t0Gug65vF7AVvYKxlGPkfoAWWyjnewq68YO
    [created_at] => 2024-07-16 01:48:46
    [updated_at] => 2024-07-16 01:48:46
)

INFO - 2024-07-16 09:05:01 --> Session: Class initialized using 'CodeIgniter\Session\Handlers\FileHandler' driver.
DEBUG - 2024-07-16 09:05:01 --> User ID: 4
DEBUG - 2024-07-16 09:05:01 --> User Data: Array
(
    [id] => 4
    [username] => anggiat@gmail.com
    [password] => $2y$10$l0nv.GgDwblAm89Gu4t0Gug65vF7AVvYKxlGPkfoAWWyjnewq68YO
    [created_at] => 2024-07-16 01:48:46
    [updated_at] => 2024-07-16 01:48:46
)

INFO - 2024-07-16 09:05:03 --> Session: Class initialized using 'CodeIgniter\Session\Handlers\FileHandler' driver.
DEBUG - 2024-07-16 09:05:03 --> User ID: 4
DEBUG - 2024-07-16 09:05:03 --> User Data: Array
(
    [id] => 4
    [username] => anggiat@gmail.com
    [password] => $2y$10$l0nv.GgDwblAm89Gu4t0Gug65vF7AVvYKxlGPkfoAWWyjnewq68YO
    [created_at] => 2024-07-16 01:48:46
    [updated_at] => 2024-07-16 01:48:46
)

INFO - 2024-07-16 09:05:35 --> Session: Class initialized using 'CodeIgniter\Session\Handlers\FileHandler' driver.
DEBUG - 2024-07-16 09:05:35 --> User ID: 4
DEBUG - 2024-07-16 09:05:35 --> User Data: Array
(
    [id] => 4
    [username] => anggiat@gmail.com
    [password] => $2y$10$l0nv.GgDwblAm89Gu4t0Gug65vF7AVvYKxlGPkfoAWWyjnewq68YO
    [created_at] => 2024-07-16 01:48:46
    [updated_at] => 2024-07-16 01:48:46
)

INFO - 2024-07-16 09:05:39 --> Session: Class initialized using 'CodeIgniter\Session\Handlers\FileHandler' driver.
