INFO - 2025-03-06 08:23:54 --> Session: Class initialized using 'CodeIgniter\Session\Handlers\FileHandler' driver.
INFO - 2025-03-06 08:24:05 --> Session: Class initialized using 'CodeIgniter\Session\Handlers\FileHandler' driver.
DEBUG - 2025-03-06 08:24:05 --> SSO Callback received. Method: GET, Token: present
DEBUG - 2025-03-06 08:24:05 --> SSO Callback: Attempting to get user data with token
DEBUG - 2025-03-06 08:24:05 --> SSO User data received: {"valid":true,"username":"theophanie.solin","userid":0,"pegawai_id":202}
DEBUG - 2025-03-06 08:24:05 --> SSO Callback: User data received: {"valid":true,"username":"theophanie.solin","userid":0,"pegawai_id":202}
INFO - 2025-03-06 08:24:05 --> SSO Callback: User successfully logged in: theophanie.solin
INFO - 2025-03-06 08:24:05 --> Session: Class initialized using 'CodeIgniter\Session\Handlers\FileHandler' driver.
INFO - 2025-03-06 09:28:44 --> Session: Class initialized using 'CodeIgniter\Session\Handlers\FileHandler' driver.
INFO - 2025-03-06 09:28:59 --> Session: Class initialized using 'CodeIgniter\Session\Handlers\FileHandler' driver.
DEBUG - 2025-03-06 09:28:59 --> SSO Callback received. Method: GET, Token: present
DEBUG - 2025-03-06 09:28:59 --> SSO Callback: Attempting to get user data with token
DEBUG - 2025-03-06 09:28:59 --> SSO User data received: {"valid":true,"username":"andre.lesmana","userid":0,"pegawai_id":146}
DEBUG - 2025-03-06 09:28:59 --> SSO Callback: User data received: {"valid":true,"username":"andre.lesmana","userid":0,"pegawai_id":146}
INFO - 2025-03-06 09:28:59 --> SSO Callback: User successfully logged in: andre.lesmana
INFO - 2025-03-06 09:28:59 --> Session: Class initialized using 'CodeIgniter\Session\Handlers\FileHandler' driver.
INFO - 2025-03-06 09:29:19 --> Session: Class initialized using 'CodeIgniter\Session\Handlers\FileHandler' driver.
INFO - 2025-03-06 09:29:19 --> Session: Class initialized using 'CodeIgniter\Session\Handlers\FileHandler' driver.
INFO - 2025-03-06 09:29:30 --> Session: Class initialized using 'CodeIgniter\Session\Handlers\FileHandler' driver.
INFO - 2025-03-06 09:29:44 --> Session: Class initialized using 'CodeIgniter\Session\Handlers\FileHandler' driver.
DEBUG - 2025-03-06 09:29:44 --> SSO Callback received. Method: GET, Token: present
DEBUG - 2025-03-06 09:29:44 --> SSO Callback: Attempting to get user data with token
DEBUG - 2025-03-06 09:29:44 --> SSO User data received: {"valid":true,"username":"tri.ardiansyah","userid":0,"pegawai_id":184}
DEBUG - 2025-03-06 09:29:44 --> SSO Callback: User data received: {"valid":true,"username":"tri.ardiansyah","userid":0,"pegawai_id":184}
INFO - 2025-03-06 09:29:44 --> SSO Callback: User successfully logged in: tri.ardiansyah
INFO - 2025-03-06 09:29:44 --> Session: Class initialized using 'CodeIgniter\Session\Handlers\FileHandler' driver.
INFO - 2025-03-06 09:29:56 --> Session: Class initialized using 'CodeIgniter\Session\Handlers\FileHandler' driver.
INFO - 2025-03-06 09:29:58 --> Session: Class initialized using 'CodeIgniter\Session\Handlers\FileHandler' driver.
INFO - 2025-03-06 09:30:58 --> Session: Class initialized using 'CodeIgniter\Session\Handlers\FileHandler' driver.
INFO - 2025-03-06 09:32:29 --> Session: Class initialized using 'CodeIgniter\Session\Handlers\FileHandler' driver.
INFO - 2025-03-06 09:35:27 --> Session: Class initialized using 'CodeIgniter\Session\Handlers\FileHandler' driver.
INFO - 2025-03-06 09:38:14 --> Session: Class initialized using 'CodeIgniter\Session\Handlers\FileHandler' driver.
INFO - 2025-03-06 09:38:17 --> Session: Class initialized using 'CodeIgniter\Session\Handlers\FileHandler' driver.
INFO - 2025-03-06 09:38:37 --> Session: Class initialized using 'CodeIgniter\Session\Handlers\FileHandler' driver.
INFO - 2025-03-06 09:38:38 --> Session: Class initialized using 'CodeIgniter\Session\Handlers\FileHandler' driver.
INFO - 2025-03-06 09:39:13 --> Session: Class initialized using 'CodeIgniter\Session\Handlers\FileHandler' driver.
INFO - 2025-03-06 09:39:13 --> Session: Class initialized using 'CodeIgniter\Session\Handlers\FileHandler' driver.
DEBUG - 2025-03-06 09:39:13 --> SSO Callback received. Method: GET, Token: present
DEBUG - 2025-03-06 09:39:13 --> SSO Callback: Attempting to get user data with token
DEBUG - 2025-03-06 09:39:13 --> SSO User data received: {"valid":true,"username":"richa.marchelina","userid":0,"pegawai_id":200}
DEBUG - 2025-03-06 09:39:13 --> SSO Callback: User data received: {"valid":true,"username":"richa.marchelina","userid":0,"pegawai_id":200}
INFO - 2025-03-06 09:39:13 --> SSO Callback: User successfully logged in: richa.marchelina
INFO - 2025-03-06 09:39:14 --> Session: Class initialized using 'CodeIgniter\Session\Handlers\FileHandler' driver.
INFO - 2025-03-06 09:39:23 --> Session: Class initialized using 'CodeIgniter\Session\Handlers\FileHandler' driver.
INFO - 2025-03-06 09:39:26 --> Session: Class initialized using 'CodeIgniter\Session\Handlers\FileHandler' driver.
INFO - 2025-03-06 09:39:30 --> Session: Class initialized using 'CodeIgniter\Session\Handlers\FileHandler' driver.
INFO - 2025-03-06 09:39:35 --> Session: Class initialized using 'CodeIgniter\Session\Handlers\FileHandler' driver.
INFO - 2025-03-06 09:52:28 --> Session: Class initialized using 'CodeIgniter\Session\Handlers\FileHandler' driver.
INFO - 2025-03-06 09:52:47 --> Session: Class initialized using 'CodeIgniter\Session\Handlers\FileHandler' driver.
INFO - 2025-03-06 09:52:50 --> Session: Class initialized using 'CodeIgniter\Session\Handlers\FileHandler' driver.
INFO - 2025-03-06 10:43:37 --> Session: Class initialized using 'CodeIgniter\Session\Handlers\FileHandler' driver.
INFO - 2025-03-06 10:43:41 --> Session: Class initialized using 'CodeIgniter\Session\Handlers\FileHandler' driver.
INFO - 2025-03-06 10:44:03 --> Session: Class initialized using 'CodeIgniter\Session\Handlers\FileHandler' driver.
INFO - 2025-03-06 11:38:58 --> Session: Class initialized using 'CodeIgniter\Session\Handlers\FileHandler' driver.
INFO - 2025-03-06 11:39:01 --> Session: Class initialized using 'CodeIgniter\Session\Handlers\FileHandler' driver.
INFO - 2025-03-06 12:32:16 --> Session: Class initialized using 'CodeIgniter\Session\Handlers\FileHandler' driver.
INFO - 2025-03-06 12:32:23 --> Session: Class initialized using 'CodeIgniter\Session\Handlers\FileHandler' driver.
DEBUG - 2025-03-06 12:32:23 --> SSO Callback received. Method: GET, Token: present
DEBUG - 2025-03-06 12:32:23 --> SSO Callback: Attempting to get user data with token
DEBUG - 2025-03-06 12:32:23 --> SSO User data received: {"valid":true,"username":"richa.marchelina","userid":0,"pegawai_id":200}
DEBUG - 2025-03-06 12:32:23 --> SSO Callback: User data received: {"valid":true,"username":"richa.marchelina","userid":0,"pegawai_id":200}
INFO - 2025-03-06 12:32:23 --> SSO Callback: User successfully logged in: richa.marchelina
INFO - 2025-03-06 12:32:23 --> Session: Class initialized using 'CodeIgniter\Session\Handlers\FileHandler' driver.
INFO - 2025-03-06 12:32:41 --> Session: Class initialized using 'CodeIgniter\Session\Handlers\FileHandler' driver.
INFO - 2025-03-06 12:32:43 --> Session: Class initialized using 'CodeIgniter\Session\Handlers\FileHandler' driver.
INFO - 2025-03-06 12:40:12 --> Session: Class initialized using 'CodeIgniter\Session\Handlers\FileHandler' driver.
INFO - 2025-03-06 12:40:16 --> Session: Class initialized using 'CodeIgniter\Session\Handlers\FileHandler' driver.
INFO - 2025-03-06 12:40:31 --> Session: Class initialized using 'CodeIgniter\Session\Handlers\FileHandler' driver.
INFO - 2025-03-06 12:40:42 --> Session: Class initialized using 'CodeIgniter\Session\Handlers\FileHandler' driver.
INFO - 2025-03-06 14:30:49 --> Session: Class initialized using 'CodeIgniter\Session\Handlers\FileHandler' driver.
INFO - 2025-03-06 14:31:17 --> Session: Class initialized using 'CodeIgniter\Session\Handlers\FileHandler' driver.
