INFO - 2024-08-05 02:42:39 --> Session: Class initialized using 'CodeIgniter\Session\Handlers\FileHandler' driver.
INFO - 2024-08-05 02:42:50 --> Session: Class initialized using 'CodeIgniter\Session\Handlers\FileHandler' driver.
INFO - 2024-08-05 02:42:51 --> Session: Class initialized using 'CodeIgniter\Session\Handlers\FileHandler' driver.
DEBUG - 2024-08-05 02:42:51 --> User ID: 16
INFO - 2024-08-05 02:52:52 --> Session: Class initialized using 'CodeIgniter\Session\Handlers\FileHandler' driver.
DEBUG - 2024-08-05 02:52:52 --> User ID: 16
INFO - 2024-08-05 02:53:57 --> Session: Class initialized using 'CodeIgniter\Session\Handlers\FileHandler' driver.
DEBUG - 2024-08-05 02:53:57 --> User ID: 16
INFO - 2024-08-05 02:54:13 --> Session: Class initialized using 'CodeIgniter\Session\Handlers\FileHandler' driver.
DEBUG - 2024-08-05 02:54:13 --> User ID: 16
INFO - 2024-08-05 02:54:55 --> Session: Class initialized using 'CodeIgniter\Session\Handlers\FileHandler' driver.
DEBUG - 2024-08-05 02:54:55 --> User ID: 16
INFO - 2024-08-05 02:55:06 --> Session: Class initialized using 'CodeIgniter\Session\Handlers\FileHandler' driver.
DEBUG - 2024-08-05 02:55:06 --> User ID: 16
INFO - 2024-08-05 02:55:30 --> Session: Class initialized using 'CodeIgniter\Session\Handlers\FileHandler' driver.
DEBUG - 2024-08-05 02:55:30 --> User ID: 16
INFO - 2024-08-05 02:56:28 --> Session: Class initialized using 'CodeIgniter\Session\Handlers\FileHandler' driver.
DEBUG - 2024-08-05 02:56:28 --> User ID: 16
INFO - 2024-08-05 02:56:54 --> Session: Class initialized using 'CodeIgniter\Session\Handlers\FileHandler' driver.
DEBUG - 2024-08-05 02:56:54 --> User ID: 16
INFO - 2024-08-05 03:00:34 --> Session: Class initialized using 'CodeIgniter\Session\Handlers\FileHandler' driver.
DEBUG - 2024-08-05 03:00:34 --> User ID: 16
INFO - 2024-08-05 03:01:50 --> Session: Class initialized using 'CodeIgniter\Session\Handlers\FileHandler' driver.
DEBUG - 2024-08-05 03:01:50 --> User ID: 16
INFO - 2024-08-05 03:02:27 --> Session: Class initialized using 'CodeIgniter\Session\Handlers\FileHandler' driver.
DEBUG - 2024-08-05 03:02:27 --> User ID: 16
INFO - 2024-08-05 03:03:27 --> Session: Class initialized using 'CodeIgniter\Session\Handlers\FileHandler' driver.
DEBUG - 2024-08-05 03:03:27 --> User ID: 16
INFO - 2024-08-05 03:03:45 --> Session: Class initialized using 'CodeIgniter\Session\Handlers\FileHandler' driver.
DEBUG - 2024-08-05 03:03:45 --> User ID: 16
INFO - 2024-08-05 03:04:21 --> Session: Class initialized using 'CodeIgniter\Session\Handlers\FileHandler' driver.
DEBUG - 2024-08-05 03:04:21 --> User ID: 16
INFO - 2024-08-05 03:04:38 --> Session: Class initialized using 'CodeIgniter\Session\Handlers\FileHandler' driver.
DEBUG - 2024-08-05 03:04:38 --> User ID: 16
INFO - 2024-08-05 03:04:56 --> Session: Class initialized using 'CodeIgniter\Session\Handlers\FileHandler' driver.
DEBUG - 2024-08-05 03:04:56 --> User ID: 16
INFO - 2024-08-05 03:06:07 --> Session: Class initialized using 'CodeIgniter\Session\Handlers\FileHandler' driver.
DEBUG - 2024-08-05 03:06:07 --> User ID: 16
INFO - 2024-08-05 03:06:32 --> Session: Class initialized using 'CodeIgniter\Session\Handlers\FileHandler' driver.
DEBUG - 2024-08-05 03:06:32 --> User ID: 16
INFO - 2024-08-05 03:09:03 --> Session: Class initialized using 'CodeIgniter\Session\Handlers\FileHandler' driver.
DEBUG - 2024-08-05 03:09:03 --> User ID: 16
INFO - 2024-08-05 03:09:40 --> Session: Class initialized using 'CodeIgniter\Session\Handlers\FileHandler' driver.
DEBUG - 2024-08-05 03:09:40 --> User ID: 16
INFO - 2024-08-05 03:11:32 --> Session: Class initialized using 'CodeIgniter\Session\Handlers\FileHandler' driver.
DEBUG - 2024-08-05 03:11:32 --> User ID: 16
INFO - 2024-08-05 03:11:44 --> Session: Class initialized using 'CodeIgniter\Session\Handlers\FileHandler' driver.
DEBUG - 2024-08-05 03:11:44 --> User ID: 16
INFO - 2024-08-05 03:14:48 --> Session: Class initialized using 'CodeIgniter\Session\Handlers\FileHandler' driver.
DEBUG - 2024-08-05 03:14:48 --> User ID: 16
INFO - 2024-08-05 03:16:07 --> Session: Class initialized using 'CodeIgniter\Session\Handlers\FileHandler' driver.
DEBUG - 2024-08-05 03:16:07 --> User ID: 16
INFO - 2024-08-05 03:16:19 --> Session: Class initialized using 'CodeIgniter\Session\Handlers\FileHandler' driver.
DEBUG - 2024-08-05 03:16:19 --> User ID: 16
INFO - 2024-08-05 03:17:04 --> Session: Class initialized using 'CodeIgniter\Session\Handlers\FileHandler' driver.
DEBUG - 2024-08-05 03:17:04 --> User ID: 16
INFO - 2024-08-05 03:17:24 --> Session: Class initialized using 'CodeIgniter\Session\Handlers\FileHandler' driver.
DEBUG - 2024-08-05 03:17:24 --> User ID: 16
INFO - 2024-08-05 03:17:36 --> Session: Class initialized using 'CodeIgniter\Session\Handlers\FileHandler' driver.
DEBUG - 2024-08-05 03:17:36 --> User ID: 16
INFO - 2024-08-05 03:42:21 --> Session: Class initialized using 'CodeIgniter\Session\Handlers\FileHandler' driver.
DEBUG - 2024-08-05 03:42:21 --> User ID: 16
INFO - 2024-08-05 03:42:41 --> Session: Class initialized using 'CodeIgniter\Session\Handlers\FileHandler' driver.
DEBUG - 2024-08-05 03:42:41 --> User ID: 16
INFO - 2024-08-05 03:43:21 --> Session: Class initialized using 'CodeIgniter\Session\Handlers\FileHandler' driver.
DEBUG - 2024-08-05 03:43:21 --> User ID: 16
INFO - 2024-08-05 03:43:35 --> Session: Class initialized using 'CodeIgniter\Session\Handlers\FileHandler' driver.
DEBUG - 2024-08-05 03:43:35 --> User ID: 16
INFO - 2024-08-05 03:44:08 --> Session: Class initialized using 'CodeIgniter\Session\Handlers\FileHandler' driver.
DEBUG - 2024-08-05 03:44:08 --> User ID: 16
INFO - 2024-08-05 03:44:18 --> Session: Class initialized using 'CodeIgniter\Session\Handlers\FileHandler' driver.
DEBUG - 2024-08-05 03:44:18 --> User ID: 16
INFO - 2024-08-05 03:46:23 --> Session: Class initialized using 'CodeIgniter\Session\Handlers\FileHandler' driver.
DEBUG - 2024-08-05 03:46:23 --> User ID: 16
INFO - 2024-08-05 03:46:54 --> Session: Class initialized using 'CodeIgniter\Session\Handlers\FileHandler' driver.
DEBUG - 2024-08-05 03:46:54 --> User ID: 16
INFO - 2024-08-05 03:48:01 --> Session: Class initialized using 'CodeIgniter\Session\Handlers\FileHandler' driver.
DEBUG - 2024-08-05 03:48:01 --> User ID: 16
INFO - 2024-08-05 03:50:03 --> Session: Class initialized using 'CodeIgniter\Session\Handlers\FileHandler' driver.
DEBUG - 2024-08-05 03:50:03 --> User ID: 16
INFO - 2024-08-05 03:50:17 --> Session: Class initialized using 'CodeIgniter\Session\Handlers\FileHandler' driver.
DEBUG - 2024-08-05 03:50:17 --> User ID: 16
INFO - 2024-08-05 03:50:41 --> Session: Class initialized using 'CodeIgniter\Session\Handlers\FileHandler' driver.
DEBUG - 2024-08-05 03:50:41 --> User ID: 16
INFO - 2024-08-05 03:50:58 --> Session: Class initialized using 'CodeIgniter\Session\Handlers\FileHandler' driver.
DEBUG - 2024-08-05 03:50:58 --> User ID: 16
INFO - 2024-08-05 03:51:12 --> Session: Class initialized using 'CodeIgniter\Session\Handlers\FileHandler' driver.
DEBUG - 2024-08-05 03:51:12 --> User ID: 16
INFO - 2024-08-05 03:55:15 --> Session: Class initialized using 'CodeIgniter\Session\Handlers\FileHandler' driver.
DEBUG - 2024-08-05 03:55:15 --> User ID: 16
INFO - 2024-08-05 03:56:40 --> Session: Class initialized using 'CodeIgniter\Session\Handlers\FileHandler' driver.
DEBUG - 2024-08-05 03:56:40 --> User ID: 16
INFO - 2024-08-05 03:58:18 --> Session: Class initialized using 'CodeIgniter\Session\Handlers\FileHandler' driver.
DEBUG - 2024-08-05 03:58:18 --> User ID: 16
INFO - 2024-08-05 03:58:47 --> Session: Class initialized using 'CodeIgniter\Session\Handlers\FileHandler' driver.
DEBUG - 2024-08-05 03:58:47 --> User ID: 16
INFO - 2024-08-05 03:59:00 --> Session: Class initialized using 'CodeIgniter\Session\Handlers\FileHandler' driver.
DEBUG - 2024-08-05 03:59:00 --> User ID: 16
INFO - 2024-08-05 03:59:03 --> Session: Class initialized using 'CodeIgniter\Session\Handlers\FileHandler' driver.
DEBUG - 2024-08-05 03:59:04 --> User ID: 16
INFO - 2024-08-05 03:59:07 --> Session: Class initialized using 'CodeIgniter\Session\Handlers\FileHandler' driver.
DEBUG - 2024-08-05 03:59:07 --> User ID: 16
INFO - 2024-08-05 03:59:11 --> Session: Class initialized using 'CodeIgniter\Session\Handlers\FileHandler' driver.
DEBUG - 2024-08-05 03:59:11 --> User ID: 16
INFO - 2024-08-05 04:07:37 --> Session: Class initialized using 'CodeIgniter\Session\Handlers\FileHandler' driver.
DEBUG - 2024-08-05 04:07:37 --> User ID: 16
INFO - 2024-08-05 04:11:49 --> Session: Class initialized using 'CodeIgniter\Session\Handlers\FileHandler' driver.
DEBUG - 2024-08-05 04:11:49 --> User ID: 16
INFO - 2024-08-05 04:12:07 --> Session: Class initialized using 'CodeIgniter\Session\Handlers\FileHandler' driver.
DEBUG - 2024-08-05 04:12:07 --> User ID: 16
INFO - 2024-08-05 04:15:04 --> Session: Class initialized using 'CodeIgniter\Session\Handlers\FileHandler' driver.
DEBUG - 2024-08-05 04:15:04 --> User ID: 16
INFO - 2024-08-05 04:15:13 --> Session: Class initialized using 'CodeIgniter\Session\Handlers\FileHandler' driver.
DEBUG - 2024-08-05 04:15:13 --> User ID: 16
INFO - 2024-08-05 04:19:50 --> Session: Class initialized using 'CodeIgniter\Session\Handlers\FileHandler' driver.
DEBUG - 2024-08-05 04:19:50 --> User ID: 16
INFO - 2024-08-05 04:20:01 --> Session: Class initialized using 'CodeIgniter\Session\Handlers\FileHandler' driver.
DEBUG - 2024-08-05 04:20:01 --> User ID: 16
INFO - 2024-08-05 04:20:29 --> Session: Class initialized using 'CodeIgniter\Session\Handlers\FileHandler' driver.
DEBUG - 2024-08-05 04:20:29 --> User ID: 16
INFO - 2024-08-05 04:20:45 --> Session: Class initialized using 'CodeIgniter\Session\Handlers\FileHandler' driver.
DEBUG - 2024-08-05 04:20:45 --> User ID: 16
INFO - 2024-08-05 04:29:07 --> Session: Class initialized using 'CodeIgniter\Session\Handlers\FileHandler' driver.
DEBUG - 2024-08-05 04:29:07 --> User ID: 16
INFO - 2024-08-05 04:36:28 --> Session: Class initialized using 'CodeIgniter\Session\Handlers\FileHandler' driver.
DEBUG - 2024-08-05 04:36:28 --> User ID: 16
INFO - 2024-08-05 04:37:02 --> Session: Class initialized using 'CodeIgniter\Session\Handlers\FileHandler' driver.
DEBUG - 2024-08-05 04:37:02 --> User ID: 16
INFO - 2024-08-05 04:37:18 --> Session: Class initialized using 'CodeIgniter\Session\Handlers\FileHandler' driver.
DEBUG - 2024-08-05 04:37:18 --> User ID: 16
INFO - 2024-08-05 04:37:40 --> Session: Class initialized using 'CodeIgniter\Session\Handlers\FileHandler' driver.
DEBUG - 2024-08-05 04:37:40 --> User ID: 16
INFO - 2024-08-05 04:38:23 --> Session: Class initialized using 'CodeIgniter\Session\Handlers\FileHandler' driver.
DEBUG - 2024-08-05 04:38:23 --> User ID: 16
INFO - 2024-08-05 04:42:50 --> Session: Class initialized using 'CodeIgniter\Session\Handlers\FileHandler' driver.
DEBUG - 2024-08-05 04:42:50 --> User ID: 16
INFO - 2024-08-05 04:43:07 --> Session: Class initialized using 'CodeIgniter\Session\Handlers\FileHandler' driver.
DEBUG - 2024-08-05 04:43:07 --> User ID: 16
INFO - 2024-08-05 04:43:56 --> Session: Class initialized using 'CodeIgniter\Session\Handlers\FileHandler' driver.
DEBUG - 2024-08-05 04:43:56 --> User ID: 16
INFO - 2024-08-05 04:44:07 --> Session: Class initialized using 'CodeIgniter\Session\Handlers\FileHandler' driver.
DEBUG - 2024-08-05 04:44:07 --> User ID: 16
INFO - 2024-08-05 04:44:48 --> Session: Class initialized using 'CodeIgniter\Session\Handlers\FileHandler' driver.
DEBUG - 2024-08-05 04:44:48 --> User ID: 16
INFO - 2024-08-05 04:47:32 --> Session: Class initialized using 'CodeIgniter\Session\Handlers\FileHandler' driver.
DEBUG - 2024-08-05 04:47:32 --> User ID: 16
INFO - 2024-08-05 04:48:25 --> Session: Class initialized using 'CodeIgniter\Session\Handlers\FileHandler' driver.
DEBUG - 2024-08-05 04:48:25 --> User ID: 16
INFO - 2024-08-05 04:52:55 --> Session: Class initialized using 'CodeIgniter\Session\Handlers\FileHandler' driver.
DEBUG - 2024-08-05 04:52:55 --> User ID: 16
INFO - 2024-08-05 04:54:43 --> Session: Class initialized using 'CodeIgniter\Session\Handlers\FileHandler' driver.
DEBUG - 2024-08-05 04:54:43 --> User ID: 16
INFO - 2024-08-05 04:55:17 --> Session: Class initialized using 'CodeIgniter\Session\Handlers\FileHandler' driver.
DEBUG - 2024-08-05 04:55:17 --> User ID: 16
INFO - 2024-08-05 04:56:50 --> Session: Class initialized using 'CodeIgniter\Session\Handlers\FileHandler' driver.
DEBUG - 2024-08-05 04:56:50 --> User ID: 16
INFO - 2024-08-05 04:57:03 --> Session: Class initialized using 'CodeIgniter\Session\Handlers\FileHandler' driver.
DEBUG - 2024-08-05 04:57:03 --> User ID: 16
INFO - 2024-08-05 04:57:33 --> Session: Class initialized using 'CodeIgniter\Session\Handlers\FileHandler' driver.
DEBUG - 2024-08-05 04:57:33 --> User ID: 16
INFO - 2024-08-05 04:58:31 --> Session: Class initialized using 'CodeIgniter\Session\Handlers\FileHandler' driver.
DEBUG - 2024-08-05 04:58:31 --> User ID: 16
INFO - 2024-08-05 05:00:56 --> Session: Class initialized using 'CodeIgniter\Session\Handlers\FileHandler' driver.
DEBUG - 2024-08-05 05:00:56 --> User ID: 16
INFO - 2024-08-05 05:01:44 --> Session: Class initialized using 'CodeIgniter\Session\Handlers\FileHandler' driver.
DEBUG - 2024-08-05 05:01:44 --> User ID: 16
INFO - 2024-08-05 05:02:19 --> Session: Class initialized using 'CodeIgniter\Session\Handlers\FileHandler' driver.
INFO - 2024-08-05 05:02:30 --> Session: Class initialized using 'CodeIgniter\Session\Handlers\FileHandler' driver.
INFO - 2024-08-05 05:02:31 --> Session: Class initialized using 'CodeIgniter\Session\Handlers\FileHandler' driver.
DEBUG - 2024-08-05 05:02:31 --> User ID: 16
INFO - 2024-08-05 05:02:37 --> Session: Class initialized using 'CodeIgniter\Session\Handlers\FileHandler' driver.
DEBUG - 2024-08-05 05:02:37 --> User ID: 16
INFO - 2024-08-05 05:07:37 --> Session: Class initialized using 'CodeIgniter\Session\Handlers\FileHandler' driver.
DEBUG - 2024-08-05 05:07:37 --> User ID: 16
INFO - 2024-08-05 05:08:00 --> Session: Class initialized using 'CodeIgniter\Session\Handlers\FileHandler' driver.
DEBUG - 2024-08-05 05:08:00 --> User ID: 16
INFO - 2024-08-05 05:09:29 --> Session: Class initialized using 'CodeIgniter\Session\Handlers\FileHandler' driver.
DEBUG - 2024-08-05 05:09:29 --> User ID: 16
INFO - 2024-08-05 05:09:53 --> Session: Class initialized using 'CodeIgniter\Session\Handlers\FileHandler' driver.
DEBUG - 2024-08-05 05:09:53 --> User ID: 16
INFO - 2024-08-05 05:09:55 --> Session: Class initialized using 'CodeIgniter\Session\Handlers\FileHandler' driver.
DEBUG - 2024-08-05 05:09:55 --> User ID: 16
INFO - 2024-08-05 05:10:11 --> Session: Class initialized using 'CodeIgniter\Session\Handlers\FileHandler' driver.
DEBUG - 2024-08-05 05:10:11 --> User ID: 16
INFO - 2024-08-05 05:10:38 --> Session: Class initialized using 'CodeIgniter\Session\Handlers\FileHandler' driver.
DEBUG - 2024-08-05 05:10:38 --> User ID: 16
INFO - 2024-08-05 05:10:53 --> Session: Class initialized using 'CodeIgniter\Session\Handlers\FileHandler' driver.
DEBUG - 2024-08-05 05:10:53 --> User ID: 16
INFO - 2024-08-05 05:11:04 --> Session: Class initialized using 'CodeIgniter\Session\Handlers\FileHandler' driver.
DEBUG - 2024-08-05 05:11:04 --> User ID: 16
INFO - 2024-08-05 06:42:57 --> Session: Class initialized using 'CodeIgniter\Session\Handlers\FileHandler' driver.
DEBUG - 2024-08-05 06:42:57 --> User ID: 16
INFO - 2024-08-05 06:43:37 --> Session: Class initialized using 'CodeIgniter\Session\Handlers\FileHandler' driver.
DEBUG - 2024-08-05 06:43:37 --> User ID: 16
INFO - 2024-08-05 06:47:44 --> Session: Class initialized using 'CodeIgniter\Session\Handlers\FileHandler' driver.
DEBUG - 2024-08-05 06:47:44 --> User ID: 16
INFO - 2024-08-05 06:51:31 --> Session: Class initialized using 'CodeIgniter\Session\Handlers\FileHandler' driver.
DEBUG - 2024-08-05 06:51:31 --> User ID: 16
INFO - 2024-08-05 06:52:50 --> Session: Class initialized using 'CodeIgniter\Session\Handlers\FileHandler' driver.
DEBUG - 2024-08-05 06:52:50 --> User ID: 16
INFO - 2024-08-05 06:53:09 --> Session: Class initialized using 'CodeIgniter\Session\Handlers\FileHandler' driver.
DEBUG - 2024-08-05 06:53:09 --> User ID: 16
INFO - 2024-08-05 06:55:40 --> Session: Class initialized using 'CodeIgniter\Session\Handlers\FileHandler' driver.
DEBUG - 2024-08-05 06:55:40 --> User ID: 16
INFO - 2024-08-05 06:55:47 --> Session: Class initialized using 'CodeIgniter\Session\Handlers\FileHandler' driver.
DEBUG - 2024-08-05 06:55:47 --> User ID: 16
INFO - 2024-08-05 06:56:26 --> Session: Class initialized using 'CodeIgniter\Session\Handlers\FileHandler' driver.
DEBUG - 2024-08-05 06:56:26 --> User ID: 16
INFO - 2024-08-05 07:00:40 --> Session: Class initialized using 'CodeIgniter\Session\Handlers\FileHandler' driver.
DEBUG - 2024-08-05 07:00:40 --> User ID: 16
INFO - 2024-08-05 07:01:03 --> Session: Class initialized using 'CodeIgniter\Session\Handlers\FileHandler' driver.
DEBUG - 2024-08-05 07:01:03 --> User ID: 16
INFO - 2024-08-05 07:04:09 --> Session: Class initialized using 'CodeIgniter\Session\Handlers\FileHandler' driver.
DEBUG - 2024-08-05 07:04:09 --> User ID: 16
INFO - 2024-08-05 07:04:51 --> Session: Class initialized using 'CodeIgniter\Session\Handlers\FileHandler' driver.
DEBUG - 2024-08-05 07:04:51 --> User ID: 16
INFO - 2024-08-05 07:05:04 --> Session: Class initialized using 'CodeIgniter\Session\Handlers\FileHandler' driver.
DEBUG - 2024-08-05 07:05:04 --> User ID: 16
INFO - 2024-08-05 07:05:54 --> Session: Class initialized using 'CodeIgniter\Session\Handlers\FileHandler' driver.
DEBUG - 2024-08-05 07:05:54 --> User ID: 16
INFO - 2024-08-05 07:06:15 --> Session: Class initialized using 'CodeIgniter\Session\Handlers\FileHandler' driver.
DEBUG - 2024-08-05 07:06:15 --> User ID: 16
INFO - 2024-08-05 07:06:23 --> Session: Class initialized using 'CodeIgniter\Session\Handlers\FileHandler' driver.
DEBUG - 2024-08-05 07:06:23 --> User ID: 16
INFO - 2024-08-05 07:06:35 --> Session: Class initialized using 'CodeIgniter\Session\Handlers\FileHandler' driver.
DEBUG - 2024-08-05 07:06:35 --> User ID: 16
INFO - 2024-08-05 07:06:43 --> Session: Class initialized using 'CodeIgniter\Session\Handlers\FileHandler' driver.
DEBUG - 2024-08-05 07:06:43 --> User ID: 16
INFO - 2024-08-05 07:06:59 --> Session: Class initialized using 'CodeIgniter\Session\Handlers\FileHandler' driver.
DEBUG - 2024-08-05 07:06:59 --> User ID: 16
INFO - 2024-08-05 07:08:12 --> Session: Class initialized using 'CodeIgniter\Session\Handlers\FileHandler' driver.
DEBUG - 2024-08-05 07:08:12 --> User ID: 16
INFO - 2024-08-05 07:14:46 --> Session: Class initialized using 'CodeIgniter\Session\Handlers\FileHandler' driver.
DEBUG - 2024-08-05 07:14:46 --> User ID: 16
INFO - 2024-08-05 07:18:44 --> Session: Class initialized using 'CodeIgniter\Session\Handlers\FileHandler' driver.
DEBUG - 2024-08-05 07:18:44 --> User ID: 16
INFO - 2024-08-05 07:26:24 --> Session: Class initialized using 'CodeIgniter\Session\Handlers\FileHandler' driver.
DEBUG - 2024-08-05 07:26:24 --> User ID: 16
INFO - 2024-08-05 07:30:35 --> Session: Class initialized using 'CodeIgniter\Session\Handlers\FileHandler' driver.
DEBUG - 2024-08-05 07:30:35 --> User ID: 16
INFO - 2024-08-05 07:34:02 --> Session: Class initialized using 'CodeIgniter\Session\Handlers\FileHandler' driver.
DEBUG - 2024-08-05 07:34:02 --> User ID: 16
INFO - 2024-08-05 07:36:29 --> Session: Class initialized using 'CodeIgniter\Session\Handlers\FileHandler' driver.
DEBUG - 2024-08-05 07:36:29 --> User ID: 16
INFO - 2024-08-05 07:36:53 --> Session: Class initialized using 'CodeIgniter\Session\Handlers\FileHandler' driver.
DEBUG - 2024-08-05 07:36:53 --> User ID: 16
INFO - 2024-08-05 07:37:03 --> Session: Class initialized using 'CodeIgniter\Session\Handlers\FileHandler' driver.
DEBUG - 2024-08-05 07:37:03 --> User ID: 16
INFO - 2024-08-05 07:37:13 --> Session: Class initialized using 'CodeIgniter\Session\Handlers\FileHandler' driver.
DEBUG - 2024-08-05 07:37:13 --> User ID: 16
INFO - 2024-08-05 07:37:22 --> Session: Class initialized using 'CodeIgniter\Session\Handlers\FileHandler' driver.
DEBUG - 2024-08-05 07:37:22 --> User ID: 16
INFO - 2024-08-05 07:37:28 --> Session: Class initialized using 'CodeIgniter\Session\Handlers\FileHandler' driver.
DEBUG - 2024-08-05 07:37:28 --> User ID: 16
INFO - 2024-08-05 07:40:36 --> Session: Class initialized using 'CodeIgniter\Session\Handlers\FileHandler' driver.
DEBUG - 2024-08-05 07:40:36 --> User ID: 16
INFO - 2024-08-05 07:40:57 --> Session: Class initialized using 'CodeIgniter\Session\Handlers\FileHandler' driver.
DEBUG - 2024-08-05 07:40:57 --> User ID: 16
INFO - 2024-08-05 07:41:04 --> Session: Class initialized using 'CodeIgniter\Session\Handlers\FileHandler' driver.
DEBUG - 2024-08-05 07:41:04 --> User ID: 16
INFO - 2024-08-05 07:41:06 --> Session: Class initialized using 'CodeIgniter\Session\Handlers\FileHandler' driver.
DEBUG - 2024-08-05 07:41:06 --> User ID: 16
INFO - 2024-08-05 07:41:38 --> Session: Class initialized using 'CodeIgniter\Session\Handlers\FileHandler' driver.
DEBUG - 2024-08-05 07:41:38 --> User ID: 16
INFO - 2024-08-05 07:42:07 --> Session: Class initialized using 'CodeIgniter\Session\Handlers\FileHandler' driver.
DEBUG - 2024-08-05 07:42:08 --> User ID: 16
INFO - 2024-08-05 07:42:59 --> Session: Class initialized using 'CodeIgniter\Session\Handlers\FileHandler' driver.
DEBUG - 2024-08-05 07:42:59 --> User ID: 16
INFO - 2024-08-05 07:44:12 --> Session: Class initialized using 'CodeIgniter\Session\Handlers\FileHandler' driver.
DEBUG - 2024-08-05 07:44:12 --> User ID: 16
INFO - 2024-08-05 07:50:59 --> Session: Class initialized using 'CodeIgniter\Session\Handlers\FileHandler' driver.
DEBUG - 2024-08-05 07:50:59 --> User ID: 16
INFO - 2024-08-05 07:51:45 --> Session: Class initialized using 'CodeIgniter\Session\Handlers\FileHandler' driver.
DEBUG - 2024-08-05 07:51:45 --> User ID: 16
INFO - 2024-08-05 07:51:48 --> Session: Class initialized using 'CodeIgniter\Session\Handlers\FileHandler' driver.
DEBUG - 2024-08-05 07:51:48 --> User ID: 16
INFO - 2024-08-05 07:54:18 --> Session: Class initialized using 'CodeIgniter\Session\Handlers\FileHandler' driver.
DEBUG - 2024-08-05 07:54:18 --> User ID: 16
INFO - 2024-08-05 08:01:26 --> Session: Class initialized using 'CodeIgniter\Session\Handlers\FileHandler' driver.
DEBUG - 2024-08-05 08:01:26 --> User ID: 16
INFO - 2024-08-05 08:09:31 --> Session: Class initialized using 'CodeIgniter\Session\Handlers\FileHandler' driver.
DEBUG - 2024-08-05 08:09:31 --> User ID: 16
INFO - 2024-08-05 08:16:42 --> Session: Class initialized using 'CodeIgniter\Session\Handlers\FileHandler' driver.
DEBUG - 2024-08-05 08:16:42 --> User ID: 16
INFO - 2024-08-05 08:17:12 --> Session: Class initialized using 'CodeIgniter\Session\Handlers\FileHandler' driver.
DEBUG - 2024-08-05 08:17:12 --> User ID: 16
INFO - 2024-08-05 08:18:13 --> Session: Class initialized using 'CodeIgniter\Session\Handlers\FileHandler' driver.
DEBUG - 2024-08-05 08:18:13 --> User ID: 16
INFO - 2024-08-05 08:19:51 --> Session: Class initialized using 'CodeIgniter\Session\Handlers\FileHandler' driver.
DEBUG - 2024-08-05 08:19:51 --> User ID: 16
INFO - 2024-08-05 08:24:27 --> Session: Class initialized using 'CodeIgniter\Session\Handlers\FileHandler' driver.
DEBUG - 2024-08-05 08:24:27 --> User ID: 16
INFO - 2024-08-05 08:24:45 --> Session: Class initialized using 'CodeIgniter\Session\Handlers\FileHandler' driver.
DEBUG - 2024-08-05 08:24:45 --> User ID: 16
INFO - 2024-08-05 09:16:11 --> Session: Class initialized using 'CodeIgniter\Session\Handlers\FileHandler' driver.
DEBUG - 2024-08-05 09:16:11 --> User ID: 16
INFO - 2024-08-05 09:16:24 --> Session: Class initialized using 'CodeIgniter\Session\Handlers\FileHandler' driver.
DEBUG - 2024-08-05 09:16:24 --> User ID: 16
INFO - 2024-08-05 11:17:35 --> Session: Class initialized using 'CodeIgniter\Session\Handlers\FileHandler' driver.
INFO - 2024-08-05 11:17:50 --> Session: Class initialized using 'CodeIgniter\Session\Handlers\FileHandler' driver.
INFO - 2024-08-05 11:17:52 --> Session: Class initialized using 'CodeIgniter\Session\Handlers\FileHandler' driver.
DEBUG - 2024-08-05 11:17:52 --> User ID: 15
INFO - 2024-08-05 11:27:13 --> Session: Class initialized using 'CodeIgniter\Session\Handlers\FileHandler' driver.
DEBUG - 2024-08-05 11:27:13 --> User ID: 15
INFO - 2024-08-05 11:33:06 --> Session: Class initialized using 'CodeIgniter\Session\Handlers\FileHandler' driver.
DEBUG - 2024-08-05 11:33:06 --> User ID: 15
INFO - 2024-08-05 11:38:31 --> Session: Class initialized using 'CodeIgniter\Session\Handlers\FileHandler' driver.
DEBUG - 2024-08-05 11:38:31 --> User ID: 15
INFO - 2024-08-05 11:38:50 --> Session: Class initialized using 'CodeIgniter\Session\Handlers\FileHandler' driver.
DEBUG - 2024-08-05 11:38:50 --> User ID: 15
INFO - 2024-08-05 11:44:18 --> Session: Class initialized using 'CodeIgniter\Session\Handlers\FileHandler' driver.
DEBUG - 2024-08-05 11:44:18 --> User ID: 15
INFO - 2024-08-05 11:44:35 --> Session: Class initialized using 'CodeIgniter\Session\Handlers\FileHandler' driver.
DEBUG - 2024-08-05 11:44:35 --> User ID: 15
INFO - 2024-08-05 11:50:53 --> Session: Class initialized using 'CodeIgniter\Session\Handlers\FileHandler' driver.
DEBUG - 2024-08-05 11:50:53 --> User ID: 15
INFO - 2024-08-05 11:51:12 --> Session: Class initialized using 'CodeIgniter\Session\Handlers\FileHandler' driver.
INFO - 2024-08-05 11:51:13 --> Session: Class initialized using 'CodeIgniter\Session\Handlers\FileHandler' driver.
INFO - 2024-08-05 11:51:24 --> Session: Class initialized using 'CodeIgniter\Session\Handlers\FileHandler' driver.
INFO - 2024-08-05 11:51:25 --> Session: Class initialized using 'CodeIgniter\Session\Handlers\FileHandler' driver.
DEBUG - 2024-08-05 11:51:25 --> User ID: 16
INFO - 2024-08-05 11:51:33 --> Session: Class initialized using 'CodeIgniter\Session\Handlers\FileHandler' driver.
INFO - 2024-08-05 11:52:34 --> Session: Class initialized using 'CodeIgniter\Session\Handlers\FileHandler' driver.
INFO - 2024-08-05 11:52:34 --> Session: Class initialized using 'CodeIgniter\Session\Handlers\FileHandler' driver.
INFO - 2024-08-05 11:52:44 --> Session: Class initialized using 'CodeIgniter\Session\Handlers\FileHandler' driver.
DEBUG - 2024-08-05 11:52:44 --> User ID: 16
INFO - 2024-08-05 11:53:29 --> Session: Class initialized using 'CodeIgniter\Session\Handlers\FileHandler' driver.
DEBUG - 2024-08-05 11:53:29 --> User ID: 16
INFO - 2024-08-05 11:53:40 --> Session: Class initialized using 'CodeIgniter\Session\Handlers\FileHandler' driver.
DEBUG - 2024-08-05 11:53:40 --> User ID: 16
INFO - 2024-08-05 11:58:11 --> Session: Class initialized using 'CodeIgniter\Session\Handlers\FileHandler' driver.
DEBUG - 2024-08-05 11:58:11 --> User ID: 16
INFO - 2024-08-05 12:02:10 --> Session: Class initialized using 'CodeIgniter\Session\Handlers\FileHandler' driver.
DEBUG - 2024-08-05 12:02:10 --> User ID: 16
INFO - 2024-08-05 12:05:21 --> Session: Class initialized using 'CodeIgniter\Session\Handlers\FileHandler' driver.
DEBUG - 2024-08-05 12:05:21 --> User ID: 16
INFO - 2024-08-05 12:05:43 --> Session: Class initialized using 'CodeIgniter\Session\Handlers\FileHandler' driver.
DEBUG - 2024-08-05 12:05:43 --> User ID: 16
INFO - 2024-08-05 12:05:55 --> Session: Class initialized using 'CodeIgniter\Session\Handlers\FileHandler' driver.
DEBUG - 2024-08-05 12:05:55 --> User ID: 16
INFO - 2024-08-05 12:11:30 --> Session: Class initialized using 'CodeIgniter\Session\Handlers\FileHandler' driver.
DEBUG - 2024-08-05 12:11:30 --> User ID: 16
INFO - 2024-08-05 12:14:35 --> Session: Class initialized using 'CodeIgniter\Session\Handlers\FileHandler' driver.
DEBUG - 2024-08-05 12:14:35 --> User ID: 16
INFO - 2024-08-05 12:15:27 --> Session: Class initialized using 'CodeIgniter\Session\Handlers\FileHandler' driver.
DEBUG - 2024-08-05 12:15:27 --> User ID: 16
INFO - 2024-08-05 12:15:55 --> Session: Class initialized using 'CodeIgniter\Session\Handlers\FileHandler' driver.
DEBUG - 2024-08-05 12:15:55 --> User ID: 16
INFO - 2024-08-05 12:15:59 --> Session: Class initialized using 'CodeIgniter\Session\Handlers\FileHandler' driver.
DEBUG - 2024-08-05 12:15:59 --> User ID: 16
INFO - 2024-08-05 12:19:05 --> Session: Class initialized using 'CodeIgniter\Session\Handlers\FileHandler' driver.
DEBUG - 2024-08-05 12:19:05 --> User ID: 16
INFO - 2024-08-05 12:44:16 --> Session: Class initialized using 'CodeIgniter\Session\Handlers\FileHandler' driver.
DEBUG - 2024-08-05 12:44:16 --> User ID: 16
INFO - 2024-08-05 12:46:56 --> Session: Class initialized using 'CodeIgniter\Session\Handlers\FileHandler' driver.
DEBUG - 2024-08-05 12:46:56 --> User ID: 16
INFO - 2024-08-05 12:51:31 --> Session: Class initialized using 'CodeIgniter\Session\Handlers\FileHandler' driver.
DEBUG - 2024-08-05 12:51:31 --> User ID: 16
INFO - 2024-08-05 12:51:48 --> Session: Class initialized using 'CodeIgniter\Session\Handlers\FileHandler' driver.
DEBUG - 2024-08-05 12:51:48 --> User ID: 16
INFO - 2024-08-05 12:55:28 --> Session: Class initialized using 'CodeIgniter\Session\Handlers\FileHandler' driver.
DEBUG - 2024-08-05 12:55:28 --> User ID: 16
INFO - 2024-08-05 12:57:09 --> Session: Class initialized using 'CodeIgniter\Session\Handlers\FileHandler' driver.
DEBUG - 2024-08-05 12:57:09 --> User ID: 16
INFO - 2024-08-05 12:59:40 --> Session: Class initialized using 'CodeIgniter\Session\Handlers\FileHandler' driver.
DEBUG - 2024-08-05 12:59:40 --> User ID: 16
INFO - 2024-08-05 13:02:23 --> Session: Class initialized using 'CodeIgniter\Session\Handlers\FileHandler' driver.
DEBUG - 2024-08-05 13:02:23 --> User ID: 16
INFO - 2024-08-05 13:02:27 --> Session: Class initialized using 'CodeIgniter\Session\Handlers\FileHandler' driver.
INFO - 2024-08-05 13:02:39 --> Session: Class initialized using 'CodeIgniter\Session\Handlers\FileHandler' driver.
INFO - 2024-08-05 13:02:40 --> Session: Class initialized using 'CodeIgniter\Session\Handlers\FileHandler' driver.
INFO - 2024-08-05 13:02:44 --> Session: Class initialized using 'CodeIgniter\Session\Handlers\FileHandler' driver.
DEBUG - 2024-08-05 13:02:44 --> User ID: 16
INFO - 2024-08-05 13:04:28 --> Session: Class initialized using 'CodeIgniter\Session\Handlers\FileHandler' driver.
DEBUG - 2024-08-05 13:04:28 --> User ID: 16
INFO - 2024-08-05 13:11:02 --> Session: Class initialized using 'CodeIgniter\Session\Handlers\FileHandler' driver.
DEBUG - 2024-08-05 13:11:02 --> User ID: 16
INFO - 2024-08-05 13:11:07 --> Session: Class initialized using 'CodeIgniter\Session\Handlers\FileHandler' driver.
DEBUG - 2024-08-05 13:11:07 --> User ID: 16
INFO - 2024-08-05 13:11:32 --> Session: Class initialized using 'CodeIgniter\Session\Handlers\FileHandler' driver.
DEBUG - 2024-08-05 13:11:32 --> User ID: 16
INFO - 2024-08-05 13:11:50 --> Session: Class initialized using 'CodeIgniter\Session\Handlers\FileHandler' driver.
DEBUG - 2024-08-05 13:11:50 --> User ID: 16
INFO - 2024-08-05 13:12:29 --> Session: Class initialized using 'CodeIgniter\Session\Handlers\FileHandler' driver.
DEBUG - 2024-08-05 13:12:29 --> User ID: 16
INFO - 2024-08-05 13:12:44 --> Session: Class initialized using 'CodeIgniter\Session\Handlers\FileHandler' driver.
DEBUG - 2024-08-05 13:12:44 --> User ID: 16
INFO - 2024-08-05 13:12:57 --> Session: Class initialized using 'CodeIgniter\Session\Handlers\FileHandler' driver.
DEBUG - 2024-08-05 13:12:57 --> User ID: 16
INFO - 2024-08-05 13:13:11 --> Session: Class initialized using 'CodeIgniter\Session\Handlers\FileHandler' driver.
DEBUG - 2024-08-05 13:13:11 --> User ID: 16
INFO - 2024-08-05 13:13:23 --> Session: Class initialized using 'CodeIgniter\Session\Handlers\FileHandler' driver.
DEBUG - 2024-08-05 13:13:23 --> User ID: 16
INFO - 2024-08-05 13:13:33 --> Session: Class initialized using 'CodeIgniter\Session\Handlers\FileHandler' driver.
DEBUG - 2024-08-05 13:13:33 --> User ID: 16
INFO - 2024-08-05 13:13:45 --> Session: Class initialized using 'CodeIgniter\Session\Handlers\FileHandler' driver.
DEBUG - 2024-08-05 13:13:45 --> User ID: 16
INFO - 2024-08-05 13:14:02 --> Session: Class initialized using 'CodeIgniter\Session\Handlers\FileHandler' driver.
DEBUG - 2024-08-05 13:14:02 --> User ID: 16
INFO - 2024-08-05 13:14:12 --> Session: Class initialized using 'CodeIgniter\Session\Handlers\FileHandler' driver.
DEBUG - 2024-08-05 13:14:12 --> User ID: 16
INFO - 2024-08-05 13:14:48 --> Session: Class initialized using 'CodeIgniter\Session\Handlers\FileHandler' driver.
DEBUG - 2024-08-05 13:14:48 --> User ID: 16
INFO - 2024-08-05 13:15:04 --> Session: Class initialized using 'CodeIgniter\Session\Handlers\FileHandler' driver.
DEBUG - 2024-08-05 13:15:04 --> User ID: 16
INFO - 2024-08-05 13:15:33 --> Session: Class initialized using 'CodeIgniter\Session\Handlers\FileHandler' driver.
DEBUG - 2024-08-05 13:15:33 --> User ID: 16
INFO - 2024-08-05 13:15:44 --> Session: Class initialized using 'CodeIgniter\Session\Handlers\FileHandler' driver.
DEBUG - 2024-08-05 13:15:44 --> User ID: 16
INFO - 2024-08-05 13:15:50 --> Session: Class initialized using 'CodeIgniter\Session\Handlers\FileHandler' driver.
DEBUG - 2024-08-05 13:15:50 --> User ID: 16
INFO - 2024-08-05 13:15:52 --> Session: Class initialized using 'CodeIgniter\Session\Handlers\FileHandler' driver.
DEBUG - 2024-08-05 13:15:52 --> User ID: 16
INFO - 2024-08-05 13:17:44 --> Session: Class initialized using 'CodeIgniter\Session\Handlers\FileHandler' driver.
DEBUG - 2024-08-05 13:17:44 --> User ID: 16
INFO - 2024-08-05 13:21:49 --> Session: Class initialized using 'CodeIgniter\Session\Handlers\FileHandler' driver.
DEBUG - 2024-08-05 13:21:49 --> User ID: 16
INFO - 2024-08-05 13:28:02 --> Session: Class initialized using 'CodeIgniter\Session\Handlers\FileHandler' driver.
DEBUG - 2024-08-05 13:28:02 --> User ID: 16
INFO - 2024-08-05 13:33:16 --> Session: Class initialized using 'CodeIgniter\Session\Handlers\FileHandler' driver.
DEBUG - 2024-08-05 13:33:16 --> User ID: 16
INFO - 2024-08-05 13:36:55 --> Session: Class initialized using 'CodeIgniter\Session\Handlers\FileHandler' driver.
DEBUG - 2024-08-05 13:36:55 --> User ID: 16
INFO - 2024-08-05 13:37:10 --> Session: Class initialized using 'CodeIgniter\Session\Handlers\FileHandler' driver.
DEBUG - 2024-08-05 13:37:10 --> User ID: 16
INFO - 2024-08-05 13:41:24 --> Session: Class initialized using 'CodeIgniter\Session\Handlers\FileHandler' driver.
DEBUG - 2024-08-05 13:41:24 --> User ID: 16
INFO - 2024-08-05 13:41:39 --> Session: Class initialized using 'CodeIgniter\Session\Handlers\FileHandler' driver.
DEBUG - 2024-08-05 13:41:39 --> User ID: 16
INFO - 2024-08-05 13:44:59 --> Session: Class initialized using 'CodeIgniter\Session\Handlers\FileHandler' driver.
DEBUG - 2024-08-05 13:44:59 --> User ID: 16
INFO - 2024-08-05 13:45:26 --> Session: Class initialized using 'CodeIgniter\Session\Handlers\FileHandler' driver.
DEBUG - 2024-08-05 13:45:26 --> User ID: 16
INFO - 2024-08-05 13:45:28 --> Session: Class initialized using 'CodeIgniter\Session\Handlers\FileHandler' driver.
DEBUG - 2024-08-05 13:45:28 --> User ID: 16
INFO - 2024-08-05 13:46:24 --> Session: Class initialized using 'CodeIgniter\Session\Handlers\FileHandler' driver.
INFO - 2024-08-05 13:47:14 --> Session: Class initialized using 'CodeIgniter\Session\Handlers\FileHandler' driver.
INFO - 2024-08-05 13:47:15 --> Session: Class initialized using 'CodeIgniter\Session\Handlers\FileHandler' driver.
INFO - 2024-08-05 13:47:21 --> Session: Class initialized using 'CodeIgniter\Session\Handlers\FileHandler' driver.
DEBUG - 2024-08-05 13:47:21 --> User ID: 16
INFO - 2024-08-05 13:47:40 --> Session: Class initialized using 'CodeIgniter\Session\Handlers\FileHandler' driver.
INFO - 2024-08-05 13:47:41 --> Session: Class initialized using 'CodeIgniter\Session\Handlers\FileHandler' driver.
INFO - 2024-08-05 13:52:30 --> Session: Class initialized using 'CodeIgniter\Session\Handlers\FileHandler' driver.
DEBUG - 2024-08-05 13:52:30 --> User ID: 16
INFO - 2024-08-05 13:53:40 --> Session: Class initialized using 'CodeIgniter\Session\Handlers\FileHandler' driver.
DEBUG - 2024-08-05 13:53:40 --> User ID: 16
INFO - 2024-08-05 13:56:51 --> Session: Class initialized using 'CodeIgniter\Session\Handlers\FileHandler' driver.
DEBUG - 2024-08-05 13:56:51 --> User ID: 16
CRITICAL - 2024-08-05 13:56:51 --> ErrorException: Undefined variable $announcements
[Method: GET, Route: dashboard]
in APPPATH\Views\dashboard\dashboard.php on line 353.
 1 APPPATH\Views\dashboard\dashboard.php(353): CodeIgniter\Debug\Exceptions->errorHandler(2, 'Undefined variable $announcements', 'C:\\laragon\\www\\SINERGHI\\app\\Views\\dashboard\\dashboard.php', 353)
 2 SYSTEMPATH\View\View.php(234): include('C:\\laragon\\www\\SINERGHI\\app\\Views\\dashboard\\dashboard.php')
 3 SYSTEMPATH\View\View.php(237): CodeIgniter\View\View->CodeIgniter\View\{closure}()
 4 SYSTEMPATH\Common.php(1169): CodeIgniter\View\View->render('dashboard/dashboard', [], true)
 5 APPPATH\Controllers\DashboardController.php(38): view('dashboard/dashboard', [...])
 6 SYSTEMPATH\CodeIgniter.php(933): App\Controllers\DashboardController->index()
 7 SYSTEMPATH\CodeIgniter.php(509): CodeIgniter\CodeIgniter->runController(Object(App\Controllers\DashboardController))
 8 SYSTEMPATH\CodeIgniter.php(355): CodeIgniter\CodeIgniter->handleRequest(null, Object(Config\Cache), false)
 9 SYSTEMPATH\Boot.php(325): CodeIgniter\CodeIgniter->run()
10 SYSTEMPATH\Boot.php(67): CodeIgniter\Boot::runCodeIgniter(Object(CodeIgniter\CodeIgniter))
11 FCPATH\index.php(56): CodeIgniter\Boot::bootWeb(Object(Config\Paths))
12 SYSTEMPATH\rewrite.php(44): require_once('C:\\laragon\\www\\SINERGHI\\public\\index.php')
INFO - 2024-08-05 13:57:01 --> Session: Class initialized using 'CodeIgniter\Session\Handlers\FileHandler' driver.
DEBUG - 2024-08-05 13:57:01 --> User ID: 16
INFO - 2024-08-05 13:57:32 --> Session: Class initialized using 'CodeIgniter\Session\Handlers\FileHandler' driver.
DEBUG - 2024-08-05 13:57:32 --> User ID: 16
INFO - 2024-08-05 13:57:42 --> Session: Class initialized using 'CodeIgniter\Session\Handlers\FileHandler' driver.
DEBUG - 2024-08-05 13:57:43 --> User ID: 16
INFO - 2024-08-05 14:38:46 --> Session: Class initialized using 'CodeIgniter\Session\Handlers\FileHandler' driver.
DEBUG - 2024-08-05 14:38:46 --> User ID: 16
INFO - 2024-08-05 14:38:48 --> Session: Class initialized using 'CodeIgniter\Session\Handlers\FileHandler' driver.
DEBUG - 2024-08-05 14:38:48 --> User ID: 16
INFO - 2024-08-05 14:40:44 --> Session: Class initialized using 'CodeIgniter\Session\Handlers\FileHandler' driver.
DEBUG - 2024-08-05 14:40:44 --> User ID: 16
INFO - 2024-08-05 14:40:54 --> Session: Class initialized using 'CodeIgniter\Session\Handlers\FileHandler' driver.
DEBUG - 2024-08-05 14:40:54 --> User ID: 16
INFO - 2024-08-05 14:44:29 --> Session: Class initialized using 'CodeIgniter\Session\Handlers\FileHandler' driver.
DEBUG - 2024-08-05 14:44:29 --> User ID: 16
INFO - 2024-08-05 14:45:00 --> Session: Class initialized using 'CodeIgniter\Session\Handlers\FileHandler' driver.
INFO - 2024-08-05 14:52:09 --> Session: Class initialized using 'CodeIgniter\Session\Handlers\FileHandler' driver.
DEBUG - 2024-08-05 14:52:09 --> User ID: 16
INFO - 2024-08-05 14:55:03 --> Session: Class initialized using 'CodeIgniter\Session\Handlers\FileHandler' driver.
DEBUG - 2024-08-05 14:55:03 --> User ID: 16
INFO - 2024-08-05 14:58:58 --> Session: Class initialized using 'CodeIgniter\Session\Handlers\FileHandler' driver.
DEBUG - 2024-08-05 14:58:58 --> User ID: 16
INFO - 2024-08-05 15:00:14 --> Session: Class initialized using 'CodeIgniter\Session\Handlers\FileHandler' driver.
DEBUG - 2024-08-05 15:00:14 --> User ID: 16
INFO - 2024-08-05 15:01:22 --> Session: Class initialized using 'CodeIgniter\Session\Handlers\FileHandler' driver.
DEBUG - 2024-08-05 15:01:22 --> User ID: 16
INFO - 2024-08-05 15:07:54 --> Session: Class initialized using 'CodeIgniter\Session\Handlers\FileHandler' driver.
DEBUG - 2024-08-05 15:07:54 --> User ID: 16
INFO - 2024-08-05 15:08:18 --> Session: Class initialized using 'CodeIgniter\Session\Handlers\FileHandler' driver.
DEBUG - 2024-08-05 15:08:18 --> User ID: 16
INFO - 2024-08-05 15:09:40 --> Session: Class initialized using 'CodeIgniter\Session\Handlers\FileHandler' driver.
DEBUG - 2024-08-05 15:09:40 --> User ID: 16
INFO - 2024-08-05 15:09:52 --> Session: Class initialized using 'CodeIgniter\Session\Handlers\FileHandler' driver.
DEBUG - 2024-08-05 15:09:52 --> User ID: 16
INFO - 2024-08-05 15:10:02 --> Session: Class initialized using 'CodeIgniter\Session\Handlers\FileHandler' driver.
DEBUG - 2024-08-05 15:10:02 --> User ID: 16
INFO - 2024-08-05 15:10:47 --> Session: Class initialized using 'CodeIgniter\Session\Handlers\FileHandler' driver.
DEBUG - 2024-08-05 15:10:47 --> User ID: 16
INFO - 2024-08-05 15:11:16 --> Session: Class initialized using 'CodeIgniter\Session\Handlers\FileHandler' driver.
DEBUG - 2024-08-05 15:11:16 --> User ID: 16
INFO - 2024-08-05 15:11:34 --> Session: Class initialized using 'CodeIgniter\Session\Handlers\FileHandler' driver.
DEBUG - 2024-08-05 15:11:34 --> User ID: 16
INFO - 2024-08-05 15:13:37 --> Session: Class initialized using 'CodeIgniter\Session\Handlers\FileHandler' driver.
DEBUG - 2024-08-05 15:13:37 --> User ID: 16
INFO - 2024-08-05 15:14:11 --> Session: Class initialized using 'CodeIgniter\Session\Handlers\FileHandler' driver.
DEBUG - 2024-08-05 15:14:11 --> User ID: 16
INFO - 2024-08-05 15:24:49 --> Session: Class initialized using 'CodeIgniter\Session\Handlers\FileHandler' driver.
DEBUG - 2024-08-05 15:24:49 --> User ID: 16
INFO - 2024-08-05 15:26:23 --> Session: Class initialized using 'CodeIgniter\Session\Handlers\FileHandler' driver.
DEBUG - 2024-08-05 15:26:23 --> User ID: 16
INFO - 2024-08-05 15:36:43 --> Session: Class initialized using 'CodeIgniter\Session\Handlers\FileHandler' driver.
DEBUG - 2024-08-05 15:36:43 --> User ID: 16
INFO - 2024-08-05 15:37:04 --> Session: Class initialized using 'CodeIgniter\Session\Handlers\FileHandler' driver.
DEBUG - 2024-08-05 15:37:04 --> User ID: 16
INFO - 2024-08-05 15:37:15 --> Session: Class initialized using 'CodeIgniter\Session\Handlers\FileHandler' driver.
INFO - 2024-08-05 15:37:18 --> Session: Class initialized using 'CodeIgniter\Session\Handlers\FileHandler' driver.
DEBUG - 2024-08-05 15:37:18 --> User ID: 16
INFO - 2024-08-05 15:37:29 --> Session: Class initialized using 'CodeIgniter\Session\Handlers\FileHandler' driver.
DEBUG - 2024-08-05 15:37:29 --> User ID: 16
INFO - 2024-08-05 15:37:42 --> Session: Class initialized using 'CodeIgniter\Session\Handlers\FileHandler' driver.
DEBUG - 2024-08-05 15:37:42 --> User ID: 16
INFO - 2024-08-05 15:39:42 --> Session: Class initialized using 'CodeIgniter\Session\Handlers\FileHandler' driver.
INFO - 2024-08-05 15:42:53 --> Session: Class initialized using 'CodeIgniter\Session\Handlers\FileHandler' driver.
DEBUG - 2024-08-05 15:42:53 --> User ID: 16
INFO - 2024-08-05 15:43:51 --> Session: Class initialized using 'CodeIgniter\Session\Handlers\FileHandler' driver.
DEBUG - 2024-08-05 15:43:51 --> User ID: 16
INFO - 2024-08-05 15:45:57 --> Session: Class initialized using 'CodeIgniter\Session\Handlers\FileHandler' driver.
DEBUG - 2024-08-05 15:45:57 --> User ID: 16
INFO - 2024-08-05 15:47:44 --> Session: Class initialized using 'CodeIgniter\Session\Handlers\FileHandler' driver.
DEBUG - 2024-08-05 15:47:44 --> User ID: 16
INFO - 2024-08-05 15:48:57 --> Session: Class initialized using 'CodeIgniter\Session\Handlers\FileHandler' driver.
DEBUG - 2024-08-05 15:48:57 --> User ID: 16
INFO - 2024-08-05 15:50:46 --> Session: Class initialized using 'CodeIgniter\Session\Handlers\FileHandler' driver.
DEBUG - 2024-08-05 15:50:46 --> User ID: 16
INFO - 2024-08-05 15:51:04 --> Session: Class initialized using 'CodeIgniter\Session\Handlers\FileHandler' driver.
DEBUG - 2024-08-05 15:51:04 --> User ID: 16
INFO - 2024-08-05 15:51:48 --> Session: Class initialized using 'CodeIgniter\Session\Handlers\FileHandler' driver.
DEBUG - 2024-08-05 15:51:48 --> User ID: 16
INFO - 2024-08-05 15:56:42 --> Session: Class initialized using 'CodeIgniter\Session\Handlers\FileHandler' driver.
DEBUG - 2024-08-05 15:56:42 --> User ID: 16
INFO - 2024-08-05 16:02:55 --> Session: Class initialized using 'CodeIgniter\Session\Handlers\FileHandler' driver.
DEBUG - 2024-08-05 16:02:55 --> User ID: 16
INFO - 2024-08-05 16:04:17 --> Session: Class initialized using 'CodeIgniter\Session\Handlers\FileHandler' driver.
DEBUG - 2024-08-05 16:04:17 --> User ID: 16
INFO - 2024-08-05 16:04:23 --> Session: Class initialized using 'CodeIgniter\Session\Handlers\FileHandler' driver.
DEBUG - 2024-08-05 16:04:23 --> User ID: 16
INFO - 2024-08-05 16:04:44 --> Session: Class initialized using 'CodeIgniter\Session\Handlers\FileHandler' driver.
DEBUG - 2024-08-05 16:04:44 --> User ID: 16
INFO - 2024-08-05 16:09:53 --> Session: Class initialized using 'CodeIgniter\Session\Handlers\FileHandler' driver.
DEBUG - 2024-08-05 16:09:53 --> User ID: 16
INFO - 2024-08-05 16:10:01 --> Session: Class initialized using 'CodeIgniter\Session\Handlers\FileHandler' driver.
INFO - 2024-08-05 16:10:05 --> Session: Class initialized using 'CodeIgniter\Session\Handlers\FileHandler' driver.
DEBUG - 2024-08-05 16:10:05 --> User ID: 16
INFO - 2024-08-05 16:10:40 --> Session: Class initialized using 'CodeIgniter\Session\Handlers\FileHandler' driver.
DEBUG - 2024-08-05 16:10:40 --> User ID: 16
INFO - 2024-08-05 16:10:47 --> Session: Class initialized using 'CodeIgniter\Session\Handlers\FileHandler' driver.
DEBUG - 2024-08-05 16:10:47 --> User ID: 16
INFO - 2024-08-05 16:11:13 --> Session: Class initialized using 'CodeIgniter\Session\Handlers\FileHandler' driver.
DEBUG - 2024-08-05 16:11:13 --> User ID: 16
INFO - 2024-08-05 16:11:48 --> Session: Class initialized using 'CodeIgniter\Session\Handlers\FileHandler' driver.
DEBUG - 2024-08-05 16:11:48 --> User ID: 16
INFO - 2024-08-05 16:11:55 --> Session: Class initialized using 'CodeIgniter\Session\Handlers\FileHandler' driver.
DEBUG - 2024-08-05 16:11:55 --> User ID: 16
INFO - 2024-08-05 16:11:59 --> Session: Class initialized using 'CodeIgniter\Session\Handlers\FileHandler' driver.
DEBUG - 2024-08-05 16:11:59 --> User ID: 16
INFO - 2024-08-05 16:12:03 --> Session: Class initialized using 'CodeIgniter\Session\Handlers\FileHandler' driver.
DEBUG - 2024-08-05 16:12:03 --> User ID: 16
INFO - 2024-08-05 16:12:06 --> Session: Class initialized using 'CodeIgniter\Session\Handlers\FileHandler' driver.
DEBUG - 2024-08-05 16:12:06 --> User ID: 16
INFO - 2024-08-05 16:12:16 --> Session: Class initialized using 'CodeIgniter\Session\Handlers\FileHandler' driver.
DEBUG - 2024-08-05 16:12:16 --> User ID: 16
INFO - 2024-08-05 16:12:20 --> Session: Class initialized using 'CodeIgniter\Session\Handlers\FileHandler' driver.
DEBUG - 2024-08-05 16:12:20 --> User ID: 16
INFO - 2024-08-05 16:12:37 --> Session: Class initialized using 'CodeIgniter\Session\Handlers\FileHandler' driver.
DEBUG - 2024-08-05 16:12:37 --> User ID: 16
INFO - 2024-08-05 16:19:18 --> Session: Class initialized using 'CodeIgniter\Session\Handlers\FileHandler' driver.
DEBUG - 2024-08-05 16:19:18 --> User ID: 16
INFO - 2024-08-05 16:20:52 --> Session: Class initialized using 'CodeIgniter\Session\Handlers\FileHandler' driver.
DEBUG - 2024-08-05 16:20:53 --> User ID: 16
INFO - 2024-08-05 16:23:48 --> Session: Class initialized using 'CodeIgniter\Session\Handlers\FileHandler' driver.
DEBUG - 2024-08-05 16:23:48 --> User ID: 16
INFO - 2024-08-05 16:23:55 --> Session: Class initialized using 'CodeIgniter\Session\Handlers\FileHandler' driver.
DEBUG - 2024-08-05 16:23:55 --> User ID: 16
INFO - 2024-08-05 16:24:00 --> Session: Class initialized using 'CodeIgniter\Session\Handlers\FileHandler' driver.
DEBUG - 2024-08-05 16:24:00 --> User ID: 16
INFO - 2024-08-05 16:24:02 --> Session: Class initialized using 'CodeIgniter\Session\Handlers\FileHandler' driver.
DEBUG - 2024-08-05 16:24:02 --> User ID: 16
INFO - 2024-08-05 16:24:05 --> Session: Class initialized using 'CodeIgniter\Session\Handlers\FileHandler' driver.
DEBUG - 2024-08-05 16:24:05 --> User ID: 16
INFO - 2024-08-05 16:26:01 --> Session: Class initialized using 'CodeIgniter\Session\Handlers\FileHandler' driver.
DEBUG - 2024-08-05 16:26:01 --> User ID: 16
INFO - 2024-08-05 16:26:57 --> Session: Class initialized using 'CodeIgniter\Session\Handlers\FileHandler' driver.
DEBUG - 2024-08-05 16:26:57 --> User ID: 16
INFO - 2024-08-05 16:28:18 --> Session: Class initialized using 'CodeIgniter\Session\Handlers\FileHandler' driver.
DEBUG - 2024-08-05 16:28:18 --> User ID: 16
INFO - 2024-08-05 16:28:35 --> Session: Class initialized using 'CodeIgniter\Session\Handlers\FileHandler' driver.
DEBUG - 2024-08-05 16:28:35 --> User ID: 16
INFO - 2024-08-05 16:28:43 --> Session: Class initialized using 'CodeIgniter\Session\Handlers\FileHandler' driver.
DEBUG - 2024-08-05 16:28:43 --> User ID: 16
INFO - 2024-08-05 16:29:16 --> Session: Class initialized using 'CodeIgniter\Session\Handlers\FileHandler' driver.
DEBUG - 2024-08-05 16:29:16 --> User ID: 16
INFO - 2024-08-05 16:30:13 --> Session: Class initialized using 'CodeIgniter\Session\Handlers\FileHandler' driver.
DEBUG - 2024-08-05 16:30:13 --> User ID: 16
INFO - 2024-08-05 16:30:23 --> Session: Class initialized using 'CodeIgniter\Session\Handlers\FileHandler' driver.
DEBUG - 2024-08-05 16:30:23 --> User ID: 16
INFO - 2024-08-05 16:31:26 --> Session: Class initialized using 'CodeIgniter\Session\Handlers\FileHandler' driver.
DEBUG - 2024-08-05 16:31:26 --> User ID: 16
INFO - 2024-08-05 16:31:37 --> Session: Class initialized using 'CodeIgniter\Session\Handlers\FileHandler' driver.
DEBUG - 2024-08-05 16:31:37 --> User ID: 16
INFO - 2024-08-05 16:32:00 --> Session: Class initialized using 'CodeIgniter\Session\Handlers\FileHandler' driver.
DEBUG - 2024-08-05 16:32:00 --> User ID: 16
INFO - 2024-08-05 16:32:42 --> Session: Class initialized using 'CodeIgniter\Session\Handlers\FileHandler' driver.
DEBUG - 2024-08-05 16:32:42 --> User ID: 16
INFO - 2024-08-05 16:44:02 --> Session: Class initialized using 'CodeIgniter\Session\Handlers\FileHandler' driver.
DEBUG - 2024-08-05 16:44:02 --> User ID: 16
INFO - 2024-08-05 16:44:50 --> Session: Class initialized using 'CodeIgniter\Session\Handlers\FileHandler' driver.
DEBUG - 2024-08-05 16:44:50 --> User ID: 16
INFO - 2024-08-05 16:46:28 --> Session: Class initialized using 'CodeIgniter\Session\Handlers\FileHandler' driver.
DEBUG - 2024-08-05 16:46:28 --> User ID: 16
INFO - 2024-08-05 16:54:45 --> Session: Class initialized using 'CodeIgniter\Session\Handlers\FileHandler' driver.
DEBUG - 2024-08-05 16:54:45 --> User ID: 16
INFO - 2024-08-05 16:58:05 --> Session: Class initialized using 'CodeIgniter\Session\Handlers\FileHandler' driver.
DEBUG - 2024-08-05 16:58:05 --> User ID: 16
INFO - 2024-08-05 16:58:21 --> Session: Class initialized using 'CodeIgniter\Session\Handlers\FileHandler' driver.
DEBUG - 2024-08-05 16:58:21 --> User ID: 16
INFO - 2024-08-05 17:04:06 --> Session: Class initialized using 'CodeIgniter\Session\Handlers\FileHandler' driver.
DEBUG - 2024-08-05 17:04:06 --> User ID: 16
INFO - 2024-08-05 17:06:16 --> Session: Class initialized using 'CodeIgniter\Session\Handlers\FileHandler' driver.
DEBUG - 2024-08-05 17:06:16 --> User ID: 16
INFO - 2024-08-05 17:06:19 --> Session: Class initialized using 'CodeIgniter\Session\Handlers\FileHandler' driver.
DEBUG - 2024-08-05 17:06:19 --> User ID: 16
INFO - 2024-08-05 17:06:38 --> Session: Class initialized using 'CodeIgniter\Session\Handlers\FileHandler' driver.
DEBUG - 2024-08-05 17:06:38 --> User ID: 16
INFO - 2024-08-05 17:07:09 --> Session: Class initialized using 'CodeIgniter\Session\Handlers\FileHandler' driver.
DEBUG - 2024-08-05 17:07:09 --> User ID: 16
INFO - 2024-08-05 17:07:13 --> Session: Class initialized using 'CodeIgniter\Session\Handlers\FileHandler' driver.
DEBUG - 2024-08-05 17:07:13 --> User ID: 16
INFO - 2024-08-05 17:07:27 --> Session: Class initialized using 'CodeIgniter\Session\Handlers\FileHandler' driver.
DEBUG - 2024-08-05 17:07:27 --> User ID: 16
