INFO - 2024-07-20 03:49:43 --> Session: Class initialized using 'CodeIgniter\Session\Handlers\FileHandler' driver.
INFO - 2024-07-20 03:49:49 --> Session: Class initialized using 'CodeIgniter\Session\Handlers\FileHandler' driver.
INFO - 2024-07-20 03:49:57 --> Session: Class initialized using 'CodeIgniter\Session\Handlers\FileHandler' driver.
INFO - 2024-07-20 03:49:58 --> Session: Class initialized using 'CodeIgniter\Session\Handlers\FileHandler' driver.
DEBUG - 2024-07-20 03:49:58 --> User ID: 7
INFO - 2024-07-20 03:50:03 --> Session: Class initialized using 'CodeIgniter\Session\Handlers\FileHandler' driver.
DEBUG - 2024-07-20 03:50:03 --> User ID: 7
INFO - 2024-07-20 03:50:59 --> Session: Class initialized using 'CodeIgniter\Session\Handlers\FileHandler' driver.
INFO - 2024-07-20 03:53:33 --> Session: Class initialized using 'CodeIgniter\Session\Handlers\FileHandler' driver.
INFO - 2024-07-20 03:53:37 --> Session: Class initialized using 'CodeIgniter\Session\Handlers\FileHandler' driver.
DEBUG - 2024-07-20 03:53:37 --> User ID: 7
INFO - 2024-07-20 03:54:07 --> Session: Class initialized using 'CodeIgniter\Session\Handlers\FileHandler' driver.
INFO - 2024-07-20 03:54:35 --> Session: Class initialized using 'CodeIgniter\Session\Handlers\FileHandler' driver.
INFO - 2024-07-20 03:54:39 --> Session: Class initialized using 'CodeIgniter\Session\Handlers\FileHandler' driver.
DEBUG - 2024-07-20 03:54:39 --> User ID: 7
INFO - 2024-07-20 03:54:48 --> Session: Class initialized using 'CodeIgniter\Session\Handlers\FileHandler' driver.
INFO - 2024-07-20 03:54:51 --> Session: Class initialized using 'CodeIgniter\Session\Handlers\FileHandler' driver.
DEBUG - 2024-07-20 03:54:51 --> User ID: 7
ERROR - 2024-07-20 04:40:15 --> mysqli_sql_exception: Table 'hellodesk.users' doesn't exist in C:\laragon\www\SINERGHI\system\Database\MySQLi\Connection.php:312
Stack trace:
#0 C:\laragon\www\SINERGHI\system\Database\MySQLi\Connection.php(312): mysqli->query('ALTER TABLE `us...', 0)
#1 C:\laragon\www\SINERGHI\system\Database\BaseConnection.php(734): CodeIgniter\Database\MySQLi\Connection->execute('ALTER TABLE `us...')
#2 C:\laragon\www\SINERGHI\system\Database\BaseConnection.php(648): CodeIgniter\Database\BaseConnection->simpleQuery('ALTER TABLE `us...')
#3 C:\laragon\www\SINERGHI\system\Database\Forge.php(772): CodeIgniter\Database\BaseConnection->query('ALTER TABLE `us...')
#4 C:\laragon\www\SINERGHI\app\Database\Migrations\2024-07-20-043944_AddRoleToUsers.php(19): CodeIgniter\Database\Forge->addColumn('users', Array)
#5 C:\laragon\www\SINERGHI\system\Database\MigrationRunner.php(867): App\Database\Migrations\AddRoleToUsers->up()
#6 C:\laragon\www\SINERGHI\system\Database\MigrationRunner.php(183): CodeIgniter\Database\MigrationRunner->migrate('up', Object(stdClass))
#7 C:\laragon\www\SINERGHI\system\Commands\Database\Migrate.php(85): CodeIgniter\Database\MigrationRunner->latest(NULL)
#8 C:\laragon\www\SINERGHI\system\CLI\Commands.php(70): CodeIgniter\Commands\Database\Migrate->run(Array)
#9 C:\laragon\www\SINERGHI\system\CLI\Console.php(48): CodeIgniter\CLI\Commands->run('migrate', Array)
#10 C:\laragon\www\SINERGHI\system\Boot.php(351): CodeIgniter\CLI\Console->run()
#11 C:\laragon\www\SINERGHI\system\Boot.php(104): CodeIgniter\Boot::runCommand(Object(CodeIgniter\CLI\Console))
#12 C:\laragon\www\SINERGHI\spark(84): CodeIgniter\Boot::bootSpark(Object(Config\Paths))
#13 {main}
ERROR - 2024-07-20 04:41:01 --> mysqli_sql_exception: Table 'hellodesk.users' doesn't exist in C:\laragon\www\SINERGHI\system\Database\MySQLi\Connection.php:312
Stack trace:
#0 C:\laragon\www\SINERGHI\system\Database\MySQLi\Connection.php(312): mysqli->query('ALTER TABLE `us...', 0)
#1 C:\laragon\www\SINERGHI\system\Database\BaseConnection.php(734): CodeIgniter\Database\MySQLi\Connection->execute('ALTER TABLE `us...')
#2 C:\laragon\www\SINERGHI\system\Database\BaseConnection.php(648): CodeIgniter\Database\BaseConnection->simpleQuery('ALTER TABLE `us...')
#3 C:\laragon\www\SINERGHI\system\Database\Forge.php(772): CodeIgniter\Database\BaseConnection->query('ALTER TABLE `us...')
#4 C:\laragon\www\SINERGHI\app\Database\Migrations\2024-07-20-043944_AddRoleToUsers.php(19): CodeIgniter\Database\Forge->addColumn('users', Array)
#5 C:\laragon\www\SINERGHI\system\Database\MigrationRunner.php(867): App\Database\Migrations\AddRoleToUsers->up()
#6 C:\laragon\www\SINERGHI\system\Database\MigrationRunner.php(183): CodeIgniter\Database\MigrationRunner->migrate('up', Object(stdClass))
#7 C:\laragon\www\SINERGHI\system\Commands\Database\Migrate.php(85): CodeIgniter\Database\MigrationRunner->latest(NULL)
#8 C:\laragon\www\SINERGHI\system\CLI\Commands.php(70): CodeIgniter\Commands\Database\Migrate->run(Array)
#9 C:\laragon\www\SINERGHI\system\CLI\Console.php(48): CodeIgniter\CLI\Commands->run('migrate', Array)
#10 C:\laragon\www\SINERGHI\system\Boot.php(351): CodeIgniter\CLI\Console->run()
#11 C:\laragon\www\SINERGHI\system\Boot.php(104): CodeIgniter\Boot::runCommand(Object(CodeIgniter\CLI\Console))
#12 C:\laragon\www\SINERGHI\spark(84): CodeIgniter\Boot::bootSpark(Object(Config\Paths))
#13 {main}
ERROR - 2024-07-20 04:41:39 --> mysqli_sql_exception: Table 'hellodesk.users' doesn't exist in C:\laragon\www\SINERGHI\system\Database\MySQLi\Connection.php:312
Stack trace:
#0 C:\laragon\www\SINERGHI\system\Database\MySQLi\Connection.php(312): mysqli->query('ALTER TABLE `us...', 0)
#1 C:\laragon\www\SINERGHI\system\Database\BaseConnection.php(734): CodeIgniter\Database\MySQLi\Connection->execute('ALTER TABLE `us...')
#2 C:\laragon\www\SINERGHI\system\Database\BaseConnection.php(648): CodeIgniter\Database\BaseConnection->simpleQuery('ALTER TABLE `us...')
#3 C:\laragon\www\SINERGHI\system\Database\Forge.php(772): CodeIgniter\Database\BaseConnection->query('ALTER TABLE `us...')
#4 C:\laragon\www\SINERGHI\app\Database\Migrations\2024-07-20-043944_AddRoleToUsers.php(19): CodeIgniter\Database\Forge->addColumn('users', Array)
#5 C:\laragon\www\SINERGHI\system\Database\MigrationRunner.php(867): App\Database\Migrations\AddRoleToUsers->up()
#6 C:\laragon\www\SINERGHI\system\Database\MigrationRunner.php(183): CodeIgniter\Database\MigrationRunner->migrate('up', Object(stdClass))
#7 C:\laragon\www\SINERGHI\system\Commands\Database\Migrate.php(85): CodeIgniter\Database\MigrationRunner->latest(NULL)
#8 C:\laragon\www\SINERGHI\system\CLI\Commands.php(70): CodeIgniter\Commands\Database\Migrate->run(Array)
#9 C:\laragon\www\SINERGHI\system\CLI\Console.php(48): CodeIgniter\CLI\Commands->run('migrate', Array)
#10 C:\laragon\www\SINERGHI\system\Boot.php(351): CodeIgniter\CLI\Console->run()
#11 C:\laragon\www\SINERGHI\system\Boot.php(104): CodeIgniter\Boot::runCommand(Object(CodeIgniter\CLI\Console))
#12 C:\laragon\www\SINERGHI\spark(84): CodeIgniter\Boot::bootSpark(Object(Config\Paths))
#13 {main}
ERROR - 2024-07-20 04:42:57 --> mysqli_sql_exception: Table 'sinergidb.users' doesn't exist in C:\laragon\www\SINERGHI\system\Database\MySQLi\Connection.php:312
Stack trace:
#0 C:\laragon\www\SINERGHI\system\Database\MySQLi\Connection.php(312): mysqli->query('ALTER TABLE `us...', 0)
#1 C:\laragon\www\SINERGHI\system\Database\BaseConnection.php(734): CodeIgniter\Database\MySQLi\Connection->execute('ALTER TABLE `us...')
#2 C:\laragon\www\SINERGHI\system\Database\BaseConnection.php(648): CodeIgniter\Database\BaseConnection->simpleQuery('ALTER TABLE `us...')
#3 C:\laragon\www\SINERGHI\system\Database\Forge.php(772): CodeIgniter\Database\BaseConnection->query('ALTER TABLE `us...')
#4 C:\laragon\www\SINERGHI\app\Database\Migrations\2024-07-20-043944_AddRoleToUsers.php(19): CodeIgniter\Database\Forge->addColumn('users', Array)
#5 C:\laragon\www\SINERGHI\system\Database\MigrationRunner.php(867): App\Database\Migrations\AddRoleToUsers->up()
#6 C:\laragon\www\SINERGHI\system\Database\MigrationRunner.php(183): CodeIgniter\Database\MigrationRunner->migrate('up', Object(stdClass))
#7 C:\laragon\www\SINERGHI\system\Commands\Database\Migrate.php(85): CodeIgniter\Database\MigrationRunner->latest(NULL)
#8 C:\laragon\www\SINERGHI\system\CLI\Commands.php(70): CodeIgniter\Commands\Database\Migrate->run(Array)
#9 C:\laragon\www\SINERGHI\system\CLI\Console.php(48): CodeIgniter\CLI\Commands->run('migrate', Array)
#10 C:\laragon\www\SINERGHI\system\Boot.php(351): CodeIgniter\CLI\Console->run()
#11 C:\laragon\www\SINERGHI\system\Boot.php(104): CodeIgniter\Boot::runCommand(Object(CodeIgniter\CLI\Console))
#12 C:\laragon\www\SINERGHI\spark(84): CodeIgniter\Boot::bootSpark(Object(Config\Paths))
#13 {main}
ERROR - 2024-07-20 04:44:41 --> mysqli_sql_exception: Table 'sinergidb.users' doesn't exist in C:\laragon\www\SINERGHI\system\Database\MySQLi\Connection.php:312
Stack trace:
#0 C:\laragon\www\SINERGHI\system\Database\MySQLi\Connection.php(312): mysqli->query('ALTER TABLE `us...', 0)
#1 C:\laragon\www\SINERGHI\system\Database\BaseConnection.php(734): CodeIgniter\Database\MySQLi\Connection->execute('ALTER TABLE `us...')
#2 C:\laragon\www\SINERGHI\system\Database\BaseConnection.php(648): CodeIgniter\Database\BaseConnection->simpleQuery('ALTER TABLE `us...')
#3 C:\laragon\www\SINERGHI\system\Database\Forge.php(772): CodeIgniter\Database\BaseConnection->query('ALTER TABLE `us...')
#4 C:\laragon\www\SINERGHI\app\Database\Migrations\2024-07-20-043944_AddRoleToUsers.php(19): CodeIgniter\Database\Forge->addColumn('users', Array)
#5 C:\laragon\www\SINERGHI\system\Database\MigrationRunner.php(867): App\Database\Migrations\AddRoleToUsers->up()
#6 C:\laragon\www\SINERGHI\system\Database\MigrationRunner.php(183): CodeIgniter\Database\MigrationRunner->migrate('up', Object(stdClass))
#7 C:\laragon\www\SINERGHI\system\Commands\Database\Migrate.php(85): CodeIgniter\Database\MigrationRunner->latest(NULL)
#8 C:\laragon\www\SINERGHI\system\CLI\Commands.php(70): CodeIgniter\Commands\Database\Migrate->run(Array)
#9 C:\laragon\www\SINERGHI\system\CLI\Console.php(48): CodeIgniter\CLI\Commands->run('migrate', Array)
#10 C:\laragon\www\SINERGHI\system\Boot.php(351): CodeIgniter\CLI\Console->run()
#11 C:\laragon\www\SINERGHI\system\Boot.php(104): CodeIgniter\Boot::runCommand(Object(CodeIgniter\CLI\Console))
#12 C:\laragon\www\SINERGHI\spark(84): CodeIgniter\Boot::bootSpark(Object(Config\Paths))
#13 {main}
INFO - 2024-07-20 04:49:23 --> Session: Class initialized using 'CodeIgniter\Session\Handlers\FileHandler' driver.
DEBUG - 2024-07-20 04:49:23 --> User ID: 7
ERROR - 2024-07-20 04:49:23 --> User not found in database for user ID: 7
INFO - 2024-07-20 04:49:41 --> Session: Class initialized using 'CodeIgniter\Session\Handlers\FileHandler' driver.
DEBUG - 2024-07-20 04:49:41 --> User ID: 7
ERROR - 2024-07-20 04:49:42 --> User not found in database for user ID: 7
INFO - 2024-07-20 04:49:53 --> Session: Class initialized using 'CodeIgniter\Session\Handlers\FileHandler' driver.
INFO - 2024-07-20 04:49:54 --> Session: Class initialized using 'CodeIgniter\Session\Handlers\FileHandler' driver.
DEBUG - 2024-07-20 04:49:54 --> User ID: 1
INFO - 2024-07-20 04:49:58 --> Session: Class initialized using 'CodeIgniter\Session\Handlers\FileHandler' driver.
DEBUG - 2024-07-20 04:49:58 --> User ID: 1
