INFO - 2024-07-19 03:01:30 --> Session: Class initialized using 'CodeIgniter\Session\Handlers\FileHandler' driver.
INFO - 2024-07-19 03:01:45 --> Session: Class initialized using 'CodeIgniter\Session\Handlers\FileHandler' driver.
ERROR - 2024-07-19 03:01:48 --> Error connecting to the database: mysqli_sql_exception: No connection could be made because the target machine actively refused it in C:\laragon\www\SINERGHI\system\Database\MySQLi\Connection.php:187
Stack trace:
#0 C:\laragon\www\SINERGHI\system\Database\MySQLi\Connection.php(187): mysqli->real_connect('127.0.0.1', 'root', '', 'hellodesk', 3306, '', 0)
#1 C:\laragon\www\SINERGHI\system\Database\BaseConnection.php(421): CodeIgniter\Database\MySQLi\Connection->connect(false)
#2 C:\laragon\www\SINERGHI\system\Database\BaseConnection.php(616): CodeIgniter\Database\BaseConnection->initialize()
#3 C:\laragon\www\SINERGHI\system\Database\BaseBuilder.php(1644): CodeIgniter\Database\BaseConnection->query('SELECT *\nFROM `...', Array, false)
#4 C:\laragon\www\SINERGHI\system\Model.php(330): CodeIgniter\Database\BaseBuilder->get()
#5 C:\laragon\www\SINERGHI\system\BaseModel.php(714): CodeIgniter\Model->doFirst()
#6 C:\laragon\www\SINERGHI\app\Controllers\AuthController.php(23): CodeIgniter\BaseModel->first()
#7 C:\laragon\www\SINERGHI\system\CodeIgniter.php(933): App\Controllers\AuthController->loginAuth()
#8 C:\laragon\www\SINERGHI\system\CodeIgniter.php(509): CodeIgniter\CodeIgniter->runController(Object(App\Controllers\AuthController))
#9 C:\laragon\www\SINERGHI\system\CodeIgniter.php(355): CodeIgniter\CodeIgniter->handleRequest(NULL, Object(Config\Cache), false)
#10 C:\laragon\www\SINERGHI\system\Boot.php(325): CodeIgniter\CodeIgniter->run()
#11 C:\laragon\www\SINERGHI\system\Boot.php(67): CodeIgniter\Boot::runCodeIgniter(Object(CodeIgniter\CodeIgniter))
#12 C:\laragon\www\SINERGHI\public\index.php(56): CodeIgniter\Boot::bootWeb(Object(Config\Paths))
#13 C:\laragon\www\SINERGHI\system\rewrite.php(44): require_once('C:\\laragon\\www\\...')
#14 {main}

Next CodeIgniter\Database\Exceptions\DatabaseException: No connection could be made because the target machine actively refused it in C:\laragon\www\SINERGHI\system\Database\MySQLi\Connection.php:231
Stack trace:
#0 C:\laragon\www\SINERGHI\system\Database\BaseConnection.php(421): CodeIgniter\Database\MySQLi\Connection->connect(false)
#1 C:\laragon\www\SINERGHI\system\Database\BaseConnection.php(616): CodeIgniter\Database\BaseConnection->initialize()
#2 C:\laragon\www\SINERGHI\system\Database\BaseBuilder.php(1644): CodeIgniter\Database\BaseConnection->query('SELECT *\nFROM `...', Array, false)
#3 C:\laragon\www\SINERGHI\system\Model.php(330): CodeIgniter\Database\BaseBuilder->get()
#4 C:\laragon\www\SINERGHI\system\BaseModel.php(714): CodeIgniter\Model->doFirst()
#5 C:\laragon\www\SINERGHI\app\Controllers\AuthController.php(23): CodeIgniter\BaseModel->first()
#6 C:\laragon\www\SINERGHI\system\CodeIgniter.php(933): App\Controllers\AuthController->loginAuth()
#7 C:\laragon\www\SINERGHI\system\CodeIgniter.php(509): CodeIgniter\CodeIgniter->runController(Object(App\Controllers\AuthController))
#8 C:\laragon\www\SINERGHI\system\CodeIgniter.php(355): CodeIgniter\CodeIgniter->handleRequest(NULL, Object(Config\Cache), false)
#9 C:\laragon\www\SINERGHI\system\Boot.php(325): CodeIgniter\CodeIgniter->run()
#10 C:\laragon\www\SINERGHI\system\Boot.php(67): CodeIgniter\Boot::runCodeIgniter(Object(CodeIgniter\CodeIgniter))
#11 C:\laragon\www\SINERGHI\public\index.php(56): CodeIgniter\Boot::bootWeb(Object(Config\Paths))
#12 C:\laragon\www\SINERGHI\system\rewrite.php(44): require_once('C:\\laragon\\www\\...')
#13 {main}
CRITICAL - 2024-07-19 03:01:48 --> CodeIgniter\Database\Exceptions\DatabaseException: Unable to connect to the database.
Main connection [MySQLi]: No connection could be made because the target machine actively refused it
[Method: POST, Route: loginAuth]
in SYSTEMPATH\Database\BaseConnection.php on line 467.
 1 SYSTEMPATH\Database\BaseConnection.php(616): CodeIgniter\Database\BaseConnection->initialize()
 2 SYSTEMPATH\Database\BaseBuilder.php(1644): CodeIgniter\Database\BaseConnection->query('SELECT *
FROM `users`
WHERE `username` = :username:
 LIMIT 1', [...], false)
 3 SYSTEMPATH\Model.php(330): CodeIgniter\Database\BaseBuilder->get()
 4 SYSTEMPATH\BaseModel.php(714): CodeIgniter\Model->doFirst()
 5 APPPATH\Controllers\AuthController.php(23): CodeIgniter\BaseModel->first()
 6 SYSTEMPATH\CodeIgniter.php(933): App\Controllers\AuthController->loginAuth()
 7 SYSTEMPATH\CodeIgniter.php(509): CodeIgniter\CodeIgniter->runController(Object(App\Controllers\AuthController))
 8 SYSTEMPATH\CodeIgniter.php(355): CodeIgniter\CodeIgniter->handleRequest(null, Object(Config\Cache), false)
 9 SYSTEMPATH\Boot.php(325): CodeIgniter\CodeIgniter->run()
10 SYSTEMPATH\Boot.php(67): CodeIgniter\Boot::runCodeIgniter(Object(CodeIgniter\CodeIgniter))
11 FCPATH\index.php(56): CodeIgniter\Boot::bootWeb(Object(Config\Paths))
12 SYSTEMPATH\rewrite.php(44): require_once('C:\\laragon\\www\\SINERGHI\\public\\index.php')
INFO - 2024-07-19 03:02:16 --> Session: Class initialized using 'CodeIgniter\Session\Handlers\FileHandler' driver.
INFO - 2024-07-19 03:02:18 --> Session: Class initialized using 'CodeIgniter\Session\Handlers\FileHandler' driver.
DEBUG - 2024-07-19 03:02:18 --> User ID: 7
INFO - 2024-07-19 03:02:24 --> Session: Class initialized using 'CodeIgniter\Session\Handlers\FileHandler' driver.
DEBUG - 2024-07-19 03:02:24 --> User ID: 7
INFO - 2024-07-19 03:02:45 --> Session: Class initialized using 'CodeIgniter\Session\Handlers\FileHandler' driver.
INFO - 2024-07-19 03:02:49 --> Session: Class initialized using 'CodeIgniter\Session\Handlers\FileHandler' driver.
DEBUG - 2024-07-19 03:02:49 --> User ID: 7
INFO - 2024-07-19 03:02:55 --> Session: Class initialized using 'CodeIgniter\Session\Handlers\FileHandler' driver.
INFO - 2024-07-19 03:02:58 --> Session: Class initialized using 'CodeIgniter\Session\Handlers\FileHandler' driver.
DEBUG - 2024-07-19 03:02:58 --> User ID: 7
INFO - 2024-07-19 03:03:11 --> Session: Class initialized using 'CodeIgniter\Session\Handlers\FileHandler' driver.
INFO - 2024-07-19 03:03:25 --> Session: Class initialized using 'CodeIgniter\Session\Handlers\FileHandler' driver.
INFO - 2024-07-19 03:03:28 --> Session: Class initialized using 'CodeIgniter\Session\Handlers\FileHandler' driver.
DEBUG - 2024-07-19 03:03:28 --> User ID: 7
INFO - 2024-07-19 03:03:38 --> Session: Class initialized using 'CodeIgniter\Session\Handlers\FileHandler' driver.
INFO - 2024-07-19 03:04:04 --> Session: Class initialized using 'CodeIgniter\Session\Handlers\FileHandler' driver.
INFO - 2024-07-19 03:04:12 --> Session: Class initialized using 'CodeIgniter\Session\Handlers\FileHandler' driver.
DEBUG - 2024-07-19 03:04:12 --> User ID: 7
INFO - 2024-07-19 03:04:22 --> Session: Class initialized using 'CodeIgniter\Session\Handlers\FileHandler' driver.
INFO - 2024-07-19 03:04:38 --> Session: Class initialized using 'CodeIgniter\Session\Handlers\FileHandler' driver.
INFO - 2024-07-19 03:04:42 --> Session: Class initialized using 'CodeIgniter\Session\Handlers\FileHandler' driver.
DEBUG - 2024-07-19 03:04:42 --> User ID: 7
INFO - 2024-07-19 03:05:02 --> Session: Class initialized using 'CodeIgniter\Session\Handlers\FileHandler' driver.
INFO - 2024-07-19 03:05:20 --> Session: Class initialized using 'CodeIgniter\Session\Handlers\FileHandler' driver.
INFO - 2024-07-19 03:05:25 --> Session: Class initialized using 'CodeIgniter\Session\Handlers\FileHandler' driver.
DEBUG - 2024-07-19 03:05:25 --> User ID: 7
INFO - 2024-07-19 03:17:52 --> Session: Class initialized using 'CodeIgniter\Session\Handlers\FileHandler' driver.
DEBUG - 2024-07-19 03:17:52 --> User ID: 7
INFO - 2024-07-19 03:18:03 --> Session: Class initialized using 'CodeIgniter\Session\Handlers\FileHandler' driver.
DEBUG - 2024-07-19 03:18:03 --> User ID: 7
INFO - 2024-07-19 03:18:05 --> Session: Class initialized using 'CodeIgniter\Session\Handlers\FileHandler' driver.
DEBUG - 2024-07-19 03:18:05 --> User ID: 7
INFO - 2024-07-19 03:18:07 --> Session: Class initialized using 'CodeIgniter\Session\Handlers\FileHandler' driver.
DEBUG - 2024-07-19 03:18:07 --> User ID: 7
INFO - 2024-07-19 03:18:30 --> Session: Class initialized using 'CodeIgniter\Session\Handlers\FileHandler' driver.
DEBUG - 2024-07-19 03:18:30 --> User ID: 7
INFO - 2024-07-19 03:18:45 --> Session: Class initialized using 'CodeIgniter\Session\Handlers\FileHandler' driver.
INFO - 2024-07-19 03:18:48 --> Session: Class initialized using 'CodeIgniter\Session\Handlers\FileHandler' driver.
INFO - 2024-07-19 03:18:52 --> Session: Class initialized using 'CodeIgniter\Session\Handlers\FileHandler' driver.
INFO - 2024-07-19 03:18:55 --> Session: Class initialized using 'CodeIgniter\Session\Handlers\FileHandler' driver.
INFO - 2024-07-19 03:18:58 --> Session: Class initialized using 'CodeIgniter\Session\Handlers\FileHandler' driver.
DEBUG - 2024-07-19 03:18:58 --> User ID: 7
INFO - 2024-07-19 03:19:08 --> Session: Class initialized using 'CodeIgniter\Session\Handlers\FileHandler' driver.
INFO - 2024-07-19 03:19:14 --> Session: Class initialized using 'CodeIgniter\Session\Handlers\FileHandler' driver.
INFO - 2024-07-19 03:20:28 --> Session: Class initialized using 'CodeIgniter\Session\Handlers\FileHandler' driver.
INFO - 2024-07-19 03:20:32 --> Session: Class initialized using 'CodeIgniter\Session\Handlers\FileHandler' driver.
DEBUG - 2024-07-19 03:20:32 --> User ID: 7
INFO - 2024-07-19 03:20:47 --> Session: Class initialized using 'CodeIgniter\Session\Handlers\FileHandler' driver.
INFO - 2024-07-19 03:20:58 --> Session: Class initialized using 'CodeIgniter\Session\Handlers\FileHandler' driver.
INFO - 2024-07-19 03:21:22 --> Session: Class initialized using 'CodeIgniter\Session\Handlers\FileHandler' driver.
INFO - 2024-07-19 03:21:31 --> Session: Class initialized using 'CodeIgniter\Session\Handlers\FileHandler' driver.
DEBUG - 2024-07-19 03:21:31 --> User ID: 7
INFO - 2024-07-19 03:22:31 --> Session: Class initialized using 'CodeIgniter\Session\Handlers\FileHandler' driver.
INFO - 2024-07-19 03:22:31 --> Session: Class initialized using 'CodeIgniter\Session\Handlers\FileHandler' driver.
DEBUG - 2024-07-19 03:22:31 --> User ID: 7
INFO - 2024-07-19 03:27:43 --> Session: Class initialized using 'CodeIgniter\Session\Handlers\FileHandler' driver.
DEBUG - 2024-07-19 03:27:43 --> User ID: 7
INFO - 2024-07-19 03:28:11 --> Session: Class initialized using 'CodeIgniter\Session\Handlers\FileHandler' driver.
INFO - 2024-07-19 03:28:21 --> Session: Class initialized using 'CodeIgniter\Session\Handlers\FileHandler' driver.
INFO - 2024-07-19 03:28:27 --> Session: Class initialized using 'CodeIgniter\Session\Handlers\FileHandler' driver.
DEBUG - 2024-07-19 03:28:27 --> User ID: 7
INFO - 2024-07-19 03:28:34 --> Session: Class initialized using 'CodeIgniter\Session\Handlers\FileHandler' driver.
INFO - 2024-07-19 03:28:59 --> Session: Class initialized using 'CodeIgniter\Session\Handlers\FileHandler' driver.
INFO - 2024-07-19 03:29:11 --> Session: Class initialized using 'CodeIgniter\Session\Handlers\FileHandler' driver.
DEBUG - 2024-07-19 03:29:11 --> User ID: 7
INFO - 2024-07-19 03:37:15 --> Session: Class initialized using 'CodeIgniter\Session\Handlers\FileHandler' driver.
DEBUG - 2024-07-19 03:37:15 --> User ID: 7
CRITICAL - 2024-07-19 03:37:20 --> CodeIgniter\View\Exceptions\ViewException: Invalid file: "layout/admin_template.php"
[Method: GET, Route: admin]
in SYSTEMPATH\Exceptions\FrameworkException.php on line 41.
 1 SYSTEMPATH\View\View.php(222): CodeIgniter\Exceptions\FrameworkException::forInvalidFile('layout/admin_template.php')
 2 SYSTEMPATH\View\View.php(250): CodeIgniter\View\View->render('layout/admin_template', [], true)
 3 SYSTEMPATH\Common.php(1169): CodeIgniter\View\View->render('admin/dashboard', [], true)
 4 APPPATH\Controllers\AdminController.php(25): view('admin/dashboard', [...])
 5 SYSTEMPATH\CodeIgniter.php(933): App\Controllers\AdminController->index()
 6 SYSTEMPATH\CodeIgniter.php(509): CodeIgniter\CodeIgniter->runController(Object(App\Controllers\AdminController))
 7 SYSTEMPATH\CodeIgniter.php(355): CodeIgniter\CodeIgniter->handleRequest(null, Object(Config\Cache), false)
 8 SYSTEMPATH\Boot.php(325): CodeIgniter\CodeIgniter->run()
 9 SYSTEMPATH\Boot.php(67): CodeIgniter\Boot::runCodeIgniter(Object(CodeIgniter\CodeIgniter))
10 FCPATH\index.php(56): CodeIgniter\Boot::bootWeb(Object(Config\Paths))
11 SYSTEMPATH\rewrite.php(44): require_once('C:\\laragon\\www\\SINERGHI\\public\\index.php')
INFO - 2024-07-19 03:38:12 --> Session: Class initialized using 'CodeIgniter\Session\Handlers\FileHandler' driver.
INFO - 2024-07-19 03:38:25 --> Session: Class initialized using 'CodeIgniter\Session\Handlers\FileHandler' driver.
INFO - 2024-07-19 03:58:04 --> Session: Class initialized using 'CodeIgniter\Session\Handlers\FileHandler' driver.
INFO - 2024-07-19 03:58:06 --> Session: Class initialized using 'CodeIgniter\Session\Handlers\FileHandler' driver.
INFO - 2024-07-19 03:58:30 --> Session: Class initialized using 'CodeIgniter\Session\Handlers\FileHandler' driver.
INFO - 2024-07-19 03:58:56 --> Session: Class initialized using 'CodeIgniter\Session\Handlers\FileHandler' driver.
INFO - 2024-07-19 03:58:56 --> Session: Class initialized using 'CodeIgniter\Session\Handlers\FileHandler' driver.
DEBUG - 2024-07-19 03:58:56 --> User ID: 7
INFO - 2024-07-19 03:58:59 --> Session: Class initialized using 'CodeIgniter\Session\Handlers\FileHandler' driver.
DEBUG - 2024-07-19 03:58:59 --> User ID: 7
CRITICAL - 2024-07-19 03:58:59 --> ErrorException: Undefined variable $contents
[Method: GET, Route: referensi]
in APPPATH\Views\referensi\referensi.php on line 22.
 1 APPPATH\Views\referensi\referensi.php(22): CodeIgniter\Debug\Exceptions->errorHandler(2, 'Undefined variable $contents', 'C:\\laragon\\www\\SINERGHI\\app\\Views\\referensi\\referensi.php', 22)
 2 SYSTEMPATH\View\View.php(234): include('C:\\laragon\\www\\SINERGHI\\app\\Views\\referensi\\referensi.php')
 3 SYSTEMPATH\View\View.php(237): CodeIgniter\View\View->CodeIgniter\View\{closure}()
 4 SYSTEMPATH\Common.php(1169): CodeIgniter\View\View->render('referensi/referensi', [], true)
 5 APPPATH\Controllers\ReferensiController.php(31): view('referensi/referensi', [...])
 6 SYSTEMPATH\CodeIgniter.php(933): App\Controllers\ReferensiController->index()
 7 SYSTEMPATH\CodeIgniter.php(509): CodeIgniter\CodeIgniter->runController(Object(App\Controllers\ReferensiController))
 8 SYSTEMPATH\CodeIgniter.php(355): CodeIgniter\CodeIgniter->handleRequest(null, Object(Config\Cache), false)
 9 SYSTEMPATH\Boot.php(325): CodeIgniter\CodeIgniter->run()
10 SYSTEMPATH\Boot.php(67): CodeIgniter\Boot::runCodeIgniter(Object(CodeIgniter\CodeIgniter))
11 FCPATH\index.php(56): CodeIgniter\Boot::bootWeb(Object(Config\Paths))
12 SYSTEMPATH\rewrite.php(44): require_once('C:\\laragon\\www\\SINERGHI\\public\\index.php')
INFO - 2024-07-19 04:00:35 --> Session: Class initialized using 'CodeIgniter\Session\Handlers\FileHandler' driver.
DEBUG - 2024-07-19 04:00:35 --> User ID: 7
CRITICAL - 2024-07-19 04:00:35 --> ErrorException: Undefined variable $username
[Method: GET, Route: referensi]
in APPPATH\Views\layout\navbar.php on line 192.
 1 APPPATH\Views\layout\navbar.php(192): CodeIgniter\Debug\Exceptions->errorHandler(2, 'Undefined variable $username', 'C:\\laragon\\www\\SINERGHI\\app\\Views\\layout\\navbar.php', 192)
 2 SYSTEMPATH\View\View.php(234): include('C:\\laragon\\www\\SINERGHI\\app\\Views\\layout\\navbar.php')
 3 SYSTEMPATH\View\View.php(237): CodeIgniter\View\View->CodeIgniter\View\{closure}()
 4 SYSTEMPATH\View\View.php(487): CodeIgniter\View\View->render('layout/navbar', null, true)
 5 APPPATH\Views\layout\template.php(14): CodeIgniter\View\View->include('layout/navbar')
 6 SYSTEMPATH\View\View.php(234): include('C:\\laragon\\www\\SINERGHI\\app\\Views\\layout\\template.php')
 7 SYSTEMPATH\View\View.php(237): CodeIgniter\View\View->CodeIgniter\View\{closure}()
 8 SYSTEMPATH\View\View.php(250): CodeIgniter\View\View->render('layout/template', [], true)
 9 SYSTEMPATH\Common.php(1169): CodeIgniter\View\View->render('referensi/referensi', [], true)
10 APPPATH\Controllers\ReferensiController.php(31): view('referensi/referensi', [...])
11 SYSTEMPATH\CodeIgniter.php(933): App\Controllers\ReferensiController->index()
12 SYSTEMPATH\CodeIgniter.php(509): CodeIgniter\CodeIgniter->runController(Object(App\Controllers\ReferensiController))
13 SYSTEMPATH\CodeIgniter.php(355): CodeIgniter\CodeIgniter->handleRequest(null, Object(Config\Cache), false)
14 SYSTEMPATH\Boot.php(325): CodeIgniter\CodeIgniter->run()
15 SYSTEMPATH\Boot.php(67): CodeIgniter\Boot::runCodeIgniter(Object(CodeIgniter\CodeIgniter))
16 FCPATH\index.php(56): CodeIgniter\Boot::bootWeb(Object(Config\Paths))
17 SYSTEMPATH\rewrite.php(44): require_once('C:\\laragon\\www\\SINERGHI\\public\\index.php')
INFO - 2024-07-19 04:01:34 --> Session: Class initialized using 'CodeIgniter\Session\Handlers\FileHandler' driver.
DEBUG - 2024-07-19 04:01:34 --> User ID: 7
CRITICAL - 2024-07-19 04:01:34 --> ErrorException: Undefined variable $username
[Method: GET, Route: referensi]
in APPPATH\Views\layout\navbar.php on line 213.
 1 APPPATH\Views\layout\navbar.php(213): CodeIgniter\Debug\Exceptions->errorHandler(2, 'Undefined variable $username', 'C:\\laragon\\www\\SINERGHI\\app\\Views\\layout\\navbar.php', 213)
 2 SYSTEMPATH\View\View.php(234): include('C:\\laragon\\www\\SINERGHI\\app\\Views\\layout\\navbar.php')
 3 SYSTEMPATH\View\View.php(237): CodeIgniter\View\View->CodeIgniter\View\{closure}()
 4 SYSTEMPATH\View\View.php(487): CodeIgniter\View\View->render('layout/navbar', null, true)
 5 APPPATH\Views\layout\template.php(14): CodeIgniter\View\View->include('layout/navbar')
 6 SYSTEMPATH\View\View.php(234): include('C:\\laragon\\www\\SINERGHI\\app\\Views\\layout\\template.php')
 7 SYSTEMPATH\View\View.php(237): CodeIgniter\View\View->CodeIgniter\View\{closure}()
 8 SYSTEMPATH\View\View.php(250): CodeIgniter\View\View->render('layout/template', [], true)
 9 SYSTEMPATH\Common.php(1169): CodeIgniter\View\View->render('referensi/referensi', [], true)
10 APPPATH\Controllers\ReferensiController.php(31): view('referensi/referensi', [...])
11 SYSTEMPATH\CodeIgniter.php(933): App\Controllers\ReferensiController->index()
12 SYSTEMPATH\CodeIgniter.php(509): CodeIgniter\CodeIgniter->runController(Object(App\Controllers\ReferensiController))
13 SYSTEMPATH\CodeIgniter.php(355): CodeIgniter\CodeIgniter->handleRequest(null, Object(Config\Cache), false)
14 SYSTEMPATH\Boot.php(325): CodeIgniter\CodeIgniter->run()
15 SYSTEMPATH\Boot.php(67): CodeIgniter\Boot::runCodeIgniter(Object(CodeIgniter\CodeIgniter))
16 FCPATH\index.php(56): CodeIgniter\Boot::bootWeb(Object(Config\Paths))
17 SYSTEMPATH\rewrite.php(44): require_once('C:\\laragon\\www\\SINERGHI\\public\\index.php')
INFO - 2024-07-19 04:01:42 --> Session: Class initialized using 'CodeIgniter\Session\Handlers\FileHandler' driver.
DEBUG - 2024-07-19 04:01:42 --> User ID: 7
CRITICAL - 2024-07-19 04:01:42 --> ErrorException: Undefined variable $username
[Method: GET, Route: referensi]
in APPPATH\Views\layout\navbar.php on line 192.
 1 APPPATH\Views\layout\navbar.php(192): CodeIgniter\Debug\Exceptions->errorHandler(2, 'Undefined variable $username', 'C:\\laragon\\www\\SINERGHI\\app\\Views\\layout\\navbar.php', 192)
 2 SYSTEMPATH\View\View.php(234): include('C:\\laragon\\www\\SINERGHI\\app\\Views\\layout\\navbar.php')
 3 SYSTEMPATH\View\View.php(237): CodeIgniter\View\View->CodeIgniter\View\{closure}()
 4 SYSTEMPATH\View\View.php(487): CodeIgniter\View\View->render('layout/navbar', null, true)
 5 APPPATH\Views\layout\template.php(14): CodeIgniter\View\View->include('layout/navbar')
 6 SYSTEMPATH\View\View.php(234): include('C:\\laragon\\www\\SINERGHI\\app\\Views\\layout\\template.php')
 7 SYSTEMPATH\View\View.php(237): CodeIgniter\View\View->CodeIgniter\View\{closure}()
 8 SYSTEMPATH\View\View.php(250): CodeIgniter\View\View->render('layout/template', [], true)
 9 SYSTEMPATH\Common.php(1169): CodeIgniter\View\View->render('referensi/referensi', [], true)
10 APPPATH\Controllers\ReferensiController.php(31): view('referensi/referensi', [...])
11 SYSTEMPATH\CodeIgniter.php(933): App\Controllers\ReferensiController->index()
12 SYSTEMPATH\CodeIgniter.php(509): CodeIgniter\CodeIgniter->runController(Object(App\Controllers\ReferensiController))
13 SYSTEMPATH\CodeIgniter.php(355): CodeIgniter\CodeIgniter->handleRequest(null, Object(Config\Cache), false)
14 SYSTEMPATH\Boot.php(325): CodeIgniter\CodeIgniter->run()
15 SYSTEMPATH\Boot.php(67): CodeIgniter\Boot::runCodeIgniter(Object(CodeIgniter\CodeIgniter))
16 FCPATH\index.php(56): CodeIgniter\Boot::bootWeb(Object(Config\Paths))
17 SYSTEMPATH\rewrite.php(44): require_once('C:\\laragon\\www\\SINERGHI\\public\\index.php')
INFO - 2024-07-19 04:05:24 --> Session: Class initialized using 'CodeIgniter\Session\Handlers\FileHandler' driver.
DEBUG - 2024-07-19 04:05:24 --> User ID: 7
INFO - 2024-07-19 04:05:42 --> Session: Class initialized using 'CodeIgniter\Session\Handlers\FileHandler' driver.
INFO - 2024-07-19 04:05:46 --> Session: Class initialized using 'CodeIgniter\Session\Handlers\FileHandler' driver.
INFO - 2024-07-19 04:05:50 --> Session: Class initialized using 'CodeIgniter\Session\Handlers\FileHandler' driver.
DEBUG - 2024-07-19 04:05:50 --> User ID: 7
INFO - 2024-07-19 04:06:13 --> Session: Class initialized using 'CodeIgniter\Session\Handlers\FileHandler' driver.
INFO - 2024-07-19 04:06:19 --> Session: Class initialized using 'CodeIgniter\Session\Handlers\FileHandler' driver.
DEBUG - 2024-07-19 04:06:19 --> User ID: 7
