INFO - 2025-02-28 06:31:09 --> Session: Class initialized using 'CodeIgniter\Session\Handlers\FileHandler' driver.
INFO - 2025-02-28 06:31:11 --> Session: Class initialized using 'CodeIgniter\Session\Handlers\FileHandler' driver.
INFO - 2025-02-28 06:36:58 --> Session: Class initialized using 'CodeIgniter\Session\Handlers\FileHandler' driver.
INFO - 2025-02-28 06:37:27 --> Session: Class initialized using 'CodeIgniter\Session\Handlers\FileHandler' driver.
DEBUG - 2025-02-28 06:37:27 --> SSO Callback received. Method: GET, Token: present
DEBUG - 2025-02-28 06:37:27 --> SSO Callback: Attempting to get user data with token
DEBUG - 2025-02-28 06:37:27 --> SSO User data received: {"valid":true,"username":"andre.lesmana","userid":0,"pegawai_id":146}
DEBUG - 2025-02-28 06:37:27 --> SSO Callback: User data received: {"valid":true,"username":"andre.lesmana","userid":0,"pegawai_id":146}
INFO - 2025-02-28 06:37:27 --> SSO Callback: User successfully logged in: andre.lesmana
INFO - 2025-02-28 06:37:28 --> Session: Class initialized using 'CodeIgniter\Session\Handlers\FileHandler' driver.
INFO - 2025-02-28 06:38:34 --> Session: Class initialized using 'CodeIgniter\Session\Handlers\FileHandler' driver.
INFO - 2025-02-28 06:38:35 --> Session: Class initialized using 'CodeIgniter\Session\Handlers\FileHandler' driver.
DEBUG - 2025-02-28 06:38:35 --> SSO Callback received. Method: GET, Token: present
DEBUG - 2025-02-28 06:38:35 --> SSO Callback: Attempting to get user data with token
DEBUG - 2025-02-28 06:38:35 --> SSO User data received: {"valid":true,"username":"andre.lesmana","userid":0,"pegawai_id":146}
DEBUG - 2025-02-28 06:38:35 --> SSO Callback: User data received: {"valid":true,"username":"andre.lesmana","userid":0,"pegawai_id":146}
INFO - 2025-02-28 06:38:35 --> SSO Callback: User successfully logged in: andre.lesmana
INFO - 2025-02-28 06:38:35 --> Session: Class initialized using 'CodeIgniter\Session\Handlers\FileHandler' driver.
INFO - 2025-02-28 06:38:42 --> Session: Class initialized using 'CodeIgniter\Session\Handlers\FileHandler' driver.
INFO - 2025-02-28 06:38:42 --> Session: Class initialized using 'CodeIgniter\Session\Handlers\FileHandler' driver.
DEBUG - 2025-02-28 06:38:42 --> SSO Callback received. Method: GET, Token: present
DEBUG - 2025-02-28 06:38:42 --> SSO Callback: Attempting to get user data with token
DEBUG - 2025-02-28 06:38:42 --> SSO User data received: {"valid":true,"username":"andre.lesmana","userid":0,"pegawai_id":146}
DEBUG - 2025-02-28 06:38:42 --> SSO Callback: User data received: {"valid":true,"username":"andre.lesmana","userid":0,"pegawai_id":146}
INFO - 2025-02-28 06:38:42 --> SSO Callback: User successfully logged in: andre.lesmana
INFO - 2025-02-28 06:38:42 --> Session: Class initialized using 'CodeIgniter\Session\Handlers\FileHandler' driver.
INFO - 2025-02-28 06:38:43 --> Session: Class initialized using 'CodeIgniter\Session\Handlers\FileHandler' driver.
INFO - 2025-02-28 06:38:43 --> Session: Class initialized using 'CodeIgniter\Session\Handlers\FileHandler' driver.
INFO - 2025-02-28 06:38:43 --> Session: Class initialized using 'CodeIgniter\Session\Handlers\FileHandler' driver.
INFO - 2025-02-28 06:38:43 --> Session: Class initialized using 'CodeIgniter\Session\Handlers\FileHandler' driver.
INFO - 2025-02-28 06:38:43 --> Session: Class initialized using 'CodeIgniter\Session\Handlers\FileHandler' driver.
INFO - 2025-02-28 06:38:44 --> Session: Class initialized using 'CodeIgniter\Session\Handlers\FileHandler' driver.
INFO - 2025-02-28 06:38:44 --> Session: Class initialized using 'CodeIgniter\Session\Handlers\FileHandler' driver.
INFO - 2025-02-28 06:38:44 --> Session: Class initialized using 'CodeIgniter\Session\Handlers\FileHandler' driver.
INFO - 2025-02-28 06:38:46 --> Session: Class initialized using 'CodeIgniter\Session\Handlers\FileHandler' driver.
INFO - 2025-02-28 06:38:47 --> Session: Class initialized using 'CodeIgniter\Session\Handlers\FileHandler' driver.
INFO - 2025-02-28 06:38:47 --> Session: Class initialized using 'CodeIgniter\Session\Handlers\FileHandler' driver.
INFO - 2025-02-28 06:38:47 --> Session: Class initialized using 'CodeIgniter\Session\Handlers\FileHandler' driver.
INFO - 2025-02-28 06:38:47 --> Session: Class initialized using 'CodeIgniter\Session\Handlers\FileHandler' driver.
INFO - 2025-02-28 06:38:47 --> Session: Class initialized using 'CodeIgniter\Session\Handlers\FileHandler' driver.
INFO - 2025-02-28 06:38:48 --> Session: Class initialized using 'CodeIgniter\Session\Handlers\FileHandler' driver.
INFO - 2025-02-28 06:38:48 --> Session: Class initialized using 'CodeIgniter\Session\Handlers\FileHandler' driver.
INFO - 2025-02-28 06:38:48 --> Session: Class initialized using 'CodeIgniter\Session\Handlers\FileHandler' driver.
INFO - 2025-02-28 06:38:49 --> Session: Class initialized using 'CodeIgniter\Session\Handlers\FileHandler' driver.
DEBUG - 2025-02-28 06:38:49 --> SSO Callback received. Method: GET, Token: present
DEBUG - 2025-02-28 06:38:49 --> SSO Callback: Attempting to get user data with token
DEBUG - 2025-02-28 06:38:49 --> SSO User data received: {"valid":true,"username":"andre.lesmana","userid":0,"pegawai_id":146}
DEBUG - 2025-02-28 06:38:49 --> SSO Callback: User data received: {"valid":true,"username":"andre.lesmana","userid":0,"pegawai_id":146}
INFO - 2025-02-28 06:38:49 --> SSO Callback: User successfully logged in: andre.lesmana
INFO - 2025-02-28 06:38:49 --> Session: Class initialized using 'CodeIgniter\Session\Handlers\FileHandler' driver.
INFO - 2025-02-28 06:38:53 --> Session: Class initialized using 'CodeIgniter\Session\Handlers\FileHandler' driver.
INFO - 2025-02-28 06:38:53 --> Session: Class initialized using 'CodeIgniter\Session\Handlers\FileHandler' driver.
INFO - 2025-02-28 06:47:34 --> Session: Class initialized using 'CodeIgniter\Session\Handlers\FileHandler' driver.
DEBUG - 2025-02-28 06:47:34 --> SSO Callback received. Method: GET, Token: present
DEBUG - 2025-02-28 06:47:34 --> SSO Callback: Attempting to get user data with token
DEBUG - 2025-02-28 06:47:34 --> SSO User data received: {"valid":true,"username":"agung.gt","userid":0,"pegawai_id":15}
DEBUG - 2025-02-28 06:47:34 --> SSO Callback: User data received: {"valid":true,"username":"agung.gt","userid":0,"pegawai_id":15}
INFO - 2025-02-28 06:47:34 --> SSO Callback: User successfully logged in: agung.gt
INFO - 2025-02-28 06:47:35 --> Session: Class initialized using 'CodeIgniter\Session\Handlers\FileHandler' driver.
INFO - 2025-02-28 06:48:46 --> Session: Class initialized using 'CodeIgniter\Session\Handlers\FileHandler' driver.
INFO - 2025-02-28 06:49:26 --> Session: Class initialized using 'CodeIgniter\Session\Handlers\FileHandler' driver.
DEBUG - 2025-02-28 06:49:26 --> SSO Callback received. Method: GET, Token: present
DEBUG - 2025-02-28 06:49:26 --> SSO Callback: Attempting to get user data with token
DEBUG - 2025-02-28 06:49:26 --> SSO User data received: {"valid":true,"username":"andre.lesmana","userid":0,"pegawai_id":146}
DEBUG - 2025-02-28 06:49:26 --> SSO Callback: User data received: {"valid":true,"username":"andre.lesmana","userid":0,"pegawai_id":146}
INFO - 2025-02-28 06:49:26 --> SSO Callback: User successfully logged in: andre.lesmana
INFO - 2025-02-28 06:49:27 --> Session: Class initialized using 'CodeIgniter\Session\Handlers\FileHandler' driver.
INFO - 2025-02-28 06:49:49 --> Session: Class initialized using 'CodeIgniter\Session\Handlers\FileHandler' driver.
DEBUG - 2025-02-28 06:49:49 --> SSO Callback received. Method: GET, Token: present
DEBUG - 2025-02-28 06:49:49 --> SSO Callback: Attempting to get user data with token
DEBUG - 2025-02-28 06:49:49 --> SSO User data received: {"valid":true,"username":"theophanie.solin","userid":0,"pegawai_id":202}
DEBUG - 2025-02-28 06:49:49 --> SSO Callback: User data received: {"valid":true,"username":"theophanie.solin","userid":0,"pegawai_id":202}
INFO - 2025-02-28 06:49:49 --> SSO Callback: User successfully logged in: theophanie.solin
INFO - 2025-02-28 06:49:50 --> Session: Class initialized using 'CodeIgniter\Session\Handlers\FileHandler' driver.
INFO - 2025-02-28 06:51:20 --> Session: Class initialized using 'CodeIgniter\Session\Handlers\FileHandler' driver.
INFO - 2025-02-28 07:01:16 --> Session: Class initialized using 'CodeIgniter\Session\Handlers\FileHandler' driver.
INFO - 2025-02-28 07:36:05 --> Session: Class initialized using 'CodeIgniter\Session\Handlers\FileHandler' driver.
INFO - 2025-02-28 08:11:58 --> Session: Class initialized using 'CodeIgniter\Session\Handlers\FileHandler' driver.
INFO - 2025-02-28 08:12:05 --> Session: Class initialized using 'CodeIgniter\Session\Handlers\FileHandler' driver.
DEBUG - 2025-02-28 08:12:05 --> SSO Callback received. Method: GET, Token: present
DEBUG - 2025-02-28 08:12:05 --> SSO Callback: Attempting to get user data with token
DEBUG - 2025-02-28 08:12:05 --> SSO User data received: {"valid":true,"username":"theophanie.solin","userid":0,"pegawai_id":202}
DEBUG - 2025-02-28 08:12:05 --> SSO Callback: User data received: {"valid":true,"username":"theophanie.solin","userid":0,"pegawai_id":202}
INFO - 2025-02-28 08:12:06 --> SSO Callback: User successfully logged in: theophanie.solin
INFO - 2025-02-28 08:12:06 --> Session: Class initialized using 'CodeIgniter\Session\Handlers\FileHandler' driver.
INFO - 2025-02-28 08:12:24 --> Session: Class initialized using 'CodeIgniter\Session\Handlers\FileHandler' driver.
INFO - 2025-02-28 08:12:26 --> Session: Class initialized using 'CodeIgniter\Session\Handlers\FileHandler' driver.
INFO - 2025-02-28 08:12:28 --> Session: Class initialized using 'CodeIgniter\Session\Handlers\FileHandler' driver.
INFO - 2025-02-28 08:18:01 --> Session: Class initialized using 'CodeIgniter\Session\Handlers\FileHandler' driver.
INFO - 2025-02-28 08:22:14 --> Session: Class initialized using 'CodeIgniter\Session\Handlers\FileHandler' driver.
INFO - 2025-02-28 08:24:13 --> Session: Class initialized using 'CodeIgniter\Session\Handlers\FileHandler' driver.
DEBUG - 2025-02-28 08:24:13 --> SSO Callback received. Method: GET, Token: present
DEBUG - 2025-02-28 08:24:13 --> SSO Callback: Attempting to get user data with token
DEBUG - 2025-02-28 08:24:14 --> SSO User data received: {"valid":true,"username":"andre.lesmana","userid":0,"pegawai_id":146}
DEBUG - 2025-02-28 08:24:14 --> SSO Callback: User data received: {"valid":true,"username":"andre.lesmana","userid":0,"pegawai_id":146}
INFO - 2025-02-28 08:24:14 --> SSO Callback: User successfully logged in: andre.lesmana
INFO - 2025-02-28 08:24:14 --> Session: Class initialized using 'CodeIgniter\Session\Handlers\FileHandler' driver.
INFO - 2025-02-28 08:29:16 --> Session: Class initialized using 'CodeIgniter\Session\Handlers\FileHandler' driver.
INFO - 2025-02-28 08:29:35 --> Session: Class initialized using 'CodeIgniter\Session\Handlers\FileHandler' driver.
DEBUG - 2025-02-28 08:29:35 --> SSO Callback received. Method: GET, Token: present
DEBUG - 2025-02-28 08:29:35 --> SSO Callback: Attempting to get user data with token
DEBUG - 2025-02-28 08:29:35 --> SSO User data received: {"valid":true,"username":"agung.gt","userid":0,"pegawai_id":15}
DEBUG - 2025-02-28 08:29:35 --> SSO Callback: User data received: {"valid":true,"username":"agung.gt","userid":0,"pegawai_id":15}
INFO - 2025-02-28 08:29:35 --> SSO Callback: User successfully logged in: agung.gt
INFO - 2025-02-28 08:29:36 --> Session: Class initialized using 'CodeIgniter\Session\Handlers\FileHandler' driver.
INFO - 2025-02-28 08:51:01 --> Session: Class initialized using 'CodeIgniter\Session\Handlers\FileHandler' driver.
INFO - 2025-02-28 08:51:16 --> Session: Class initialized using 'CodeIgniter\Session\Handlers\FileHandler' driver.
DEBUG - 2025-02-28 08:51:16 --> SSO Callback received. Method: GET, Token: present
DEBUG - 2025-02-28 08:51:16 --> SSO Callback: Attempting to get user data with token
DEBUG - 2025-02-28 08:51:16 --> SSO User data received: {"valid":true,"username":"andre.lesmana","userid":0,"pegawai_id":146}
DEBUG - 2025-02-28 08:51:16 --> SSO Callback: User data received: {"valid":true,"username":"andre.lesmana","userid":0,"pegawai_id":146}
INFO - 2025-02-28 08:51:16 --> SSO Callback: User successfully logged in: andre.lesmana
INFO - 2025-02-28 08:51:16 --> Session: Class initialized using 'CodeIgniter\Session\Handlers\FileHandler' driver.
INFO - 2025-02-28 08:53:08 --> Session: Class initialized using 'CodeIgniter\Session\Handlers\FileHandler' driver.
INFO - 2025-02-28 08:53:11 --> Session: Class initialized using 'CodeIgniter\Session\Handlers\FileHandler' driver.
INFO - 2025-02-28 08:53:12 --> Session: Class initialized using 'CodeIgniter\Session\Handlers\FileHandler' driver.
INFO - 2025-02-28 08:53:13 --> Session: Class initialized using 'CodeIgniter\Session\Handlers\FileHandler' driver.
INFO - 2025-02-28 08:53:15 --> Session: Class initialized using 'CodeIgniter\Session\Handlers\FileHandler' driver.
ERROR - 2025-02-28 08:53:15 --> SSO URL not configured. Check your .env file.
INFO - 2025-02-28 08:53:15 --> Session: Class initialized using 'CodeIgniter\Session\Handlers\FileHandler' driver.
INFO - 2025-02-28 08:53:20 --> Session: Class initialized using 'CodeIgniter\Session\Handlers\FileHandler' driver.
INFO - 2025-02-28 08:56:10 --> Session: Class initialized using 'CodeIgniter\Session\Handlers\FileHandler' driver.
INFO - 2025-02-28 08:56:11 --> Session: Class initialized using 'CodeIgniter\Session\Handlers\FileHandler' driver.
DEBUG - 2025-02-28 08:56:11 --> SSO Callback received. Method: GET, Token: present
DEBUG - 2025-02-28 08:56:11 --> SSO Callback: Attempting to get user data with token
DEBUG - 2025-02-28 08:56:11 --> SSO User data received: {"valid":true,"username":"theophanie.solin","userid":0,"pegawai_id":202}
DEBUG - 2025-02-28 08:56:11 --> SSO Callback: User data received: {"valid":true,"username":"theophanie.solin","userid":0,"pegawai_id":202}
INFO - 2025-02-28 08:56:11 --> SSO Callback: User successfully logged in: theophanie.solin
INFO - 2025-02-28 08:56:11 --> Session: Class initialized using 'CodeIgniter\Session\Handlers\FileHandler' driver.
INFO - 2025-02-28 08:56:16 --> Session: Class initialized using 'CodeIgniter\Session\Handlers\FileHandler' driver.
INFO - 2025-02-28 08:56:18 --> Session: Class initialized using 'CodeIgniter\Session\Handlers\FileHandler' driver.
INFO - 2025-02-28 08:56:19 --> Session: Class initialized using 'CodeIgniter\Session\Handlers\FileHandler' driver.
INFO - 2025-02-28 08:56:21 --> Session: Class initialized using 'CodeIgniter\Session\Handlers\FileHandler' driver.
INFO - 2025-02-28 08:56:22 --> Session: Class initialized using 'CodeIgniter\Session\Handlers\FileHandler' driver.
ERROR - 2025-02-28 08:56:22 --> SSO URL not configured. Check your .env file.
INFO - 2025-02-28 08:56:23 --> Session: Class initialized using 'CodeIgniter\Session\Handlers\FileHandler' driver.
INFO - 2025-02-28 08:57:41 --> Session: Class initialized using 'CodeIgniter\Session\Handlers\FileHandler' driver.
INFO - 2025-02-28 08:57:41 --> Session: Class initialized using 'CodeIgniter\Session\Handlers\FileHandler' driver.
DEBUG - 2025-02-28 08:57:41 --> SSO Callback received. Method: GET, Token: present
DEBUG - 2025-02-28 08:57:41 --> SSO Callback: Attempting to get user data with token
DEBUG - 2025-02-28 08:57:41 --> SSO User data received: {"valid":true,"username":"theophanie.solin","userid":0,"pegawai_id":202}
DEBUG - 2025-02-28 08:57:41 --> SSO Callback: User data received: {"valid":true,"username":"theophanie.solin","userid":0,"pegawai_id":202}
INFO - 2025-02-28 08:57:41 --> SSO Callback: User successfully logged in: theophanie.solin
INFO - 2025-02-28 08:57:41 --> Session: Class initialized using 'CodeIgniter\Session\Handlers\FileHandler' driver.
INFO - 2025-02-28 08:58:52 --> Session: Class initialized using 'CodeIgniter\Session\Handlers\FileHandler' driver.
INFO - 2025-02-28 08:59:34 --> Session: Class initialized using 'CodeIgniter\Session\Handlers\FileHandler' driver.
INFO - 2025-02-28 08:59:35 --> Session: Class initialized using 'CodeIgniter\Session\Handlers\FileHandler' driver.
DEBUG - 2025-02-28 08:59:35 --> SSO Callback received. Method: GET, Token: present
DEBUG - 2025-02-28 08:59:35 --> SSO Callback: Attempting to get user data with token
DEBUG - 2025-02-28 08:59:35 --> SSO User data received: {"valid":true,"username":"ardi.sipd","userid":0,"pegawai_id":184}
DEBUG - 2025-02-28 08:59:35 --> SSO Callback: User data received: {"valid":true,"username":"ardi.sipd","userid":0,"pegawai_id":184}
INFO - 2025-02-28 08:59:35 --> SSO Callback: User successfully logged in: ardi.sipd
INFO - 2025-02-28 08:59:35 --> Session: Class initialized using 'CodeIgniter\Session\Handlers\FileHandler' driver.
INFO - 2025-02-28 08:59:36 --> Session: Class initialized using 'CodeIgniter\Session\Handlers\FileHandler' driver.
ERROR - 2025-02-28 08:59:36 --> SSO URL not configured. Check your .env file.
INFO - 2025-02-28 08:59:36 --> Session: Class initialized using 'CodeIgniter\Session\Handlers\FileHandler' driver.
INFO - 2025-02-28 08:59:36 --> Session: Class initialized using 'CodeIgniter\Session\Handlers\FileHandler' driver.
DEBUG - 2025-02-28 08:59:36 --> SSO Callback received. Method: GET, Token: present
DEBUG - 2025-02-28 08:59:36 --> SSO Callback: Attempting to get user data with token
DEBUG - 2025-02-28 08:59:36 --> SSO User data received: {"valid":true,"username":"theophanie.solin","userid":0,"pegawai_id":202}
DEBUG - 2025-02-28 08:59:36 --> SSO Callback: User data received: {"valid":true,"username":"theophanie.solin","userid":0,"pegawai_id":202}
INFO - 2025-02-28 08:59:36 --> SSO Callback: User successfully logged in: theophanie.solin
INFO - 2025-02-28 08:59:37 --> Session: Class initialized using 'CodeIgniter\Session\Handlers\FileHandler' driver.
INFO - 2025-02-28 08:59:39 --> Session: Class initialized using 'CodeIgniter\Session\Handlers\FileHandler' driver.
INFO - 2025-02-28 08:59:41 --> Session: Class initialized using 'CodeIgniter\Session\Handlers\FileHandler' driver.
INFO - 2025-02-28 08:59:44 --> Session: Class initialized using 'CodeIgniter\Session\Handlers\FileHandler' driver.
DEBUG - 2025-02-28 08:59:44 --> Unit Eselon 2 query: Array
(
    [0] => Array
        (
            [id] => 3
            [nama_unit_kerja] => Biro Umum dan Keuangan
            [parent_id] => 2
            [created_at] => 2025-02-11 01:44:31
            [updated_at] => 2025-02-14 09:01:36
            [deleted_at] => 
        )

    [1] => Array
        (
            [id] => 4
            [nama_unit_kerja] => Biro Manajemen Kinerja Kerja Sama dan Sumber Daya Manusia
            [parent_id] => 2
            [created_at] => 2025-02-11 01:45:22
            [updated_at] => 2025-02-11 09:11:10
            [deleted_at] => 
        )

    [2] => Array
        (
            [id] => 5
            [nama_unit_kerja] => Biro Komunikasi dan Persidangan
            [parent_id] => 2
            [created_at] => 2025-02-11 01:45:45
            [updated_at] => 2025-02-11 09:11:17
            [deleted_at] => 
        )

    [3] => Array
        (
            [id] => 6
            [nama_unit_kerja] => Biro Digitalisasi dan Pengelolaan Informasi
            [parent_id] => 2
            [created_at] => 2025-02-11 01:45:59
            [updated_at] => 2025-02-18 08:17:43
            [deleted_at] => 
        )

    [4] => Array
        (
            [id] => 7
            [nama_unit_kerja] => Biro Hukum Organisasi dan Tata Laksana
            [parent_id] => 2
            [created_at] => 2025-02-11 01:46:15
            [updated_at] => 2025-02-11 09:11:32
            [deleted_at] => 
        )

    [5] => Array
        (
            [id] => 17
            [nama_unit_kerja] => Inspektorat
            [parent_id] => 2
            [created_at] => 2025-02-11 01:50:44
            [updated_at] => 2025-02-11 01:50:44
            [deleted_at] => 
        )

)

INFO - 2025-02-28 08:59:46 --> Session: Class initialized using 'CodeIgniter\Session\Handlers\FileHandler' driver.
INFO - 2025-02-28 08:59:47 --> Session: Class initialized using 'CodeIgniter\Session\Handlers\FileHandler' driver.
INFO - 2025-02-28 08:59:48 --> Session: Class initialized using 'CodeIgniter\Session\Handlers\FileHandler' driver.
INFO - 2025-02-28 08:59:49 --> Session: Class initialized using 'CodeIgniter\Session\Handlers\FileHandler' driver.
INFO - 2025-02-28 08:59:50 --> Session: Class initialized using 'CodeIgniter\Session\Handlers\FileHandler' driver.
ERROR - 2025-02-28 08:59:50 --> SSO URL not configured. Check your .env file.
INFO - 2025-02-28 08:59:51 --> Session: Class initialized using 'CodeIgniter\Session\Handlers\FileHandler' driver.
INFO - 2025-02-28 08:59:51 --> Session: Class initialized using 'CodeIgniter\Session\Handlers\FileHandler' driver.
INFO - 2025-02-28 08:59:56 --> Session: Class initialized using 'CodeIgniter\Session\Handlers\FileHandler' driver.
INFO - 2025-02-28 08:59:57 --> Session: Class initialized using 'CodeIgniter\Session\Handlers\FileHandler' driver.
ERROR - 2025-02-28 08:59:57 --> SSO URL not configured. Check your .env file.
INFO - 2025-02-28 08:59:58 --> Session: Class initialized using 'CodeIgniter\Session\Handlers\FileHandler' driver.
INFO - 2025-02-28 09:00:14 --> Session: Class initialized using 'CodeIgniter\Session\Handlers\FileHandler' driver.
INFO - 2025-02-28 09:00:44 --> Session: Class initialized using 'CodeIgniter\Session\Handlers\FileHandler' driver.
DEBUG - 2025-02-28 09:00:44 --> SSO Callback received. Method: GET, Token: present
DEBUG - 2025-02-28 09:00:44 --> SSO Callback: Attempting to get user data with token
DEBUG - 2025-02-28 09:00:44 --> SSO User data received: {"valid":true,"username":"ardi.sipd","userid":0,"pegawai_id":184}
DEBUG - 2025-02-28 09:00:44 --> SSO Callback: User data received: {"valid":true,"username":"ardi.sipd","userid":0,"pegawai_id":184}
INFO - 2025-02-28 09:00:44 --> SSO Callback: User successfully logged in: ardi.sipd
INFO - 2025-02-28 09:00:44 --> Session: Class initialized using 'CodeIgniter\Session\Handlers\FileHandler' driver.
INFO - 2025-02-28 09:00:45 --> Session: Class initialized using 'CodeIgniter\Session\Handlers\FileHandler' driver.
INFO - 2025-02-28 09:00:45 --> Session: Class initialized using 'CodeIgniter\Session\Handlers\FileHandler' driver.
DEBUG - 2025-02-28 09:00:45 --> SSO Callback received. Method: GET, Token: present
DEBUG - 2025-02-28 09:00:45 --> SSO Callback: Attempting to get user data with token
DEBUG - 2025-02-28 09:00:45 --> SSO User data received: {"valid":true,"username":"ardi.sipd","userid":0,"pegawai_id":184}
DEBUG - 2025-02-28 09:00:45 --> SSO Callback: User data received: {"valid":true,"username":"ardi.sipd","userid":0,"pegawai_id":184}
INFO - 2025-02-28 09:00:45 --> SSO Callback: User successfully logged in: ardi.sipd
INFO - 2025-02-28 09:00:45 --> Session: Class initialized using 'CodeIgniter\Session\Handlers\FileHandler' driver.
INFO - 2025-02-28 09:00:54 --> Session: Class initialized using 'CodeIgniter\Session\Handlers\FileHandler' driver.
INFO - 2025-02-28 09:00:58 --> Session: Class initialized using 'CodeIgniter\Session\Handlers\FileHandler' driver.
INFO - 2025-02-28 09:01:00 --> Session: Class initialized using 'CodeIgniter\Session\Handlers\FileHandler' driver.
INFO - 2025-02-28 09:01:02 --> Session: Class initialized using 'CodeIgniter\Session\Handlers\FileHandler' driver.
INFO - 2025-02-28 09:01:03 --> Session: Class initialized using 'CodeIgniter\Session\Handlers\FileHandler' driver.
ERROR - 2025-02-28 09:01:03 --> SSO URL not configured. Check your .env file.
INFO - 2025-02-28 09:01:03 --> Session: Class initialized using 'CodeIgniter\Session\Handlers\FileHandler' driver.
INFO - 2025-02-28 09:01:10 --> Session: Class initialized using 'CodeIgniter\Session\Handlers\FileHandler' driver.
INFO - 2025-02-28 09:01:12 --> Session: Class initialized using 'CodeIgniter\Session\Handlers\FileHandler' driver.
INFO - 2025-02-28 09:01:14 --> Session: Class initialized using 'CodeIgniter\Session\Handlers\FileHandler' driver.
INFO - 2025-02-28 09:01:15 --> Session: Class initialized using 'CodeIgniter\Session\Handlers\FileHandler' driver.
INFO - 2025-02-28 09:01:17 --> Session: Class initialized using 'CodeIgniter\Session\Handlers\FileHandler' driver.
INFO - 2025-02-28 09:01:18 --> Session: Class initialized using 'CodeIgniter\Session\Handlers\FileHandler' driver.
INFO - 2025-02-28 09:02:46 --> Session: Class initialized using 'CodeIgniter\Session\Handlers\FileHandler' driver.
INFO - 2025-02-28 09:13:30 --> Session: Class initialized using 'CodeIgniter\Session\Handlers\FileHandler' driver.
INFO - 2025-02-28 09:13:31 --> Session: Class initialized using 'CodeIgniter\Session\Handlers\FileHandler' driver.
DEBUG - 2025-02-28 09:13:31 --> SSO Callback received. Method: GET, Token: present
DEBUG - 2025-02-28 09:13:31 --> SSO Callback: Attempting to get user data with token
DEBUG - 2025-02-28 09:13:31 --> SSO User data received: {"valid":true,"username":"agung.gt","userid":0,"pegawai_id":15}
DEBUG - 2025-02-28 09:13:31 --> SSO Callback: User data received: {"valid":true,"username":"agung.gt","userid":0,"pegawai_id":15}
INFO - 2025-02-28 09:13:31 --> SSO Callback: User successfully logged in: agung.gt
INFO - 2025-02-28 09:13:31 --> Session: Class initialized using 'CodeIgniter\Session\Handlers\FileHandler' driver.
INFO - 2025-02-28 09:14:27 --> Session: Class initialized using 'CodeIgniter\Session\Handlers\FileHandler' driver.
INFO - 2025-02-28 09:14:27 --> Session: Class initialized using 'CodeIgniter\Session\Handlers\FileHandler' driver.
DEBUG - 2025-02-28 09:14:27 --> SSO Callback received. Method: GET, Token: present
DEBUG - 2025-02-28 09:14:27 --> SSO Callback: Attempting to get user data with token
DEBUG - 2025-02-28 09:14:27 --> SSO User data received: {"valid":true,"username":"ardi.sipd","userid":0,"pegawai_id":184}
DEBUG - 2025-02-28 09:14:27 --> SSO Callback: User data received: {"valid":true,"username":"ardi.sipd","userid":0,"pegawai_id":184}
INFO - 2025-02-28 09:14:27 --> SSO Callback: User successfully logged in: ardi.sipd
INFO - 2025-02-28 09:14:28 --> Session: Class initialized using 'CodeIgniter\Session\Handlers\FileHandler' driver.
INFO - 2025-02-28 09:14:32 --> Session: Class initialized using 'CodeIgniter\Session\Handlers\FileHandler' driver.
INFO - 2025-02-28 09:14:33 --> Session: Class initialized using 'CodeIgniter\Session\Handlers\FileHandler' driver.
DEBUG - 2025-02-28 09:14:33 --> SSO Callback received. Method: GET, Token: present
DEBUG - 2025-02-28 09:14:33 --> SSO Callback: Attempting to get user data with token
DEBUG - 2025-02-28 09:14:33 --> SSO User data received: {"valid":true,"username":"ardi.sipd","userid":0,"pegawai_id":184}
DEBUG - 2025-02-28 09:14:33 --> SSO Callback: User data received: {"valid":true,"username":"ardi.sipd","userid":0,"pegawai_id":184}
INFO - 2025-02-28 09:14:33 --> SSO Callback: User successfully logged in: ardi.sipd
INFO - 2025-02-28 09:14:33 --> Session: Class initialized using 'CodeIgniter\Session\Handlers\FileHandler' driver.
INFO - 2025-02-28 09:14:35 --> Session: Class initialized using 'CodeIgniter\Session\Handlers\FileHandler' driver.
INFO - 2025-02-28 09:14:38 --> Session: Class initialized using 'CodeIgniter\Session\Handlers\FileHandler' driver.
INFO - 2025-02-28 09:14:39 --> Session: Class initialized using 'CodeIgniter\Session\Handlers\FileHandler' driver.
DEBUG - 2025-02-28 09:14:39 --> SSO Callback received. Method: GET, Token: present
DEBUG - 2025-02-28 09:14:39 --> SSO Callback: Attempting to get user data with token
DEBUG - 2025-02-28 09:14:39 --> SSO User data received: {"valid":true,"username":"ardi.sipd","userid":0,"pegawai_id":184}
DEBUG - 2025-02-28 09:14:39 --> SSO Callback: User data received: {"valid":true,"username":"ardi.sipd","userid":0,"pegawai_id":184}
INFO - 2025-02-28 09:14:39 --> SSO Callback: User successfully logged in: ardi.sipd
INFO - 2025-02-28 09:14:39 --> Session: Class initialized using 'CodeIgniter\Session\Handlers\FileHandler' driver.
INFO - 2025-02-28 09:14:40 --> Session: Class initialized using 'CodeIgniter\Session\Handlers\FileHandler' driver.
INFO - 2025-02-28 09:14:47 --> Session: Class initialized using 'CodeIgniter\Session\Handlers\FileHandler' driver.
INFO - 2025-02-28 09:14:48 --> Session: Class initialized using 'CodeIgniter\Session\Handlers\FileHandler' driver.
DEBUG - 2025-02-28 09:14:48 --> SSO Callback received. Method: GET, Token: present
DEBUG - 2025-02-28 09:14:48 --> SSO Callback: Attempting to get user data with token
DEBUG - 2025-02-28 09:14:48 --> SSO User data received: {"valid":true,"username":"ardi.sipd","userid":0,"pegawai_id":184}
DEBUG - 2025-02-28 09:14:48 --> SSO Callback: User data received: {"valid":true,"username":"ardi.sipd","userid":0,"pegawai_id":184}
INFO - 2025-02-28 09:14:48 --> SSO Callback: User successfully logged in: ardi.sipd
INFO - 2025-02-28 09:14:48 --> Session: Class initialized using 'CodeIgniter\Session\Handlers\FileHandler' driver.
INFO - 2025-02-28 09:14:58 --> Session: Class initialized using 'CodeIgniter\Session\Handlers\FileHandler' driver.
INFO - 2025-02-28 09:14:58 --> Session: Class initialized using 'CodeIgniter\Session\Handlers\FileHandler' driver.
INFO - 2025-02-28 09:17:17 --> Session: Class initialized using 'CodeIgniter\Session\Handlers\FileHandler' driver.
INFO - 2025-02-28 09:17:17 --> Session: Class initialized using 'CodeIgniter\Session\Handlers\FileHandler' driver.
DEBUG - 2025-02-28 09:17:17 --> SSO Callback received. Method: GET, Token: present
DEBUG - 2025-02-28 09:17:17 --> SSO Callback: Attempting to get user data with token
DEBUG - 2025-02-28 09:17:17 --> SSO User data received: {"valid":true,"username":"tri.ardiansyah","userid":0,"pegawai_id":184}
DEBUG - 2025-02-28 09:17:17 --> SSO Callback: User data received: {"valid":true,"username":"tri.ardiansyah","userid":0,"pegawai_id":184}
INFO - 2025-02-28 09:17:17 --> SSO Callback: User successfully logged in: tri.ardiansyah
INFO - 2025-02-28 09:17:18 --> Session: Class initialized using 'CodeIgniter\Session\Handlers\FileHandler' driver.
INFO - 2025-02-28 09:17:31 --> Session: Class initialized using 'CodeIgniter\Session\Handlers\FileHandler' driver.
INFO - 2025-02-28 09:17:38 --> Session: Class initialized using 'CodeIgniter\Session\Handlers\FileHandler' driver.
INFO - 2025-02-28 09:17:41 --> Session: Class initialized using 'CodeIgniter\Session\Handlers\FileHandler' driver.
INFO - 2025-02-28 09:17:42 --> Session: Class initialized using 'CodeIgniter\Session\Handlers\FileHandler' driver.
INFO - 2025-02-28 09:33:58 --> Session: Class initialized using 'CodeIgniter\Session\Handlers\FileHandler' driver.
DEBUG - 2025-02-28 09:33:58 --> SSO Callback received. Method: GET, Token: present
DEBUG - 2025-02-28 09:33:58 --> SSO Callback: Attempting to get user data with token
DEBUG - 2025-02-28 09:33:58 --> SSO User data received: {"valid":true,"username":"ardi.sipd","userid":0,"pegawai_id":184}
DEBUG - 2025-02-28 09:33:58 --> SSO Callback: User data received: {"valid":true,"username":"ardi.sipd","userid":0,"pegawai_id":184}
ERROR - 2025-02-28 09:33:58 --> SSO Callback: User not found in local database: ardi.sipd
INFO - 2025-02-28 09:35:03 --> Session: Class initialized using 'CodeIgniter\Session\Handlers\FileHandler' driver.
DEBUG - 2025-02-28 09:35:03 --> SSO Callback received. Method: GET, Token: present
DEBUG - 2025-02-28 09:35:03 --> SSO Callback: Attempting to get user data with token
DEBUG - 2025-02-28 09:35:03 --> SSO User data received: {"valid":true,"username":"ardi.sipd","userid":0,"pegawai_id":184}
DEBUG - 2025-02-28 09:35:03 --> SSO Callback: User data received: {"valid":true,"username":"ardi.sipd","userid":0,"pegawai_id":184}
ERROR - 2025-02-28 09:35:03 --> SSO Callback: User not found in local database: ardi.sipd
INFO - 2025-02-28 09:35:27 --> Session: Class initialized using 'CodeIgniter\Session\Handlers\FileHandler' driver.
DEBUG - 2025-02-28 09:35:27 --> SSO Callback received. Method: GET, Token: present
DEBUG - 2025-02-28 09:35:27 --> SSO Callback: Attempting to get user data with token
DEBUG - 2025-02-28 09:35:27 --> SSO User data received: {"valid":true,"username":"ardi.sipd","userid":0,"pegawai_id":184}
DEBUG - 2025-02-28 09:35:27 --> SSO Callback: User data received: {"valid":true,"username":"ardi.sipd","userid":0,"pegawai_id":184}
ERROR - 2025-02-28 09:35:27 --> SSO Callback: User not found in local database: ardi.sipd
INFO - 2025-02-28 09:37:03 --> Session: Class initialized using 'CodeIgniter\Session\Handlers\FileHandler' driver.
DEBUG - 2025-02-28 09:37:03 --> SSO Callback received. Method: GET, Token: present
DEBUG - 2025-02-28 09:37:03 --> SSO Callback: Attempting to get user data with token
DEBUG - 2025-02-28 09:37:03 --> SSO User data received: {"valid":true,"username":"ardi.sipd","userid":0,"pegawai_id":184}
DEBUG - 2025-02-28 09:37:03 --> SSO Callback: User data received: {"valid":true,"username":"ardi.sipd","userid":0,"pegawai_id":184}
ERROR - 2025-02-28 09:37:03 --> SSO Callback: User not found in local database: ardi.sipd
INFO - 2025-02-28 09:37:40 --> Session: Class initialized using 'CodeIgniter\Session\Handlers\FileHandler' driver.
DEBUG - 2025-02-28 09:37:40 --> SSO Callback received. Method: GET, Token: present
DEBUG - 2025-02-28 09:37:40 --> SSO Callback: Attempting to get user data with token
DEBUG - 2025-02-28 09:37:40 --> SSO User data received: {"valid":true,"username":"tri.ardiansyah","userid":0,"pegawai_id":184}
DEBUG - 2025-02-28 09:37:40 --> SSO Callback: User data received: {"valid":true,"username":"tri.ardiansyah","userid":0,"pegawai_id":184}
INFO - 2025-02-28 09:37:40 --> SSO Callback: User successfully logged in: tri.ardiansyah
INFO - 2025-02-28 09:37:41 --> Session: Class initialized using 'CodeIgniter\Session\Handlers\FileHandler' driver.
INFO - 2025-02-28 09:38:55 --> Session: Class initialized using 'CodeIgniter\Session\Handlers\FileHandler' driver.
INFO - 2025-02-28 09:38:58 --> Session: Class initialized using 'CodeIgniter\Session\Handlers\FileHandler' driver.
INFO - 2025-02-28 09:38:58 --> Session: Class initialized using 'CodeIgniter\Session\Handlers\FileHandler' driver.
DEBUG - 2025-02-28 09:38:58 --> SSO Callback received. Method: GET, Token: present
DEBUG - 2025-02-28 09:38:58 --> SSO Callback: Attempting to get user data with token
DEBUG - 2025-02-28 09:38:58 --> SSO User data received: {"valid":true,"username":"tri.ardiansyah","userid":0,"pegawai_id":184}
DEBUG - 2025-02-28 09:38:58 --> SSO Callback: User data received: {"valid":true,"username":"tri.ardiansyah","userid":0,"pegawai_id":184}
INFO - 2025-02-28 09:38:58 --> SSO Callback: User successfully logged in: tri.ardiansyah
INFO - 2025-02-28 09:38:58 --> Session: Class initialized using 'CodeIgniter\Session\Handlers\FileHandler' driver.
INFO - 2025-02-28 09:50:09 --> Session: Class initialized using 'CodeIgniter\Session\Handlers\FileHandler' driver.
INFO - 2025-02-28 09:59:28 --> Session: Class initialized using 'CodeIgniter\Session\Handlers\FileHandler' driver.
DEBUG - 2025-02-28 09:59:28 --> SSO Callback received. Method: GET, Token: present
DEBUG - 2025-02-28 09:59:28 --> SSO Callback: Attempting to get user data with token
DEBUG - 2025-02-28 09:59:28 --> SSO User data received: {"valid":true,"username":"tri.ardiansyah","userid":0,"pegawai_id":184}
DEBUG - 2025-02-28 09:59:28 --> SSO Callback: User data received: {"valid":true,"username":"tri.ardiansyah","userid":0,"pegawai_id":184}
INFO - 2025-02-28 09:59:28 --> SSO Callback: User successfully logged in: tri.ardiansyah
INFO - 2025-02-28 09:59:28 --> Session: Class initialized using 'CodeIgniter\Session\Handlers\FileHandler' driver.
INFO - 2025-02-28 10:16:42 --> Session: Class initialized using 'CodeIgniter\Session\Handlers\FileHandler' driver.
INFO - 2025-02-28 10:16:42 --> Session: Class initialized using 'CodeIgniter\Session\Handlers\FileHandler' driver.
INFO - 2025-02-28 10:16:53 --> Session: Class initialized using 'CodeIgniter\Session\Handlers\FileHandler' driver.
INFO - 2025-02-28 10:50:10 --> Session: Class initialized using 'CodeIgniter\Session\Handlers\FileHandler' driver.
INFO - 2025-02-28 10:50:10 --> Session: Class initialized using 'CodeIgniter\Session\Handlers\FileHandler' driver.
DEBUG - 2025-02-28 10:50:10 --> SSO Callback received. Method: GET, Token: present
DEBUG - 2025-02-28 10:50:10 --> SSO Callback: Attempting to get user data with token
DEBUG - 2025-02-28 10:50:10 --> SSO User data received: {"valid":true,"username":"theophanie.solin","userid":0,"pegawai_id":202}
DEBUG - 2025-02-28 10:50:10 --> SSO Callback: User data received: {"valid":true,"username":"theophanie.solin","userid":0,"pegawai_id":202}
INFO - 2025-02-28 10:50:11 --> SSO Callback: User successfully logged in: theophanie.solin
INFO - 2025-02-28 10:50:11 --> Session: Class initialized using 'CodeIgniter\Session\Handlers\FileHandler' driver.
INFO - 2025-02-28 10:50:16 --> Session: Class initialized using 'CodeIgniter\Session\Handlers\FileHandler' driver.
INFO - 2025-02-28 10:53:59 --> Session: Class initialized using 'CodeIgniter\Session\Handlers\FileHandler' driver.
INFO - 2025-02-28 12:05:33 --> Session: Class initialized using 'CodeIgniter\Session\Handlers\FileHandler' driver.
INFO - 2025-02-28 12:05:50 --> Session: Class initialized using 'CodeIgniter\Session\Handlers\FileHandler' driver.
DEBUG - 2025-02-28 12:05:50 --> SSO Callback received. Method: GET, Token: present
DEBUG - 2025-02-28 12:05:50 --> SSO Callback: Attempting to get user data with token
DEBUG - 2025-02-28 12:05:50 --> SSO User data received: {"valid":true,"username":"agung.gt","userid":0,"pegawai_id":15}
DEBUG - 2025-02-28 12:05:50 --> SSO Callback: User data received: {"valid":true,"username":"agung.gt","userid":0,"pegawai_id":15}
INFO - 2025-02-28 12:05:50 --> SSO Callback: User successfully logged in: agung.gt
INFO - 2025-02-28 12:05:50 --> Session: Class initialized using 'CodeIgniter\Session\Handlers\FileHandler' driver.
INFO - 2025-02-28 12:22:39 --> Session: Class initialized using 'CodeIgniter\Session\Handlers\FileHandler' driver.
INFO - 2025-02-28 12:22:39 --> Session: Class initialized using 'CodeIgniter\Session\Handlers\FileHandler' driver.
INFO - 2025-02-28 13:21:35 --> Session: Class initialized using 'CodeIgniter\Session\Handlers\FileHandler' driver.
INFO - 2025-02-28 13:21:36 --> Session: Class initialized using 'CodeIgniter\Session\Handlers\FileHandler' driver.
DEBUG - 2025-02-28 13:21:36 --> SSO Callback received. Method: GET, Token: present
DEBUG - 2025-02-28 13:21:36 --> SSO Callback: Attempting to get user data with token
DEBUG - 2025-02-28 13:21:36 --> SSO User data received: {"valid":true,"username":"theophanie.solin","userid":0,"pegawai_id":202}
DEBUG - 2025-02-28 13:21:36 --> SSO Callback: User data received: {"valid":true,"username":"theophanie.solin","userid":0,"pegawai_id":202}
INFO - 2025-02-28 13:21:36 --> SSO Callback: User successfully logged in: theophanie.solin
INFO - 2025-02-28 13:21:36 --> Session: Class initialized using 'CodeIgniter\Session\Handlers\FileHandler' driver.
INFO - 2025-02-28 13:50:29 --> Session: Class initialized using 'CodeIgniter\Session\Handlers\FileHandler' driver.
INFO - 2025-02-28 13:50:29 --> Session: Class initialized using 'CodeIgniter\Session\Handlers\FileHandler' driver.
INFO - 2025-02-28 13:50:35 --> Session: Class initialized using 'CodeIgniter\Session\Handlers\FileHandler' driver.
INFO - 2025-02-28 13:50:53 --> Session: Class initialized using 'CodeIgniter\Session\Handlers\FileHandler' driver.
INFO - 2025-02-28 13:50:55 --> Session: Class initialized using 'CodeIgniter\Session\Handlers\FileHandler' driver.
INFO - 2025-02-28 13:50:57 --> Session: Class initialized using 'CodeIgniter\Session\Handlers\FileHandler' driver.
INFO - 2025-02-28 13:50:58 --> Session: Class initialized using 'CodeIgniter\Session\Handlers\FileHandler' driver.
ERROR - 2025-02-28 13:50:58 --> SSO URL not configured. Check your .env file.
INFO - 2025-02-28 13:50:58 --> Session: Class initialized using 'CodeIgniter\Session\Handlers\FileHandler' driver.
INFO - 2025-02-28 13:51:01 --> Session: Class initialized using 'CodeIgniter\Session\Handlers\FileHandler' driver.
INFO - 2025-02-28 13:51:01 --> Session: Class initialized using 'CodeIgniter\Session\Handlers\FileHandler' driver.
DEBUG - 2025-02-28 13:51:01 --> SSO Callback received. Method: GET, Token: present
DEBUG - 2025-02-28 13:51:01 --> SSO Callback: Attempting to get user data with token
DEBUG - 2025-02-28 13:51:01 --> SSO User data received: {"valid":true,"username":"theophanie.solin","userid":0,"pegawai_id":202}
DEBUG - 2025-02-28 13:51:01 --> SSO Callback: User data received: {"valid":true,"username":"theophanie.solin","userid":0,"pegawai_id":202}
INFO - 2025-02-28 13:51:01 --> SSO Callback: User successfully logged in: theophanie.solin
INFO - 2025-02-28 13:51:01 --> Session: Class initialized using 'CodeIgniter\Session\Handlers\FileHandler' driver.
INFO - 2025-02-28 13:51:05 --> Session: Class initialized using 'CodeIgniter\Session\Handlers\FileHandler' driver.
INFO - 2025-02-28 13:51:08 --> Session: Class initialized using 'CodeIgniter\Session\Handlers\FileHandler' driver.
INFO - 2025-02-28 13:51:11 --> Session: Class initialized using 'CodeIgniter\Session\Handlers\FileHandler' driver.
INFO - 2025-02-28 13:51:15 --> Session: Class initialized using 'CodeIgniter\Session\Handlers\FileHandler' driver.
INFO - 2025-02-28 14:07:18 --> Session: Class initialized using 'CodeIgniter\Session\Handlers\FileHandler' driver.
INFO - 2025-02-28 14:07:19 --> Session: Class initialized using 'CodeIgniter\Session\Handlers\FileHandler' driver.
ERROR - 2025-02-28 14:07:19 --> SSO URL not configured. Check your .env file.
INFO - 2025-02-28 14:07:19 --> Session: Class initialized using 'CodeIgniter\Session\Handlers\FileHandler' driver.
INFO - 2025-02-28 14:07:22 --> Session: Class initialized using 'CodeIgniter\Session\Handlers\FileHandler' driver.
INFO - 2025-02-28 14:07:22 --> Session: Class initialized using 'CodeIgniter\Session\Handlers\FileHandler' driver.
DEBUG - 2025-02-28 14:07:22 --> SSO Callback received. Method: GET, Token: present
DEBUG - 2025-02-28 14:07:22 --> SSO Callback: Attempting to get user data with token
DEBUG - 2025-02-28 14:07:22 --> SSO User data received: {"valid":true,"username":"theophanie.solin","userid":0,"pegawai_id":202}
DEBUG - 2025-02-28 14:07:22 --> SSO Callback: User data received: {"valid":true,"username":"theophanie.solin","userid":0,"pegawai_id":202}
INFO - 2025-02-28 14:07:22 --> SSO Callback: User successfully logged in: theophanie.solin
INFO - 2025-02-28 14:07:22 --> Session: Class initialized using 'CodeIgniter\Session\Handlers\FileHandler' driver.
INFO - 2025-02-28 14:08:28 --> Session: Class initialized using 'CodeIgniter\Session\Handlers\FileHandler' driver.
INFO - 2025-02-28 14:08:29 --> Session: Class initialized using 'CodeIgniter\Session\Handlers\FileHandler' driver.
INFO - 2025-02-28 14:08:31 --> Session: Class initialized using 'CodeIgniter\Session\Handlers\FileHandler' driver.
INFO - 2025-02-28 14:09:37 --> Session: Class initialized using 'CodeIgniter\Session\Handlers\FileHandler' driver.
INFO - 2025-02-28 14:09:39 --> Session: Class initialized using 'CodeIgniter\Session\Handlers\FileHandler' driver.
INFO - 2025-02-28 14:10:02 --> Session: Class initialized using 'CodeIgniter\Session\Handlers\FileHandler' driver.
DEBUG - 2025-02-28 14:10:02 --> Validation errors: ["Baris 9: Jenis alokasi harus WFO atau WFA","Baris 142: NIP 197101021996031002 (Dr. Ahmad Saufi, S.Si., M.Sc.) bukan pegawai aktif","Baris 143: NIP 197101021996031002 (Dr. Ahmad Saufi, S.Si., M.Sc.) bukan pegawai aktif","Baris 144: NIP 197101021996031002 (Dr. Ahmad Saufi, S.Si., M.Sc.) bukan pegawai aktif","Baris 145: NIP 197101021996031002 (Dr. Ahmad Saufi, S.Si., M.Sc.) bukan pegawai aktif","Baris 146: NIP 197101021996031002 (Dr. Ahmad Saufi, S.Si., M.Sc.) bukan pegawai aktif","Baris 148: NIP 197101021996031002 (Dr. Ahmad Saufi, S.Si., M.Sc.) bukan pegawai aktif","Baris 149: NIP 197101021996031002 (Dr. Ahmad Saufi, S.Si., M.Sc.) bukan pegawai aktif","Baris 150: NIP 197101021996031002 (Dr. Ahmad Saufi, S.Si., M.Sc.) bukan pegawai aktif","Baris 151: NIP 197101021996031002 (Dr. Ahmad Saufi, S.Si., M.Sc.) bukan pegawai aktif","Baris 152: NIP 197101021996031002 (Dr. Ahmad Saufi, S.Si., M.Sc.) bukan pegawai aktif","Baris 155: NIP 197101021996031002 (Dr. Ahmad Saufi, S.Si., M.Sc.) bukan pegawai aktif","Baris 156: NIP 197101021996031002 (Dr. Ahmad Saufi, S.Si., M.Sc.) bukan pegawai aktif","Baris 157: NIP 197101021996031002 (Dr. Ahmad Saufi, S.Si., M.Sc.) bukan pegawai aktif","Baris 158: NIP 197101021996031002 (Dr. Ahmad Saufi, S.Si., M.Sc.) bukan pegawai aktif","Baris 159: NIP 197101021996031002 (Dr. Ahmad Saufi, S.Si., M.Sc.) bukan pegawai aktif","Baris 162: NIP 197101021996031002 (Dr. Ahmad Saufi, S.Si., M.Sc.) bukan pegawai aktif","Baris 163: NIP 197101021996031002 (Dr. Ahmad Saufi, S.Si., M.Sc.) bukan pegawai aktif","Baris 164: NIP 197101021996031002 (Dr. Ahmad Saufi, S.Si., M.Sc.) bukan pegawai aktif","Baris 165: NIP 197101021996031002 (Dr. Ahmad Saufi, S.Si., M.Sc.) bukan pegawai aktif","Baris 166: NIP 197101021996031002 (Dr. Ahmad Saufi, S.Si., M.Sc.) bukan pegawai aktif","Baris 169: NIP 197101021996031002 (Dr. Ahmad Saufi, S.Si., M.Sc.) bukan pegawai aktif","Pegawai berikut belum terdapat dalam Excel:<br>- Dr. Ahmad Saufi, S.Si., M.Sc. (NIP: 197101021996031002)"]
INFO - 2025-02-28 14:11:05 --> Session: Class initialized using 'CodeIgniter\Session\Handlers\FileHandler' driver.
INFO - 2025-02-28 14:11:05 --> Session: Class initialized using 'CodeIgniter\Session\Handlers\FileHandler' driver.
DEBUG - 2025-02-28 14:11:05 --> SSO Callback received. Method: GET, Token: present
DEBUG - 2025-02-28 14:11:05 --> SSO Callback: Attempting to get user data with token
DEBUG - 2025-02-28 14:11:05 --> SSO User data received: {"valid":true,"username":"tri.ardiansyah","userid":0,"pegawai_id":184}
DEBUG - 2025-02-28 14:11:05 --> SSO Callback: User data received: {"valid":true,"username":"tri.ardiansyah","userid":0,"pegawai_id":184}
INFO - 2025-02-28 14:11:05 --> SSO Callback: User successfully logged in: tri.ardiansyah
INFO - 2025-02-28 14:11:05 --> Session: Class initialized using 'CodeIgniter\Session\Handlers\FileHandler' driver.
INFO - 2025-02-28 14:13:47 --> Session: Class initialized using 'CodeIgniter\Session\Handlers\FileHandler' driver.
DEBUG - 2025-02-28 14:13:47 --> Validation errors: ["Baris 142: NIP 197101021996031002 (Dr. Ahmad Saufi, S.Si., M.Sc.) bukan pegawai aktif","Baris 143: NIP 197101021996031002 (Dr. Ahmad Saufi, S.Si., M.Sc.) bukan pegawai aktif","Baris 144: NIP 197101021996031002 (Dr. Ahmad Saufi, S.Si., M.Sc.) bukan pegawai aktif","Baris 145: NIP 197101021996031002 (Dr. Ahmad Saufi, S.Si., M.Sc.) bukan pegawai aktif","Baris 146: NIP 197101021996031002 (Dr. Ahmad Saufi, S.Si., M.Sc.) bukan pegawai aktif","Baris 148: NIP 197101021996031002 (Dr. Ahmad Saufi, S.Si., M.Sc.) bukan pegawai aktif","Baris 149: NIP 197101021996031002 (Dr. Ahmad Saufi, S.Si., M.Sc.) bukan pegawai aktif","Baris 150: NIP 197101021996031002 (Dr. Ahmad Saufi, S.Si., M.Sc.) bukan pegawai aktif","Baris 151: NIP 197101021996031002 (Dr. Ahmad Saufi, S.Si., M.Sc.) bukan pegawai aktif","Baris 152: NIP 197101021996031002 (Dr. Ahmad Saufi, S.Si., M.Sc.) bukan pegawai aktif","Baris 155: NIP 197101021996031002 (Dr. Ahmad Saufi, S.Si., M.Sc.) bukan pegawai aktif","Baris 156: NIP 197101021996031002 (Dr. Ahmad Saufi, S.Si., M.Sc.) bukan pegawai aktif","Baris 157: NIP 197101021996031002 (Dr. Ahmad Saufi, S.Si., M.Sc.) bukan pegawai aktif","Baris 158: NIP 197101021996031002 (Dr. Ahmad Saufi, S.Si., M.Sc.) bukan pegawai aktif","Baris 159: NIP 197101021996031002 (Dr. Ahmad Saufi, S.Si., M.Sc.) bukan pegawai aktif","Baris 162: NIP 197101021996031002 (Dr. Ahmad Saufi, S.Si., M.Sc.) bukan pegawai aktif","Baris 163: NIP 197101021996031002 (Dr. Ahmad Saufi, S.Si., M.Sc.) bukan pegawai aktif","Baris 164: NIP 197101021996031002 (Dr. Ahmad Saufi, S.Si., M.Sc.) bukan pegawai aktif","Baris 165: NIP 197101021996031002 (Dr. Ahmad Saufi, S.Si., M.Sc.) bukan pegawai aktif","Baris 166: NIP 197101021996031002 (Dr. Ahmad Saufi, S.Si., M.Sc.) bukan pegawai aktif","Baris 169: NIP 197101021996031002 (Dr. Ahmad Saufi, S.Si., M.Sc.) bukan pegawai aktif","Pegawai berikut belum terdapat dalam Excel:<br>- Dr. Ahmad Saufi, S.Si., M.Sc. (NIP: 197101021996031002)"]
INFO - 2025-02-28 14:14:08 --> Session: Class initialized using 'CodeIgniter\Session\Handlers\FileHandler' driver.
DEBUG - 2025-02-28 14:14:08 --> Validation errors: ["Pegawai berikut belum terdapat dalam Excel:<br>- Dr. Ahmad Saufi, S.Si., M.Sc. (NIP: 197101021996031002)"]
INFO - 2025-02-28 14:14:29 --> Session: Class initialized using 'CodeIgniter\Session\Handlers\FileHandler' driver.
DEBUG - 2025-02-28 14:14:29 --> Validation errors: []
INFO - 2025-02-28 14:14:32 --> Session: Class initialized using 'CodeIgniter\Session\Handlers\FileHandler' driver.
INFO - 2025-02-28 14:14:36 --> Session: Class initialized using 'CodeIgniter\Session\Handlers\FileHandler' driver.
INFO - 2025-02-28 14:14:38 --> Session: Class initialized using 'CodeIgniter\Session\Handlers\FileHandler' driver.
ERROR - 2025-02-28 14:14:38 --> SSO URL not configured. Check your .env file.
INFO - 2025-02-28 14:14:38 --> Session: Class initialized using 'CodeIgniter\Session\Handlers\FileHandler' driver.
INFO - 2025-02-28 14:35:34 --> Session: Class initialized using 'CodeIgniter\Session\Handlers\FileHandler' driver.
INFO - 2025-02-28 14:54:56 --> Session: Class initialized using 'CodeIgniter\Session\Handlers\FileHandler' driver.
INFO - 2025-02-28 14:54:57 --> Session: Class initialized using 'CodeIgniter\Session\Handlers\FileHandler' driver.
DEBUG - 2025-02-28 14:54:57 --> SSO Callback received. Method: GET, Token: present
DEBUG - 2025-02-28 14:54:57 --> SSO Callback: Attempting to get user data with token
DEBUG - 2025-02-28 14:54:57 --> SSO User data received: {"valid":true,"username":"theophanie.solin","userid":0,"pegawai_id":202}
DEBUG - 2025-02-28 14:54:57 --> SSO Callback: User data received: {"valid":true,"username":"theophanie.solin","userid":0,"pegawai_id":202}
INFO - 2025-02-28 14:54:57 --> SSO Callback: User successfully logged in: theophanie.solin
INFO - 2025-02-28 14:54:57 --> Session: Class initialized using 'CodeIgniter\Session\Handlers\FileHandler' driver.
INFO - 2025-02-28 14:55:14 --> Session: Class initialized using 'CodeIgniter\Session\Handlers\FileHandler' driver.
INFO - 2025-02-28 14:55:15 --> Session: Class initialized using 'CodeIgniter\Session\Handlers\FileHandler' driver.
INFO - 2025-02-28 14:55:17 --> Session: Class initialized using 'CodeIgniter\Session\Handlers\FileHandler' driver.
INFO - 2025-02-28 14:55:21 --> Session: Class initialized using 'CodeIgniter\Session\Handlers\FileHandler' driver.
INFO - 2025-02-28 14:55:24 --> Session: Class initialized using 'CodeIgniter\Session\Handlers\FileHandler' driver.
INFO - 2025-02-28 14:55:34 --> Session: Class initialized using 'CodeIgniter\Session\Handlers\FileHandler' driver.
INFO - 2025-02-28 14:55:40 --> Session: Class initialized using 'CodeIgniter\Session\Handlers\FileHandler' driver.
INFO - 2025-02-28 14:55:42 --> Session: Class initialized using 'CodeIgniter\Session\Handlers\FileHandler' driver.
INFO - 2025-02-28 14:55:47 --> Session: Class initialized using 'CodeIgniter\Session\Handlers\FileHandler' driver.
INFO - 2025-02-28 14:57:03 --> Session: Class initialized using 'CodeIgniter\Session\Handlers\FileHandler' driver.
INFO - 2025-02-28 14:57:04 --> Session: Class initialized using 'CodeIgniter\Session\Handlers\FileHandler' driver.
INFO - 2025-02-28 14:57:08 --> Session: Class initialized using 'CodeIgniter\Session\Handlers\FileHandler' driver.
INFO - 2025-02-28 14:57:09 --> Session: Class initialized using 'CodeIgniter\Session\Handlers\FileHandler' driver.
ERROR - 2025-02-28 14:57:09 --> SSO URL not configured. Check your .env file.
INFO - 2025-02-28 14:57:09 --> Session: Class initialized using 'CodeIgniter\Session\Handlers\FileHandler' driver.
INFO - 2025-02-28 14:57:15 --> Session: Class initialized using 'CodeIgniter\Session\Handlers\FileHandler' driver.
INFO - 2025-02-28 14:57:15 --> Session: Class initialized using 'CodeIgniter\Session\Handlers\FileHandler' driver.
DEBUG - 2025-02-28 14:57:15 --> SSO Callback received. Method: GET, Token: present
DEBUG - 2025-02-28 14:57:15 --> SSO Callback: Attempting to get user data with token
DEBUG - 2025-02-28 14:57:15 --> SSO User data received: {"valid":true,"username":"theophanie.solin","userid":0,"pegawai_id":202}
DEBUG - 2025-02-28 14:57:15 --> SSO Callback: User data received: {"valid":true,"username":"theophanie.solin","userid":0,"pegawai_id":202}
INFO - 2025-02-28 14:57:15 --> SSO Callback: User successfully logged in: theophanie.solin
INFO - 2025-02-28 14:57:16 --> Session: Class initialized using 'CodeIgniter\Session\Handlers\FileHandler' driver.
INFO - 2025-02-28 14:57:20 --> Session: Class initialized using 'CodeIgniter\Session\Handlers\FileHandler' driver.
INFO - 2025-02-28 14:57:21 --> Session: Class initialized using 'CodeIgniter\Session\Handlers\FileHandler' driver.
INFO - 2025-02-28 14:57:23 --> Session: Class initialized using 'CodeIgniter\Session\Handlers\FileHandler' driver.
INFO - 2025-02-28 14:57:25 --> Session: Class initialized using 'CodeIgniter\Session\Handlers\FileHandler' driver.
INFO - 2025-02-28 14:57:26 --> Session: Class initialized using 'CodeIgniter\Session\Handlers\FileHandler' driver.
ERROR - 2025-02-28 14:57:26 --> SSO URL not configured. Check your .env file.
INFO - 2025-02-28 14:57:26 --> Session: Class initialized using 'CodeIgniter\Session\Handlers\FileHandler' driver.
INFO - 2025-02-28 14:57:29 --> Session: Class initialized using 'CodeIgniter\Session\Handlers\FileHandler' driver.
INFO - 2025-02-28 14:57:29 --> Session: Class initialized using 'CodeIgniter\Session\Handlers\FileHandler' driver.
DEBUG - 2025-02-28 14:57:29 --> SSO Callback received. Method: GET, Token: present
DEBUG - 2025-02-28 14:57:29 --> SSO Callback: Attempting to get user data with token
DEBUG - 2025-02-28 14:57:29 --> SSO User data received: {"valid":true,"username":"theophanie.solin","userid":0,"pegawai_id":202}
DEBUG - 2025-02-28 14:57:29 --> SSO Callback: User data received: {"valid":true,"username":"theophanie.solin","userid":0,"pegawai_id":202}
INFO - 2025-02-28 14:57:29 --> SSO Callback: User successfully logged in: theophanie.solin
INFO - 2025-02-28 14:57:30 --> Session: Class initialized using 'CodeIgniter\Session\Handlers\FileHandler' driver.
INFO - 2025-02-28 14:59:43 --> Session: Class initialized using 'CodeIgniter\Session\Handlers\FileHandler' driver.
INFO - 2025-02-28 15:08:30 --> Session: Class initialized using 'CodeIgniter\Session\Handlers\FileHandler' driver.
INFO - 2025-02-28 15:08:43 --> Session: Class initialized using 'CodeIgniter\Session\Handlers\FileHandler' driver.
DEBUG - 2025-02-28 15:08:43 --> SSO Callback received. Method: GET, Token: present
DEBUG - 2025-02-28 15:08:43 --> SSO Callback: Attempting to get user data with token
DEBUG - 2025-02-28 15:08:43 --> SSO User data received: {"valid":true,"username":"agung.gt","userid":0,"pegawai_id":15}
DEBUG - 2025-02-28 15:08:43 --> SSO Callback: User data received: {"valid":true,"username":"agung.gt","userid":0,"pegawai_id":15}
INFO - 2025-02-28 15:08:43 --> SSO Callback: User successfully logged in: agung.gt
INFO - 2025-02-28 15:08:43 --> Session: Class initialized using 'CodeIgniter\Session\Handlers\FileHandler' driver.
INFO - 2025-02-28 15:38:00 --> Session: Class initialized using 'CodeIgniter\Session\Handlers\FileHandler' driver.
INFO - 2025-02-28 15:39:25 --> Session: Class initialized using 'CodeIgniter\Session\Handlers\FileHandler' driver.
DEBUG - 2025-02-28 15:39:25 --> SSO Callback received. Method: GET, Token: present
DEBUG - 2025-02-28 15:39:25 --> SSO Callback: Attempting to get user data with token
DEBUG - 2025-02-28 15:39:25 --> SSO User data received: {"valid":true,"username":"tri.ardiansyah","userid":0,"pegawai_id":184}
DEBUG - 2025-02-28 15:39:25 --> SSO Callback: User data received: {"valid":true,"username":"tri.ardiansyah","userid":0,"pegawai_id":184}
INFO - 2025-02-28 15:39:26 --> SSO Callback: User successfully logged in: tri.ardiansyah
INFO - 2025-02-28 15:39:26 --> Session: Class initialized using 'CodeIgniter\Session\Handlers\FileHandler' driver.
INFO - 2025-02-28 15:43:32 --> Session: Class initialized using 'CodeIgniter\Session\Handlers\FileHandler' driver.
INFO - 2025-02-28 15:43:32 --> Session: Class initialized using 'CodeIgniter\Session\Handlers\FileHandler' driver.
DEBUG - 2025-02-28 15:43:32 --> SSO Callback received. Method: GET, Token: present
DEBUG - 2025-02-28 15:43:32 --> SSO Callback: Attempting to get user data with token
DEBUG - 2025-02-28 15:43:32 --> SSO User data received: {"valid":true,"username":"tri.ardiansyah","userid":0,"pegawai_id":184}
DEBUG - 2025-02-28 15:43:32 --> SSO Callback: User data received: {"valid":true,"username":"tri.ardiansyah","userid":0,"pegawai_id":184}
INFO - 2025-02-28 15:43:32 --> SSO Callback: User successfully logged in: tri.ardiansyah
INFO - 2025-02-28 15:43:32 --> Session: Class initialized using 'CodeIgniter\Session\Handlers\FileHandler' driver.
INFO - 2025-02-28 16:10:06 --> Session: Class initialized using 'CodeIgniter\Session\Handlers\FileHandler' driver.
INFO - 2025-02-28 16:10:11 --> Session: Class initialized using 'CodeIgniter\Session\Handlers\FileHandler' driver.
INFO - 2025-02-28 16:28:23 --> Session: Class initialized using 'CodeIgniter\Session\Handlers\FileHandler' driver.
INFO - 2025-02-28 16:28:25 --> Session: Class initialized using 'CodeIgniter\Session\Handlers\FileHandler' driver.
INFO - 2025-02-28 16:28:26 --> Session: Class initialized using 'CodeIgniter\Session\Handlers\FileHandler' driver.
INFO - 2025-02-28 16:28:27 --> Session: Class initialized using 'CodeIgniter\Session\Handlers\FileHandler' driver.
ERROR - 2025-02-28 16:28:27 --> SSO URL not configured. Check your .env file.
INFO - 2025-02-28 16:28:27 --> Session: Class initialized using 'CodeIgniter\Session\Handlers\FileHandler' driver.
INFO - 2025-02-28 16:41:00 --> Session: Class initialized using 'CodeIgniter\Session\Handlers\FileHandler' driver.
INFO - 2025-02-28 16:41:01 --> Session: Class initialized using 'CodeIgniter\Session\Handlers\FileHandler' driver.
DEBUG - 2025-02-28 16:41:01 --> SSO Callback received. Method: GET, Token: present
DEBUG - 2025-02-28 16:41:01 --> SSO Callback: Attempting to get user data with token
DEBUG - 2025-02-28 16:41:01 --> SSO User data received: {"valid":true,"username":"theophanie.solin","userid":0,"pegawai_id":202}
DEBUG - 2025-02-28 16:41:01 --> SSO Callback: User data received: {"valid":true,"username":"theophanie.solin","userid":0,"pegawai_id":202}
INFO - 2025-02-28 16:41:01 --> SSO Callback: User successfully logged in: theophanie.solin
INFO - 2025-02-28 16:41:01 --> Session: Class initialized using 'CodeIgniter\Session\Handlers\FileHandler' driver.
INFO - 2025-02-28 16:41:04 --> Session: Class initialized using 'CodeIgniter\Session\Handlers\FileHandler' driver.
INFO - 2025-02-28 16:41:08 --> Session: Class initialized using 'CodeIgniter\Session\Handlers\FileHandler' driver.
INFO - 2025-02-28 16:41:10 --> Session: Class initialized using 'CodeIgniter\Session\Handlers\FileHandler' driver.
INFO - 2025-02-28 16:41:12 --> Session: Class initialized using 'CodeIgniter\Session\Handlers\FileHandler' driver.
INFO - 2025-02-28 16:41:17 --> Session: Class initialized using 'CodeIgniter\Session\Handlers\FileHandler' driver.
INFO - 2025-02-28 16:41:51 --> Session: Class initialized using 'CodeIgniter\Session\Handlers\FileHandler' driver.
DEBUG - 2025-02-28 16:41:51 --> Validation errors: ["Baris 2: Jenis alokasi harus WFO atau WFA"]
INFO - 2025-02-28 16:42:04 --> Session: Class initialized using 'CodeIgniter\Session\Handlers\FileHandler' driver.
DEBUG - 2025-02-28 16:42:04 --> Validation errors: ["Baris 2: Hari Senin hanya boleh WFO, tidak boleh WFA"]
INFO - 2025-02-28 16:42:14 --> Session: Class initialized using 'CodeIgniter\Session\Handlers\FileHandler' driver.
DEBUG - 2025-02-28 16:42:14 --> Validation errors: []
INFO - 2025-02-28 16:54:09 --> Session: Class initialized using 'CodeIgniter\Session\Handlers\FileHandler' driver.
INFO - 2025-02-28 20:29:11 --> Session: Class initialized using 'CodeIgniter\Session\Handlers\FileHandler' driver.
INFO - 2025-02-28 22:00:13 --> Session: Class initialized using 'CodeIgniter\Session\Handlers\FileHandler' driver.
INFO - 2025-02-28 23:01:07 --> Session: Class initialized using 'CodeIgniter\Session\Handlers\FileHandler' driver.
INFO - 2025-02-28 23:01:45 --> Session: Class initialized using 'CodeIgniter\Session\Handlers\FileHandler' driver.
